07.01.2024 21:15:53 [Information] [RoadsController/Read] Reading all roads...
07.01.2024 21:15:53 [Information] [RoadsApiController/Get] Getting all the roads...
07.01.2024 21:15:54 [Information] [RoadsApiController/Get] All roads have been successfully received.
07.01.2024 21:15:54 [Information] [RoadsController/Read] All roads have been successfully read.
07.01.2024 21:15:54 [Information] [RoadsController] Navigating to the page "Read All Roads".
07.01.2024 21:15:56 [Information] [RoadsController/Read/1] Reading a road with Id 1...
07.01.2024 21:15:56 [Information] [RoadsApiController/Get/1] Getting a road with Id 1...
07.01.2024 21:15:57 [Information] [RoadsApiController/Get/1] The road with Id 1 was successfully received.
07.01.2024 21:15:57 [Information] [RoadsController/Read/1] The road with Id 1 was successfully read.
07.01.2024 21:15:57 [Information] [RoadsController] Navigating to the page "Read Road By Id".
07.01.2024 21:15:58 [Information] [RoadsController/Read/1] Reading a road with Id 1...
07.01.2024 21:15:58 [Information] [RoadsApiController/Get/1] Getting a road with Id 1...
07.01.2024 21:15:58 [Information] [RoadsApiController/Get/1] The road with Id 1 was successfully received.
07.01.2024 21:15:58 [Information] [RoadsController/Read/1] The road with Id 1 was successfully read.
07.01.2024 21:15:58 [Information] [RoadsController] Navigating to the page "Read Road By Id".
07.01.2024 21:15:59 [Information] [RoadsController/Read/1] Reading a road with Id 1...
07.01.2024 21:15:59 [Information] [RoadsApiController/Get/1] Getting a road with Id 1...
07.01.2024 21:15:59 [Information] [RoadsApiController/Get/1] The road with Id 1 was successfully received.
07.01.2024 21:15:59 [Information] [RoadsController/Read/1] The road with Id 1 was successfully read.
07.01.2024 21:15:59 [Information] [RoadsController] Navigating to the page "Read Road By Id".
07.01.2024 21:16:00 [Information] [RoadsController/Read/1] Reading a road with Id 1...
07.01.2024 21:16:00 [Information] [RoadsApiController/Get/1] Getting a road with Id 1...
07.01.2024 21:16:00 [Information] [RoadsApiController/Get/1] The road with Id 1 was successfully received.
07.01.2024 21:16:00 [Information] [RoadsController/Read/1] The road with Id 1 was successfully read.
07.01.2024 21:16:00 [Information] [RoadsController] Navigating to the page "Read Road By Id".
07.01.2024 21:16:00 [Information] [RoadsController/Read/1] Reading a road with Id 1...
07.01.2024 21:16:00 [Information] [RoadsApiController/Get/1] Getting a road with Id 1...
07.01.2024 21:16:00 [Information] [RoadsApiController/Get/1] The road with Id 1 was successfully received.
07.01.2024 21:16:00 [Information] [RoadsController/Read/1] The road with Id 1 was successfully read.
07.01.2024 21:16:00 [Information] [RoadsController] Navigating to the page "Read Road By Id".
07.01.2024 21:16:01 [Information] [RoadsController/Read/1] Reading a road with Id 1...
07.01.2024 21:16:01 [Information] [RoadsApiController/Get/1] Getting a road with Id 1...
07.01.2024 21:16:01 [Information] [RoadsApiController/Get/1] The road with Id 1 was successfully received.
07.01.2024 21:16:01 [Information] [RoadsController/Read/1] The road with Id 1 was successfully read.
07.01.2024 21:16:01 [Information] [RoadsController] Navigating to the page "Read Road By Id".
07.01.2024 21:16:01 [Information] [RoadsController/Read/1] Reading a road with Id 1...
07.01.2024 21:16:01 [Information] [RoadsApiController/Get/1] Getting a road with Id 1...
07.01.2024 21:16:01 [Information] [RoadsApiController/Get/1] The road with Id 1 was successfully received.
07.01.2024 21:16:01 [Information] [RoadsController/Read/1] The road with Id 1 was successfully read.
07.01.2024 21:16:01 [Information] [RoadsController] Navigating to the page "Read Road By Id".
07.01.2024 21:16:01 [Information] [RoadsController/Read/1] Reading a road with Id 1...
07.01.2024 21:16:01 [Information] [RoadsApiController/Get/1] Getting a road with Id 1...
07.01.2024 21:16:01 [Information] [RoadsApiController/Get/1] The road with Id 1 was successfully received.
07.01.2024 21:16:01 [Information] [RoadsController/Read/1] The road with Id 1 was successfully read.
07.01.2024 21:16:01 [Information] [RoadsController] Navigating to the page "Read Road By Id".
07.01.2024 21:16:01 [Information] [RoadsController/Read/1] Reading a road with Id 1...
07.01.2024 21:16:01 [Information] [RoadsApiController/Get/1] Getting a road with Id 1...
07.01.2024 21:16:01 [Information] [RoadsApiController/Get/1] The road with Id 1 was successfully received.
07.01.2024 21:16:01 [Information] [RoadsController/Read/1] The road with Id 1 was successfully read.
07.01.2024 21:16:01 [Information] [RoadsController] Navigating to the page "Read Road By Id".
07.01.2024 21:16:01 [Information] [RoadsController/Read/1] Reading a road with Id 1...
07.01.2024 21:16:01 [Information] [RoadsApiController/Get/1] Getting a road with Id 1...
07.01.2024 21:16:01 [Information] [RoadsApiController/Get/1] The road with Id 1 was successfully received.
07.01.2024 21:16:01 [Information] [RoadsController/Read/1] The road with Id 1 was successfully read.
07.01.2024 21:16:01 [Information] [RoadsController] Navigating to the page "Read Road By Id".
07.01.2024 21:16:02 [Information] [RoadsController/Read/1] Reading a road with Id 1...
07.01.2024 21:16:02 [Information] [RoadsApiController/Get/1] Getting a road with Id 1...
07.01.2024 21:16:02 [Information] [RoadsApiController/Get/1] The road with Id 1 was successfully received.
07.01.2024 21:16:02 [Information] [RoadsController/Read/1] The road with Id 1 was successfully read.
07.01.2024 21:16:02 [Information] [RoadsController] Navigating to the page "Read Road By Id".
07.01.2024 21:16:02 [Information] [RoadsController/Read/1] Reading a road with Id 1...
07.01.2024 21:16:02 [Information] [RoadsApiController/Get/1] Getting a road with Id 1...
07.01.2024 21:16:02 [Information] [RoadsApiController/Get/1] The road with Id 1 was successfully received.
07.01.2024 21:16:02 [Information] [RoadsController/Read/1] The road with Id 1 was successfully read.
07.01.2024 21:16:02 [Information] [RoadsController] Navigating to the page "Read Road By Id".
07.01.2024 21:16:02 [Information] [RoadsController/Read/1] Reading a road with Id 1...
07.01.2024 21:16:02 [Information] [RoadsApiController/Get/1] Getting a road with Id 1...
07.01.2024 21:16:02 [Information] [RoadsApiController/Get/1] The road with Id 1 was successfully received.
07.01.2024 21:16:02 [Information] [RoadsController/Read/1] The road with Id 1 was successfully read.
07.01.2024 21:16:02 [Information] [RoadsController] Navigating to the page "Read Road By Id".
07.01.2024 21:16:02 [Information] [RoadsController/Read/1] Reading a road with Id 1...
07.01.2024 21:16:02 [Information] [RoadsApiController/Get/1] Getting a road with Id 1...
07.01.2024 21:16:02 [Information] [RoadsApiController/Get/1] The road with Id 1 was successfully received.
07.01.2024 21:16:02 [Information] [RoadsController/Read/1] The road with Id 1 was successfully read.
07.01.2024 21:16:02 [Information] [RoadsController] Navigating to the page "Read Road By Id".
07.01.2024 21:16:05 [Information] [RoadsController/Read/1] Reading a road with Id 1...
07.01.2024 21:16:05 [Information] [RoadsApiController/Get/1] Getting a road with Id 1...
07.01.2024 21:16:05 [Information] [RoadsApiController/Get/1] The road with Id 1 was successfully received.
07.01.2024 21:16:05 [Information] [RoadsController/Read/1] The road with Id 1 was successfully read.
07.01.2024 21:16:05 [Information] [RoadsController] Navigating to the page "Read Road By Id".
07.01.2024 21:16:05 [Information] [RoadsController/Read/1] Reading a road with Id 1...
07.01.2024 21:16:05 [Information] [RoadsApiController/Get/1] Getting a road with Id 1...
07.01.2024 21:16:05 [Information] [RoadsApiController/Get/1] The road with Id 1 was successfully received.
07.01.2024 21:16:05 [Information] [RoadsController/Read/1] The road with Id 1 was successfully read.
07.01.2024 21:16:05 [Information] [RoadsController] Navigating to the page "Read Road By Id".
07.01.2024 21:16:05 [Information] [RoadsController/Read/1] Reading a road with Id 1...
07.01.2024 21:16:05 [Information] [RoadsApiController/Get/1] Getting a road with Id 1...
07.01.2024 21:16:05 [Information] [RoadsApiController/Get/1] The road with Id 1 was successfully received.
07.01.2024 21:16:05 [Information] [RoadsController/Read/1] The road with Id 1 was successfully read.
07.01.2024 21:16:05 [Information] [RoadsController] Navigating to the page "Read Road By Id".
07.01.2024 21:16:05 [Information] [RoadsController/Read/1] Reading a road with Id 1...
07.01.2024 21:16:05 [Information] [RoadsApiController/Get/1] Getting a road with Id 1...
07.01.2024 21:16:05 [Information] [RoadsApiController/Get/1] The road with Id 1 was successfully received.
07.01.2024 21:16:05 [Information] [RoadsController/Read/1] The road with Id 1 was successfully read.
07.01.2024 21:16:05 [Information] [RoadsController] Navigating to the page "Read Road By Id".
07.01.2024 21:16:06 [Information] [RoadsController/Read/1] Reading a road with Id 1...
07.01.2024 21:16:06 [Information] [RoadsApiController/Get/1] Getting a road with Id 1...
07.01.2024 21:16:06 [Information] [RoadsApiController/Get/1] The road with Id 1 was successfully received.
07.01.2024 21:16:06 [Information] [RoadsController/Read/1] The road with Id 1 was successfully read.
07.01.2024 21:16:06 [Information] [RoadsController] Navigating to the page "Read Road By Id".
07.01.2024 21:16:06 [Information] [RoadsController/Read/1] Reading a road with Id 1...
07.01.2024 21:16:06 [Information] [RoadsApiController/Get/1] Getting a road with Id 1...
07.01.2024 21:16:06 [Information] [RoadsApiController/Get/1] The road with Id 1 was successfully received.
07.01.2024 21:16:06 [Information] [RoadsController/Read/1] The road with Id 1 was successfully read.
07.01.2024 21:16:06 [Information] [RoadsController] Navigating to the page "Read Road By Id".
07.01.2024 21:16:06 [Information] [RoadsController/Read/1] Reading a road with Id 1...
07.01.2024 21:16:06 [Information] [RoadsApiController/Get/1] Getting a road with Id 1...
07.01.2024 21:16:06 [Information] [RoadsApiController/Get/1] The road with Id 1 was successfully received.
07.01.2024 21:16:06 [Information] [RoadsController/Read/1] The road with Id 1 was successfully read.
07.01.2024 21:16:06 [Information] [RoadsController] Navigating to the page "Read Road By Id".
07.01.2024 21:16:06 [Information] [RoadsController/Read/1] Reading a road with Id 1...
07.01.2024 21:16:06 [Information] [RoadsApiController/Get/1] Getting a road with Id 1...
07.01.2024 21:16:06 [Information] [RoadsApiController/Get/1] The road with Id 1 was successfully received.
07.01.2024 21:16:06 [Information] [RoadsController/Read/1] The road with Id 1 was successfully read.
07.01.2024 21:16:06 [Information] [RoadsController] Navigating to the page "Read Road By Id".
07.01.2024 21:16:07 [Information] [RoadsController/Read/1] Reading a road with Id 1...
07.01.2024 21:16:07 [Information] [RoadsApiController/Get/1] Getting a road with Id 1...
07.01.2024 21:16:07 [Information] [RoadsApiController/Get/1] The road with Id 1 was successfully received.
07.01.2024 21:16:07 [Information] [RoadsController/Read/1] The road with Id 1 was successfully read.
07.01.2024 21:16:07 [Information] [RoadsController] Navigating to the page "Read Road By Id".
07.01.2024 21:16:07 [Information] [RoadsController/Read/1] Reading a road with Id 1...
07.01.2024 21:16:07 [Information] [RoadsApiController/Get/1] Getting a road with Id 1...
07.01.2024 21:16:07 [Information] [RoadsApiController/Get/1] The road with Id 1 was successfully received.
07.01.2024 21:16:07 [Information] [RoadsController/Read/1] The road with Id 1 was successfully read.
07.01.2024 21:16:07 [Information] [RoadsController] Navigating to the page "Read Road By Id".
07.01.2024 21:16:07 [Information] [RoadsController/Read/1] Reading a road with Id 1...
07.01.2024 21:16:07 [Information] [RoadsApiController/Get/1] Getting a road with Id 1...
07.01.2024 21:16:07 [Information] [RoadsApiController/Get/1] The road with Id 1 was successfully received.
07.01.2024 21:16:07 [Information] [RoadsController/Read/1] The road with Id 1 was successfully read.
07.01.2024 21:16:07 [Information] [RoadsController] Navigating to the page "Read Road By Id".
07.01.2024 21:16:08 [Information] [RoadsController/Read/1] Reading a road with Id 1...
07.01.2024 21:16:08 [Information] [RoadsApiController/Get/1] Getting a road with Id 1...
07.01.2024 21:16:08 [Information] [RoadsApiController/Get/1] The road with Id 1 was successfully received.
07.01.2024 21:16:08 [Information] [RoadsController/Read/1] The road with Id 1 was successfully read.
07.01.2024 21:16:08 [Information] [RoadsController] Navigating to the page "Read Road By Id".
07.01.2024 21:16:09 [Information] [RoadsController/Read/1] Reading a road with Id 1...
07.01.2024 21:16:09 [Information] [RoadsApiController/Get/1] Getting a road with Id 1...
07.01.2024 21:16:09 [Information] [RoadsApiController/Get/1] The road with Id 1 was successfully received.
07.01.2024 21:16:09 [Information] [RoadsController/Read/1] The road with Id 1 was successfully read.
07.01.2024 21:16:09 [Information] [RoadsController] Navigating to the page "Read Road By Id".
07.01.2024 21:16:09 [Information] [RoadsController/Read/1] Reading a road with Id 1...
07.01.2024 21:16:09 [Information] [RoadsApiController/Get/1] Getting a road with Id 1...
07.01.2024 21:16:09 [Information] [RoadsApiController/Get/1] The road with Id 1 was successfully received.
07.01.2024 21:16:09 [Information] [RoadsController/Read/1] The road with Id 1 was successfully read.
07.01.2024 21:16:09 [Information] [RoadsController] Navigating to the page "Read Road By Id".
07.01.2024 21:16:12 [Information] [RoadsController/Read/1] Reading a road with Id 1...
07.01.2024 21:16:12 [Information] [RoadsApiController/Get/1] Getting a road with Id 1...
07.01.2024 21:16:12 [Information] [RoadsApiController/Get/1] The road with Id 1 was successfully received.
07.01.2024 21:16:12 [Information] [RoadsController/Read/1] The road with Id 1 was successfully read.
07.01.2024 21:16:12 [Information] [RoadsController] Navigating to the page "Read Road By Id".
07.01.2024 21:16:14 [Information] [RoadsController/Read/1] Reading a road with Id 1...
07.01.2024 21:16:14 [Information] [RoadsApiController/Get/1] Getting a road with Id 1...
07.01.2024 21:16:14 [Information] [RoadsApiController/Get/1] The road with Id 1 was successfully received.
07.01.2024 21:16:14 [Information] [RoadsController/Read/1] The road with Id 1 was successfully read.
07.01.2024 21:16:14 [Information] [RoadsController] Navigating to the page "Read Road By Id".
07.01.2024 21:16:16 [Information] [RoadsController/Update/1] Reading a road with Id 1...
07.01.2024 21:16:16 [Information] [RoadsApiController/Get/1] Getting a road with Id 1...
07.01.2024 21:16:16 [Information] [RoadsApiController/Get/1] The road with Id 1 was successfully received.
07.01.2024 21:16:16 [Information] [RoadsController/Update/1] The road with Id 1 was successfully read.
07.01.2024 21:16:16 [Information] [RoadsController] Navigating to the page "Update Road".
07.01.2024 21:16:19 [Information] [RoadsController/Read/1] Reading a road with Id 1...
07.01.2024 21:16:19 [Information] [RoadsApiController/Get/1] Getting a road with Id 1...
07.01.2024 21:16:19 [Information] [RoadsApiController/Get/1] The road with Id 1 was successfully received.
07.01.2024 21:16:19 [Information] [RoadsController/Read/1] The road with Id 1 was successfully read.
07.01.2024 21:16:19 [Information] [RoadsController] Navigating to the page "Read Road By Id".
07.01.2024 21:16:24 [Information] [RoadsController] Navigating to the page "Create Road".
