10.03.2024 19:39:09 [Information] [RoadWorksProgramsController/Read] Reading all road works programs...
10.03.2024 19:39:09 [Information] [RoadWorksProgramsApiController/Get] Getting all the road works programs...
10.03.2024 19:39:10 [Information] [RoadWorksProgramsApiController/Get] All road works programs have been successfully received.
10.03.2024 19:39:10 [Information] [RoadWorksProgramsController/Read] All road works programs have been successfully read.
10.03.2024 19:39:10 [Information] [RoadWorksProgramsController/Read] Reading all roads...
10.03.2024 19:39:10 [Information] [RoadsApiController/Get] Getting all the roads...
10.03.2024 19:39:10 [Information] [RoadsApiController/Get] All roads have been successfully received.
10.03.2024 19:39:10 [Information] [RoadWorksProgramsController/Read] All roads have been successfully read.
10.03.2024 19:39:10 [Information] [RoadWorksProgramsController] Navigating to the page "Read All Road Works Programs By Year".
10.03.2024 19:39:11 [Information] [RoadWorksProgramsController/Read/4/2021] Reading the road works program for 2021...
10.03.2024 19:39:11 [Information] [RoadWorksProgramsApiController/Get] Getting all the road works programs...
10.03.2024 19:39:11 [Information] [RoadWorksProgramsApiController/Get] All road works programs have been successfully received.
10.03.2024 19:39:11 [Information] [RoadWorksProgramsController/Read/4/2021] The road works program for 2021 was successfully read.
10.03.2024 19:39:11 [Information] [RoadWorksProgramsController] Navigating to the page "Read Road Works Program For 2021".
10.03.2024 19:39:14 [Information] [RoadWorksProgramsController/Update/10] Reading a road works program with Id 10...
10.03.2024 19:39:14 [Information] [RoadWorksProgramsApiController/Get/10] Getting a road works program with Id 10...
10.03.2024 19:39:14 [Information] [RoadWorksProgramsApiController/Get/10] The road works program with Id 10 was successfully received.
10.03.2024 19:39:14 [Information] [RoadWorksProgramsController/Update/10] The road works program with Id 10 was successfully read.
10.03.2024 19:39:14 [Information] [RoadWorksProgramsController/Update/10] Reading all roads...
10.03.2024 19:39:14 [Information] [RoadsApiController/Get] Getting all the roads...
10.03.2024 19:39:14 [Information] [RoadsApiController/Get] All roads have been successfully received.
10.03.2024 19:39:14 [Information] [RoadWorksProgramsController/Update/10] All roads have been successfully read.
10.03.2024 19:39:14 [Information] [RoadWorksProgramsController/Update/10] Reading all estimates...
10.03.2024 19:39:14 [Information] [EstimatesApiController/Get] Getting all the estimates...
10.03.2024 19:39:15 [Information] [EstimatesApiController/Get] All estimates have been successfully received.
10.03.2024 19:39:15 [Information] [RoadWorksProgramsController/Update/10] All estimates have been successfully read.
10.03.2024 19:39:15 [Information] [RoadWorksProgramsController] Navigating to the page "Update Road Works Program".
10.03.2024 19:39:26 [Information] [RoadWorksProgramsController/Update/10] Updating the road works program with Id 10...
10.03.2024 19:39:26 [Information] [RoadWorksProgramsApiController/Put/10] Updating the road works program with Id 10...
10.03.2024 19:39:27 [Information] [RoadWorksProgramsApiController/Put/10] The road works program with Id 10 has been successfully updated.
10.03.2024 19:39:27 [Information] [RoadWorksProgramsController/Update/10] The road works program with Id 10 has been successfully updated.
10.03.2024 19:39:27 [Information] [RoadWorksProgramsController/Read/10/2021] Reading the road works program for 2021...
10.03.2024 19:39:27 [Information] [RoadWorksProgramsApiController/Get] Getting all the road works programs...
10.03.2024 19:39:27 [Information] [RoadWorksProgramsApiController/Get] All road works programs have been successfully received.
10.03.2024 19:39:27 [Information] [RoadWorksProgramsController/Read/10/2021] The road works program for 2021 was successfully read.
10.03.2024 19:39:27 [Information] [RoadWorksProgramsController] Navigating to the page "Read Road Works Program For 2021".
10.03.2024 19:39:39 [Information] [RoadWorksProgramsController/Update/10] Reading a road works program with Id 10...
10.03.2024 19:39:39 [Information] [RoadWorksProgramsApiController/Get/10] Getting a road works program with Id 10...
10.03.2024 19:39:39 [Information] [RoadWorksProgramsApiController/Get/10] The road works program with Id 10 was successfully received.
10.03.2024 19:39:39 [Information] [RoadWorksProgramsController/Update/10] The road works program with Id 10 was successfully read.
10.03.2024 19:39:39 [Information] [RoadWorksProgramsController/Update/10] Reading all roads...
10.03.2024 19:39:39 [Information] [RoadsApiController/Get] Getting all the roads...
10.03.2024 19:39:39 [Information] [RoadsApiController/Get] All roads have been successfully received.
10.03.2024 19:39:39 [Information] [RoadWorksProgramsController/Update/10] All roads have been successfully read.
10.03.2024 19:39:39 [Information] [RoadWorksProgramsController/Update/10] Reading all estimates...
10.03.2024 19:39:39 [Information] [EstimatesApiController/Get] Getting all the estimates...
10.03.2024 19:39:39 [Information] [EstimatesApiController/Get] All estimates have been successfully received.
10.03.2024 19:39:39 [Information] [RoadWorksProgramsController/Update/10] All estimates have been successfully read.
10.03.2024 19:39:39 [Information] [RoadWorksProgramsController] Navigating to the page "Update Road Works Program".
10.03.2024 19:39:41 [Information] [RoadWorksProgramsController/Read/4/2021] Reading the road works program for 2021...
10.03.2024 19:39:41 [Information] [RoadWorksProgramsApiController/Get] Getting all the road works programs...
10.03.2024 19:39:41 [Information] [RoadWorksProgramsApiController/Get] All road works programs have been successfully received.
10.03.2024 19:39:41 [Information] [RoadWorksProgramsController/Read/4/2021] The road works program for 2021 was successfully read.
10.03.2024 19:39:41 [Information] [RoadWorksProgramsController] Navigating to the page "Read Road Works Program For 2021".
10.03.2024 19:40:14 [Information] [RoadWorksProgramsController/Delete/9] Deleting a road works program with Id 9...
10.03.2024 19:40:14 [Information] [RoadWorksProgramsApiController/Delete/9] Deleting a road works program with Id 9...
10.03.2024 19:40:14 [Information] [RoadWorksProgramsApiController/Delete/9] The road works program with Id 9 has been successfully deleted.
10.03.2024 19:40:14 [Information] [RoadWorksProgramsController/Delete/9] The road works program with Id 9 has been successfully deleted.
10.03.2024 19:40:14 [Information] [RoadWorksProgramsController/Read] Reading all road works programs...
10.03.2024 19:40:14 [Information] [RoadWorksProgramsApiController/Get] Getting all the road works programs...
10.03.2024 19:40:14 [Information] [RoadWorksProgramsApiController/Get] All road works programs have been successfully received.
10.03.2024 19:40:14 [Information] [RoadWorksProgramsController/Read] All road works programs have been successfully read.
10.03.2024 19:40:14 [Information] [RoadWorksProgramsController/Read] Reading all roads...
10.03.2024 19:40:14 [Information] [RoadsApiController/Get] Getting all the roads...
10.03.2024 19:40:14 [Information] [RoadsApiController/Get] All roads have been successfully received.
10.03.2024 19:40:14 [Information] [RoadWorksProgramsController/Read] All roads have been successfully read.
10.03.2024 19:40:14 [Information] [RoadWorksProgramsController] Navigating to the page "Read All Road Works Programs By Year".
10.03.2024 19:40:16 [Information] [RoadWorksProgramsController/Read/10/2021] Reading the road works program for 2021...
10.03.2024 19:40:16 [Information] [RoadWorksProgramsApiController/Get] Getting all the road works programs...
10.03.2024 19:40:16 [Information] [RoadWorksProgramsApiController/Get] All road works programs have been successfully received.
10.03.2024 19:40:16 [Information] [RoadWorksProgramsController/Read/10/2021] The road works program for 2021 was successfully read.
10.03.2024 19:40:16 [Information] [RoadWorksProgramsController] Navigating to the page "Read Road Works Program For 2021".
10.03.2024 19:40:21 [Information] [RoadWorksProgramsController/Delete/10] Deleting a road works program with Id 10...
10.03.2024 19:40:21 [Information] [RoadWorksProgramsApiController/Delete/10] Deleting a road works program with Id 10...
10.03.2024 19:40:21 [Information] [RoadWorksProgramsApiController/Delete/10] The road works program with Id 10 has been successfully deleted.
10.03.2024 19:40:21 [Information] [RoadWorksProgramsController/Delete/10] The road works program with Id 10 has been successfully deleted.
10.03.2024 19:40:21 [Information] [RoadWorksProgramsController/Read] Reading all road works programs...
10.03.2024 19:40:21 [Information] [RoadWorksProgramsApiController/Get] Getting all the road works programs...
10.03.2024 19:40:21 [Information] [RoadWorksProgramsApiController/Get] All road works programs have been successfully received.
10.03.2024 19:40:21 [Information] [RoadWorksProgramsController/Read] All road works programs have been successfully read.
10.03.2024 19:40:21 [Information] [RoadWorksProgramsController/Read] Reading all roads...
10.03.2024 19:40:21 [Information] [RoadsApiController/Get] Getting all the roads...
10.03.2024 19:40:21 [Information] [RoadsApiController/Get] All roads have been successfully received.
10.03.2024 19:40:21 [Information] [RoadWorksProgramsController/Read] All roads have been successfully read.
10.03.2024 19:40:21 [Information] [RoadWorksProgramsController] Navigating to the page "Read All Road Works Programs By Year".
10.03.2024 19:40:23 [Information] [RoadWorksProgramsController/Read/4/2021] Reading the road works program for 2021...
10.03.2024 19:40:23 [Information] [RoadWorksProgramsApiController/Get] Getting all the road works programs...
10.03.2024 19:40:23 [Information] [RoadWorksProgramsApiController/Get] All road works programs have been successfully received.
10.03.2024 19:40:23 [Information] [RoadWorksProgramsController/Read/4/2021] The road works program for 2021 was successfully read.
10.03.2024 19:40:23 [Information] [RoadWorksProgramsController] Navigating to the page "Read Road Works Program For 2021".
10.03.2024 19:40:25 [Information] [RoadWorksProgramsController/Update/12] Reading a road works program with Id 12...
10.03.2024 19:40:25 [Information] [RoadWorksProgramsApiController/Get/12] Getting a road works program with Id 12...
10.03.2024 19:40:25 [Information] [RoadWorksProgramsApiController/Get/12] The road works program with Id 12 was successfully received.
10.03.2024 19:40:25 [Information] [RoadWorksProgramsController/Update/12] The road works program with Id 12 was successfully read.
10.03.2024 19:40:25 [Information] [RoadWorksProgramsController/Update/12] Reading all roads...
10.03.2024 19:40:25 [Information] [RoadsApiController/Get] Getting all the roads...
10.03.2024 19:40:25 [Information] [RoadsApiController/Get] All roads have been successfully received.
10.03.2024 19:40:25 [Information] [RoadWorksProgramsController/Update/12] All roads have been successfully read.
10.03.2024 19:40:25 [Information] [RoadWorksProgramsController/Update/12] Reading all estimates...
10.03.2024 19:40:25 [Information] [EstimatesApiController/Get] Getting all the estimates...
10.03.2024 19:40:26 [Information] [EstimatesApiController/Get] All estimates have been successfully received.
10.03.2024 19:40:26 [Information] [RoadWorksProgramsController/Update/12] All estimates have been successfully read.
10.03.2024 19:40:26 [Information] [RoadWorksProgramsController] Navigating to the page "Update Road Works Program".
10.03.2024 19:40:30 [Information] [RoadWorksProgramsController/Update/12] Updating the road works program with Id 12...
10.03.2024 19:40:30 [Information] [RoadWorksProgramsApiController/Put/12] Updating the road works program with Id 12...
10.03.2024 19:40:30 [Information] [RoadWorksProgramsApiController/Put/12] The road works program with Id 12 has been successfully updated.
10.03.2024 19:40:30 [Information] [RoadWorksProgramsController/Update/12] The road works program with Id 12 has been successfully updated.
10.03.2024 19:40:30 [Information] [RoadWorksProgramsController/Read/12/2021] Reading the road works program for 2021...
10.03.2024 19:40:30 [Information] [RoadWorksProgramsApiController/Get] Getting all the road works programs...
10.03.2024 19:40:30 [Information] [RoadWorksProgramsApiController/Get] All road works programs have been successfully received.
10.03.2024 19:40:30 [Information] [RoadWorksProgramsController/Read/12/2021] The road works program for 2021 was successfully read.
10.03.2024 19:40:30 [Information] [RoadWorksProgramsController] Navigating to the page "Read Road Works Program For 2021".
10.03.2024 19:40:40 [Information] [EstimatesController/Read/441] Reading a estimate with Id 441...
10.03.2024 19:40:40 [Information] [EstimatesApiController/Get/441] Getting a estimate with Id 441...
10.03.2024 19:40:40 [Information] [EstimatesApiController/Get/441] The estimate with Id 441 was successfully received.
10.03.2024 19:40:40 [Information] [EstimatesController/Read/441] The estimate with Id 441 was successfully read.
10.03.2024 19:40:40 [Information] [EstimatesController] Navigating to the page "Read Estimate By Id".
10.03.2024 19:40:41 [Information] [EstimatesController/Update/441] Reading a estimate with Id 441...
10.03.2024 19:40:41 [Information] [EstimatesApiController/Get/441] Getting a estimate with Id 441...
10.03.2024 19:40:41 [Information] [EstimatesApiController/Get/441] The estimate with Id 441 was successfully received.
10.03.2024 19:40:41 [Information] [EstimatesController/Update/441] The estimate with Id 441 was successfully read.
10.03.2024 19:40:41 [Information] [EstimatesController/Update/441] Reading all roads...
10.03.2024 19:40:41 [Information] [RoadsApiController/Get] Getting all the roads...
10.03.2024 19:40:41 [Information] [RoadsApiController/Get] All roads have been successfully received.
10.03.2024 19:40:41 [Information] [EstimatesController/Update/441] All roads have been successfully read.
10.03.2024 19:40:41 [Information] [EstimatesController] Navigating to the page "Update Estimate".
10.03.2024 19:40:42 [Information] [EstimatesController/Read/441] Reading a estimate with Id 441...
10.03.2024 19:40:42 [Information] [EstimatesApiController/Get/441] Getting a estimate with Id 441...
10.03.2024 19:40:42 [Information] [EstimatesApiController/Get/441] The estimate with Id 441 was successfully received.
10.03.2024 19:40:42 [Information] [EstimatesController/Read/441] The estimate with Id 441 was successfully read.
10.03.2024 19:40:42 [Information] [EstimatesController] Navigating to the page "Read Estimate By Id".
10.03.2024 19:40:44 [Information] [RoadWorksProgramsController/Update/12] Reading a road works program with Id 12...
10.03.2024 19:40:44 [Information] [RoadWorksProgramsApiController/Get/12] Getting a road works program with Id 12...
10.03.2024 19:40:44 [Information] [RoadWorksProgramsApiController/Get/12] The road works program with Id 12 was successfully received.
10.03.2024 19:40:44 [Information] [RoadWorksProgramsController/Update/12] The road works program with Id 12 was successfully read.
10.03.2024 19:40:44 [Information] [RoadWorksProgramsController/Update/12] Reading all roads...
10.03.2024 19:40:44 [Information] [RoadsApiController/Get] Getting all the roads...
10.03.2024 19:40:44 [Information] [RoadsApiController/Get] All roads have been successfully received.
10.03.2024 19:40:44 [Information] [RoadWorksProgramsController/Update/12] All roads have been successfully read.
10.03.2024 19:40:44 [Information] [RoadWorksProgramsController/Update/12] Reading all estimates...
10.03.2024 19:40:44 [Information] [EstimatesApiController/Get] Getting all the estimates...
10.03.2024 19:40:45 [Information] [EstimatesApiController/Get] All estimates have been successfully received.
10.03.2024 19:40:45 [Information] [RoadWorksProgramsController/Update/12] All estimates have been successfully read.
10.03.2024 19:40:45 [Information] [RoadWorksProgramsController] Navigating to the page "Update Road Works Program".
10.03.2024 19:40:47 [Information] [RoadWorksProgramsController/Read/4/2021] Reading the road works program for 2021...
10.03.2024 19:40:47 [Information] [RoadWorksProgramsApiController/Get] Getting all the road works programs...
10.03.2024 19:40:47 [Information] [RoadWorksProgramsApiController/Get] All road works programs have been successfully received.
10.03.2024 19:40:47 [Information] [RoadWorksProgramsController/Read/4/2021] The road works program for 2021 was successfully read.
10.03.2024 19:40:47 [Information] [RoadWorksProgramsController] Navigating to the page "Read Road Works Program For 2021".
10.03.2024 19:40:51 [Information] [RoadWorksProgramsController/Read/2/2021] Reading the road works program for 2021...
10.03.2024 19:40:51 [Information] [RoadWorksProgramsApiController/Get] Getting all the road works programs...
10.03.2024 19:40:51 [Information] [RoadWorksProgramsApiController/Get] All road works programs have been successfully received.
10.03.2024 19:40:51 [Information] [RoadWorksProgramsController/Read/2/2021] The road works program for 2021 was successfully read.
10.03.2024 19:40:51 [Information] [RoadWorksProgramsController] Navigating to the page "Read Road Works Program For 2021".
10.03.2024 19:40:56 [Information] [RoadWorksProgramsController/Delete/1] Deleting a road works program with Id 1...
10.03.2024 19:40:56 [Information] [RoadWorksProgramsApiController/Delete/1] Deleting a road works program with Id 1...
10.03.2024 19:40:56 [Information] [RoadWorksProgramsApiController/Delete/1] The road works program with Id 1 has been successfully deleted.
10.03.2024 19:40:56 [Information] [RoadWorksProgramsController/Delete/1] The road works program with Id 1 has been successfully deleted.
10.03.2024 19:40:56 [Information] [RoadWorksProgramsController/Read] Reading all road works programs...
10.03.2024 19:40:56 [Information] [RoadWorksProgramsApiController/Get] Getting all the road works programs...
10.03.2024 19:40:56 [Information] [RoadWorksProgramsApiController/Get] All road works programs have been successfully received.
10.03.2024 19:40:56 [Information] [RoadWorksProgramsController/Read] All road works programs have been successfully read.
10.03.2024 19:40:56 [Information] [RoadWorksProgramsController/Read] Reading all roads...
10.03.2024 19:40:56 [Information] [RoadsApiController/Get] Getting all the roads...
10.03.2024 19:40:56 [Information] [RoadsApiController/Get] All roads have been successfully received.
10.03.2024 19:40:56 [Information] [RoadWorksProgramsController/Read] All roads have been successfully read.
10.03.2024 19:40:56 [Information] [RoadWorksProgramsController] Navigating to the page "Read All Road Works Programs By Year".
10.03.2024 19:41:01 [Information] [RoadWorksProgramsController/Read/2/2022] Reading the road works program for 2022...
10.03.2024 19:41:01 [Information] [RoadWorksProgramsApiController/Get] Getting all the road works programs...
10.03.2024 19:41:01 [Information] [RoadWorksProgramsApiController/Get] All road works programs have been successfully received.
10.03.2024 19:41:01 [Information] [RoadWorksProgramsController/Read/2/2022] The road works program for 2022 was successfully read.
10.03.2024 19:41:01 [Information] [RoadWorksProgramsController] Navigating to the page "Read Road Works Program For 2022".
10.03.2024 19:41:06 [Information] [RoadWorksProgramsController/Delete/14] Deleting a road works program with Id 14...
10.03.2024 19:41:06 [Information] [RoadWorksProgramsApiController/Delete/14] Deleting a road works program with Id 14...
10.03.2024 19:41:06 [Information] [RoadWorksProgramsApiController/Delete/14] The road works program with Id 14 has been successfully deleted.
10.03.2024 19:41:06 [Information] [RoadWorksProgramsController/Delete/14] The road works program with Id 14 has been successfully deleted.
10.03.2024 19:41:06 [Information] [RoadWorksProgramsController/Read] Reading all road works programs...
10.03.2024 19:41:06 [Information] [RoadWorksProgramsApiController/Get] Getting all the road works programs...
10.03.2024 19:41:06 [Information] [RoadWorksProgramsApiController/Get] All road works programs have been successfully received.
10.03.2024 19:41:06 [Information] [RoadWorksProgramsController/Read] All road works programs have been successfully read.
10.03.2024 19:41:06 [Information] [RoadWorksProgramsController/Read] Reading all roads...
10.03.2024 19:41:06 [Information] [RoadsApiController/Get] Getting all the roads...
10.03.2024 19:41:06 [Information] [RoadsApiController/Get] All roads have been successfully received.
10.03.2024 19:41:06 [Information] [RoadWorksProgramsController/Read] All roads have been successfully read.
10.03.2024 19:41:06 [Information] [RoadWorksProgramsController] Navigating to the page "Read All Road Works Programs By Year".
10.03.2024 19:41:11 [Information] [RoadWorksProgramsController/Read/2/2022] Reading the road works program for 2022...
10.03.2024 19:41:11 [Information] [RoadWorksProgramsApiController/Get] Getting all the road works programs...
10.03.2024 19:41:11 [Information] [RoadWorksProgramsApiController/Get] All road works programs have been successfully received.
10.03.2024 19:41:11 [Information] [RoadWorksProgramsController/Read/2/2022] The road works program for 2022 was successfully read.
10.03.2024 19:41:11 [Information] [RoadWorksProgramsController] Navigating to the page "Read Road Works Program For 2022".
10.03.2024 19:41:14 [Information] [RoadWorksProgramsController/Delete/16] Deleting a road works program with Id 16...
10.03.2024 19:41:14 [Information] [RoadWorksProgramsApiController/Delete/16] Deleting a road works program with Id 16...
10.03.2024 19:41:14 [Information] [RoadWorksProgramsApiController/Delete/16] The road works program with Id 16 has been successfully deleted.
10.03.2024 19:41:14 [Information] [RoadWorksProgramsController/Delete/16] The road works program with Id 16 has been successfully deleted.
10.03.2024 19:41:14 [Information] [RoadWorksProgramsController/Read] Reading all road works programs...
10.03.2024 19:41:14 [Information] [RoadWorksProgramsApiController/Get] Getting all the road works programs...
10.03.2024 19:41:14 [Information] [RoadWorksProgramsApiController/Get] All road works programs have been successfully received.
10.03.2024 19:41:14 [Information] [RoadWorksProgramsController/Read] All road works programs have been successfully read.
10.03.2024 19:41:14 [Information] [RoadWorksProgramsController/Read] Reading all roads...
10.03.2024 19:41:14 [Information] [RoadsApiController/Get] Getting all the roads...
10.03.2024 19:41:14 [Information] [RoadsApiController/Get] All roads have been successfully received.
10.03.2024 19:41:14 [Information] [RoadWorksProgramsController/Read] All roads have been successfully read.
10.03.2024 19:41:14 [Information] [RoadWorksProgramsController] Navigating to the page "Read All Road Works Programs By Year".
10.03.2024 19:41:15 [Information] [RoadWorksProgramsController/Read/4/2022] Reading the road works program for 2022...
10.03.2024 19:41:15 [Information] [RoadWorksProgramsApiController/Get] Getting all the road works programs...
10.03.2024 19:41:15 [Information] [RoadWorksProgramsApiController/Get] All road works programs have been successfully received.
10.03.2024 19:41:15 [Information] [RoadWorksProgramsController/Read/4/2022] The road works program for 2022 was successfully read.
10.03.2024 19:41:15 [Information] [RoadWorksProgramsController] Navigating to the page "Read Road Works Program For 2022".
10.03.2024 19:41:18 [Information] [RoadWorksProgramsController/Read/3/2022] Reading the road works program for 2022...
10.03.2024 19:41:18 [Information] [RoadWorksProgramsApiController/Get] Getting all the road works programs...
10.03.2024 19:41:18 [Information] [RoadWorksProgramsApiController/Get] All road works programs have been successfully received.
10.03.2024 19:41:18 [Information] [RoadWorksProgramsController/Read/3/2022] The road works program for 2022 was successfully read.
10.03.2024 19:41:18 [Information] [RoadWorksProgramsController] Navigating to the page "Read Road Works Program For 2022".
10.03.2024 19:41:22 [Information] [RoadWorksProgramsController/Read/2/2021] Reading the road works program for 2021...
10.03.2024 19:41:22 [Information] [RoadWorksProgramsApiController/Get] Getting all the road works programs...
10.03.2024 19:41:22 [Information] [RoadWorksProgramsApiController/Get] All road works programs have been successfully received.
10.03.2024 19:41:22 [Information] [RoadWorksProgramsController/Read/2/2021] The road works program for 2021 was successfully read.
10.03.2024 19:41:22 [Information] [RoadWorksProgramsController] Navigating to the page "Read Road Works Program For 2021".
10.03.2024 19:41:26 [Information] [RoadWorksProgramsController/Delete/2] Deleting a road works program with Id 2...
10.03.2024 19:41:26 [Information] [RoadWorksProgramsApiController/Delete/2] Deleting a road works program with Id 2...
10.03.2024 19:41:26 [Information] [RoadWorksProgramsApiController/Delete/2] The road works program with Id 2 has been successfully deleted.
10.03.2024 19:41:26 [Information] [RoadWorksProgramsController/Delete/2] The road works program with Id 2 has been successfully deleted.
10.03.2024 19:41:26 [Information] [RoadWorksProgramsController/Read] Reading all road works programs...
10.03.2024 19:41:26 [Information] [RoadWorksProgramsApiController/Get] Getting all the road works programs...
10.03.2024 19:41:26 [Information] [RoadWorksProgramsApiController/Get] All road works programs have been successfully received.
10.03.2024 19:41:26 [Information] [RoadWorksProgramsController/Read] All road works programs have been successfully read.
10.03.2024 19:41:26 [Information] [RoadWorksProgramsController/Read] Reading all roads...
10.03.2024 19:41:26 [Information] [RoadsApiController/Get] Getting all the roads...
10.03.2024 19:41:26 [Information] [RoadsApiController/Get] All roads have been successfully received.
10.03.2024 19:41:26 [Information] [RoadWorksProgramsController/Read] All roads have been successfully read.
10.03.2024 19:41:26 [Information] [RoadWorksProgramsController] Navigating to the page "Read All Road Works Programs By Year".
10.03.2024 19:41:27 [Information] [RoadWorksProgramsController/Read/2/2021] Reading the road works program for 2021...
10.03.2024 19:41:27 [Information] [RoadWorksProgramsApiController/Get] Getting all the road works programs...
10.03.2024 19:41:27 [Information] [RoadWorksProgramsApiController/Get] All road works programs have been successfully received.
10.03.2024 19:41:27 [Information] [RoadWorksProgramsController/Read/2/2021] The road works program for 2021 was successfully read.
10.03.2024 19:41:27 [Information] [RoadWorksProgramsController] Navigating to the page "Read Road Works Program For 2021".
10.03.2024 19:41:30 [Information] [RoadWorksProgramsController/Delete/3] Deleting a road works program with Id 3...
10.03.2024 19:41:30 [Information] [RoadWorksProgramsApiController/Delete/3] Deleting a road works program with Id 3...
10.03.2024 19:41:30 [Information] [RoadWorksProgramsApiController/Delete/3] The road works program with Id 3 has been successfully deleted.
10.03.2024 19:41:30 [Information] [RoadWorksProgramsController/Delete/3] The road works program with Id 3 has been successfully deleted.
10.03.2024 19:41:30 [Information] [RoadWorksProgramsController/Read] Reading all road works programs...
10.03.2024 19:41:30 [Information] [RoadWorksProgramsApiController/Get] Getting all the road works programs...
10.03.2024 19:41:30 [Information] [RoadWorksProgramsApiController/Get] All road works programs have been successfully received.
10.03.2024 19:41:30 [Information] [RoadWorksProgramsController/Read] All road works programs have been successfully read.
10.03.2024 19:41:30 [Information] [RoadWorksProgramsController/Read] Reading all roads...
10.03.2024 19:41:30 [Information] [RoadsApiController/Get] Getting all the roads...
10.03.2024 19:41:30 [Information] [RoadsApiController/Get] All roads have been successfully received.
10.03.2024 19:41:30 [Information] [RoadWorksProgramsController/Read] All roads have been successfully read.
10.03.2024 19:41:30 [Information] [RoadWorksProgramsController] Navigating to the page "Read All Road Works Programs By Year".
10.03.2024 19:41:31 [Information] [RoadWorksProgramsController/Read/2/2021] Reading the road works program for 2021...
10.03.2024 19:41:31 [Information] [RoadWorksProgramsApiController/Get] Getting all the road works programs...
10.03.2024 19:41:31 [Information] [RoadWorksProgramsApiController/Get] All road works programs have been successfully received.
10.03.2024 19:41:31 [Information] [RoadWorksProgramsController/Read/2/2021] The road works program for 2021 was successfully read.
10.03.2024 19:41:31 [Information] [RoadWorksProgramsController] Navigating to the page "Read Road Works Program For 2021".
10.03.2024 19:41:33 [Information] [RoadWorksProgramsController/Delete/4] Deleting a road works program with Id 4...
10.03.2024 19:41:33 [Information] [RoadWorksProgramsApiController/Delete/4] Deleting a road works program with Id 4...
10.03.2024 19:41:33 [Information] [RoadWorksProgramsApiController/Delete/4] The road works program with Id 4 has been successfully deleted.
10.03.2024 19:41:33 [Information] [RoadWorksProgramsController/Delete/4] The road works program with Id 4 has been successfully deleted.
10.03.2024 19:41:33 [Information] [RoadWorksProgramsController/Read] Reading all road works programs...
10.03.2024 19:41:33 [Information] [RoadWorksProgramsApiController/Get] Getting all the road works programs...
10.03.2024 19:41:33 [Information] [RoadWorksProgramsApiController/Get] All road works programs have been successfully received.
10.03.2024 19:41:33 [Information] [RoadWorksProgramsController/Read] All road works programs have been successfully read.
10.03.2024 19:41:33 [Information] [RoadWorksProgramsController/Read] Reading all roads...
10.03.2024 19:41:33 [Information] [RoadsApiController/Get] Getting all the roads...
10.03.2024 19:41:33 [Information] [RoadsApiController/Get] All roads have been successfully received.
10.03.2024 19:41:33 [Information] [RoadWorksProgramsController/Read] All roads have been successfully read.
10.03.2024 19:41:33 [Information] [RoadWorksProgramsController] Navigating to the page "Read All Road Works Programs By Year".
10.03.2024 19:41:34 [Information] [RoadWorksProgramsController/Read/2/2022] Reading the road works program for 2022...
10.03.2024 19:41:34 [Information] [RoadWorksProgramsApiController/Get] Getting all the road works programs...
10.03.2024 19:41:35 [Information] [RoadWorksProgramsApiController/Get] All road works programs have been successfully received.
10.03.2024 19:41:35 [Information] [RoadWorksProgramsController/Read/2/2022] The road works program for 2022 was successfully read.
10.03.2024 19:41:35 [Information] [RoadWorksProgramsController] Navigating to the page "Read Road Works Program For 2022".
10.03.2024 19:41:46 [Information] [RoadWorksProgramsController/Delete/15] Deleting a road works program with Id 15...
10.03.2024 19:41:46 [Information] [RoadWorksProgramsApiController/Delete/15] Deleting a road works program with Id 15...
10.03.2024 19:41:46 [Information] [RoadWorksProgramsApiController/Delete/15] The road works program with Id 15 has been successfully deleted.
10.03.2024 19:41:46 [Information] [RoadWorksProgramsController/Delete/15] The road works program with Id 15 has been successfully deleted.
10.03.2024 19:41:46 [Information] [RoadWorksProgramsController/Read] Reading all road works programs...
10.03.2024 19:41:46 [Information] [RoadWorksProgramsApiController/Get] Getting all the road works programs...
10.03.2024 19:41:46 [Information] [RoadWorksProgramsApiController/Get] All road works programs have been successfully received.
10.03.2024 19:41:46 [Information] [RoadWorksProgramsController/Read] All road works programs have been successfully read.
10.03.2024 19:41:46 [Information] [RoadWorksProgramsController/Read] Reading all roads...
10.03.2024 19:41:46 [Information] [RoadsApiController/Get] Getting all the roads...
10.03.2024 19:41:46 [Information] [RoadsApiController/Get] All roads have been successfully received.
10.03.2024 19:41:46 [Information] [RoadWorksProgramsController/Read] All roads have been successfully read.
10.03.2024 19:41:46 [Information] [RoadWorksProgramsController] Navigating to the page "Read All Road Works Programs By Year".
10.03.2024 19:41:48 [Information] [RoadWorksProgramsController/Read/2/2022] Reading the road works program for 2022...
10.03.2024 19:41:48 [Information] [RoadWorksProgramsApiController/Get] Getting all the road works programs...
10.03.2024 19:41:48 [Information] [RoadWorksProgramsApiController/Get] All road works programs have been successfully received.
10.03.2024 19:41:48 [Information] [RoadWorksProgramsController/Read/2/2022] The road works program for 2022 was successfully read.
10.03.2024 19:41:48 [Information] [RoadWorksProgramsController] Navigating to the page "Read Road Works Program For 2022".
10.03.2024 19:41:50 [Information] [RoadWorksProgramsController/Delete/13] Deleting a road works program with Id 13...
10.03.2024 19:41:50 [Information] [RoadWorksProgramsApiController/Delete/13] Deleting a road works program with Id 13...
10.03.2024 19:41:50 [Information] [RoadWorksProgramsApiController/Delete/13] The road works program with Id 13 has been successfully deleted.
10.03.2024 19:41:50 [Information] [RoadWorksProgramsController/Delete/13] The road works program with Id 13 has been successfully deleted.
10.03.2024 19:41:50 [Information] [RoadWorksProgramsController/Read] Reading all road works programs...
10.03.2024 19:41:50 [Information] [RoadWorksProgramsApiController/Get] Getting all the road works programs...
10.03.2024 19:41:50 [Information] [RoadWorksProgramsApiController/Get] All road works programs have been successfully received.
10.03.2024 19:41:50 [Information] [RoadWorksProgramsController/Read] All road works programs have been successfully read.
10.03.2024 19:41:50 [Information] [RoadWorksProgramsController/Read] Reading all roads...
10.03.2024 19:41:50 [Information] [RoadsApiController/Get] Getting all the roads...
10.03.2024 19:41:50 [Information] [RoadsApiController/Get] All roads have been successfully received.
10.03.2024 19:41:50 [Information] [RoadWorksProgramsController/Read] All roads have been successfully read.
10.03.2024 19:41:50 [Information] [RoadWorksProgramsController] Navigating to the page "Read All Road Works Programs By Year".
10.03.2024 19:41:51 [Information] [RoadWorksProgramsController/Read/3/2022] Reading the road works program for 2022...
10.03.2024 19:41:51 [Information] [RoadWorksProgramsApiController/Get] Getting all the road works programs...
10.03.2024 19:41:51 [Information] [RoadWorksProgramsApiController/Get] All road works programs have been successfully received.
10.03.2024 19:41:51 [Information] [RoadWorksProgramsController/Read/3/2022] The road works program for 2022 was successfully read.
10.03.2024 19:41:51 [Information] [RoadWorksProgramsController] Navigating to the page "Read Road Works Program For 2022".
10.03.2024 19:41:55 [Information] [RoadWorksProgramsController/Read/3/2021] Reading the road works program for 2021...
10.03.2024 19:41:55 [Information] [RoadWorksProgramsApiController/Get] Getting all the road works programs...
10.03.2024 19:41:55 [Information] [RoadWorksProgramsApiController/Get] All road works programs have been successfully received.
10.03.2024 19:41:55 [Information] [RoadWorksProgramsController/Read/3/2021] The road works program for 2021 was successfully read.
10.03.2024 19:41:55 [Information] [RoadWorksProgramsController] Navigating to the page "Read Road Works Program For 2021".
10.03.2024 19:41:58 [Information] [RoadWorksProgramsController/Read/4/2021] Reading the road works program for 2021...
10.03.2024 19:41:58 [Information] [RoadWorksProgramsApiController/Get] Getting all the road works programs...
10.03.2024 19:41:58 [Information] [RoadWorksProgramsApiController/Get] All road works programs have been successfully received.
10.03.2024 19:41:58 [Information] [RoadWorksProgramsController/Read/4/2021] The road works program for 2021 was successfully read.
10.03.2024 19:41:58 [Information] [RoadWorksProgramsController] Navigating to the page "Read Road Works Program For 2021".
10.03.2024 19:42:01 [Information] [RoadWorksProgramsController/Delete/11] Deleting a road works program with Id 11...
10.03.2024 19:42:01 [Information] [RoadWorksProgramsApiController/Delete/11] Deleting a road works program with Id 11...
10.03.2024 19:42:01 [Information] [RoadWorksProgramsApiController/Delete/11] The road works program with Id 11 has been successfully deleted.
10.03.2024 19:42:01 [Information] [RoadWorksProgramsController/Delete/11] The road works program with Id 11 has been successfully deleted.
10.03.2024 19:42:01 [Information] [RoadWorksProgramsController/Read] Reading all road works programs...
10.03.2024 19:42:01 [Information] [RoadWorksProgramsApiController/Get] Getting all the road works programs...
10.03.2024 19:42:01 [Information] [RoadWorksProgramsApiController/Get] All road works programs have been successfully received.
10.03.2024 19:42:01 [Information] [RoadWorksProgramsController/Read] All road works programs have been successfully read.
10.03.2024 19:42:01 [Information] [RoadWorksProgramsController/Read] Reading all roads...
10.03.2024 19:42:01 [Information] [RoadsApiController/Get] Getting all the roads...
10.03.2024 19:42:01 [Information] [RoadsApiController/Get] All roads have been successfully received.
10.03.2024 19:42:01 [Information] [RoadWorksProgramsController/Read] All roads have been successfully read.
10.03.2024 19:42:01 [Information] [RoadWorksProgramsController] Navigating to the page "Read All Road Works Programs By Year".
10.03.2024 19:42:01 [Information] [RoadWorksProgramsController/Read/4/2022] Reading the road works program for 2022...
10.03.2024 19:42:01 [Information] [RoadWorksProgramsApiController/Get] Getting all the road works programs...
10.03.2024 19:42:01 [Information] [RoadWorksProgramsApiController/Get] All road works programs have been successfully received.
10.03.2024 19:42:01 [Information] [RoadWorksProgramsController/Read/4/2022] The road works program for 2022 was successfully read.
10.03.2024 19:42:01 [Information] [RoadWorksProgramsController] Navigating to the page "Read Road Works Program For 2022".
