07.01.2024 22:55:25 [Information] [RoadsController/Read] Reading all roads...
07.01.2024 22:55:25 [Information] [RoadsApiController/Get] Getting all the roads...
07.01.2024 22:55:26 [Information] [RoadsApiController/Get] All roads have been successfully received.
07.01.2024 22:55:26 [Information] [RoadsController/Read] All roads have been successfully read.
07.01.2024 22:55:26 [Information] [RoadsController] Navigating to the page "Read All Roads".
07.01.2024 22:55:28 [Information] [RoadsController/Update/23] Reading a road with Id 23...
07.01.2024 22:55:28 [Information] [RoadsApiController/Get/23] Getting a road with Id 23...
07.01.2024 22:55:28 [Information] [RoadsApiController/Get/23] The road with Id 23 was successfully received.
07.01.2024 22:55:28 [Information] [RoadsController/Update/23] The road with Id 23 was successfully read.
07.01.2024 22:55:28 [Information] [RoadsController] Navigating to the page "Update Road".
07.01.2024 22:55:38 [Information] [RoadsController/Delete/23] Reading a road with Id 23...
07.01.2024 22:55:38 [Information] [RoadsApiController/Get/23] Getting a road with Id 23...
07.01.2024 22:55:38 [Information] [RoadsApiController/Get/23] The road with Id 23 was successfully received.
07.01.2024 22:55:38 [Information] [RoadsController/Delete/23] The road with Id 23 was successfully read.
07.01.2024 22:55:38 [Information] [RoadsController] Navigating to the page "Delete Road".
07.01.2024 22:55:49 [Information] [RoadsController/Delete/23] Reading a road with Id 23...
07.01.2024 22:55:49 [Information] [RoadsApiController/Get/23] Getting a road with Id 23...
07.01.2024 22:55:49 [Information] [RoadsApiController/Get/23] The road with Id 23 was successfully received.
07.01.2024 22:55:49 [Information] [RoadsController/Delete/23] The road with Id 23 was successfully read.
07.01.2024 22:55:49 [Information] [RoadsController] Navigating to the page "Delete Road".
07.01.2024 22:56:06 [Information] [RoadsController/Delete/23] Reading a road with Id 23...
07.01.2024 22:56:06 [Information] [RoadsApiController/Get/23] Getting a road with Id 23...
07.01.2024 22:56:06 [Information] [RoadsApiController/Get/23] The road with Id 23 was successfully received.
07.01.2024 22:56:06 [Information] [RoadsController/Delete/23] The road with Id 23 was successfully read.
07.01.2024 22:56:06 [Information] [RoadsController] Navigating to the page "Delete Road".
