07.03.2024 17:10:20 [Information] [RoadWorksProgramsController/Read] Reading all road works programs...
07.03.2024 17:10:20 [Information] [RoadWorksProgramsApiController/Get] Getting all the road works programs...
07.03.2024 17:10:21 [Information] [RoadWorksProgramsApiController/Get] All road works programs have been successfully received.
07.03.2024 17:10:21 [Information] [RoadWorksProgramsController/Read] All road works programs have been successfully read.
07.03.2024 17:10:21 [Information] [RoadWorksProgramsController/Read] Reading all roads...
07.03.2024 17:10:21 [Information] [RoadsApiController/Get] Getting all the roads...
07.03.2024 17:10:21 [Information] [RoadsApiController/Get] All roads have been successfully received.
07.03.2024 17:10:21 [Information] [RoadWorksProgramsController/Read] All roads have been successfully read.
07.03.2024 17:10:21 [Information] [RoadWorksProgramsController] Navigating to the page "Read All Road Works Programs By Year".
07.03.2024 17:10:23 [Information] [RoadWorksProgramsController/Create] Reading all roads...
07.03.2024 17:10:23 [Information] [RoadsApiController/Get] Getting all the roads...
07.03.2024 17:10:23 [Information] [RoadsApiController/Get] All roads have been successfully received.
07.03.2024 17:10:23 [Information] [RoadWorksProgramsController/Create] All roads have been successfully read.
07.03.2024 17:10:23 [Information] [RoadWorksProgramsController/Create] Reading all estimates...
07.03.2024 17:10:23 [Information] [EstimatesApiController/Get] Getting all the estimates...
07.03.2024 17:10:23 [Information] [EstimatesApiController/Get] All estimates have been successfully received.
07.03.2024 17:10:23 [Information] [RoadWorksProgramsController/Create] All estimates have been successfully read.
07.03.2024 17:10:23 [Information] [RoadWorksProgramsController] Navigating to the page "Create Road Works Program".
07.03.2024 17:11:12 [Information] [RoadWorksProgramsController/Create] Reading all roads...
07.03.2024 17:11:12 [Information] [RoadsApiController/Get] Getting all the roads...
07.03.2024 17:11:12 [Information] [RoadsApiController/Get] All roads have been successfully received.
07.03.2024 17:11:12 [Information] [RoadWorksProgramsController/Create] All roads have been successfully read.
07.03.2024 17:11:12 [Information] [RoadWorksProgramsController/Create] Reading all estimates...
07.03.2024 17:11:12 [Information] [EstimatesApiController/Get] Getting all the estimates...
07.03.2024 17:11:12 [Information] [EstimatesApiController/Get] All estimates have been successfully received.
07.03.2024 17:11:12 [Information] [RoadWorksProgramsController/Create] All estimates have been successfully read.
07.03.2024 17:11:12 [Information] [RoadWorksProgramsController] Navigating to the page "Create Road Works Program".
