10.01.2024 1:30:43 [Information] [EstimatesController/Read] Reading all estimates...
10.01.2024 1:30:43 [Information] [EstimatesApiController/Get] Getting all the estimates...
10.01.2024 1:30:43 [Information] [EstimatesApiController/Get] All estimates have been successfully received.
10.01.2024 1:30:43 [Information] [EstimatesController/Read] All estimates have been successfully read.
10.01.2024 1:30:43 [Information] [EstimatesController/Read] Reading all roads...
10.01.2024 1:30:43 [Information] [RoadsApiController/Get] Getting all the roads...
10.01.2024 1:30:43 [Information] [RoadsApiController/Get] All roads have been successfully received.
10.01.2024 1:30:43 [Information] [EstimatesController/Read] All roads have been successfully read.
10.01.2024 1:30:43 [Information] [EstimatesController] Navigating to the page "Read All Estimates".
10.01.2024 1:30:45 [Information] [EstimatesController/Read/407] Reading a estimate with Id 407...
10.01.2024 1:30:45 [Information] [EstimatesApiController/Get/407] Getting a estimate with Id 407...
10.01.2024 1:30:45 [Information] [EstimatesApiController/Get/407] The estimate with Id 407 was successfully received.
10.01.2024 1:30:45 [Information] [EstimatesController/Read/407] The estimate with Id 407 was successfully read.
10.01.2024 1:30:45 [Information] [EstimatesController] Navigating to the page "Read Estimate By Id".
10.01.2024 1:30:46 [Information] [EstimatesController/Update/407] Reading a estimate with Id 407...
10.01.2024 1:30:46 [Information] [EstimatesApiController/Get/407] Getting a estimate with Id 407...
10.01.2024 1:30:46 [Information] [EstimatesApiController/Get/407] The estimate with Id 407 was successfully received.
10.01.2024 1:30:46 [Information] [EstimatesController/Update/407] The estimate with Id 407 was successfully read.
10.01.2024 1:30:46 [Information] [EstimatesController/Update/407] Reading all roads...
10.01.2024 1:30:46 [Information] [RoadsApiController/Get] Getting all the roads...
10.01.2024 1:30:46 [Information] [RoadsApiController/Get] All roads have been successfully received.
10.01.2024 1:30:46 [Information] [EstimatesController/Update/407] All roads have been successfully read.
10.01.2024 1:30:46 [Information] [EstimatesController] Navigating to the page "Update Estimate".
10.01.2024 1:30:49 [Information] [EstimatesController/Update] Updating the estimate with Id 407...
10.01.2024 1:30:49 [Information] [EstimatesApiController/Put/407] Updating the estimate with Id 407...
10.01.2024 1:30:50 [Information] [EstimatesApiController/Put/407] The estimate with Id 407 has been successfully updated.
10.01.2024 1:30:50 [Information] [EstimatesController/Update] The estimate with Id 407 has been successfully updated.
10.01.2024 1:30:52 [Information] [EstimatesController/Update/407] Reading a estimate with Id 407...
10.01.2024 1:30:52 [Information] [EstimatesApiController/Get/407] Getting a estimate with Id 407...
10.01.2024 1:30:52 [Information] [EstimatesApiController/Get/407] The estimate with Id 407 was successfully received.
10.01.2024 1:30:52 [Information] [EstimatesController/Update/407] The estimate with Id 407 was successfully read.
10.01.2024 1:30:52 [Information] [EstimatesController/Update/407] Reading all roads...
10.01.2024 1:30:52 [Information] [RoadsApiController/Get] Getting all the roads...
10.01.2024 1:30:52 [Information] [RoadsApiController/Get] All roads have been successfully received.
10.01.2024 1:30:52 [Information] [EstimatesController/Update/407] All roads have been successfully read.
10.01.2024 1:30:52 [Information] [EstimatesController] Navigating to the page "Update Estimate".
10.01.2024 1:30:55 [Information] [EstimatesController/Update] Updating the estimate with Id 407...
10.01.2024 1:30:55 [Information] [EstimatesApiController/Put/407] Updating the estimate with Id 407...
10.01.2024 1:30:55 [Information] [EstimatesApiController/Put/407] The estimate with Id 407 has been successfully updated.
10.01.2024 1:30:55 [Information] [EstimatesController/Update] The estimate with Id 407 has been successfully updated.
10.01.2024 1:30:57 [Information] [EstimatesController/Delete] Deleting a estimate with Id 407...
10.01.2024 1:30:57 [Information] [EstimatesApiController/Delete/407] Deleting a estimate with Id 407...
10.01.2024 1:30:57 [Information] [EstimatesApiController/Delete/407] The estimate with Id 407 has been successfully deleted.
10.01.2024 1:30:57 [Information] [EstimatesController/Delete] The estimate with Id 407 has been successfully deleted.
10.01.2024 1:30:57 [Information] [EstimatesController/Read] Reading all estimates...
10.01.2024 1:30:57 [Information] [EstimatesApiController/Get] Getting all the estimates...
10.01.2024 1:30:58 [Information] [EstimatesApiController/Get] All estimates have been successfully received.
10.01.2024 1:30:58 [Information] [EstimatesController/Read] All estimates have been successfully read.
10.01.2024 1:30:58 [Information] [EstimatesController/Read] Reading all roads...
10.01.2024 1:30:58 [Information] [RoadsApiController/Get] Getting all the roads...
10.01.2024 1:30:58 [Information] [RoadsApiController/Get] All roads have been successfully received.
10.01.2024 1:30:58 [Information] [EstimatesController/Read] All roads have been successfully read.
10.01.2024 1:30:58 [Information] [EstimatesController] Navigating to the page "Read All Estimates".
10.01.2024 1:30:59 [Information] [RoadsController/Read] Reading all roads...
10.01.2024 1:30:59 [Information] [RoadsApiController/Get] Getting all the roads...
10.01.2024 1:30:59 [Information] [RoadsApiController/Get] All roads have been successfully received.
10.01.2024 1:30:59 [Information] [RoadsController/Read] All roads have been successfully read.
10.01.2024 1:30:59 [Information] [RoadsController] Navigating to the page "Read All Roads".
