07.03.2024 20:25:09 [Information] [RoadWorksProgramsController/Read] Reading all road works programs...
07.03.2024 20:25:09 [Information] [RoadWorksProgramsApiController/Get] Getting all the road works programs...
07.03.2024 20:25:10 [Information] [RoadWorksProgramsApiController/Get] All road works programs have been successfully received.
07.03.2024 20:25:10 [Information] [RoadWorksProgramsController/Read] All road works programs have been successfully read.
07.03.2024 20:25:10 [Information] [RoadWorksProgramsController/Read] Reading all roads...
07.03.2024 20:25:10 [Information] [RoadsApiController/Get] Getting all the roads...
07.03.2024 20:25:10 [Information] [RoadsApiController/Get] All roads have been successfully received.
07.03.2024 20:25:10 [Information] [RoadWorksProgramsController/Read] All roads have been successfully read.
07.03.2024 20:25:10 [Information] [RoadWorksProgramsController] Navigating to the page "Read All Road Works Programs By Year".
07.03.2024 20:25:12 [Information] [RoadWorksProgramsController/Create] Reading all roads...
07.03.2024 20:25:12 [Information] [RoadsApiController/Get] Getting all the roads...
07.03.2024 20:25:12 [Information] [RoadsApiController/Get] All roads have been successfully received.
07.03.2024 20:25:12 [Information] [RoadWorksProgramsController/Create] All roads have been successfully read.
07.03.2024 20:25:12 [Information] [RoadWorksProgramsController/Create] Reading all estimates...
07.03.2024 20:25:12 [Information] [EstimatesApiController/Get] Getting all the estimates...
07.03.2024 20:25:13 [Information] [EstimatesApiController/Get] All estimates have been successfully received.
07.03.2024 20:25:13 [Information] [RoadWorksProgramsController/Create] All estimates have been successfully read.
07.03.2024 20:25:13 [Information] [RoadWorksProgramsController] Navigating to the page "Create Road Works Program".
07.03.2024 20:28:10 [Information] [RoadWorksProgramsController/Create] Reading all roads...
07.03.2024 20:28:10 [Information] [RoadsApiController/Get] Getting all the roads...
07.03.2024 20:28:10 [Information] [RoadsApiController/Get] All roads have been successfully received.
07.03.2024 20:28:10 [Information] [RoadWorksProgramsController/Create] All roads have been successfully read.
07.03.2024 20:28:10 [Information] [RoadWorksProgramsController/Create] Reading all estimates...
07.03.2024 20:28:10 [Information] [EstimatesApiController/Get] Getting all the estimates...
07.03.2024 20:28:10 [Information] [EstimatesApiController/Get] All estimates have been successfully received.
07.03.2024 20:28:10 [Information] [RoadWorksProgramsController/Create] All estimates have been successfully read.
07.03.2024 20:28:10 [Information] [RoadWorksProgramsController] Navigating to the page "Create Road Works Program".
07.03.2024 20:31:32 [Information] [RoadWorksProgramsController/Create] Reading all roads...
07.03.2024 20:31:32 [Information] [RoadsApiController/Get] Getting all the roads...
07.03.2024 20:31:32 [Information] [RoadsApiController/Get] All roads have been successfully received.
07.03.2024 20:31:32 [Information] [RoadWorksProgramsController/Create] All roads have been successfully read.
07.03.2024 20:31:32 [Information] [RoadWorksProgramsController/Create] Reading all estimates...
07.03.2024 20:31:32 [Information] [EstimatesApiController/Get] Getting all the estimates...
07.03.2024 20:31:33 [Information] [EstimatesApiController/Get] All estimates have been successfully received.
07.03.2024 20:31:33 [Information] [RoadWorksProgramsController/Create] All estimates have been successfully read.
07.03.2024 20:31:33 [Information] [RoadWorksProgramsController] Navigating to the page "Create Road Works Program".
07.03.2024 20:39:17 [Information] [RoadWorksProgramsController/Create] Reading all roads...
07.03.2024 20:39:17 [Information] [RoadsApiController/Get] Getting all the roads...
07.03.2024 20:39:17 [Information] [RoadsApiController/Get] All roads have been successfully received.
07.03.2024 20:39:17 [Information] [RoadWorksProgramsController/Create] All roads have been successfully read.
07.03.2024 20:39:17 [Information] [RoadWorksProgramsController/Create] Reading all estimates...
07.03.2024 20:39:17 [Information] [EstimatesApiController/Get] Getting all the estimates...
07.03.2024 20:39:18 [Information] [EstimatesApiController/Get] All estimates have been successfully received.
07.03.2024 20:39:18 [Information] [RoadWorksProgramsController/Create] All estimates have been successfully read.
07.03.2024 20:39:18 [Error] [RoadWorksProgramsController] Error when navigating to the page "Create Road Works Program": Attempted to access a missing method.
07.03.2024 20:39:32 [Information] [RoadWorksProgramsController/Create] Reading all roads...
07.03.2024 20:39:32 [Information] [RoadsApiController/Get] Getting all the roads...
07.03.2024 20:39:32 [Information] [RoadsApiController/Get] All roads have been successfully received.
07.03.2024 20:39:32 [Information] [RoadWorksProgramsController/Create] All roads have been successfully read.
07.03.2024 20:39:32 [Information] [RoadWorksProgramsController/Create] Reading all estimates...
07.03.2024 20:39:32 [Information] [EstimatesApiController/Get] Getting all the estimates...
07.03.2024 20:39:32 [Information] [EstimatesApiController/Get] All estimates have been successfully received.
07.03.2024 20:39:32 [Information] [RoadWorksProgramsController/Create] All estimates have been successfully read.
07.03.2024 20:39:33 [Error] [RoadWorksProgramsController] Error when navigating to the page "Create Road Works Program": Attempted to access a missing method.
