07.01.2024 23:02:15 [Information] [RoadsController/Read] Reading all roads...
07.01.2024 23:02:15 [Information] [RoadsApiController/Get] Getting all the roads...
07.01.2024 23:02:15 [Information] [RoadsApiController/Get] All roads have been successfully received.
07.01.2024 23:02:16 [Information] [RoadsController/Read] All roads have been successfully read.
07.01.2024 23:02:16 [Information] [RoadsController] Navigating to the page "Read All Roads".
07.01.2024 23:02:18 [Information] [RoadsController] Navigating to the page "Create Road".
07.01.2024 23:02:27 [Information] [RoadsController/Delete/23] Reading a road with Id 23...
07.01.2024 23:02:27 [Information] [RoadsApiController/Get/23] Getting a road with Id 23...
07.01.2024 23:02:28 [Information] [RoadsApiController/Get/23] The road with Id 23 was successfully received.
07.01.2024 23:02:28 [Information] [RoadsController/Delete/23] The road with Id 23 was successfully read.
07.01.2024 23:02:28 [Information] [RoadsController] Navigating to the page "Delete Road".
07.01.2024 23:02:30 [Information] [RoadsController/Delete] Deleting a road with Id 0...
07.01.2024 23:02:30 [Information] [RoadsApiController/Delete/0] Deleting a road with Id 0...
07.01.2024 23:02:30 [Warning] [RoadsApiController/Delete/0] The road with Id 0 was not found.
07.01.2024 23:02:30 [Warning] [RoadsController/Delete] Error on the API side of the controller
07.01.2024 23:02:32 [Information] [RoadsController/Delete/23] Reading a road with Id 23...
07.01.2024 23:02:32 [Information] [RoadsApiController/Get/23] Getting a road with Id 23...
07.01.2024 23:02:33 [Information] [RoadsApiController/Get/23] The road with Id 23 was successfully received.
07.01.2024 23:02:33 [Information] [RoadsController/Delete/23] The road with Id 23 was successfully read.
07.01.2024 23:02:33 [Information] [RoadsController] Navigating to the page "Delete Road".
