29.02.2024 16:39:30 [Information] [HomeController/Planning] Planning...
29.02.2024 16:39:30 [Information] [HomeApiController/Get/Plans] Getting plans...
29.02.2024 16:39:30 [Information] [TechnicalConditionsOfRoadsAnalysisModule/GetInitialTechnicalConditionsOfRoads] Reading all technical conditions of roads...
29.02.2024 16:39:30 [Information] [TechnicalConditionsOfRoadsApiController/Get] Getting all the technical conditions of roads...
29.02.2024 16:39:33 [Information] [TechnicalConditionsOfRoadsApiController/Get] All technical conditions of roads have been successfully received.
29.02.2024 16:39:33 [Information] [TechnicalConditionsOfRoadsAnalysisModule/GetInitialTechnicalConditionsOfRoads] All technical conditions of roads have been successfully read.
29.02.2024 16:39:33 [Information] [TechnicalConditionsOfRoadsAnalysisModule/GetInitialTechnicalConditionsOfRoads] Getting all initial technical conditions of roads...
29.02.2024 16:39:33 [Information] [TechnicalConditionsOfRoadsAnalysisModule/GetInitialTechnicalConditionsOfRoads] All initial technical conditions of roads have been successfully received.
29.02.2024 16:39:33 [Information] [FinancialModule/CalculateBudget] Сalculating the budget...
29.02.2024 16:39:33 [Information] [FinancialModule/CalculateBudget] The budget has been calculated successfully.
29.02.2024 16:39:33 [Information] [DataAnalysisModule/PredictTechnicalConditionsOfRoads] Reading all technical conditions of roads...
29.02.2024 16:39:33 [Information] [TechnicalConditionsOfRoadsApiController/Get] Getting all the technical conditions of roads...
29.02.2024 16:39:35 [Information] [TechnicalConditionsOfRoadsApiController/Get] All technical conditions of roads have been successfully received.
29.02.2024 16:39:35 [Information] [DataAnalysisModule/PredictTechnicalConditionsOfRoads] All technical conditions of roads have been successfully read.
29.02.2024 16:39:35 [Information] [DataAnalysisModule/PredictTechnicalConditionsOfRoads] Predicting the technical conditions of roads...
29.02.2024 16:39:35 [Information] [DataAnalysisModule/ExecutePythonScript] Executing a Python script...
29.02.2024 16:39:44 [Information] [DataAnalysisModule/ExecutePythonScript] The Python script has been successfully executed.
29.02.2024 16:39:44 [Information] [DataAnalysisModule/PredictTechnicalConditionsOfRoads] Technical conditions of roads have been successfully predicted.
29.02.2024 16:39:44 [Information] [TechnicalConditionsOfRoadsAnalysisModule/CalculateChangesTechnicalConditionsOfRoads] Calculating technical conditions of roads...
29.02.2024 16:39:44 [Information] [TechnicalConditionsOfRoadsAnalysisModule/CalculateChangesTechnicalConditionsOfRoads] The technical conditions of roads have been successfully calculated.
29.02.2024 16:39:44 [Information] [EstimatesAnalysisModule/GetOptimalEstimates] Reading all estimates...
29.02.2024 16:39:44 [Information] [EstimatesApiController/Get] Getting all the estimates...
29.02.2024 16:39:44 [Information] [EstimatesApiController/Get] All estimates have been successfully received.
29.02.2024 16:39:44 [Information] [EstimatesAnalysisModule/GetOptimalEstimates] All estimates have been successfully read.
29.02.2024 16:39:44 [Information] [EstimatesAnalysisModule/GetOptimalEstimates] Reading all roads...
29.02.2024 16:39:44 [Information] [RoadsApiController/Get] Getting all the roads...
29.02.2024 16:39:44 [Information] [RoadsApiController/Get] All roads have been successfully received.
29.02.2024 16:39:44 [Information] [EstimatesAnalysisModule/GetOptimalEstimates] All roads have been successfully read.
29.02.2024 16:39:44 [Information] [EstimatesAnalysisModule/GetOptimalEstimates] Getting optimal estimates...
29.02.2024 16:39:44 [Information] [EstimatesAnalysisModule/GetOptimalEstimatesForOneRoad] Getting optimal estimates for one road...
29.02.2024 16:39:44 [Information] [EstimatesAnalysisModule/GetCombinationsOfLevelsOfWorks] Getting all the combinations of levels of works...
29.02.2024 16:39:44 [Information] [EstimatesAnalysisModule/GetCombinationsOfLevelsOfWorks] All combinations of levels of works have been successfully received.
29.02.2024 16:39:44 [Information] [EstimatesAnalysisModule/GetOptimalEstimatesForOneRoad] Optimal estimates for one road have been successfully received.
29.02.2024 16:39:44 [Information] [EstimatesAnalysisModule/GetOptimalEstimatesForOneRoad] Getting optimal estimates for one road...
29.02.2024 16:39:44 [Information] [EstimatesAnalysisModule/GetCombinationsOfLevelsOfWorks] Getting all the combinations of levels of works...
29.02.2024 16:39:44 [Information] [EstimatesAnalysisModule/GetCombinationsOfLevelsOfWorks] All combinations of levels of works have been successfully received.
29.02.2024 16:39:44 [Information] [EstimatesAnalysisModule/GetOptimalEstimatesForOneRoad] Optimal estimates for one road have been successfully received.
29.02.2024 16:39:44 [Information] [EstimatesAnalysisModule/GetOptimalEstimatesForOneRoad] Getting optimal estimates for one road...
29.02.2024 16:39:44 [Information] [EstimatesAnalysisModule/GetCombinationsOfLevelsOfWorks] Getting all the combinations of levels of works...
29.02.2024 16:39:44 [Information] [EstimatesAnalysisModule/GetCombinationsOfLevelsOfWorks] All combinations of levels of works have been successfully received.
29.02.2024 16:39:44 [Information] [EstimatesAnalysisModule/GetOptimalEstimatesForOneRoad] Optimal estimates for one road have been successfully received.
29.02.2024 16:39:44 [Information] [EstimatesAnalysisModule/GetOptimalEstimatesForOneRoad] Getting optimal estimates for one road...
29.02.2024 16:39:44 [Information] [EstimatesAnalysisModule/GetCombinationsOfLevelsOfWorks] Getting all the combinations of levels of works...
29.02.2024 16:39:44 [Information] [EstimatesAnalysisModule/GetCombinationsOfLevelsOfWorks] All combinations of levels of works have been successfully received.
29.02.2024 16:39:44 [Information] [EstimatesAnalysisModule/GetOptimalEstimatesForOneRoad] Optimal estimates for one road have been successfully received.
29.02.2024 16:39:44 [Information] [EstimatesAnalysisModule/GetOptimalEstimatesForOneRoad] Getting optimal estimates for one road...
29.02.2024 16:39:44 [Information] [EstimatesAnalysisModule/GetCombinationsOfLevelsOfWorks] Getting all the combinations of levels of works...
29.02.2024 16:39:44 [Information] [EstimatesAnalysisModule/GetCombinationsOfLevelsOfWorks] All combinations of levels of works have been successfully received.
29.02.2024 16:39:44 [Information] [EstimatesAnalysisModule/GetOptimalEstimatesForOneRoad] Optimal estimates for one road have been successfully received.
29.02.2024 16:39:44 [Information] [EstimatesAnalysisModule/GetOptimalEstimatesForOneRoad] Getting optimal estimates for one road...
29.02.2024 16:39:44 [Information] [EstimatesAnalysisModule/GetCombinationsOfLevelsOfWorks] Getting all the combinations of levels of works...
29.02.2024 16:39:44 [Information] [EstimatesAnalysisModule/GetCombinationsOfLevelsOfWorks] All combinations of levels of works have been successfully received.
29.02.2024 16:39:44 [Information] [EstimatesAnalysisModule/GetOptimalEstimatesForOneRoad] Optimal estimates for one road have been successfully received.
29.02.2024 16:39:44 [Information] [EstimatesAnalysisModule/GetOptimalEstimatesForOneRoad] Getting optimal estimates for one road...
29.02.2024 16:39:44 [Information] [EstimatesAnalysisModule/GetCombinationsOfLevelsOfWorks] Getting all the combinations of levels of works...
29.02.2024 16:39:44 [Information] [EstimatesAnalysisModule/GetCombinationsOfLevelsOfWorks] All combinations of levels of works have been successfully received.
29.02.2024 16:39:44 [Information] [EstimatesAnalysisModule/GetOptimalEstimatesForOneRoad] Optimal estimates for one road have been successfully received.
29.02.2024 16:39:44 [Information] [EstimatesAnalysisModule/GetOptimalEstimatesForOneRoad] Getting optimal estimates for one road...
29.02.2024 16:39:44 [Information] [EstimatesAnalysisModule/GetCombinationsOfLevelsOfWorks] Getting all the combinations of levels of works...
29.02.2024 16:39:45 [Information] [EstimatesAnalysisModule/GetCombinationsOfLevelsOfWorks] All combinations of levels of works have been successfully received.
29.02.2024 16:39:45 [Information] [EstimatesAnalysisModule/GetOptimalEstimatesForOneRoad] Optimal estimates for one road have been successfully received.
29.02.2024 16:39:45 [Information] [EstimatesAnalysisModule/GetOptimalEstimatesForOneRoad] Getting optimal estimates for one road...
29.02.2024 16:39:45 [Information] [EstimatesAnalysisModule/GetCombinationsOfLevelsOfWorks] Getting all the combinations of levels of works...
29.02.2024 16:39:45 [Information] [EstimatesAnalysisModule/GetCombinationsOfLevelsOfWorks] All combinations of levels of works have been successfully received.
29.02.2024 16:39:45 [Information] [EstimatesAnalysisModule/GetOptimalEstimatesForOneRoad] Optimal estimates for one road have been successfully received.
29.02.2024 16:39:45 [Information] [EstimatesAnalysisModule/GetOptimalEstimatesForOneRoad] Getting optimal estimates for one road...
29.02.2024 16:39:45 [Information] [EstimatesAnalysisModule/GetCombinationsOfLevelsOfWorks] Getting all the combinations of levels of works...
29.02.2024 16:39:45 [Information] [EstimatesAnalysisModule/GetCombinationsOfLevelsOfWorks] All combinations of levels of works have been successfully received.
29.02.2024 16:39:45 [Information] [EstimatesAnalysisModule/GetOptimalEstimatesForOneRoad] Optimal estimates for one road have been successfully received.
29.02.2024 16:39:45 [Information] [EstimatesAnalysisModule/GetOptimalEstimatesForOneRoad] Getting optimal estimates for one road...
29.02.2024 16:39:45 [Information] [EstimatesAnalysisModule/GetCombinationsOfLevelsOfWorks] Getting all the combinations of levels of works...
29.02.2024 16:39:45 [Information] [EstimatesAnalysisModule/GetCombinationsOfLevelsOfWorks] All combinations of levels of works have been successfully received.
29.02.2024 16:39:45 [Information] [EstimatesAnalysisModule/GetOptimalEstimatesForOneRoad] Optimal estimates for one road have been successfully received.
29.02.2024 16:39:45 [Information] [EstimatesAnalysisModule/GetOptimalEstimatesForOneRoad] Getting optimal estimates for one road...
29.02.2024 16:39:45 [Information] [EstimatesAnalysisModule/GetCombinationsOfLevelsOfWorks] Getting all the combinations of levels of works...
29.02.2024 16:39:45 [Information] [EstimatesAnalysisModule/GetCombinationsOfLevelsOfWorks] All combinations of levels of works have been successfully received.
29.02.2024 16:39:45 [Information] [EstimatesAnalysisModule/GetOptimalEstimatesForOneRoad] Optimal estimates for one road have been successfully received.
29.02.2024 16:39:45 [Information] [EstimatesAnalysisModule/GetOptimalEstimatesForOneRoad] Getting optimal estimates for one road...
29.02.2024 16:39:45 [Information] [EstimatesAnalysisModule/GetCombinationsOfLevelsOfWorks] Getting all the combinations of levels of works...
29.02.2024 16:39:45 [Information] [EstimatesAnalysisModule/GetCombinationsOfLevelsOfWorks] All combinations of levels of works have been successfully received.
29.02.2024 16:39:45 [Information] [EstimatesAnalysisModule/GetOptimalEstimatesForOneRoad] Optimal estimates for one road have been successfully received.
29.02.2024 16:39:45 [Information] [EstimatesAnalysisModule/GetOptimalEstimatesForOneRoad] Getting optimal estimates for one road...
29.02.2024 16:39:45 [Information] [EstimatesAnalysisModule/GetCombinationsOfLevelsOfWorks] Getting all the combinations of levels of works...
29.02.2024 16:39:45 [Information] [EstimatesAnalysisModule/GetCombinationsOfLevelsOfWorks] All combinations of levels of works have been successfully received.
29.02.2024 16:39:45 [Information] [EstimatesAnalysisModule/GetOptimalEstimatesForOneRoad] Optimal estimates for one road have been successfully received.
29.02.2024 16:39:45 [Information] [EstimatesAnalysisModule/GetOptimalEstimatesForOneRoad] Getting optimal estimates for one road...
29.02.2024 16:39:45 [Information] [EstimatesAnalysisModule/GetCombinationsOfLevelsOfWorks] Getting all the combinations of levels of works...
29.02.2024 16:39:45 [Information] [EstimatesAnalysisModule/GetCombinationsOfLevelsOfWorks] All combinations of levels of works have been successfully received.
29.02.2024 16:39:45 [Information] [EstimatesAnalysisModule/GetOptimalEstimatesForOneRoad] Optimal estimates for one road have been successfully received.
29.02.2024 16:39:45 [Information] [EstimatesAnalysisModule/GetOptimalEstimatesForOneRoad] Getting optimal estimates for one road...
29.02.2024 16:39:45 [Information] [EstimatesAnalysisModule/GetCombinationsOfLevelsOfWorks] Getting all the combinations of levels of works...
29.02.2024 16:39:45 [Information] [EstimatesAnalysisModule/GetCombinationsOfLevelsOfWorks] All combinations of levels of works have been successfully received.
29.02.2024 16:39:45 [Information] [EstimatesAnalysisModule/GetOptimalEstimatesForOneRoad] Optimal estimates for one road have been successfully received.
29.02.2024 16:39:45 [Information] [EstimatesAnalysisModule/GetOptimalEstimatesForOneRoad] Getting optimal estimates for one road...
29.02.2024 16:39:45 [Information] [EstimatesAnalysisModule/GetCombinationsOfLevelsOfWorks] Getting all the combinations of levels of works...
29.02.2024 16:39:45 [Information] [EstimatesAnalysisModule/GetCombinationsOfLevelsOfWorks] All combinations of levels of works have been successfully received.
29.02.2024 16:39:45 [Information] [EstimatesAnalysisModule/GetOptimalEstimatesForOneRoad] Optimal estimates for one road have been successfully received.
29.02.2024 16:39:45 [Information] [EstimatesAnalysisModule/GetOptimalEstimatesForOneRoad] Getting optimal estimates for one road...
29.02.2024 16:39:45 [Information] [EstimatesAnalysisModule/GetCombinationsOfLevelsOfWorks] Getting all the combinations of levels of works...
29.02.2024 16:39:45 [Information] [EstimatesAnalysisModule/GetCombinationsOfLevelsOfWorks] All combinations of levels of works have been successfully received.
29.02.2024 16:39:45 [Information] [EstimatesAnalysisModule/GetOptimalEstimatesForOneRoad] Optimal estimates for one road have been successfully received.
29.02.2024 16:39:45 [Information] [EstimatesAnalysisModule/GetOptimalEstimatesForOneRoad] Getting optimal estimates for one road...
29.02.2024 16:39:45 [Information] [EstimatesAnalysisModule/GetCombinationsOfLevelsOfWorks] Getting all the combinations of levels of works...
29.02.2024 16:39:45 [Information] [EstimatesAnalysisModule/GetCombinationsOfLevelsOfWorks] All combinations of levels of works have been successfully received.
29.02.2024 16:39:45 [Information] [EstimatesAnalysisModule/GetOptimalEstimatesForOneRoad] Optimal estimates for one road have been successfully received.
29.02.2024 16:39:45 [Information] [EstimatesAnalysisModule/GetOptimalEstimatesForOneRoad] Getting optimal estimates for one road...
29.02.2024 16:39:45 [Information] [EstimatesAnalysisModule/GetCombinationsOfLevelsOfWorks] Getting all the combinations of levels of works...
29.02.2024 16:39:45 [Information] [EstimatesAnalysisModule/GetCombinationsOfLevelsOfWorks] All combinations of levels of works have been successfully received.
29.02.2024 16:39:45 [Information] [EstimatesAnalysisModule/GetOptimalEstimatesForOneRoad] Optimal estimates for one road have been successfully received.
29.02.2024 16:39:45 [Information] [EstimatesAnalysisModule/GetOptimalEstimates] Optimal estimates have been successfully received.
29.02.2024 16:39:45 [Information] [FinancialModule/CalculateCostOfOptimalEstimates] The cost of optimal estimates has been calculated successfully.
29.02.2024 16:39:49 [Information] [TechnicalConditionsOfRoadsAnalysisModule/CreateTechnicalConditionsOfRoads] Creating new technical conditions of roads...
29.02.2024 16:39:49 [Information] [TechnicalConditionsOfRoadsApiController/Post] Creating a new technical condition of road...
29.02.2024 16:39:50 [Information] [TechnicalConditionsOfRoadsApiController/Post] A new technical condition of road with Id 3601 has been successfully created.
29.02.2024 16:39:50 [Information] [TechnicalConditionsOfRoadsApiController/Post] Creating a new technical condition of road...
29.02.2024 16:39:50 [Information] [TechnicalConditionsOfRoadsApiController/Post] A new technical condition of road with Id 3602 has been successfully created.
29.02.2024 16:39:50 [Information] [TechnicalConditionsOfRoadsApiController/Post] Creating a new technical condition of road...
29.02.2024 16:39:50 [Information] [TechnicalConditionsOfRoadsApiController/Post] A new technical condition of road with Id 3603 has been successfully created.
29.02.2024 16:39:50 [Information] [TechnicalConditionsOfRoadsApiController/Post] Creating a new technical condition of road...
29.02.2024 16:39:50 [Information] [TechnicalConditionsOfRoadsApiController/Post] A new technical condition of road with Id 3604 has been successfully created.
29.02.2024 16:39:50 [Information] [TechnicalConditionsOfRoadsApiController/Post] Creating a new technical condition of road...
29.02.2024 16:39:50 [Information] [TechnicalConditionsOfRoadsApiController/Post] A new technical condition of road with Id 3605 has been successfully created.
29.02.2024 16:39:50 [Information] [TechnicalConditionsOfRoadsApiController/Post] Creating a new technical condition of road...
29.02.2024 16:39:50 [Information] [TechnicalConditionsOfRoadsApiController/Post] A new technical condition of road with Id 3606 has been successfully created.
29.02.2024 16:39:50 [Information] [TechnicalConditionsOfRoadsApiController/Post] Creating a new technical condition of road...
29.02.2024 16:39:50 [Information] [TechnicalConditionsOfRoadsApiController/Post] A new technical condition of road with Id 3607 has been successfully created.
29.02.2024 16:39:50 [Information] [TechnicalConditionsOfRoadsApiController/Post] Creating a new technical condition of road...
29.02.2024 16:39:50 [Information] [TechnicalConditionsOfRoadsApiController/Post] A new technical condition of road with Id 3608 has been successfully created.
29.02.2024 16:39:50 [Information] [TechnicalConditionsOfRoadsApiController/Post] Creating a new technical condition of road...
29.02.2024 16:39:50 [Information] [TechnicalConditionsOfRoadsApiController/Post] A new technical condition of road with Id 3609 has been successfully created.
29.02.2024 16:39:50 [Information] [TechnicalConditionsOfRoadsApiController/Post] Creating a new technical condition of road...
29.02.2024 16:39:50 [Information] [TechnicalConditionsOfRoadsApiController/Post] A new technical condition of road with Id 3610 has been successfully created.
29.02.2024 16:39:50 [Information] [TechnicalConditionsOfRoadsApiController/Post] Creating a new technical condition of road...
29.02.2024 16:39:50 [Information] [TechnicalConditionsOfRoadsApiController/Post] A new technical condition of road with Id 3611 has been successfully created.
29.02.2024 16:39:50 [Information] [TechnicalConditionsOfRoadsApiController/Post] Creating a new technical condition of road...
29.02.2024 16:39:50 [Information] [TechnicalConditionsOfRoadsApiController/Post] A new technical condition of road with Id 3612 has been successfully created.
29.02.2024 16:39:50 [Information] [TechnicalConditionsOfRoadsApiController/Post] Creating a new technical condition of road...
29.02.2024 16:39:50 [Information] [TechnicalConditionsOfRoadsApiController/Post] A new technical condition of road with Id 3613 has been successfully created.
29.02.2024 16:39:50 [Information] [TechnicalConditionsOfRoadsApiController/Post] Creating a new technical condition of road...
29.02.2024 16:39:50 [Information] [TechnicalConditionsOfRoadsApiController/Post] A new technical condition of road with Id 3614 has been successfully created.
29.02.2024 16:39:50 [Information] [TechnicalConditionsOfRoadsApiController/Post] Creating a new technical condition of road...
29.02.2024 16:39:50 [Information] [TechnicalConditionsOfRoadsApiController/Post] A new technical condition of road with Id 3615 has been successfully created.
29.02.2024 16:39:50 [Information] [TechnicalConditionsOfRoadsApiController/Post] Creating a new technical condition of road...
29.02.2024 16:39:50 [Information] [TechnicalConditionsOfRoadsApiController/Post] A new technical condition of road with Id 3616 has been successfully created.
29.02.2024 16:39:50 [Information] [TechnicalConditionsOfRoadsApiController/Post] Creating a new technical condition of road...
29.02.2024 16:39:50 [Information] [TechnicalConditionsOfRoadsApiController/Post] A new technical condition of road with Id 3617 has been successfully created.
29.02.2024 16:39:50 [Information] [TechnicalConditionsOfRoadsApiController/Post] Creating a new technical condition of road...
29.02.2024 16:39:50 [Information] [TechnicalConditionsOfRoadsApiController/Post] A new technical condition of road with Id 3618 has been successfully created.
29.02.2024 16:39:50 [Information] [TechnicalConditionsOfRoadsApiController/Post] Creating a new technical condition of road...
29.02.2024 16:39:50 [Information] [TechnicalConditionsOfRoadsApiController/Post] A new technical condition of road with Id 3619 has been successfully created.
29.02.2024 16:39:50 [Information] [TechnicalConditionsOfRoadsApiController/Post] Creating a new technical condition of road...
29.02.2024 16:39:50 [Information] [TechnicalConditionsOfRoadsApiController/Post] A new technical condition of road with Id 3620 has been successfully created.
29.02.2024 16:39:50 [Information] [TechnicalConditionsOfRoadsAnalysisModule/CreateTechnicalConditionsOfRoads] New technical conditions of roads have been successfully created.
29.02.2024 16:39:50 [Information] [DataAnalysisModule/PredictTechnicalConditionsOfRoads] Reading all technical conditions of roads...
29.02.2024 16:39:50 [Information] [TechnicalConditionsOfRoadsApiController/Get] Getting all the technical conditions of roads...
29.02.2024 16:39:52 [Information] [TechnicalConditionsOfRoadsApiController/Get] All technical conditions of roads have been successfully received.
29.02.2024 16:39:52 [Information] [DataAnalysisModule/PredictTechnicalConditionsOfRoads] All technical conditions of roads have been successfully read.
29.02.2024 16:39:52 [Information] [DataAnalysisModule/PredictTechnicalConditionsOfRoads] Predicting the technical conditions of roads...
29.02.2024 16:39:52 [Information] [DataAnalysisModule/ExecutePythonScript] Executing a Python script...
29.02.2024 16:40:00 [Information] [DataAnalysisModule/ExecutePythonScript] The Python script has been successfully executed.
29.02.2024 16:40:00 [Information] [DataAnalysisModule/PredictTechnicalConditionsOfRoads] Technical conditions of roads have been successfully predicted.
29.02.2024 16:40:00 [Information] [TechnicalConditionsOfRoadsAnalysisModule/CalculateChangesTechnicalConditionsOfRoads] Calculating technical conditions of roads...
29.02.2024 16:40:00 [Information] [TechnicalConditionsOfRoadsAnalysisModule/CalculateChangesTechnicalConditionsOfRoads] The technical conditions of roads have been successfully calculated.
29.02.2024 16:40:00 [Information] [EstimatesAnalysisModule/GetOptimalEstimates] Reading all estimates...
29.02.2024 16:40:00 [Information] [EstimatesApiController/Get] Getting all the estimates...
29.02.2024 16:40:01 [Information] [EstimatesApiController/Get] All estimates have been successfully received.
29.02.2024 16:40:01 [Information] [EstimatesAnalysisModule/GetOptimalEstimates] All estimates have been successfully read.
29.02.2024 16:40:01 [Information] [EstimatesAnalysisModule/GetOptimalEstimates] Reading all roads...
29.02.2024 16:40:01 [Information] [RoadsApiController/Get] Getting all the roads...
29.02.2024 16:40:01 [Information] [RoadsApiController/Get] All roads have been successfully received.
29.02.2024 16:40:01 [Information] [EstimatesAnalysisModule/GetOptimalEstimates] All roads have been successfully read.
29.02.2024 16:40:01 [Information] [EstimatesAnalysisModule/GetOptimalEstimates] Getting optimal estimates...
29.02.2024 16:40:01 [Information] [EstimatesAnalysisModule/GetOptimalEstimatesForOneRoad] Getting optimal estimates for one road...
29.02.2024 16:40:01 [Information] [EstimatesAnalysisModule/GetCombinationsOfLevelsOfWorks] Getting all the combinations of levels of works...
29.02.2024 16:40:01 [Information] [EstimatesAnalysisModule/GetCombinationsOfLevelsOfWorks] All combinations of levels of works have been successfully received.
29.02.2024 16:40:01 [Information] [EstimatesAnalysisModule/GetOptimalEstimatesForOneRoad] Optimal estimates for one road have been successfully received.
29.02.2024 16:40:01 [Information] [EstimatesAnalysisModule/GetOptimalEstimatesForOneRoad] Getting optimal estimates for one road...
29.02.2024 16:40:01 [Information] [EstimatesAnalysisModule/GetCombinationsOfLevelsOfWorks] Getting all the combinations of levels of works...
29.02.2024 16:40:01 [Information] [EstimatesAnalysisModule/GetCombinationsOfLevelsOfWorks] All combinations of levels of works have been successfully received.
29.02.2024 16:40:01 [Information] [EstimatesAnalysisModule/GetOptimalEstimatesForOneRoad] Optimal estimates for one road have been successfully received.
29.02.2024 16:40:01 [Information] [EstimatesAnalysisModule/GetOptimalEstimatesForOneRoad] Getting optimal estimates for one road...
29.02.2024 16:40:01 [Information] [EstimatesAnalysisModule/GetCombinationsOfLevelsOfWorks] Getting all the combinations of levels of works...
29.02.2024 16:40:01 [Information] [EstimatesAnalysisModule/GetCombinationsOfLevelsOfWorks] All combinations of levels of works have been successfully received.
29.02.2024 16:40:01 [Information] [EstimatesAnalysisModule/GetOptimalEstimatesForOneRoad] Optimal estimates for one road have been successfully received.
29.02.2024 16:40:01 [Information] [EstimatesAnalysisModule/GetOptimalEstimatesForOneRoad] Getting optimal estimates for one road...
29.02.2024 16:40:01 [Information] [EstimatesAnalysisModule/GetCombinationsOfLevelsOfWorks] Getting all the combinations of levels of works...
29.02.2024 16:40:01 [Information] [EstimatesAnalysisModule/GetCombinationsOfLevelsOfWorks] All combinations of levels of works have been successfully received.
29.02.2024 16:40:01 [Information] [EstimatesAnalysisModule/GetOptimalEstimatesForOneRoad] Optimal estimates for one road have been successfully received.
29.02.2024 16:40:01 [Information] [EstimatesAnalysisModule/GetOptimalEstimatesForOneRoad] Getting optimal estimates for one road...
29.02.2024 16:40:01 [Information] [EstimatesAnalysisModule/GetCombinationsOfLevelsOfWorks] Getting all the combinations of levels of works...
29.02.2024 16:40:01 [Information] [EstimatesAnalysisModule/GetCombinationsOfLevelsOfWorks] All combinations of levels of works have been successfully received.
29.02.2024 16:40:01 [Information] [EstimatesAnalysisModule/GetOptimalEstimatesForOneRoad] Optimal estimates for one road have been successfully received.
29.02.2024 16:40:01 [Information] [EstimatesAnalysisModule/GetOptimalEstimatesForOneRoad] Getting optimal estimates for one road...
29.02.2024 16:40:01 [Information] [EstimatesAnalysisModule/GetCombinationsOfLevelsOfWorks] Getting all the combinations of levels of works...
29.02.2024 16:40:01 [Information] [EstimatesAnalysisModule/GetCombinationsOfLevelsOfWorks] All combinations of levels of works have been successfully received.
29.02.2024 16:40:01 [Information] [EstimatesAnalysisModule/GetOptimalEstimatesForOneRoad] Optimal estimates for one road have been successfully received.
29.02.2024 16:40:01 [Information] [EstimatesAnalysisModule/GetOptimalEstimatesForOneRoad] Getting optimal estimates for one road...
29.02.2024 16:40:01 [Information] [EstimatesAnalysisModule/GetCombinationsOfLevelsOfWorks] Getting all the combinations of levels of works...
29.02.2024 16:40:01 [Information] [EstimatesAnalysisModule/GetCombinationsOfLevelsOfWorks] All combinations of levels of works have been successfully received.
29.02.2024 16:40:01 [Information] [EstimatesAnalysisModule/GetOptimalEstimatesForOneRoad] Optimal estimates for one road have been successfully received.
29.02.2024 16:40:01 [Information] [EstimatesAnalysisModule/GetOptimalEstimatesForOneRoad] Getting optimal estimates for one road...
29.02.2024 16:40:01 [Information] [EstimatesAnalysisModule/GetCombinationsOfLevelsOfWorks] Getting all the combinations of levels of works...
29.02.2024 16:40:01 [Information] [EstimatesAnalysisModule/GetCombinationsOfLevelsOfWorks] All combinations of levels of works have been successfully received.
29.02.2024 16:40:01 [Information] [EstimatesAnalysisModule/GetOptimalEstimatesForOneRoad] Optimal estimates for one road have been successfully received.
29.02.2024 16:40:01 [Information] [EstimatesAnalysisModule/GetOptimalEstimatesForOneRoad] Getting optimal estimates for one road...
29.02.2024 16:40:01 [Information] [EstimatesAnalysisModule/GetCombinationsOfLevelsOfWorks] Getting all the combinations of levels of works...
29.02.2024 16:40:01 [Information] [EstimatesAnalysisModule/GetCombinationsOfLevelsOfWorks] All combinations of levels of works have been successfully received.
29.02.2024 16:40:01 [Information] [EstimatesAnalysisModule/GetOptimalEstimatesForOneRoad] Optimal estimates for one road have been successfully received.
29.02.2024 16:40:01 [Information] [EstimatesAnalysisModule/GetOptimalEstimatesForOneRoad] Getting optimal estimates for one road...
29.02.2024 16:40:01 [Information] [EstimatesAnalysisModule/GetCombinationsOfLevelsOfWorks] Getting all the combinations of levels of works...
29.02.2024 16:40:01 [Information] [EstimatesAnalysisModule/GetCombinationsOfLevelsOfWorks] All combinations of levels of works have been successfully received.
29.02.2024 16:40:01 [Information] [EstimatesAnalysisModule/GetOptimalEstimatesForOneRoad] Optimal estimates for one road have been successfully received.
29.02.2024 16:40:01 [Information] [EstimatesAnalysisModule/GetOptimalEstimatesForOneRoad] Getting optimal estimates for one road...
29.02.2024 16:40:01 [Information] [EstimatesAnalysisModule/GetCombinationsOfLevelsOfWorks] Getting all the combinations of levels of works...
29.02.2024 16:40:01 [Information] [EstimatesAnalysisModule/GetCombinationsOfLevelsOfWorks] All combinations of levels of works have been successfully received.
29.02.2024 16:40:01 [Information] [EstimatesAnalysisModule/GetOptimalEstimatesForOneRoad] Optimal estimates for one road have been successfully received.
29.02.2024 16:40:01 [Information] [EstimatesAnalysisModule/GetOptimalEstimatesForOneRoad] Getting optimal estimates for one road...
29.02.2024 16:40:01 [Information] [EstimatesAnalysisModule/GetCombinationsOfLevelsOfWorks] Getting all the combinations of levels of works...
29.02.2024 16:40:01 [Information] [EstimatesAnalysisModule/GetCombinationsOfLevelsOfWorks] All combinations of levels of works have been successfully received.
29.02.2024 16:40:01 [Information] [EstimatesAnalysisModule/GetOptimalEstimatesForOneRoad] Optimal estimates for one road have been successfully received.
29.02.2024 16:40:01 [Information] [EstimatesAnalysisModule/GetOptimalEstimatesForOneRoad] Getting optimal estimates for one road...
29.02.2024 16:40:01 [Information] [EstimatesAnalysisModule/GetCombinationsOfLevelsOfWorks] Getting all the combinations of levels of works...
29.02.2024 16:40:01 [Information] [EstimatesAnalysisModule/GetCombinationsOfLevelsOfWorks] All combinations of levels of works have been successfully received.
29.02.2024 16:40:01 [Information] [EstimatesAnalysisModule/GetOptimalEstimatesForOneRoad] Optimal estimates for one road have been successfully received.
29.02.2024 16:40:01 [Information] [EstimatesAnalysisModule/GetOptimalEstimatesForOneRoad] Getting optimal estimates for one road...
29.02.2024 16:40:01 [Information] [EstimatesAnalysisModule/GetCombinationsOfLevelsOfWorks] Getting all the combinations of levels of works...
29.02.2024 16:40:01 [Information] [EstimatesAnalysisModule/GetCombinationsOfLevelsOfWorks] All combinations of levels of works have been successfully received.
29.02.2024 16:40:01 [Information] [EstimatesAnalysisModule/GetOptimalEstimatesForOneRoad] Optimal estimates for one road have been successfully received.
29.02.2024 16:40:01 [Information] [EstimatesAnalysisModule/GetOptimalEstimatesForOneRoad] Getting optimal estimates for one road...
29.02.2024 16:40:01 [Information] [EstimatesAnalysisModule/GetCombinationsOfLevelsOfWorks] Getting all the combinations of levels of works...
29.02.2024 16:40:01 [Information] [EstimatesAnalysisModule/GetCombinationsOfLevelsOfWorks] All combinations of levels of works have been successfully received.
29.02.2024 16:40:01 [Information] [EstimatesAnalysisModule/GetOptimalEstimatesForOneRoad] Optimal estimates for one road have been successfully received.
29.02.2024 16:40:01 [Information] [EstimatesAnalysisModule/GetOptimalEstimatesForOneRoad] Getting optimal estimates for one road...
29.02.2024 16:40:01 [Information] [EstimatesAnalysisModule/GetCombinationsOfLevelsOfWorks] Getting all the combinations of levels of works...
29.02.2024 16:40:01 [Information] [EstimatesAnalysisModule/GetCombinationsOfLevelsOfWorks] All combinations of levels of works have been successfully received.
29.02.2024 16:40:01 [Information] [EstimatesAnalysisModule/GetOptimalEstimatesForOneRoad] Optimal estimates for one road have been successfully received.
29.02.2024 16:40:01 [Information] [EstimatesAnalysisModule/GetOptimalEstimatesForOneRoad] Getting optimal estimates for one road...
29.02.2024 16:40:01 [Information] [EstimatesAnalysisModule/GetCombinationsOfLevelsOfWorks] Getting all the combinations of levels of works...
29.02.2024 16:40:01 [Information] [EstimatesAnalysisModule/GetCombinationsOfLevelsOfWorks] All combinations of levels of works have been successfully received.
29.02.2024 16:40:01 [Information] [EstimatesAnalysisModule/GetOptimalEstimatesForOneRoad] Optimal estimates for one road have been successfully received.
29.02.2024 16:40:01 [Information] [EstimatesAnalysisModule/GetOptimalEstimatesForOneRoad] Getting optimal estimates for one road...
29.02.2024 16:40:01 [Information] [EstimatesAnalysisModule/GetCombinationsOfLevelsOfWorks] Getting all the combinations of levels of works...
29.02.2024 16:40:01 [Information] [EstimatesAnalysisModule/GetCombinationsOfLevelsOfWorks] All combinations of levels of works have been successfully received.
29.02.2024 16:40:01 [Information] [EstimatesAnalysisModule/GetOptimalEstimatesForOneRoad] Optimal estimates for one road have been successfully received.
29.02.2024 16:40:01 [Information] [EstimatesAnalysisModule/GetOptimalEstimatesForOneRoad] Getting optimal estimates for one road...
29.02.2024 16:40:01 [Information] [EstimatesAnalysisModule/GetCombinationsOfLevelsOfWorks] Getting all the combinations of levels of works...
29.02.2024 16:40:01 [Information] [EstimatesAnalysisModule/GetCombinationsOfLevelsOfWorks] All combinations of levels of works have been successfully received.
29.02.2024 16:40:01 [Information] [EstimatesAnalysisModule/GetOptimalEstimatesForOneRoad] Optimal estimates for one road have been successfully received.
29.02.2024 16:40:01 [Information] [EstimatesAnalysisModule/GetOptimalEstimatesForOneRoad] Getting optimal estimates for one road...
29.02.2024 16:40:01 [Information] [EstimatesAnalysisModule/GetCombinationsOfLevelsOfWorks] Getting all the combinations of levels of works...
29.02.2024 16:40:01 [Information] [EstimatesAnalysisModule/GetCombinationsOfLevelsOfWorks] All combinations of levels of works have been successfully received.
29.02.2024 16:40:01 [Information] [EstimatesAnalysisModule/GetOptimalEstimatesForOneRoad] Optimal estimates for one road have been successfully received.
29.02.2024 16:40:01 [Information] [EstimatesAnalysisModule/GetOptimalEstimates] Optimal estimates have been successfully received.
29.02.2024 16:40:01 [Information] [FinancialModule/CalculateCostOfOptimalEstimates] The cost of optimal estimates has been calculated successfully.
29.02.2024 16:40:17 [Information] [TechnicalConditionsOfRoadsAnalysisModule/CreateTechnicalConditionsOfRoads] Creating new technical conditions of roads...
29.02.2024 16:40:17 [Information] [TechnicalConditionsOfRoadsApiController/Post] Creating a new technical condition of road...
29.02.2024 16:40:17 [Information] [TechnicalConditionsOfRoadsApiController/Post] A new technical condition of road with Id 3621 has been successfully created.
29.02.2024 16:40:17 [Information] [TechnicalConditionsOfRoadsApiController/Post] Creating a new technical condition of road...
29.02.2024 16:40:18 [Information] [TechnicalConditionsOfRoadsApiController/Post] A new technical condition of road with Id 3622 has been successfully created.
29.02.2024 16:40:18 [Information] [TechnicalConditionsOfRoadsApiController/Post] Creating a new technical condition of road...
29.02.2024 16:40:18 [Information] [TechnicalConditionsOfRoadsApiController/Post] A new technical condition of road with Id 3623 has been successfully created.
29.02.2024 16:40:18 [Information] [TechnicalConditionsOfRoadsApiController/Post] Creating a new technical condition of road...
29.02.2024 16:40:18 [Information] [TechnicalConditionsOfRoadsApiController/Post] A new technical condition of road with Id 3624 has been successfully created.
29.02.2024 16:40:18 [Information] [TechnicalConditionsOfRoadsApiController/Post] Creating a new technical condition of road...
29.02.2024 16:40:18 [Information] [TechnicalConditionsOfRoadsApiController/Post] A new technical condition of road with Id 3625 has been successfully created.
29.02.2024 16:40:18 [Information] [TechnicalConditionsOfRoadsApiController/Post] Creating a new technical condition of road...
29.02.2024 16:40:18 [Information] [TechnicalConditionsOfRoadsApiController/Post] A new technical condition of road with Id 3626 has been successfully created.
29.02.2024 16:40:18 [Information] [TechnicalConditionsOfRoadsApiController/Post] Creating a new technical condition of road...
29.02.2024 16:40:18 [Information] [TechnicalConditionsOfRoadsApiController/Post] A new technical condition of road with Id 3627 has been successfully created.
29.02.2024 16:40:18 [Information] [TechnicalConditionsOfRoadsApiController/Post] Creating a new technical condition of road...
29.02.2024 16:40:18 [Information] [TechnicalConditionsOfRoadsApiController/Post] A new technical condition of road with Id 3628 has been successfully created.
29.02.2024 16:40:18 [Information] [TechnicalConditionsOfRoadsApiController/Post] Creating a new technical condition of road...
29.02.2024 16:40:18 [Information] [TechnicalConditionsOfRoadsApiController/Post] A new technical condition of road with Id 3629 has been successfully created.
29.02.2024 16:40:18 [Information] [TechnicalConditionsOfRoadsApiController/Post] Creating a new technical condition of road...
29.02.2024 16:40:18 [Information] [TechnicalConditionsOfRoadsApiController/Post] A new technical condition of road with Id 3630 has been successfully created.
29.02.2024 16:40:18 [Information] [TechnicalConditionsOfRoadsApiController/Post] Creating a new technical condition of road...
29.02.2024 16:40:18 [Information] [TechnicalConditionsOfRoadsApiController/Post] A new technical condition of road with Id 3631 has been successfully created.
29.02.2024 16:40:18 [Information] [TechnicalConditionsOfRoadsApiController/Post] Creating a new technical condition of road...
29.02.2024 16:40:18 [Information] [TechnicalConditionsOfRoadsApiController/Post] A new technical condition of road with Id 3632 has been successfully created.
29.02.2024 16:40:18 [Information] [TechnicalConditionsOfRoadsApiController/Post] Creating a new technical condition of road...
29.02.2024 16:40:18 [Information] [TechnicalConditionsOfRoadsApiController/Post] A new technical condition of road with Id 3633 has been successfully created.
29.02.2024 16:40:18 [Information] [TechnicalConditionsOfRoadsApiController/Post] Creating a new technical condition of road...
29.02.2024 16:40:18 [Information] [TechnicalConditionsOfRoadsApiController/Post] A new technical condition of road with Id 3634 has been successfully created.
29.02.2024 16:40:18 [Information] [TechnicalConditionsOfRoadsApiController/Post] Creating a new technical condition of road...
29.02.2024 16:40:18 [Information] [TechnicalConditionsOfRoadsApiController/Post] A new technical condition of road with Id 3635 has been successfully created.
29.02.2024 16:40:18 [Information] [TechnicalConditionsOfRoadsApiController/Post] Creating a new technical condition of road...
29.02.2024 16:40:18 [Information] [TechnicalConditionsOfRoadsApiController/Post] A new technical condition of road with Id 3636 has been successfully created.
29.02.2024 16:40:18 [Information] [TechnicalConditionsOfRoadsApiController/Post] Creating a new technical condition of road...
29.02.2024 16:40:18 [Information] [TechnicalConditionsOfRoadsApiController/Post] A new technical condition of road with Id 3637 has been successfully created.
29.02.2024 16:40:18 [Information] [TechnicalConditionsOfRoadsApiController/Post] Creating a new technical condition of road...
29.02.2024 16:40:18 [Information] [TechnicalConditionsOfRoadsApiController/Post] A new technical condition of road with Id 3638 has been successfully created.
29.02.2024 16:40:18 [Information] [TechnicalConditionsOfRoadsApiController/Post] Creating a new technical condition of road...
29.02.2024 16:40:18 [Information] [TechnicalConditionsOfRoadsApiController/Post] A new technical condition of road with Id 3639 has been successfully created.
29.02.2024 16:40:18 [Information] [TechnicalConditionsOfRoadsApiController/Post] Creating a new technical condition of road...
29.02.2024 16:40:18 [Information] [TechnicalConditionsOfRoadsApiController/Post] A new technical condition of road with Id 3640 has been successfully created.
29.02.2024 16:40:18 [Information] [TechnicalConditionsOfRoadsAnalysisModule/CreateTechnicalConditionsOfRoads] New technical conditions of roads have been successfully created.
29.02.2024 16:40:18 [Information] [DataAnalysisModule/PredictTechnicalConditionsOfRoads] Reading all technical conditions of roads...
29.02.2024 16:40:18 [Information] [TechnicalConditionsOfRoadsApiController/Get] Getting all the technical conditions of roads...
29.02.2024 16:40:19 [Information] [TechnicalConditionsOfRoadsApiController/Get] All technical conditions of roads have been successfully received.
29.02.2024 16:40:20 [Information] [DataAnalysisModule/PredictTechnicalConditionsOfRoads] All technical conditions of roads have been successfully read.
29.02.2024 16:40:20 [Information] [DataAnalysisModule/PredictTechnicalConditionsOfRoads] Predicting the technical conditions of roads...
29.02.2024 16:40:20 [Information] [DataAnalysisModule/ExecutePythonScript] Executing a Python script...
29.02.2024 16:40:28 [Information] [DataAnalysisModule/ExecutePythonScript] The Python script has been successfully executed.
29.02.2024 16:40:28 [Information] [DataAnalysisModule/PredictTechnicalConditionsOfRoads] Technical conditions of roads have been successfully predicted.
29.02.2024 16:40:28 [Information] [TechnicalConditionsOfRoadsAnalysisModule/CalculateChangesTechnicalConditionsOfRoads] Calculating technical conditions of roads...
29.02.2024 16:40:28 [Information] [TechnicalConditionsOfRoadsAnalysisModule/CalculateChangesTechnicalConditionsOfRoads] The technical conditions of roads have been successfully calculated.
29.02.2024 16:40:28 [Information] [EstimatesAnalysisModule/GetOptimalEstimates] Reading all estimates...
29.02.2024 16:40:28 [Information] [EstimatesApiController/Get] Getting all the estimates...
29.02.2024 16:40:28 [Information] [EstimatesApiController/Get] All estimates have been successfully received.
29.02.2024 16:40:28 [Information] [EstimatesAnalysisModule/GetOptimalEstimates] All estimates have been successfully read.
29.02.2024 16:40:28 [Information] [EstimatesAnalysisModule/GetOptimalEstimates] Reading all roads...
29.02.2024 16:40:28 [Information] [RoadsApiController/Get] Getting all the roads...
29.02.2024 16:40:28 [Information] [RoadsApiController/Get] All roads have been successfully received.
29.02.2024 16:40:28 [Information] [EstimatesAnalysisModule/GetOptimalEstimates] All roads have been successfully read.
29.02.2024 16:40:28 [Information] [EstimatesAnalysisModule/GetOptimalEstimates] Getting optimal estimates...
29.02.2024 16:40:28 [Information] [EstimatesAnalysisModule/GetOptimalEstimatesForOneRoad] Getting optimal estimates for one road...
29.02.2024 16:40:28 [Information] [EstimatesAnalysisModule/GetCombinationsOfLevelsOfWorks] Getting all the combinations of levels of works...
29.02.2024 16:40:28 [Information] [EstimatesAnalysisModule/GetCombinationsOfLevelsOfWorks] All combinations of levels of works have been successfully received.
29.02.2024 16:40:28 [Information] [EstimatesAnalysisModule/GetOptimalEstimatesForOneRoad] Optimal estimates for one road have been successfully received.
29.02.2024 16:40:28 [Information] [EstimatesAnalysisModule/GetOptimalEstimatesForOneRoad] Getting optimal estimates for one road...
29.02.2024 16:40:28 [Information] [EstimatesAnalysisModule/GetCombinationsOfLevelsOfWorks] Getting all the combinations of levels of works...
29.02.2024 16:40:28 [Information] [EstimatesAnalysisModule/GetCombinationsOfLevelsOfWorks] All combinations of levels of works have been successfully received.
29.02.2024 16:40:28 [Information] [EstimatesAnalysisModule/GetOptimalEstimatesForOneRoad] Optimal estimates for one road have been successfully received.
29.02.2024 16:40:28 [Information] [EstimatesAnalysisModule/GetOptimalEstimatesForOneRoad] Getting optimal estimates for one road...
29.02.2024 16:40:28 [Information] [EstimatesAnalysisModule/GetCombinationsOfLevelsOfWorks] Getting all the combinations of levels of works...
29.02.2024 16:40:28 [Information] [EstimatesAnalysisModule/GetCombinationsOfLevelsOfWorks] All combinations of levels of works have been successfully received.
29.02.2024 16:40:28 [Information] [EstimatesAnalysisModule/GetOptimalEstimatesForOneRoad] Optimal estimates for one road have been successfully received.
29.02.2024 16:40:28 [Information] [EstimatesAnalysisModule/GetOptimalEstimatesForOneRoad] Getting optimal estimates for one road...
29.02.2024 16:40:28 [Information] [EstimatesAnalysisModule/GetCombinationsOfLevelsOfWorks] Getting all the combinations of levels of works...
29.02.2024 16:40:28 [Information] [EstimatesAnalysisModule/GetCombinationsOfLevelsOfWorks] All combinations of levels of works have been successfully received.
29.02.2024 16:40:29 [Information] [EstimatesAnalysisModule/GetOptimalEstimatesForOneRoad] Optimal estimates for one road have been successfully received.
29.02.2024 16:40:29 [Information] [EstimatesAnalysisModule/GetOptimalEstimatesForOneRoad] Getting optimal estimates for one road...
29.02.2024 16:40:29 [Information] [EstimatesAnalysisModule/GetCombinationsOfLevelsOfWorks] Getting all the combinations of levels of works...
29.02.2024 16:40:29 [Information] [EstimatesAnalysisModule/GetCombinationsOfLevelsOfWorks] All combinations of levels of works have been successfully received.
29.02.2024 16:40:29 [Information] [EstimatesAnalysisModule/GetOptimalEstimatesForOneRoad] Optimal estimates for one road have been successfully received.
29.02.2024 16:40:29 [Information] [EstimatesAnalysisModule/GetOptimalEstimatesForOneRoad] Getting optimal estimates for one road...
29.02.2024 16:40:29 [Information] [EstimatesAnalysisModule/GetCombinationsOfLevelsOfWorks] Getting all the combinations of levels of works...
29.02.2024 16:40:29 [Information] [EstimatesAnalysisModule/GetCombinationsOfLevelsOfWorks] All combinations of levels of works have been successfully received.
29.02.2024 16:40:29 [Information] [EstimatesAnalysisModule/GetOptimalEstimatesForOneRoad] Optimal estimates for one road have been successfully received.
29.02.2024 16:40:29 [Information] [EstimatesAnalysisModule/GetOptimalEstimatesForOneRoad] Getting optimal estimates for one road...
29.02.2024 16:40:29 [Information] [EstimatesAnalysisModule/GetCombinationsOfLevelsOfWorks] Getting all the combinations of levels of works...
29.02.2024 16:40:29 [Information] [EstimatesAnalysisModule/GetCombinationsOfLevelsOfWorks] All combinations of levels of works have been successfully received.
29.02.2024 16:40:29 [Information] [EstimatesAnalysisModule/GetOptimalEstimatesForOneRoad] Optimal estimates for one road have been successfully received.
29.02.2024 16:40:29 [Information] [EstimatesAnalysisModule/GetOptimalEstimatesForOneRoad] Getting optimal estimates for one road...
29.02.2024 16:40:29 [Information] [EstimatesAnalysisModule/GetCombinationsOfLevelsOfWorks] Getting all the combinations of levels of works...
29.02.2024 16:40:29 [Information] [EstimatesAnalysisModule/GetCombinationsOfLevelsOfWorks] All combinations of levels of works have been successfully received.
29.02.2024 16:40:29 [Information] [EstimatesAnalysisModule/GetOptimalEstimatesForOneRoad] Optimal estimates for one road have been successfully received.
29.02.2024 16:40:29 [Information] [EstimatesAnalysisModule/GetOptimalEstimatesForOneRoad] Getting optimal estimates for one road...
29.02.2024 16:40:29 [Information] [EstimatesAnalysisModule/GetCombinationsOfLevelsOfWorks] Getting all the combinations of levels of works...
29.02.2024 16:40:29 [Information] [EstimatesAnalysisModule/GetCombinationsOfLevelsOfWorks] All combinations of levels of works have been successfully received.
29.02.2024 16:40:29 [Information] [EstimatesAnalysisModule/GetOptimalEstimatesForOneRoad] Optimal estimates for one road have been successfully received.
29.02.2024 16:40:29 [Information] [EstimatesAnalysisModule/GetOptimalEstimatesForOneRoad] Getting optimal estimates for one road...
29.02.2024 16:40:29 [Information] [EstimatesAnalysisModule/GetCombinationsOfLevelsOfWorks] Getting all the combinations of levels of works...
29.02.2024 16:40:29 [Information] [EstimatesAnalysisModule/GetCombinationsOfLevelsOfWorks] All combinations of levels of works have been successfully received.
29.02.2024 16:40:29 [Information] [EstimatesAnalysisModule/GetOptimalEstimatesForOneRoad] Optimal estimates for one road have been successfully received.
29.02.2024 16:40:29 [Information] [EstimatesAnalysisModule/GetOptimalEstimatesForOneRoad] Getting optimal estimates for one road...
29.02.2024 16:40:29 [Information] [EstimatesAnalysisModule/GetCombinationsOfLevelsOfWorks] Getting all the combinations of levels of works...
29.02.2024 16:40:29 [Information] [EstimatesAnalysisModule/GetCombinationsOfLevelsOfWorks] All combinations of levels of works have been successfully received.
29.02.2024 16:40:29 [Information] [EstimatesAnalysisModule/GetOptimalEstimatesForOneRoad] Optimal estimates for one road have been successfully received.
29.02.2024 16:40:29 [Information] [EstimatesAnalysisModule/GetOptimalEstimatesForOneRoad] Getting optimal estimates for one road...
29.02.2024 16:40:29 [Information] [EstimatesAnalysisModule/GetCombinationsOfLevelsOfWorks] Getting all the combinations of levels of works...
29.02.2024 16:40:29 [Information] [EstimatesAnalysisModule/GetCombinationsOfLevelsOfWorks] All combinations of levels of works have been successfully received.
29.02.2024 16:40:29 [Information] [EstimatesAnalysisModule/GetOptimalEstimatesForOneRoad] Optimal estimates for one road have been successfully received.
29.02.2024 16:40:29 [Information] [EstimatesAnalysisModule/GetOptimalEstimatesForOneRoad] Getting optimal estimates for one road...
29.02.2024 16:40:29 [Information] [EstimatesAnalysisModule/GetCombinationsOfLevelsOfWorks] Getting all the combinations of levels of works...
29.02.2024 16:40:29 [Information] [EstimatesAnalysisModule/GetCombinationsOfLevelsOfWorks] All combinations of levels of works have been successfully received.
29.02.2024 16:40:29 [Information] [EstimatesAnalysisModule/GetOptimalEstimatesForOneRoad] Optimal estimates for one road have been successfully received.
29.02.2024 16:40:29 [Information] [EstimatesAnalysisModule/GetOptimalEstimatesForOneRoad] Getting optimal estimates for one road...
29.02.2024 16:40:29 [Information] [EstimatesAnalysisModule/GetCombinationsOfLevelsOfWorks] Getting all the combinations of levels of works...
29.02.2024 16:40:29 [Information] [EstimatesAnalysisModule/GetCombinationsOfLevelsOfWorks] All combinations of levels of works have been successfully received.
29.02.2024 16:40:29 [Information] [EstimatesAnalysisModule/GetOptimalEstimatesForOneRoad] Optimal estimates for one road have been successfully received.
29.02.2024 16:40:29 [Information] [EstimatesAnalysisModule/GetOptimalEstimatesForOneRoad] Getting optimal estimates for one road...
29.02.2024 16:40:29 [Information] [EstimatesAnalysisModule/GetCombinationsOfLevelsOfWorks] Getting all the combinations of levels of works...
29.02.2024 16:40:29 [Information] [EstimatesAnalysisModule/GetCombinationsOfLevelsOfWorks] All combinations of levels of works have been successfully received.
29.02.2024 16:40:29 [Information] [EstimatesAnalysisModule/GetOptimalEstimatesForOneRoad] Optimal estimates for one road have been successfully received.
29.02.2024 16:40:29 [Information] [EstimatesAnalysisModule/GetOptimalEstimatesForOneRoad] Getting optimal estimates for one road...
29.02.2024 16:40:29 [Information] [EstimatesAnalysisModule/GetCombinationsOfLevelsOfWorks] Getting all the combinations of levels of works...
29.02.2024 16:40:29 [Information] [EstimatesAnalysisModule/GetCombinationsOfLevelsOfWorks] All combinations of levels of works have been successfully received.
29.02.2024 16:40:29 [Information] [EstimatesAnalysisModule/GetOptimalEstimatesForOneRoad] Optimal estimates for one road have been successfully received.
29.02.2024 16:40:29 [Information] [EstimatesAnalysisModule/GetOptimalEstimatesForOneRoad] Getting optimal estimates for one road...
29.02.2024 16:40:29 [Information] [EstimatesAnalysisModule/GetCombinationsOfLevelsOfWorks] Getting all the combinations of levels of works...
29.02.2024 16:40:29 [Information] [EstimatesAnalysisModule/GetCombinationsOfLevelsOfWorks] All combinations of levels of works have been successfully received.
29.02.2024 16:40:29 [Information] [EstimatesAnalysisModule/GetOptimalEstimatesForOneRoad] Optimal estimates for one road have been successfully received.
29.02.2024 16:40:29 [Information] [EstimatesAnalysisModule/GetOptimalEstimatesForOneRoad] Getting optimal estimates for one road...
29.02.2024 16:40:29 [Information] [EstimatesAnalysisModule/GetCombinationsOfLevelsOfWorks] Getting all the combinations of levels of works...
29.02.2024 16:40:29 [Information] [EstimatesAnalysisModule/GetCombinationsOfLevelsOfWorks] All combinations of levels of works have been successfully received.
29.02.2024 16:40:29 [Information] [EstimatesAnalysisModule/GetOptimalEstimatesForOneRoad] Optimal estimates for one road have been successfully received.
29.02.2024 16:40:29 [Information] [EstimatesAnalysisModule/GetOptimalEstimatesForOneRoad] Getting optimal estimates for one road...
29.02.2024 16:40:29 [Information] [EstimatesAnalysisModule/GetCombinationsOfLevelsOfWorks] Getting all the combinations of levels of works...
29.02.2024 16:40:29 [Information] [EstimatesAnalysisModule/GetCombinationsOfLevelsOfWorks] All combinations of levels of works have been successfully received.
29.02.2024 16:40:29 [Information] [EstimatesAnalysisModule/GetOptimalEstimatesForOneRoad] Optimal estimates for one road have been successfully received.
29.02.2024 16:40:29 [Information] [EstimatesAnalysisModule/GetOptimalEstimatesForOneRoad] Getting optimal estimates for one road...
29.02.2024 16:40:29 [Information] [EstimatesAnalysisModule/GetCombinationsOfLevelsOfWorks] Getting all the combinations of levels of works...
29.02.2024 16:40:29 [Information] [EstimatesAnalysisModule/GetCombinationsOfLevelsOfWorks] All combinations of levels of works have been successfully received.
29.02.2024 16:40:29 [Information] [EstimatesAnalysisModule/GetOptimalEstimatesForOneRoad] Optimal estimates for one road have been successfully received.
29.02.2024 16:40:29 [Information] [EstimatesAnalysisModule/GetOptimalEstimates] Optimal estimates have been successfully received.
29.02.2024 16:40:29 [Information] [FinancialModule/CalculateCostOfOptimalEstimates] The cost of optimal estimates has been calculated successfully.
