08.01.2024 17:15:08 [Information] [RoadsController/Read] Reading all roads...
08.01.2024 17:15:08 [Information] [RoadsApiController/Get] Getting all the roads...
08.01.2024 17:15:09 [Information] [RoadsApiController/Get] All roads have been successfully received.
08.01.2024 17:15:09 [Information] [RoadsController/Read] All roads have been successfully read.
08.01.2024 17:15:09 [Information] [RoadsController] Navigating to the page "Read All Roads".
08.01.2024 17:15:10 [Information] [RoadsController] Navigating to the page "Create Road".
08.01.2024 17:15:18 [Information] [RoadsController/Create] Creating a new road...
08.01.2024 17:15:18 [Information] [RoadsApiController/Post] Creating a new road...
08.01.2024 17:15:18 [Information] [RoadsApiController/Post] A new road with Id 21 has been successfully created.
08.01.2024 17:15:18 [Information] [RoadsController/Create] A new road with Id 21 has been successfully created.
08.01.2024 17:15:18 [Information] [RoadsController/Read] Reading all roads...
08.01.2024 17:15:18 [Information] [RoadsApiController/Get] Getting all the roads...
08.01.2024 17:15:18 [Information] [RoadsApiController/Get] All roads have been successfully received.
08.01.2024 17:15:18 [Information] [RoadsController/Read] All roads have been successfully read.
08.01.2024 17:15:18 [Information] [RoadsController] Navigating to the page "Read All Roads".
08.01.2024 17:15:31 [Information] [EstimatesController/Read] Reading all estimates...
08.01.2024 17:15:31 [Information] [EstimatesApiController/Get] Getting all the estimates...
08.01.2024 17:15:31 [Information] [EstimatesApiController/Get] All estimates have been successfully received.
08.01.2024 17:15:31 [Information] [EstimatesController/Read] All estimates have been successfully read.
08.01.2024 17:15:31 [Information] [EstimatesController] Navigating to the page "Read All Estimates".
The view 'Index' was not found. Searched locations: /Views/Estimates/Index.cshtml, /Views/Shared/Index.cshtml
An unhandled exception has occurred while executing the request.
08.01.2024 17:15:34 [Information] [RoadsController/Read] Reading all roads...
08.01.2024 17:15:34 [Information] [RoadsApiController/Get] Getting all the roads...
08.01.2024 17:15:34 [Information] [RoadsApiController/Get] All roads have been successfully received.
08.01.2024 17:15:34 [Information] [RoadsController/Read] All roads have been successfully read.
08.01.2024 17:15:34 [Information] [RoadsController] Navigating to the page "Read All Roads".
08.01.2024 17:15:36 [Information] [RoadsController/Read] Reading all roads...
08.01.2024 17:15:36 [Information] [RoadsApiController/Get] Getting all the roads...
08.01.2024 17:15:36 [Information] [RoadsApiController/Get] All roads have been successfully received.
08.01.2024 17:15:36 [Information] [RoadsController/Read] All roads have been successfully read.
08.01.2024 17:15:36 [Information] [RoadsController] Navigating to the page "Read All Roads".
08.01.2024 17:15:39 [Information] [EstimatesController/Read] Reading all estimates...
08.01.2024 17:15:39 [Information] [EstimatesApiController/Get] Getting all the estimates...
08.01.2024 17:15:39 [Information] [EstimatesApiController/Get] All estimates have been successfully received.
08.01.2024 17:15:39 [Information] [EstimatesController/Read] All estimates have been successfully read.
08.01.2024 17:15:39 [Information] [EstimatesController] Navigating to the page "Read All Estimates".
The view 'Index' was not found. Searched locations: /Views/Estimates/Index.cshtml, /Views/Shared/Index.cshtml
An unhandled exception has occurred while executing the request.
08.01.2024 17:15:41 [Information] [RoadsController/Read] Reading all roads...
08.01.2024 17:15:41 [Information] [RoadsApiController/Get] Getting all the roads...
08.01.2024 17:15:41 [Information] [RoadsApiController/Get] All roads have been successfully received.
08.01.2024 17:15:41 [Information] [RoadsController/Read] All roads have been successfully read.
08.01.2024 17:15:41 [Information] [RoadsController] Navigating to the page "Read All Roads".
08.01.2024 17:15:43 [Information] [RoadsController/Delete/21] Reading a road with Id 21...
08.01.2024 17:15:43 [Information] [RoadsApiController/Get/21] Getting a road with Id 21...
08.01.2024 17:15:43 [Information] [RoadsApiController/Get/21] The road with Id 21 was successfully received.
08.01.2024 17:15:43 [Information] [RoadsController/Delete/21] The road with Id 21 was successfully read.
08.01.2024 17:15:43 [Information] [RoadsController] Navigating to the page "Delete Road".
08.01.2024 17:15:46 [Information] [RoadsController/Delete] Deleting a road with Id 21...
08.01.2024 17:15:46 [Information] [RoadsApiController/Delete/21] Deleting a road with Id 21...
08.01.2024 17:15:46 [Information] [RoadsApiController/Delete/21] The road with Id 21 has been successfully deleted.
08.01.2024 17:15:46 [Information] [RoadsController/Delete] The road with Id 21 has been successfully deleted.
08.01.2024 17:15:46 [Information] [RoadsController/Read] Reading all roads...
08.01.2024 17:15:46 [Information] [RoadsApiController/Get] Getting all the roads...
08.01.2024 17:15:46 [Information] [RoadsApiController/Get] All roads have been successfully received.
08.01.2024 17:15:46 [Information] [RoadsController/Read] All roads have been successfully read.
08.01.2024 17:15:46 [Information] [RoadsController] Navigating to the page "Read All Roads".
