09.01.2024 21:20:13 [Information] [EstimatesController/Read] Reading all estimates...
09.01.2024 21:20:13 [Information] [EstimatesApiController/Get] Getting all the estimates...
09.01.2024 21:20:14 [Information] [EstimatesApiController/Get] All estimates have been successfully received.
09.01.2024 21:20:14 [Information] [EstimatesController/Read] All estimates have been successfully read.
09.01.2024 21:20:14 [Information] [EstimatesController] Navigating to the page "Read All Estimates".
09.01.2024 21:20:17 [Information] [EstimatesController/Read/1] Reading a estimate with Id 1...
09.01.2024 21:20:17 [Information] [EstimatesApiController/Get/1] Getting a estimate with Id 1...
09.01.2024 21:20:17 [Information] [EstimatesApiController/Get/1] The estimate with Id 1 was successfully received.
09.01.2024 21:20:17 [Information] [EstimatesController/Read/1] The estimate with Id 1 was successfully read.
09.01.2024 21:20:17 [Information] [EstimatesController] Navigating to the page "Read Estimate By Id".
09.01.2024 21:20:20 [Information] [EstimatesController/Update/1] Reading a estimate with Id 1...
09.01.2024 21:20:20 [Information] [EstimatesApiController/Get/1] Getting a estimate with Id 1...
09.01.2024 21:20:20 [Information] [EstimatesApiController/Get/1] The estimate with Id 1 was successfully received.
09.01.2024 21:20:20 [Information] [EstimatesController/Update/1] The estimate with Id 1 was successfully read.
09.01.2024 21:20:20 [Information] [EstimatesController/Update/1] Reading all roads...
09.01.2024 21:20:20 [Information] [RoadsApiController/Get] Getting all the roads...
09.01.2024 21:20:20 [Information] [RoadsApiController/Get] All roads have been successfully received.
09.01.2024 21:20:21 [Information] [EstimatesController/Update/1] All roads have been successfully read.
09.01.2024 21:20:21 [Information] [EstimatesController] Navigating to the page "Update Estimate".
09.01.2024 21:20:45 [Information] [RoadsController/Read] Reading all roads...
09.01.2024 21:20:45 [Information] [RoadsApiController/Get] Getting all the roads...
09.01.2024 21:20:45 [Information] [RoadsApiController/Get] All roads have been successfully received.
09.01.2024 21:20:45 [Information] [RoadsController/Read] All roads have been successfully read.
09.01.2024 21:20:45 [Information] [RoadsController] Navigating to the page "Read All Roads".
09.01.2024 21:21:01 [Information] [RoadsController/Update/1] Reading a road with Id 1...
09.01.2024 21:21:01 [Information] [RoadsApiController/Get/1] Getting a road with Id 1...
09.01.2024 21:21:01 [Information] [RoadsApiController/Get/1] The road with Id 1 was successfully received.
09.01.2024 21:21:01 [Information] [RoadsController/Update/1] The road with Id 1 was successfully read.
09.01.2024 21:21:01 [Information] [RoadsController] Navigating to the page "Update Road".
09.01.2024 21:21:11 [Information] [EstimatesController/Read] Reading all estimates...
09.01.2024 21:21:11 [Information] [EstimatesApiController/Get] Getting all the estimates...
09.01.2024 21:21:11 [Information] [EstimatesApiController/Get] All estimates have been successfully received.
09.01.2024 21:21:11 [Information] [EstimatesController/Read] All estimates have been successfully read.
09.01.2024 21:21:11 [Information] [EstimatesController] Navigating to the page "Read All Estimates".
09.01.2024 21:21:25 [Information] [EstimatesController/Read/1] Reading a estimate with Id 1...
09.01.2024 21:21:25 [Information] [EstimatesApiController/Get/1] Getting a estimate with Id 1...
09.01.2024 21:21:25 [Information] [EstimatesApiController/Get/1] The estimate with Id 1 was successfully received.
09.01.2024 21:21:25 [Information] [EstimatesController/Read/1] The estimate with Id 1 was successfully read.
09.01.2024 21:21:25 [Information] [EstimatesController] Navigating to the page "Read Estimate By Id".
