07.01.2024 21:33:51 [Information] [RoadsController/Read] Reading all roads...
07.01.2024 21:33:51 [Information] [RoadsApiController/Get] Getting all the roads...
07.01.2024 21:33:51 [Information] [RoadsApiController/Get] All roads have been successfully received.
07.01.2024 21:33:51 [Information] [RoadsController/Read] All roads have been successfully read.
07.01.2024 21:33:51 [Information] [RoadsController] Navigating to the page "Read All Roads".
07.01.2024 21:34:01 [Information] [RoadsController/Read/1] Reading a road with Id 1...
07.01.2024 21:34:01 [Information] [RoadsApiController/Get/1] Getting a road with Id 1...
07.01.2024 21:34:02 [Information] [RoadsApiController/Get/1] The road with Id 1 was successfully received.
07.01.2024 21:34:02 [Information] [RoadsController/Read/1] The road with Id 1 was successfully read.
07.01.2024 21:34:02 [Information] [RoadsController] Navigating to the page "Read Road By Id".
07.01.2024 21:34:14 [Information] [RoadsController/Update/1] Reading a road with Id 1...
07.01.2024 21:34:14 [Information] [RoadsApiController/Get/1] Getting a road with Id 1...
07.01.2024 21:34:14 [Information] [RoadsApiController/Get/1] The road with Id 1 was successfully received.
07.01.2024 21:34:14 [Information] [RoadsController/Update/1] The road with Id 1 was successfully read.
07.01.2024 21:34:14 [Information] [RoadsController] Navigating to the page "Update Road".
07.01.2024 21:34:18 [Information] [RoadsController] Navigating to the page "Create Road".
07.01.2024 21:34:48 [Information] [RoadsController/Delete/1] Reading a road with Id 1...
07.01.2024 21:34:48 [Information] [RoadsApiController/Get/1] Getting a road with Id 1...
07.01.2024 21:34:48 [Information] [RoadsApiController/Get/1] The road with Id 1 was successfully received.
07.01.2024 21:34:48 [Information] [RoadsController/Delete/1] The road with Id 1 was successfully read.
07.01.2024 21:34:48 [Information] [RoadsController] Navigating to the page "Delete Road".
07.01.2024 21:34:52 [Information] [RoadsController/Update/1] Reading a road with Id 1...
07.01.2024 21:34:52 [Information] [RoadsApiController/Get/1] Getting a road with Id 1...
07.01.2024 21:34:52 [Information] [RoadsApiController/Get/1] The road with Id 1 was successfully received.
07.01.2024 21:34:52 [Information] [RoadsController/Update/1] The road with Id 1 was successfully read.
07.01.2024 21:34:52 [Information] [RoadsController] Navigating to the page "Update Road".
07.01.2024 21:34:55 [Information] [RoadsController/Delete/1] Reading a road with Id 1...
07.01.2024 21:34:55 [Information] [RoadsApiController/Get/1] Getting a road with Id 1...
07.01.2024 21:34:55 [Information] [RoadsApiController/Get/1] The road with Id 1 was successfully received.
07.01.2024 21:34:55 [Information] [RoadsController/Delete/1] The road with Id 1 was successfully read.
07.01.2024 21:34:55 [Information] [RoadsController] Navigating to the page "Delete Road".
07.01.2024 21:34:57 [Information] [RoadsController/Update/1] Reading a road with Id 1...
07.01.2024 21:34:57 [Information] [RoadsApiController/Get/1] Getting a road with Id 1...
07.01.2024 21:34:57 [Information] [RoadsApiController/Get/1] The road with Id 1 was successfully received.
07.01.2024 21:34:57 [Information] [RoadsController/Update/1] The road with Id 1 was successfully read.
07.01.2024 21:34:57 [Information] [RoadsController] Navigating to the page "Update Road".
07.01.2024 21:34:59 [Information] [RoadsController/Read/1] Reading a road with Id 1...
07.01.2024 21:34:59 [Information] [RoadsApiController/Get/1] Getting a road with Id 1...
07.01.2024 21:34:59 [Information] [RoadsApiController/Get/1] The road with Id 1 was successfully received.
07.01.2024 21:34:59 [Information] [RoadsController/Read/1] The road with Id 1 was successfully read.
07.01.2024 21:34:59 [Information] [RoadsController] Navigating to the page "Read Road By Id".
07.01.2024 21:35:04 [Information] [RoadsController/Read/1] Reading a road with Id 1...
07.01.2024 21:35:04 [Information] [RoadsApiController/Get/1] Getting a road with Id 1...
07.01.2024 21:35:04 [Information] [RoadsApiController/Get/1] The road with Id 1 was successfully received.
07.01.2024 21:35:04 [Information] [RoadsController/Read/1] The road with Id 1 was successfully read.
07.01.2024 21:35:04 [Information] [RoadsController] Navigating to the page "Read Road By Id".
07.01.2024 21:35:08 [Information] [RoadsController/Update/1] Reading a road with Id 1...
07.01.2024 21:35:08 [Information] [RoadsApiController/Get/1] Getting a road with Id 1...
07.01.2024 21:35:08 [Information] [RoadsApiController/Get/1] The road with Id 1 was successfully received.
07.01.2024 21:35:08 [Information] [RoadsController/Update/1] The road with Id 1 was successfully read.
07.01.2024 21:35:08 [Information] [RoadsController] Navigating to the page "Update Road".
07.01.2024 21:35:12 [Information] [RoadsController] Navigating to the page "Create Road".
