01.02.2024 2:47:02 [Information] [TechnicalConditionsOfRoadsController/Read] Reading all technical conditions of roads...
01.02.2024 2:47:02 [Information] [TechnicalConditionsOfRoadsApiController/Get] Getting all the technical conditions of roads...
01.02.2024 2:47:04 [Information] [TechnicalConditionsOfRoadsApiController/Get] All technical conditions of roads have been successfully received.
01.02.2024 2:47:04 [Information] [TechnicalConditionsOfRoadsController/Read] All technical conditions of roads have been successfully read.
01.02.2024 2:47:04 [Information] [TechnicalConditionsOfRoadsController/Read] Reading all roads...
01.02.2024 2:47:04 [Information] [RoadsApiController/Get] Getting all the roads...
01.02.2024 2:47:04 [Information] [RoadsApiController/Get] All roads have been successfully received.
01.02.2024 2:47:04 [Information] [TechnicalConditionsOfRoadsController/Read] All roads have been successfully read.
01.02.2024 2:47:04 [Information] [TechnicalConditionsOfRoadsController] Navigating to the page "Read All Technical Conditions Of Roads By Year".
01.02.2024 2:47:06 [Information] [TechnicalConditionsOfRoadsController/Create] Reading all roads...
01.02.2024 2:47:06 [Information] [RoadsApiController/Get] Getting all the roads...
01.02.2024 2:47:06 [Information] [RoadsApiController/Get] All roads have been successfully received.
01.02.2024 2:47:06 [Information] [TechnicalConditionsOfRoadsController/Create] All roads have been successfully read.
01.02.2024 2:47:06 [Information] [TechnicalConditionsOfRoadsController] Navigating to the page "Create Technical Condition Of Road".
01.02.2024 2:47:22 [Information] [TechnicalConditionsOfRoadsController/Create] Creating a new technical condition of road...
01.02.2024 2:47:22 [Information] [TechnicalConditionsOfRoadsApiController/Post] Creating a new technical condition of road...
01.02.2024 2:47:22 [Information] [TechnicalConditionsOfRoadsApiController/Post] A new technical condition of road with Id 3601 has been successfully created.
01.02.2024 2:47:22 [Information] [TechnicalConditionsOfRoadsController/Create] A new technical condition of road with Id 3601 has been successfully created.
01.02.2024 2:47:22 [Information] [TechnicalConditionsOfRoadsController/Read] Reading all technical conditions of roads...
01.02.2024 2:47:22 [Information] [TechnicalConditionsOfRoadsApiController/Get] Getting all the technical conditions of roads...
01.02.2024 2:47:24 [Information] [TechnicalConditionsOfRoadsApiController/Get] All technical conditions of roads have been successfully received.
01.02.2024 2:47:24 [Information] [TechnicalConditionsOfRoadsController/Read] All technical conditions of roads have been successfully read.
01.02.2024 2:47:24 [Information] [TechnicalConditionsOfRoadsController/Read] Reading all roads...
01.02.2024 2:47:24 [Information] [RoadsApiController/Get] Getting all the roads...
01.02.2024 2:47:24 [Information] [RoadsApiController/Get] All roads have been successfully received.
01.02.2024 2:47:24 [Information] [TechnicalConditionsOfRoadsController/Read] All roads have been successfully read.
01.02.2024 2:47:24 [Information] [TechnicalConditionsOfRoadsController] Navigating to the page "Read All Technical Conditions Of Roads By Year".
01.02.2024 2:47:26 [Information] [TechnicalConditionsOfRoadsController/Read/1/2000] Reading the technical conditions of road for 2000...
01.02.2024 2:47:26 [Information] [TechnicalConditionsOfRoadsApiController/Get] Getting all the technical conditions of roads...
01.02.2024 2:47:28 [Information] [TechnicalConditionsOfRoadsApiController/Get] All technical conditions of roads have been successfully received.
01.02.2024 2:47:28 [Information] [TechnicalConditionsOfRoadsController/Read/1/2000] The technical conditions of road for 2000 was successfully read.
01.02.2024 2:47:28 [Information] [TechnicalConditionsOfRoadsController] Navigating to the page "Read Technical Conditions Of Road For 2000".
01.02.2024 2:47:37 [Information] [RoadsController/Delete] Deleting a road with Id 3601...
01.02.2024 2:47:37 [Information] [RoadsApiController/Delete/3601] Deleting a road with Id 3601...
01.02.2024 2:47:37 [Warning] [RoadsApiController/Delete/3601] The road with Id 3601 was not found.
01.02.2024 2:47:37 [Warning] [RoadsController/Delete] Error on the API side of the controller
01.02.2024 2:47:48 [Information] [TechnicalConditionsOfRoadsController/Read/1/2000] Reading the technical conditions of road for 2000...
01.02.2024 2:47:48 [Information] [TechnicalConditionsOfRoadsApiController/Get] Getting all the technical conditions of roads...
01.02.2024 2:47:49 [Information] [TechnicalConditionsOfRoadsApiController/Get] All technical conditions of roads have been successfully received.
01.02.2024 2:47:49 [Information] [TechnicalConditionsOfRoadsController/Read/1/2000] The technical conditions of road for 2000 was successfully read.
01.02.2024 2:47:49 [Information] [TechnicalConditionsOfRoadsController] Navigating to the page "Read Technical Conditions Of Road For 2000".
01.02.2024 2:47:52 [Information] [TechnicalConditionsOfRoadsController/Read] Reading all technical conditions of roads...
01.02.2024 2:47:52 [Information] [TechnicalConditionsOfRoadsApiController/Get] Getting all the technical conditions of roads...
01.02.2024 2:47:54 [Information] [TechnicalConditionsOfRoadsApiController/Get] All technical conditions of roads have been successfully received.
01.02.2024 2:47:54 [Information] [TechnicalConditionsOfRoadsController/Read] All technical conditions of roads have been successfully read.
01.02.2024 2:47:54 [Information] [TechnicalConditionsOfRoadsController/Read] Reading all roads...
01.02.2024 2:47:54 [Information] [RoadsApiController/Get] Getting all the roads...
01.02.2024 2:47:54 [Information] [RoadsApiController/Get] All roads have been successfully received.
01.02.2024 2:47:54 [Information] [TechnicalConditionsOfRoadsController/Read] All roads have been successfully read.
01.02.2024 2:47:54 [Information] [TechnicalConditionsOfRoadsController] Navigating to the page "Read All Technical Conditions Of Roads By Year".
01.02.2024 2:47:55 [Information] [TechnicalConditionsOfRoadsController/Read/1/2000] Reading the technical conditions of road for 2000...
01.02.2024 2:47:55 [Information] [TechnicalConditionsOfRoadsApiController/Get] Getting all the technical conditions of roads...
01.02.2024 2:47:57 [Information] [TechnicalConditionsOfRoadsApiController/Get] All technical conditions of roads have been successfully received.
01.02.2024 2:47:57 [Information] [TechnicalConditionsOfRoadsController/Read/1/2000] The technical conditions of road for 2000 was successfully read.
01.02.2024 2:47:57 [Information] [TechnicalConditionsOfRoadsController] Navigating to the page "Read Technical Conditions Of Road For 2000".
01.02.2024 2:48:11 [Information] [RoadsController/Delete] Deleting a road with Id 3601...
01.02.2024 2:48:11 [Information] [RoadsApiController/Delete/3601] Deleting a road with Id 3601...
01.02.2024 2:48:11 [Warning] [RoadsApiController/Delete/3601] The road with Id 3601 was not found.
01.02.2024 2:48:11 [Warning] [RoadsController/Delete] Error on the API side of the controller
