Application started. Press Ctrl+C to shut down.
Hosting environment: Development
Content root path: H:\RoadWorksPlanningSystem\DSS
Request starting HTTP/2 GET https://localhost:44306/ - - -
Request finished HTTP/2 GET https://localhost:44306/ - 200 - text/html;+charset=utf-8 5410.6415ms
Request starting HTTP/2 GET https://localhost:44306/lib/bootstrap/dist/css/bootstrap.min.css - - -
Request starting HTTP/2 GET https://localhost:44306/css/site.css?v=ZR61JfdxUYilX_lC3yLqTr8IRPDCx7iJeyVXzvf8WNA - - -
Request starting HTTP/2 GET https://localhost:44306/DSS.styles.css?v=mULltvPmZktKA9F9fGqh_dzco_imQKRJ2nflaWKu5lg - - -
Request starting HTTP/2 GET https://localhost:44306/lib/jquery/dist/jquery.min.js - - -
Request starting HTTP/2 GET https://localhost:44306/_framework/aspnetcore-browser-refresh.js - - -
Request starting HTTP/2 GET https://localhost:44306/js/site.js?v=hRQyftXiu1lLX2P9Ly9xa4gHJgLeR1uGN5qegUobtGo - - -
Request starting HTTP/2 GET https://localhost:44306/lib/bootstrap/dist/js/bootstrap.bundle.min.js - - -
Request starting HTTP/2 GET https://localhost:44306/_vs/browserLink - - -
Request finished HTTP/2 GET https://localhost:44306/lib/bootstrap/dist/css/bootstrap.min.css - 304 - text/css 52.5658ms
Request finished HTTP/2 GET https://localhost:44306/css/site.css?v=ZR61JfdxUYilX_lC3yLqTr8IRPDCx7iJeyVXzvf8WNA - 304 - text/css 49.6668ms
Request finished HTTP/2 GET https://localhost:44306/DSS.styles.css?v=mULltvPmZktKA9F9fGqh_dzco_imQKRJ2nflaWKu5lg - 304 - text/css 46.4925ms
Request finished HTTP/2 GET https://localhost:44306/lib/jquery/dist/jquery.min.js - 304 - text/javascript 41.3160ms
Request finished HTTP/2 GET https://localhost:44306/_framework/aspnetcore-browser-refresh.js - 200 13742 application/javascript;+charset=utf-8 44.4533ms
Request finished HTTP/2 GET https://localhost:44306/js/site.js?v=hRQyftXiu1lLX2P9Ly9xa4gHJgLeR1uGN5qegUobtGo - 304 - text/javascript 18.9381ms
Request finished HTTP/2 GET https://localhost:44306/lib/bootstrap/dist/js/bootstrap.bundle.min.js - 304 - text/javascript 15.8527ms
Request finished HTTP/2 GET https://localhost:44306/_vs/browserLink - 200 - text/javascript;+charset=UTF-8 85.3154ms
Request starting HTTP/2 GET https://localhost:44306/estimates/read - - -
14.02.2024 17:22:50 [Information] [EstimatesController/Read] Reading all estimates...
14.02.2024 17:22:50 [Information] [EstimatesApiController/Get] Getting all the estimates...
14.02.2024 17:22:51 [Information] [EstimatesApiController/Get] All estimates have been successfully received.
14.02.2024 17:22:51 [Information] [EstimatesController/Read] All estimates have been successfully read.
14.02.2024 17:22:51 [Information] [EstimatesController/Read] Reading all roads...
14.02.2024 17:22:51 [Information] [RoadsApiController/Get] Getting all the roads...
14.02.2024 17:22:51 [Information] [RoadsApiController/Get] All roads have been successfully received.
14.02.2024 17:22:51 [Information] [EstimatesController/Read] All roads have been successfully read.
14.02.2024 17:22:51 [Information] [EstimatesController] Navigating to the page "Read All Estimates".
Request finished HTTP/2 GET https://localhost:44306/estimates/read - 200 - text/html;+charset=utf-8 1085.2250ms
Request starting HTTP/2 GET https://localhost:44306/_framework/aspnetcore-browser-refresh.js - - -
Request starting HTTP/2 GET https://localhost:44306/_vs/browserLink - - -
Request finished HTTP/2 GET https://localhost:44306/_framework/aspnetcore-browser-refresh.js - 200 13742 application/javascript;+charset=utf-8 6.6844ms
Request finished HTTP/2 GET https://localhost:44306/_vs/browserLink - 200 - text/javascript;+charset=UTF-8 35.9198ms
Request starting HTTP/2 GET https://localhost:44306/estimates/read/16 - - -
14.02.2024 17:23:04 [Information] [EstimatesController/Read/16] Reading a estimate with Id 16...
14.02.2024 17:23:04 [Information] [EstimatesApiController/Get/16] Getting a estimate with Id 16...
14.02.2024 17:23:04 [Information] [EstimatesApiController/Get/16] The estimate with Id 16 was successfully received.
14.02.2024 17:23:04 [Information] [EstimatesController/Read/16] The estimate with Id 16 was successfully read.
14.02.2024 17:23:04 [Information] [EstimatesController] Navigating to the page "Read Estimate By Id".
Request finished HTTP/2 GET https://localhost:44306/estimates/read/16 - 200 - text/html;+charset=utf-8 161.6855ms
Request starting HTTP/2 GET https://localhost:44306/_vs/browserLink - - -
Request starting HTTP/2 GET https://localhost:44306/_framework/aspnetcore-browser-refresh.js - - -
Request finished HTTP/2 GET https://localhost:44306/_framework/aspnetcore-browser-refresh.js - 200 13742 application/javascript;+charset=utf-8 13.7714ms
Request finished HTTP/2 GET https://localhost:44306/_vs/browserLink - 200 - text/javascript;+charset=UTF-8 31.6758ms
