07.01.2024 21:57:25 [Information] [RoadsController/Read] Reading all roads...
07.01.2024 21:57:25 [Information] [RoadsApiController/Get] Getting all the roads...
07.01.2024 21:57:26 [Information] [RoadsApiController/Get] All roads have been successfully received.
07.01.2024 21:57:26 [Information] [RoadsController/Read] All roads have been successfully read.
07.01.2024 21:57:26 [Information] [RoadsController] Navigating to the page "Read All Roads".
07.01.2024 21:57:31 [Information] [RoadsController/Read/1] Reading a road with Id 1...
07.01.2024 21:57:31 [Information] [RoadsApiController/Get/1] Getting a road with Id 1...
07.01.2024 21:57:31 [Information] [RoadsApiController/Get/1] The road with Id 1 was successfully received.
07.01.2024 21:57:31 [Information] [RoadsController/Read/1] The road with Id 1 was successfully read.
07.01.2024 21:57:31 [Information] [RoadsController] Navigating to the page "Read Road By Id".
07.01.2024 21:57:37 [Information] [RoadsController/Update/1] Reading a road with Id 1...
07.01.2024 21:57:37 [Information] [RoadsApiController/Get/1] Getting a road with Id 1...
07.01.2024 21:57:37 [Information] [RoadsApiController/Get/1] The road with Id 1 was successfully received.
07.01.2024 21:57:37 [Information] [RoadsController/Update/1] The road with Id 1 was successfully read.
07.01.2024 21:57:37 [Information] [RoadsController] Navigating to the page "Update Road".
07.01.2024 21:57:41 [Information] [RoadsController/Delete/1] Reading a road with Id 1...
07.01.2024 21:57:41 [Information] [RoadsApiController/Get/1] Getting a road with Id 1...
07.01.2024 21:57:41 [Information] [RoadsApiController/Get/1] The road with Id 1 was successfully received.
07.01.2024 21:57:41 [Information] [RoadsController/Delete/1] The road with Id 1 was successfully read.
07.01.2024 21:57:41 [Information] [RoadsController] Navigating to the page "Delete Road".
07.01.2024 21:57:55 [Information] [RoadsController] Navigating to the page "Create Road".
07.01.2024 21:58:02 [Information] [RoadsController/Delete/1] Reading a road with Id 1...
07.01.2024 21:58:02 [Information] [RoadsApiController/Get/1] Getting a road with Id 1...
07.01.2024 21:58:02 [Information] [RoadsApiController/Get/1] The road with Id 1 was successfully received.
07.01.2024 21:58:02 [Information] [RoadsController/Delete/1] The road with Id 1 was successfully read.
07.01.2024 21:58:02 [Information] [RoadsController] Navigating to the page "Delete Road".
07.01.2024 21:58:05 [Information] [RoadsController/Update/1] Reading a road with Id 1...
07.01.2024 21:58:05 [Information] [RoadsApiController/Get/1] Getting a road with Id 1...
07.01.2024 21:58:05 [Information] [RoadsApiController/Get/1] The road with Id 1 was successfully received.
07.01.2024 21:58:05 [Information] [RoadsController/Update/1] The road with Id 1 was successfully read.
07.01.2024 21:58:05 [Information] [RoadsController] Navigating to the page "Update Road".
07.01.2024 21:58:09 [Information] [RoadsController/Read/1] Reading a road with Id 1...
07.01.2024 21:58:09 [Information] [RoadsApiController/Get/1] Getting a road with Id 1...
07.01.2024 21:58:09 [Information] [RoadsApiController/Get/1] The road with Id 1 was successfully received.
07.01.2024 21:58:09 [Information] [RoadsController/Read/1] The road with Id 1 was successfully read.
07.01.2024 21:58:09 [Information] [RoadsController] Navigating to the page "Read Road By Id".
07.01.2024 21:58:22 [Information] [RoadsController/Read] Reading all roads...
07.01.2024 21:58:22 [Information] [RoadsApiController/Get] Getting all the roads...
07.01.2024 21:58:22 [Information] [RoadsApiController/Get] All roads have been successfully received.
07.01.2024 21:58:22 [Information] [RoadsController/Read] All roads have been successfully read.
07.01.2024 21:58:22 [Information] [RoadsController] Navigating to the page "Read All Roads".
07.01.2024 21:58:25 [Information] [RoadsController/Delete/1] Reading a road with Id 1...
07.01.2024 21:58:25 [Information] [RoadsApiController/Get/1] Getting a road with Id 1...
07.01.2024 21:58:25 [Information] [RoadsApiController/Get/1] The road with Id 1 was successfully received.
07.01.2024 21:58:25 [Information] [RoadsController/Delete/1] The road with Id 1 was successfully read.
07.01.2024 21:58:25 [Information] [RoadsController] Navigating to the page "Delete Road".
07.01.2024 21:58:29 [Information] [RoadsController/Read] Reading all roads...
07.01.2024 21:58:29 [Information] [RoadsApiController/Get] Getting all the roads...
07.01.2024 21:58:29 [Information] [RoadsApiController/Get] All roads have been successfully received.
07.01.2024 21:58:29 [Information] [RoadsController/Read] All roads have been successfully read.
07.01.2024 21:58:29 [Information] [RoadsController] Navigating to the page "Read All Roads".
07.01.2024 21:58:32 [Information] [RoadsController/Update/1] Reading a road with Id 1...
07.01.2024 21:58:32 [Information] [RoadsApiController/Get/1] Getting a road with Id 1...
07.01.2024 21:58:32 [Information] [RoadsApiController/Get/1] The road with Id 1 was successfully received.
07.01.2024 21:58:32 [Information] [RoadsController/Update/1] The road with Id 1 was successfully read.
07.01.2024 21:58:32 [Information] [RoadsController] Navigating to the page "Update Road".
07.01.2024 21:58:33 [Information] [RoadsController/Read] Reading all roads...
07.01.2024 21:58:33 [Information] [RoadsApiController/Get] Getting all the roads...
07.01.2024 21:58:33 [Information] [RoadsApiController/Get] All roads have been successfully received.
07.01.2024 21:58:33 [Information] [RoadsController/Read] All roads have been successfully read.
07.01.2024 21:58:33 [Information] [RoadsController] Navigating to the page "Read All Roads".
07.01.2024 21:58:35 [Information] [RoadsController/Read/1] Reading a road with Id 1...
07.01.2024 21:58:35 [Information] [RoadsApiController/Get/1] Getting a road with Id 1...
07.01.2024 21:58:35 [Information] [RoadsApiController/Get/1] The road with Id 1 was successfully received.
07.01.2024 21:58:35 [Information] [RoadsController/Read/1] The road with Id 1 was successfully read.
07.01.2024 21:58:35 [Information] [RoadsController] Navigating to the page "Read Road By Id".
07.01.2024 21:58:36 [Information] [RoadsController/Read/1] Reading a road with Id 1...
07.01.2024 21:58:36 [Information] [RoadsApiController/Get/1] Getting a road with Id 1...
07.01.2024 21:58:36 [Information] [RoadsApiController/Get/1] The road with Id 1 was successfully received.
07.01.2024 21:58:36 [Information] [RoadsController/Read/1] The road with Id 1 was successfully read.
07.01.2024 21:58:36 [Information] [RoadsController] Navigating to the page "Read Road By Id".
