05.02.2024 16:31:55 [Information] [HomeApiController/Get/Plans] Getting plans...
05.02.2024 16:31:56 [Information] [HomeApiController/Get/Plans] Plans have been successfully received.
05.02.2024 16:32:01 [Information] [TechnicalConditionsOfRoadsController/Read] Reading all technical conditions of roads...
05.02.2024 16:32:01 [Information] [TechnicalConditionsOfRoadsApiController/Get] Getting all the technical conditions of roads...
05.02.2024 16:32:03 [Information] [TechnicalConditionsOfRoadsApiController/Get] All technical conditions of roads have been successfully received.
05.02.2024 16:32:03 [Information] [TechnicalConditionsOfRoadsController/Read] All technical conditions of roads have been successfully read.
05.02.2024 16:32:03 [Information] [TechnicalConditionsOfRoadsController/Read] Reading all roads...
05.02.2024 16:32:03 [Information] [RoadsApiController/Get] Getting all the roads...
05.02.2024 16:32:03 [Information] [RoadsApiController/Get] All roads have been successfully received.
05.02.2024 16:32:03 [Information] [TechnicalConditionsOfRoadsController/Read] All roads have been successfully read.
05.02.2024 16:32:03 [Information] [TechnicalConditionsOfRoadsController] Navigating to the page "Read All Technical Conditions Of Roads By Year".
05.02.2024 16:32:10 [Information] [TechnicalConditionsOfRoadsController/Read/1/2009] Reading the technical conditions of road for 2009...
05.02.2024 16:32:10 [Information] [TechnicalConditionsOfRoadsApiController/Get] Getting all the technical conditions of roads...
05.02.2024 16:32:11 [Information] [TechnicalConditionsOfRoadsApiController/Get] All technical conditions of roads have been successfully received.
05.02.2024 16:32:12 [Information] [TechnicalConditionsOfRoadsController/Read/1/2009] The technical conditions of road for 2009 was successfully read.
05.02.2024 16:32:12 [Information] [TechnicalConditionsOfRoadsController] Navigating to the page "Read Technical Conditions Of Road For 2009".
05.02.2024 16:32:54 [Information] [TechnicalConditionsOfRoadsController/Create] Reading all roads...
05.02.2024 16:32:54 [Information] [RoadsApiController/Get] Getting all the roads...
05.02.2024 16:32:54 [Information] [RoadsApiController/Get] All roads have been successfully received.
05.02.2024 16:32:54 [Information] [TechnicalConditionsOfRoadsController/Create] All roads have been successfully read.
05.02.2024 16:32:54 [Information] [TechnicalConditionsOfRoadsController] Navigating to the page "Create Technical Condition Of Road".
05.02.2024 16:33:11 [Information] [HomeApiController/Get/Plans] Getting plans...
05.02.2024 16:33:11 [Information] [HomeApiController/Get/Plans] Plans have been successfully received.
