06.03.2024 19:04:27 [Information] [RoadWorksProgramsController/Read] Reading all road works programs...
06.03.2024 19:04:27 [Information] [RoadWorksProgramsApiController/Get] Getting all the road works programs...
06.03.2024 19:04:28 [Information] [RoadWorksProgramsApiController/Get] All road works programs have been successfully received.
06.03.2024 19:04:28 [Information] [RoadWorksProgramsController/Read] All road works programs have been successfully read.
06.03.2024 19:04:28 [Information] [RoadWorksProgramsController/Read] Reading all roads...
06.03.2024 19:04:28 [Information] [RoadsApiController/Get] Getting all the roads...
06.03.2024 19:04:28 [Information] [RoadsApiController/Get] All roads have been successfully received.
06.03.2024 19:04:28 [Information] [RoadWorksProgramsController/Read] All roads have been successfully read.
06.03.2024 19:04:28 [Information] [RoadWorksProgramsController] Navigating to the page "Read All Road Works Programs By Year".
06.03.2024 19:04:29 [Information] [RoadWorksProgramsController/Read/2/2021] Reading the road works programs for 2021...
06.03.2024 19:04:29 [Information] [RoadWorksProgramsApiController/Get] Getting all the road works programs...
06.03.2024 19:04:29 [Information] [RoadWorksProgramsApiController/Get] All road works programs have been successfully received.
06.03.2024 19:04:29 [Information] [RoadWorksProgramsController/Read/2/2021] The road works programs for 2021 was successfully read.
06.03.2024 19:04:29 [Information] [RoadWorksProgramsController] Navigating to the page "Read Road Works Programs For 2021".
06.03.2024 19:04:43 [Information] [EstimatesController/Read/41] Reading a estimate with Id 41...
06.03.2024 19:04:43 [Information] [EstimatesApiController/Get/41] Getting a estimate with Id 41...
06.03.2024 19:04:43 [Information] [EstimatesApiController/Get/41] The estimate with Id 41 was successfully received.
06.03.2024 19:04:43 [Information] [EstimatesController/Read/41] The estimate with Id 41 was successfully read.
06.03.2024 19:04:43 [Information] [EstimatesController] Navigating to the page "Read Estimate By Id".
06.03.2024 19:04:50 [Information] [RoadWorksProgramsController/Read/2/2021] Reading the road works programs for 2021...
06.03.2024 19:04:50 [Information] [RoadWorksProgramsApiController/Get] Getting all the road works programs...
06.03.2024 19:04:50 [Information] [RoadWorksProgramsApiController/Get] All road works programs have been successfully received.
06.03.2024 19:04:50 [Information] [RoadWorksProgramsController/Read/2/2021] The road works programs for 2021 was successfully read.
06.03.2024 19:04:50 [Information] [RoadWorksProgramsController] Navigating to the page "Read Road Works Programs For 2021".
06.03.2024 19:04:56 [Information] [EstimatesController/Read/42] Reading a estimate with Id 42...
06.03.2024 19:04:56 [Information] [EstimatesApiController/Get/42] Getting a estimate with Id 42...
06.03.2024 19:04:56 [Information] [EstimatesApiController/Get/42] The estimate with Id 42 was successfully received.
06.03.2024 19:04:56 [Information] [EstimatesController/Read/42] The estimate with Id 42 was successfully read.
06.03.2024 19:04:56 [Information] [EstimatesController] Navigating to the page "Read Estimate By Id".
06.03.2024 19:04:59 [Information] [RoadWorksProgramsController/Read/2/2021] Reading the road works programs for 2021...
06.03.2024 19:04:59 [Information] [RoadWorksProgramsApiController/Get] Getting all the road works programs...
06.03.2024 19:04:59 [Information] [RoadWorksProgramsApiController/Get] All road works programs have been successfully received.
06.03.2024 19:04:59 [Information] [RoadWorksProgramsController/Read/2/2021] The road works programs for 2021 was successfully read.
06.03.2024 19:04:59 [Information] [RoadWorksProgramsController] Navigating to the page "Read Road Works Programs For 2021".
06.03.2024 19:05:16 [Information] [EstimatesController/Read/41] Reading a estimate with Id 41...
06.03.2024 19:05:16 [Information] [EstimatesApiController/Get/41] Getting a estimate with Id 41...
06.03.2024 19:05:16 [Information] [EstimatesApiController/Get/41] The estimate with Id 41 was successfully received.
06.03.2024 19:05:16 [Information] [EstimatesController/Read/41] The estimate with Id 41 was successfully read.
06.03.2024 19:05:16 [Information] [EstimatesController] Navigating to the page "Read Estimate By Id".
06.03.2024 19:05:17 [Information] [RoadWorksProgramsController/Read/2/2021] Reading the road works programs for 2021...
06.03.2024 19:05:17 [Information] [RoadWorksProgramsApiController/Get] Getting all the road works programs...
06.03.2024 19:05:17 [Information] [RoadWorksProgramsApiController/Get] All road works programs have been successfully received.
06.03.2024 19:05:17 [Information] [RoadWorksProgramsController/Read/2/2021] The road works programs for 2021 was successfully read.
06.03.2024 19:05:17 [Information] [RoadWorksProgramsController] Navigating to the page "Read Road Works Programs For 2021".
06.03.2024 19:05:23 [Information] [EstimatesController/Read/41] Reading a estimate with Id 41...
06.03.2024 19:05:23 [Information] [EstimatesApiController/Get/41] Getting a estimate with Id 41...
06.03.2024 19:05:23 [Information] [EstimatesApiController/Get/41] The estimate with Id 41 was successfully received.
06.03.2024 19:05:23 [Information] [EstimatesController/Read/41] The estimate with Id 41 was successfully read.
06.03.2024 19:05:23 [Information] [EstimatesController] Navigating to the page "Read Estimate By Id".
06.03.2024 19:05:25 [Information] [RoadWorksProgramsController/Read/2/2021] Reading the road works programs for 2021...
06.03.2024 19:05:25 [Information] [RoadWorksProgramsApiController/Get] Getting all the road works programs...
06.03.2024 19:05:25 [Information] [RoadWorksProgramsApiController/Get] All road works programs have been successfully received.
06.03.2024 19:05:25 [Information] [RoadWorksProgramsController/Read/2/2021] The road works programs for 2021 was successfully read.
06.03.2024 19:05:25 [Information] [RoadWorksProgramsController] Navigating to the page "Read Road Works Programs For 2021".
06.03.2024 19:05:39 [Information] [TechnicalConditionsOfRoadsController/Read] Reading all technical conditions of roads...
06.03.2024 19:05:39 [Information] [TechnicalConditionsOfRoadsApiController/Get] Getting all the technical conditions of roads...
06.03.2024 19:05:41 [Information] [TechnicalConditionsOfRoadsApiController/Get] All technical conditions of roads have been successfully received.
06.03.2024 19:05:41 [Information] [TechnicalConditionsOfRoadsController/Read] All technical conditions of roads have been successfully read.
06.03.2024 19:05:41 [Information] [TechnicalConditionsOfRoadsController/Read] Reading all roads...
06.03.2024 19:05:41 [Information] [RoadsApiController/Get] Getting all the roads...
06.03.2024 19:05:41 [Information] [RoadsApiController/Get] All roads have been successfully received.
06.03.2024 19:05:41 [Information] [TechnicalConditionsOfRoadsController/Read] All roads have been successfully read.
06.03.2024 19:05:41 [Information] [TechnicalConditionsOfRoadsController] Navigating to the page "Read All Technical Conditions Of Roads By Year".
06.03.2024 19:05:42 [Information] [TechnicalConditionsOfRoadsController/Read/1/2008] Reading the technical conditions of road for 2008...
06.03.2024 19:05:42 [Information] [TechnicalConditionsOfRoadsApiController/Get] Getting all the technical conditions of roads...
06.03.2024 19:05:43 [Information] [TechnicalConditionsOfRoadsApiController/Get] All technical conditions of roads have been successfully received.
06.03.2024 19:05:43 [Information] [TechnicalConditionsOfRoadsController/Read/1/2008] The technical conditions of road for 2008 was successfully read.
06.03.2024 19:05:43 [Information] [TechnicalConditionsOfRoadsController] Navigating to the page "Read Technical Conditions Of Road For 2008".
06.03.2024 19:05:51 [Information] [RoadWorksProgramsController/Read] Reading all road works programs...
06.03.2024 19:05:51 [Information] [RoadWorksProgramsApiController/Get] Getting all the road works programs...
06.03.2024 19:05:51 [Information] [RoadWorksProgramsApiController/Get] All road works programs have been successfully received.
06.03.2024 19:05:51 [Information] [RoadWorksProgramsController/Read] All road works programs have been successfully read.
06.03.2024 19:05:51 [Information] [RoadWorksProgramsController/Read] Reading all roads...
06.03.2024 19:05:51 [Information] [RoadsApiController/Get] Getting all the roads...
06.03.2024 19:05:51 [Information] [RoadsApiController/Get] All roads have been successfully received.
06.03.2024 19:05:51 [Information] [RoadWorksProgramsController/Read] All roads have been successfully read.
06.03.2024 19:05:51 [Information] [RoadWorksProgramsController] Navigating to the page "Read All Road Works Programs By Year".
06.03.2024 19:05:52 [Information] [RoadWorksProgramsController/Read/2/2021] Reading the road works programs for 2021...
06.03.2024 19:05:52 [Information] [RoadWorksProgramsApiController/Get] Getting all the road works programs...
06.03.2024 19:05:52 [Information] [RoadWorksProgramsApiController/Get] All road works programs have been successfully received.
06.03.2024 19:05:52 [Information] [RoadWorksProgramsController/Read/2/2021] The road works programs for 2021 was successfully read.
06.03.2024 19:05:52 [Information] [RoadWorksProgramsController] Navigating to the page "Read Road Works Programs For 2021".
06.03.2024 19:06:17 [Information] [RoadWorksProgramsController/Read/2/2022] Reading the road works programs for 2022...
06.03.2024 19:06:17 [Information] [RoadWorksProgramsApiController/Get] Getting all the road works programs...
06.03.2024 19:06:17 [Information] [RoadWorksProgramsApiController/Get] All road works programs have been successfully received.
06.03.2024 19:06:17 [Information] [RoadWorksProgramsController/Read/2/2022] The road works programs for 2022 was successfully read.
06.03.2024 19:06:17 [Information] [RoadWorksProgramsController] Navigating to the page "Read Road Works Programs For 2022".
06.03.2024 19:06:23 [Information] [EstimatesController/Read/41] Reading a estimate with Id 41...
06.03.2024 19:06:23 [Information] [EstimatesApiController/Get/41] Getting a estimate with Id 41...
06.03.2024 19:06:23 [Information] [EstimatesApiController/Get/41] The estimate with Id 41 was successfully received.
06.03.2024 19:06:23 [Information] [EstimatesController/Read/41] The estimate with Id 41 was successfully read.
06.03.2024 19:06:23 [Information] [EstimatesController] Navigating to the page "Read Estimate By Id".
06.03.2024 19:06:26 [Information] [RoadWorksProgramsController/Read/2/2022] Reading the road works programs for 2022...
06.03.2024 19:06:26 [Information] [RoadWorksProgramsApiController/Get] Getting all the road works programs...
06.03.2024 19:06:26 [Information] [RoadWorksProgramsApiController/Get] All road works programs have been successfully received.
06.03.2024 19:06:26 [Information] [RoadWorksProgramsController/Read/2/2022] The road works programs for 2022 was successfully read.
06.03.2024 19:06:26 [Information] [RoadWorksProgramsController] Navigating to the page "Read Road Works Programs For 2022".
06.03.2024 19:06:28 [Information] [EstimatesController/Read/42] Reading a estimate with Id 42...
06.03.2024 19:06:28 [Information] [EstimatesApiController/Get/42] Getting a estimate with Id 42...
06.03.2024 19:06:28 [Information] [EstimatesApiController/Get/42] The estimate with Id 42 was successfully received.
06.03.2024 19:06:28 [Information] [EstimatesController/Read/42] The estimate with Id 42 was successfully read.
06.03.2024 19:06:28 [Information] [EstimatesController] Navigating to the page "Read Estimate By Id".
06.03.2024 19:06:30 [Information] [RoadWorksProgramsController/Read/2/2022] Reading the road works programs for 2022...
06.03.2024 19:06:30 [Information] [RoadWorksProgramsApiController/Get] Getting all the road works programs...
06.03.2024 19:06:30 [Information] [RoadWorksProgramsApiController/Get] All road works programs have been successfully received.
06.03.2024 19:06:30 [Information] [RoadWorksProgramsController/Read/2/2022] The road works programs for 2022 was successfully read.
06.03.2024 19:06:30 [Information] [RoadWorksProgramsController] Navigating to the page "Read Road Works Programs For 2022".
