11.03.2024 20:40:25 [Information] [RoadWorksProgramsController/Read] Reading all road works programs...
11.03.2024 20:40:25 [Information] [RoadWorksProgramsApiController/Get] Getting all the road works programs...
11.03.2024 20:40:26 [Information] [RoadWorksProgramsApiController/Get] All road works programs have been successfully received.
11.03.2024 20:40:26 [Information] [RoadWorksProgramsController/Read] All road works programs have been successfully read.
11.03.2024 20:40:27 [Information] [RoadWorksProgramsController/Read] Reading all roads...
11.03.2024 20:40:27 [Information] [RoadsApiController/Get] Getting all the roads...
11.03.2024 20:40:27 [Information] [RoadsApiController/Get] All roads have been successfully received.
11.03.2024 20:40:27 [Information] [RoadWorksProgramsController/Read] All roads have been successfully read.
11.03.2024 20:40:27 [Information] [RoadWorksProgramsController] Navigating to the page "Read All Road Works Programs By Year".
11.03.2024 20:40:34 [Information] [RoadWorksProgramsController/Read/1/2023] Reading the road works program for 2023...
11.03.2024 20:40:34 [Information] [RoadWorksProgramsApiController/Get] Getting all the road works programs...
11.03.2024 20:40:35 [Information] [RoadWorksProgramsApiController/Get] All road works programs have been successfully received.
11.03.2024 20:40:35 [Information] [RoadWorksProgramsController/Read/1/2023] The road works program for 2023 was successfully read.
11.03.2024 20:40:35 [Information] [RoadWorksProgramsController] Navigating to the page "Read Road Works Program For 2023".
11.03.2024 20:41:02 [Information] [RoadWorksProgramsController/Read] Reading all road works programs...
11.03.2024 20:41:02 [Information] [RoadWorksProgramsApiController/Get] Getting all the road works programs...
11.03.2024 20:41:03 [Information] [RoadWorksProgramsApiController/Get] All road works programs have been successfully received.
11.03.2024 20:41:03 [Information] [RoadWorksProgramsController/Read] All road works programs have been successfully read.
11.03.2024 20:41:03 [Information] [RoadWorksProgramsController/Read] Reading all roads...
11.03.2024 20:41:03 [Information] [RoadsApiController/Get] Getting all the roads...
11.03.2024 20:41:03 [Information] [RoadsApiController/Get] All roads have been successfully received.
11.03.2024 20:41:03 [Information] [RoadWorksProgramsController/Read] All roads have been successfully read.
11.03.2024 20:41:03 [Information] [RoadWorksProgramsController] Navigating to the page "Read All Road Works Programs By Year".
11.03.2024 20:41:04 [Information] [RoadWorksProgramsController/Read/2/2023] Reading the road works program for 2023...
11.03.2024 20:41:04 [Information] [RoadWorksProgramsApiController/Get] Getting all the road works programs...
11.03.2024 20:41:04 [Information] [RoadWorksProgramsApiController/Get] All road works programs have been successfully received.
11.03.2024 20:41:04 [Information] [RoadWorksProgramsController/Read/2/2023] The road works program for 2023 was successfully read.
11.03.2024 20:41:04 [Information] [RoadWorksProgramsController] Navigating to the page "Read Road Works Program For 2023".
11.03.2024 20:41:07 [Information] [RoadWorksProgramsController/Read] Reading all road works programs...
11.03.2024 20:41:07 [Information] [RoadWorksProgramsApiController/Get] Getting all the road works programs...
11.03.2024 20:41:07 [Information] [RoadWorksProgramsApiController/Get] All road works programs have been successfully received.
11.03.2024 20:41:07 [Information] [RoadWorksProgramsController/Read] All road works programs have been successfully read.
11.03.2024 20:41:07 [Information] [RoadWorksProgramsController/Read] Reading all roads...
11.03.2024 20:41:07 [Information] [RoadsApiController/Get] Getting all the roads...
11.03.2024 20:41:07 [Information] [RoadsApiController/Get] All roads have been successfully received.
11.03.2024 20:41:07 [Information] [RoadWorksProgramsController/Read] All roads have been successfully read.
11.03.2024 20:41:07 [Information] [RoadWorksProgramsController] Navigating to the page "Read All Road Works Programs By Year".
11.03.2024 20:41:08 [Information] [RoadWorksProgramsController/Read/1/2023] Reading the road works program for 2023...
11.03.2024 20:41:08 [Information] [RoadWorksProgramsApiController/Get] Getting all the road works programs...
11.03.2024 20:41:08 [Information] [RoadWorksProgramsApiController/Get] All road works programs have been successfully received.
11.03.2024 20:41:08 [Information] [RoadWorksProgramsController/Read/1/2023] The road works program for 2023 was successfully read.
11.03.2024 20:41:08 [Information] [RoadWorksProgramsController] Navigating to the page "Read Road Works Program For 2023".
11.03.2024 20:41:43 [Information] [TechnicalConditionsOfRoadsController/Read] Reading all technical conditions of roads...
11.03.2024 20:41:43 [Information] [TechnicalConditionsOfRoadsApiController/Get] Getting all the technical conditions of roads...
11.03.2024 20:41:45 [Information] [TechnicalConditionsOfRoadsApiController/Get] All technical conditions of roads have been successfully received.
11.03.2024 20:41:45 [Information] [TechnicalConditionsOfRoadsController/Read] All technical conditions of roads have been successfully read.
11.03.2024 20:41:45 [Information] [TechnicalConditionsOfRoadsController/Read] Reading all roads...
11.03.2024 20:41:45 [Information] [RoadsApiController/Get] Getting all the roads...
11.03.2024 20:41:45 [Information] [RoadsApiController/Get] All roads have been successfully received.
11.03.2024 20:41:45 [Information] [TechnicalConditionsOfRoadsController/Read] All roads have been successfully read.
11.03.2024 20:41:45 [Information] [TechnicalConditionsOfRoadsController] Navigating to the page "Read All Technical Conditions Of Roads By Year".
