07.03.2024 19:49:12 [Information] [RoadWorksProgramsController/Read] Reading all road works programs...
07.03.2024 19:49:12 [Information] [RoadWorksProgramsApiController/Get] Getting all the road works programs...
07.03.2024 19:49:13 [Information] [RoadWorksProgramsApiController/Get] All road works programs have been successfully received.
07.03.2024 19:49:13 [Information] [RoadWorksProgramsController/Read] All road works programs have been successfully read.
07.03.2024 19:49:13 [Information] [RoadWorksProgramsController/Read] Reading all roads...
07.03.2024 19:49:13 [Information] [RoadsApiController/Get] Getting all the roads...
07.03.2024 19:49:13 [Information] [RoadsApiController/Get] All roads have been successfully received.
07.03.2024 19:49:13 [Information] [RoadWorksProgramsController/Read] All roads have been successfully read.
07.03.2024 19:49:13 [Information] [RoadWorksProgramsController] Navigating to the page "Read All Road Works Programs By Year".
07.03.2024 19:49:15 [Information] [RoadWorksProgramsController/Create] Reading all roads...
07.03.2024 19:49:15 [Information] [RoadsApiController/Get] Getting all the roads...
07.03.2024 19:49:15 [Information] [RoadsApiController/Get] All roads have been successfully received.
07.03.2024 19:49:15 [Information] [RoadWorksProgramsController/Create] All roads have been successfully read.
07.03.2024 19:49:15 [Information] [RoadWorksProgramsController/Create] Reading all estimates...
07.03.2024 19:49:15 [Information] [EstimatesApiController/Get] Getting all the estimates...
07.03.2024 19:49:15 [Information] [EstimatesApiController/Get] All estimates have been successfully received.
07.03.2024 19:49:15 [Information] [RoadWorksProgramsController/Create] All estimates have been successfully read.
07.03.2024 19:49:15 [Information] [RoadWorksProgramsController] Navigating to the page "Create Road Works Program".
07.03.2024 19:49:53 [Information] [RoadWorksProgramsController/Read] Reading all road works programs...
07.03.2024 19:49:53 [Information] [RoadWorksProgramsApiController/Get] Getting all the road works programs...
07.03.2024 19:49:53 [Information] [RoadWorksProgramsApiController/Get] All road works programs have been successfully received.
07.03.2024 19:49:53 [Information] [RoadWorksProgramsController/Read] All road works programs have been successfully read.
07.03.2024 19:49:53 [Information] [RoadWorksProgramsController/Read] Reading all roads...
07.03.2024 19:49:53 [Information] [RoadsApiController/Get] Getting all the roads...
07.03.2024 19:49:53 [Information] [RoadsApiController/Get] All roads have been successfully received.
07.03.2024 19:49:53 [Information] [RoadWorksProgramsController/Read] All roads have been successfully read.
07.03.2024 19:49:53 [Information] [RoadWorksProgramsController] Navigating to the page "Read All Road Works Programs By Year".
07.03.2024 19:49:56 [Information] [RoadWorksProgramsController/Create] Reading all roads...
07.03.2024 19:49:56 [Information] [RoadsApiController/Get] Getting all the roads...
07.03.2024 19:49:56 [Information] [RoadsApiController/Get] All roads have been successfully received.
07.03.2024 19:49:56 [Information] [RoadWorksProgramsController/Create] All roads have been successfully read.
07.03.2024 19:49:56 [Information] [RoadWorksProgramsController/Create] Reading all estimates...
07.03.2024 19:49:56 [Information] [EstimatesApiController/Get] Getting all the estimates...
07.03.2024 19:49:57 [Information] [EstimatesApiController/Get] All estimates have been successfully received.
07.03.2024 19:49:57 [Information] [RoadWorksProgramsController/Create] All estimates have been successfully read.
07.03.2024 19:49:57 [Information] [RoadWorksProgramsController] Navigating to the page "Create Road Works Program".
07.03.2024 19:50:39 [Information] [RoadWorksProgramsController/Read] Reading all road works programs...
07.03.2024 19:50:39 [Information] [RoadWorksProgramsApiController/Get] Getting all the road works programs...
07.03.2024 19:50:39 [Information] [RoadWorksProgramsApiController/Get] All road works programs have been successfully received.
07.03.2024 19:50:39 [Information] [RoadWorksProgramsController/Read] All road works programs have been successfully read.
07.03.2024 19:50:39 [Information] [RoadWorksProgramsController/Read] Reading all roads...
07.03.2024 19:50:39 [Information] [RoadsApiController/Get] Getting all the roads...
07.03.2024 19:50:39 [Information] [RoadsApiController/Get] All roads have been successfully received.
07.03.2024 19:50:39 [Information] [RoadWorksProgramsController/Read] All roads have been successfully read.
07.03.2024 19:50:39 [Information] [RoadWorksProgramsController] Navigating to the page "Read All Road Works Programs By Year".
07.03.2024 19:50:47 [Information] [RoadWorksProgramsController/Create] Reading all roads...
07.03.2024 19:50:47 [Information] [RoadsApiController/Get] Getting all the roads...
07.03.2024 19:50:47 [Information] [RoadsApiController/Get] All roads have been successfully received.
07.03.2024 19:50:47 [Information] [RoadWorksProgramsController/Create] All roads have been successfully read.
07.03.2024 19:50:47 [Information] [RoadWorksProgramsController/Create] Reading all estimates...
07.03.2024 19:50:47 [Information] [EstimatesApiController/Get] Getting all the estimates...
07.03.2024 19:50:48 [Information] [EstimatesApiController/Get] All estimates have been successfully received.
07.03.2024 19:50:48 [Information] [RoadWorksProgramsController/Create] All estimates have been successfully read.
07.03.2024 19:50:48 [Information] [RoadWorksProgramsController] Navigating to the page "Create Road Works Program".
07.03.2024 19:58:35 [Information] [RoadWorksProgramsController/Create] Reading all roads...
07.03.2024 19:58:35 [Information] [RoadsApiController/Get] Getting all the roads...
07.03.2024 19:58:35 [Information] [RoadsApiController/Get] All roads have been successfully received.
07.03.2024 19:58:35 [Information] [RoadWorksProgramsController/Create] All roads have been successfully read.
07.03.2024 19:58:35 [Information] [RoadWorksProgramsController/Create] Reading all estimates...
07.03.2024 19:58:35 [Information] [EstimatesApiController/Get] Getting all the estimates...
07.03.2024 19:58:36 [Information] [EstimatesApiController/Get] All estimates have been successfully received.
07.03.2024 19:58:36 [Information] [RoadWorksProgramsController/Create] All estimates have been successfully read.
07.03.2024 19:58:36 [Information] [RoadWorksProgramsController] Navigating to the page "Create Road Works Program".
07.03.2024 20:00:50 [Information] [RoadWorksProgramsController/Create] Reading all roads...
07.03.2024 20:00:50 [Information] [RoadsApiController/Get] Getting all the roads...
07.03.2024 20:00:50 [Information] [RoadsApiController/Get] All roads have been successfully received.
07.03.2024 20:00:50 [Information] [RoadWorksProgramsController/Create] All roads have been successfully read.
07.03.2024 20:00:50 [Information] [RoadWorksProgramsController/Create] Reading all estimates...
07.03.2024 20:00:50 [Information] [EstimatesApiController/Get] Getting all the estimates...
07.03.2024 20:00:51 [Information] [EstimatesApiController/Get] All estimates have been successfully received.
07.03.2024 20:00:51 [Information] [RoadWorksProgramsController/Create] All estimates have been successfully read.
07.03.2024 20:00:51 [Information] [RoadWorksProgramsController] Navigating to the page "Create Road Works Program".
07.03.2024 20:08:02 [Information] [RoadWorksProgramsController/Create] Reading all roads...
07.03.2024 20:08:02 [Information] [RoadsApiController/Get] Getting all the roads...
07.03.2024 20:08:02 [Information] [RoadsApiController/Get] All roads have been successfully received.
07.03.2024 20:08:02 [Information] [RoadWorksProgramsController/Create] All roads have been successfully read.
07.03.2024 20:08:02 [Information] [RoadWorksProgramsController/Create] Reading all estimates...
07.03.2024 20:08:02 [Information] [EstimatesApiController/Get] Getting all the estimates...
07.03.2024 20:08:02 [Information] [EstimatesApiController/Get] All estimates have been successfully received.
07.03.2024 20:08:02 [Information] [RoadWorksProgramsController/Create] All estimates have been successfully read.
07.03.2024 20:08:02 [Information] [RoadWorksProgramsController] Navigating to the page "Create Road Works Program".
07.03.2024 20:11:06 [Information] [RoadWorksProgramsController/Create] Reading all roads...
07.03.2024 20:11:06 [Information] [RoadsApiController/Get] Getting all the roads...
07.03.2024 20:11:06 [Information] [RoadsApiController/Get] All roads have been successfully received.
07.03.2024 20:11:06 [Information] [RoadWorksProgramsController/Create] All roads have been successfully read.
07.03.2024 20:11:06 [Information] [RoadWorksProgramsController/Create] Reading all estimates...
07.03.2024 20:11:06 [Information] [EstimatesApiController/Get] Getting all the estimates...
07.03.2024 20:11:07 [Information] [EstimatesApiController/Get] All estimates have been successfully received.
07.03.2024 20:11:07 [Information] [RoadWorksProgramsController/Create] All estimates have been successfully read.
07.03.2024 20:11:07 [Information] [RoadWorksProgramsController] Navigating to the page "Create Road Works Program".
07.03.2024 20:12:09 [Information] [RoadWorksProgramsController/Create] Reading all roads...
07.03.2024 20:12:09 [Information] [RoadsApiController/Get] Getting all the roads...
07.03.2024 20:12:09 [Information] [RoadsApiController/Get] All roads have been successfully received.
07.03.2024 20:12:09 [Information] [RoadWorksProgramsController/Create] All roads have been successfully read.
07.03.2024 20:12:09 [Information] [RoadWorksProgramsController/Create] Reading all estimates...
07.03.2024 20:12:09 [Information] [EstimatesApiController/Get] Getting all the estimates...
07.03.2024 20:12:09 [Information] [EstimatesApiController/Get] All estimates have been successfully received.
07.03.2024 20:12:09 [Information] [RoadWorksProgramsController/Create] All estimates have been successfully read.
07.03.2024 20:12:09 [Information] [RoadWorksProgramsController] Navigating to the page "Create Road Works Program".
