07.01.2024 21:42:57 [Information] [RoadsController/Read] Reading all roads...
07.01.2024 21:42:57 [Information] [RoadsApiController/Get] Getting all the roads...
07.01.2024 21:42:58 [Information] [RoadsApiController/Get] All roads have been successfully received.
07.01.2024 21:42:58 [Information] [RoadsController/Read] All roads have been successfully read.
07.01.2024 21:42:58 [Information] [RoadsController] Navigating to the page "Read All Roads".
07.01.2024 21:42:59 [Information] [RoadsController/Read/1] Reading a road with Id 1...
07.01.2024 21:42:59 [Information] [RoadsApiController/Get/1] Getting a road with Id 1...
07.01.2024 21:42:59 [Information] [RoadsApiController/Get/1] The road with Id 1 was successfully received.
07.01.2024 21:42:59 [Information] [RoadsController/Read/1] The road with Id 1 was successfully read.
07.01.2024 21:42:59 [Information] [RoadsController] Navigating to the page "Read Road By Id".
07.01.2024 21:43:03 [Information] [RoadsController/Update/1] Reading a road with Id 1...
07.01.2024 21:43:03 [Information] [RoadsApiController/Get/1] Getting a road with Id 1...
07.01.2024 21:43:03 [Information] [RoadsApiController/Get/1] The road with Id 1 was successfully received.
07.01.2024 21:43:03 [Information] [RoadsController/Update/1] The road with Id 1 was successfully read.
07.01.2024 21:43:03 [Information] [RoadsController] Navigating to the page "Update Road".
07.01.2024 21:43:11 [Information] [RoadsController/Delete/1] Reading a road with Id 1...
07.01.2024 21:43:11 [Information] [RoadsApiController/Get/1] Getting a road with Id 1...
07.01.2024 21:43:11 [Information] [RoadsApiController/Get/1] The road with Id 1 was successfully received.
07.01.2024 21:43:11 [Information] [RoadsController/Delete/1] The road with Id 1 was successfully read.
07.01.2024 21:43:11 [Information] [RoadsController] Navigating to the page "Delete Road".
07.01.2024 21:43:16 [Information] [RoadsController/Update/1] Reading a road with Id 1...
07.01.2024 21:43:16 [Information] [RoadsApiController/Get/1] Getting a road with Id 1...
07.01.2024 21:43:16 [Information] [RoadsApiController/Get/1] The road with Id 1 was successfully received.
07.01.2024 21:43:16 [Information] [RoadsController/Update/1] The road with Id 1 was successfully read.
07.01.2024 21:43:16 [Information] [RoadsController] Navigating to the page "Update Road".
07.01.2024 21:43:18 [Information] [RoadsController/Read/1] Reading a road with Id 1...
07.01.2024 21:43:18 [Information] [RoadsApiController/Get/1] Getting a road with Id 1...
07.01.2024 21:43:18 [Information] [RoadsApiController/Get/1] The road with Id 1 was successfully received.
07.01.2024 21:43:18 [Information] [RoadsController/Read/1] The road with Id 1 was successfully read.
07.01.2024 21:43:19 [Information] [RoadsController] Navigating to the page "Read Road By Id".
07.01.2024 21:43:22 [Information] [RoadsController/Update/1] Reading a road with Id 1...
07.01.2024 21:43:22 [Information] [RoadsApiController/Get/1] Getting a road with Id 1...
07.01.2024 21:43:22 [Information] [RoadsApiController/Get/1] The road with Id 1 was successfully received.
07.01.2024 21:43:22 [Information] [RoadsController/Update/1] The road with Id 1 was successfully read.
07.01.2024 21:43:22 [Information] [RoadsController] Navigating to the page "Update Road".
07.01.2024 21:43:25 [Information] [RoadsController/Delete/1] Reading a road with Id 1...
07.01.2024 21:43:25 [Information] [RoadsApiController/Get/1] Getting a road with Id 1...
07.01.2024 21:43:25 [Information] [RoadsApiController/Get/1] The road with Id 1 was successfully received.
07.01.2024 21:43:25 [Information] [RoadsController/Delete/1] The road with Id 1 was successfully read.
07.01.2024 21:43:25 [Information] [RoadsController] Navigating to the page "Delete Road".
07.01.2024 21:43:33 [Information] [RoadsController/Delete/1] Reading a road with Id 1...
07.01.2024 21:43:33 [Information] [RoadsApiController/Get/1] Getting a road with Id 1...
07.01.2024 21:43:33 [Information] [RoadsApiController/Get/1] The road with Id 1 was successfully received.
07.01.2024 21:43:33 [Information] [RoadsController/Delete/1] The road with Id 1 was successfully read.
07.01.2024 21:43:33 [Information] [RoadsController] Navigating to the page "Delete Road".
07.01.2024 21:43:36 [Information] [RoadsController/Update/1] Reading a road with Id 1...
07.01.2024 21:43:36 [Information] [RoadsApiController/Get/1] Getting a road with Id 1...
07.01.2024 21:43:36 [Information] [RoadsApiController/Get/1] The road with Id 1 was successfully received.
07.01.2024 21:43:36 [Information] [RoadsController/Update/1] The road with Id 1 was successfully read.
07.01.2024 21:43:36 [Information] [RoadsController] Navigating to the page "Update Road".
07.01.2024 21:43:39 [Information] [RoadsController/Read/1] Reading a road with Id 1...
07.01.2024 21:43:39 [Information] [RoadsApiController/Get/1] Getting a road with Id 1...
07.01.2024 21:43:39 [Information] [RoadsApiController/Get/1] The road with Id 1 was successfully received.
07.01.2024 21:43:39 [Information] [RoadsController/Read/1] The road with Id 1 was successfully read.
07.01.2024 21:43:39 [Information] [RoadsController] Navigating to the page "Read Road By Id".
07.01.2024 21:43:42 [Information] [RoadsController/Update/1] Reading a road with Id 1...
07.01.2024 21:43:42 [Information] [RoadsApiController/Get/1] Getting a road with Id 1...
07.01.2024 21:43:42 [Information] [RoadsApiController/Get/1] The road with Id 1 was successfully received.
07.01.2024 21:43:42 [Information] [RoadsController/Update/1] The road with Id 1 was successfully read.
07.01.2024 21:43:42 [Information] [RoadsController] Navigating to the page "Update Road".
07.01.2024 21:43:48 [Information] [RoadsController] Navigating to the page "Create Road".
