29.02.2024 18:11:16 [Information] [RoadsController/Read] Reading all roads...
29.02.2024 18:11:16 [Information] [RoadsApiController/Get] Getting all the roads...
29.02.2024 18:11:16 [Information] [RoadsApiController/Get] All roads have been successfully received.
29.02.2024 18:11:16 [Information] [RoadsController/Read] All roads have been successfully read.
29.02.2024 18:11:16 [Information] [RoadsController] Navigating to the page "Read All Roads".
29.02.2024 18:11:20 [Information] [EstimatesController/Read] Reading all estimates...
29.02.2024 18:11:20 [Information] [EstimatesApiController/Get] Getting all the estimates...
29.02.2024 18:11:21 [Information] [EstimatesApiController/Get] All estimates have been successfully received.
29.02.2024 18:11:21 [Information] [EstimatesController/Read] All estimates have been successfully read.
29.02.2024 18:11:21 [Information] [EstimatesController/Read] Reading all roads...
29.02.2024 18:11:21 [Information] [RoadsApiController/Get] Getting all the roads...
29.02.2024 18:11:21 [Information] [RoadsApiController/Get] All roads have been successfully received.
29.02.2024 18:11:21 [Information] [EstimatesController/Read] All roads have been successfully read.
29.02.2024 18:11:21 [Information] [EstimatesController] Navigating to the page "Read All Estimates".
29.02.2024 18:11:30 [Information] [TechnicalConditionsOfRoadsController/Read] Reading all technical conditions of roads...
29.02.2024 18:11:30 [Information] [TechnicalConditionsOfRoadsApiController/Get] Getting all the technical conditions of roads...
29.02.2024 18:11:32 [Information] [TechnicalConditionsOfRoadsApiController/Get] All technical conditions of roads have been successfully received.
29.02.2024 18:11:32 [Information] [TechnicalConditionsOfRoadsController/Read] All technical conditions of roads have been successfully read.
29.02.2024 18:11:32 [Information] [TechnicalConditionsOfRoadsController/Read] Reading all roads...
29.02.2024 18:11:32 [Information] [RoadsApiController/Get] Getting all the roads...
29.02.2024 18:11:32 [Information] [RoadsApiController/Get] All roads have been successfully received.
29.02.2024 18:11:32 [Information] [TechnicalConditionsOfRoadsController/Read] All roads have been successfully read.
29.02.2024 18:11:32 [Information] [TechnicalConditionsOfRoadsController] Navigating to the page "Read All Technical Conditions Of Roads By Year".
