07.03.2024 18:21:22 [Information] [RoadWorksProgramsController/Read] Reading all road works programs...
07.03.2024 18:21:22 [Information] [RoadWorksProgramsApiController/Get] Getting all the road works programs...
07.03.2024 18:21:23 [Information] [RoadWorksProgramsApiController/Get] All road works programs have been successfully received.
07.03.2024 18:21:23 [Information] [RoadWorksProgramsController/Read] All road works programs have been successfully read.
07.03.2024 18:21:23 [Information] [RoadWorksProgramsController/Read] Reading all roads...
07.03.2024 18:21:23 [Information] [RoadsApiController/Get] Getting all the roads...
07.03.2024 18:21:23 [Information] [RoadsApiController/Get] All roads have been successfully received.
07.03.2024 18:21:23 [Information] [RoadWorksProgramsController/Read] All roads have been successfully read.
07.03.2024 18:21:23 [Information] [RoadWorksProgramsController] Navigating to the page "Read All Road Works Programs By Year".
07.03.2024 18:21:29 [Information] [RoadWorksProgramsController/Create] Reading all roads...
07.03.2024 18:21:29 [Information] [RoadsApiController/Get] Getting all the roads...
07.03.2024 18:21:29 [Information] [RoadsApiController/Get] All roads have been successfully received.
07.03.2024 18:21:29 [Information] [RoadWorksProgramsController/Create] All roads have been successfully read.
07.03.2024 18:21:29 [Information] [RoadWorksProgramsController/Create] Reading all estimates...
07.03.2024 18:21:29 [Information] [EstimatesApiController/Get] Getting all the estimates...
07.03.2024 18:21:29 [Information] [RoadWorksProgramsController/Create] Reading all roads...
07.03.2024 18:21:29 [Information] [RoadsApiController/Get] Getting all the roads...
07.03.2024 18:21:29 [Information] [RoadsApiController/Get] All roads have been successfully received.
07.03.2024 18:21:29 [Information] [RoadWorksProgramsController/Create] All roads have been successfully read.
07.03.2024 18:21:29 [Information] [RoadWorksProgramsController/Create] Reading all estimates...
07.03.2024 18:21:29 [Information] [EstimatesApiController/Get] Getting all the estimates...
07.03.2024 18:21:29 [Information] [EstimatesApiController/Get] All estimates have been successfully received.
07.03.2024 18:21:29 [Information] [RoadWorksProgramsController/Create] All estimates have been successfully read.
07.03.2024 18:21:29 [Information] [RoadWorksProgramsController] Navigating to the page "Create Road Works Program".
07.03.2024 18:21:30 [Information] [EstimatesApiController/Get] All estimates have been successfully received.
07.03.2024 18:21:30 [Information] [RoadWorksProgramsController/Create] All estimates have been successfully read.
07.03.2024 18:21:30 [Information] [RoadWorksProgramsController] Navigating to the page "Create Road Works Program".
07.03.2024 18:22:39 [Information] [RoadWorksProgramsController/Create] Reading all roads...
07.03.2024 18:22:39 [Information] [RoadsApiController/Get] Getting all the roads...
07.03.2024 18:22:39 [Information] [RoadsApiController/Get] All roads have been successfully received.
07.03.2024 18:22:39 [Information] [RoadWorksProgramsController/Create] All roads have been successfully read.
07.03.2024 18:22:39 [Information] [RoadWorksProgramsController/Create] Reading all estimates...
07.03.2024 18:22:39 [Information] [EstimatesApiController/Get] Getting all the estimates...
07.03.2024 18:22:40 [Information] [EstimatesApiController/Get] All estimates have been successfully received.
07.03.2024 18:22:40 [Information] [RoadWorksProgramsController/Create] All estimates have been successfully read.
07.03.2024 18:22:40 [Information] [RoadWorksProgramsController] Navigating to the page "Create Road Works Program".
07.03.2024 18:24:51 [Information] [RoadWorksProgramsController/Create] Reading all roads...
07.03.2024 18:24:51 [Information] [RoadsApiController/Get] Getting all the roads...
07.03.2024 18:24:51 [Information] [RoadsApiController/Get] All roads have been successfully received.
07.03.2024 18:24:51 [Information] [RoadWorksProgramsController/Create] All roads have been successfully read.
07.03.2024 18:24:51 [Information] [RoadWorksProgramsController/Create] Reading all estimates...
07.03.2024 18:24:51 [Information] [EstimatesApiController/Get] Getting all the estimates...
07.03.2024 18:24:52 [Information] [EstimatesApiController/Get] All estimates have been successfully received.
07.03.2024 18:24:52 [Information] [RoadWorksProgramsController/Create] All estimates have been successfully read.
07.03.2024 18:24:52 [Information] [RoadWorksProgramsController] Navigating to the page "Create Road Works Program".
07.03.2024 18:27:04 [Information] [RoadWorksProgramsController/Create] Reading all roads...
07.03.2024 18:27:04 [Information] [RoadsApiController/Get] Getting all the roads...
07.03.2024 18:27:04 [Information] [RoadsApiController/Get] All roads have been successfully received.
07.03.2024 18:27:04 [Information] [RoadWorksProgramsController/Create] All roads have been successfully read.
07.03.2024 18:27:04 [Information] [RoadWorksProgramsController/Create] Reading all estimates...
07.03.2024 18:27:04 [Information] [EstimatesApiController/Get] Getting all the estimates...
07.03.2024 18:27:04 [Information] [EstimatesApiController/Get] All estimates have been successfully received.
07.03.2024 18:27:04 [Information] [RoadWorksProgramsController/Create] All estimates have been successfully read.
07.03.2024 18:27:04 [Information] [RoadWorksProgramsController] Navigating to the page "Create Road Works Program".
07.03.2024 18:28:32 [Information] [RoadWorksProgramsController/Create] Reading all roads...
07.03.2024 18:28:32 [Information] [RoadsApiController/Get] Getting all the roads...
07.03.2024 18:28:32 [Information] [RoadsApiController/Get] All roads have been successfully received.
07.03.2024 18:28:32 [Information] [RoadWorksProgramsController/Create] All roads have been successfully read.
07.03.2024 18:28:32 [Information] [RoadWorksProgramsController/Create] Reading all estimates...
07.03.2024 18:28:32 [Information] [EstimatesApiController/Get] Getting all the estimates...
07.03.2024 18:28:33 [Information] [EstimatesApiController/Get] All estimates have been successfully received.
07.03.2024 18:28:33 [Information] [RoadWorksProgramsController/Create] All estimates have been successfully read.
07.03.2024 18:28:33 [Information] [RoadWorksProgramsController] Navigating to the page "Create Road Works Program".
07.03.2024 18:31:59 [Information] [RoadWorksProgramsController/Create] Reading all roads...
07.03.2024 18:31:59 [Information] [RoadsApiController/Get] Getting all the roads...
07.03.2024 18:31:59 [Information] [RoadsApiController/Get] All roads have been successfully received.
07.03.2024 18:31:59 [Information] [RoadWorksProgramsController/Create] All roads have been successfully read.
07.03.2024 18:31:59 [Information] [RoadWorksProgramsController/Create] Reading all estimates...
07.03.2024 18:31:59 [Information] [EstimatesApiController/Get] Getting all the estimates...
07.03.2024 18:31:59 [Information] [EstimatesApiController/Get] All estimates have been successfully received.
07.03.2024 18:31:59 [Information] [RoadWorksProgramsController/Create] All estimates have been successfully read.
07.03.2024 18:31:59 [Information] [RoadWorksProgramsController] Navigating to the page "Create Road Works Program".
07.03.2024 18:34:12 [Information] [RoadWorksProgramsController/Create] Reading all roads...
07.03.2024 18:34:12 [Information] [RoadsApiController/Get] Getting all the roads...
07.03.2024 18:34:12 [Information] [RoadsApiController/Get] All roads have been successfully received.
07.03.2024 18:34:12 [Information] [RoadWorksProgramsController/Create] All roads have been successfully read.
07.03.2024 18:34:12 [Information] [RoadWorksProgramsController/Create] Reading all estimates...
07.03.2024 18:34:12 [Information] [EstimatesApiController/Get] Getting all the estimates...
07.03.2024 18:34:12 [Information] [EstimatesApiController/Get] All estimates have been successfully received.
07.03.2024 18:34:12 [Information] [RoadWorksProgramsController/Create] All estimates have been successfully read.
07.03.2024 18:34:12 [Information] [RoadWorksProgramsController] Navigating to the page "Create Road Works Program".
07.03.2024 18:35:35 [Information] [RoadWorksProgramsController/Create] Reading all roads...
07.03.2024 18:35:35 [Information] [RoadsApiController/Get] Getting all the roads...
07.03.2024 18:35:35 [Information] [RoadsApiController/Get] All roads have been successfully received.
07.03.2024 18:35:35 [Information] [RoadWorksProgramsController/Create] All roads have been successfully read.
07.03.2024 18:35:35 [Information] [RoadWorksProgramsController/Create] Reading all estimates...
07.03.2024 18:35:35 [Information] [EstimatesApiController/Get] Getting all the estimates...
07.03.2024 18:35:35 [Information] [EstimatesApiController/Get] All estimates have been successfully received.
07.03.2024 18:35:35 [Information] [RoadWorksProgramsController/Create] All estimates have been successfully read.
07.03.2024 18:35:35 [Information] [RoadWorksProgramsController] Navigating to the page "Create Road Works Program".
07.03.2024 18:37:43 [Information] [RoadWorksProgramsController/Create] Reading all roads...
07.03.2024 18:37:43 [Information] [RoadsApiController/Get] Getting all the roads...
07.03.2024 18:37:43 [Information] [RoadsApiController/Get] All roads have been successfully received.
07.03.2024 18:37:43 [Information] [RoadWorksProgramsController/Create] All roads have been successfully read.
07.03.2024 18:37:43 [Information] [RoadWorksProgramsController/Create] Reading all estimates...
07.03.2024 18:37:43 [Information] [EstimatesApiController/Get] Getting all the estimates...
07.03.2024 18:37:43 [Information] [EstimatesApiController/Get] All estimates have been successfully received.
07.03.2024 18:37:43 [Information] [RoadWorksProgramsController/Create] All estimates have been successfully read.
07.03.2024 18:37:43 [Information] [RoadWorksProgramsController] Navigating to the page "Create Road Works Program".
07.03.2024 18:43:06 [Information] [RoadWorksProgramsController/Create] Reading all roads...
07.03.2024 18:43:06 [Information] [RoadsApiController/Get] Getting all the roads...
07.03.2024 18:43:06 [Information] [RoadsApiController/Get] All roads have been successfully received.
07.03.2024 18:43:06 [Information] [RoadWorksProgramsController/Create] All roads have been successfully read.
07.03.2024 18:43:06 [Information] [RoadWorksProgramsController/Create] Reading all estimates...
07.03.2024 18:43:06 [Information] [EstimatesApiController/Get] Getting all the estimates...
07.03.2024 18:43:06 [Information] [EstimatesApiController/Get] All estimates have been successfully received.
07.03.2024 18:43:06 [Information] [RoadWorksProgramsController/Create] All estimates have been successfully read.
07.03.2024 18:43:06 [Information] [RoadWorksProgramsController] Navigating to the page "Create Road Works Program".
07.03.2024 18:43:22 [Information] [RoadWorksProgramsController/Create] Reading all roads...
07.03.2024 18:43:22 [Information] [RoadsApiController/Get] Getting all the roads...
07.03.2024 18:43:22 [Information] [RoadsApiController/Get] All roads have been successfully received.
07.03.2024 18:43:22 [Information] [RoadWorksProgramsController/Create] All roads have been successfully read.
07.03.2024 18:43:22 [Information] [RoadWorksProgramsController/Create] Reading all estimates...
07.03.2024 18:43:22 [Information] [EstimatesApiController/Get] Getting all the estimates...
07.03.2024 18:43:22 [Information] [EstimatesApiController/Get] All estimates have been successfully received.
07.03.2024 18:43:22 [Information] [RoadWorksProgramsController/Create] All estimates have been successfully read.
07.03.2024 18:43:22 [Information] [RoadWorksProgramsController] Navigating to the page "Create Road Works Program".
07.03.2024 18:46:36 [Information] [RoadWorksProgramsController/Create] Reading all roads...
07.03.2024 18:46:36 [Information] [RoadsApiController/Get] Getting all the roads...
07.03.2024 18:46:36 [Information] [RoadsApiController/Get] All roads have been successfully received.
07.03.2024 18:46:36 [Information] [RoadWorksProgramsController/Create] All roads have been successfully read.
07.03.2024 18:46:36 [Information] [RoadWorksProgramsController/Create] Reading all estimates...
07.03.2024 18:46:36 [Information] [EstimatesApiController/Get] Getting all the estimates...
07.03.2024 18:46:36 [Information] [EstimatesApiController/Get] All estimates have been successfully received.
07.03.2024 18:46:36 [Information] [RoadWorksProgramsController/Create] All estimates have been successfully read.
07.03.2024 18:46:36 [Information] [RoadWorksProgramsController] Navigating to the page "Create Road Works Program".
07.03.2024 18:49:03 [Information] [RoadWorksProgramsController/Create] Reading all roads...
07.03.2024 18:49:03 [Information] [RoadsApiController/Get] Getting all the roads...
07.03.2024 18:49:03 [Information] [RoadsApiController/Get] All roads have been successfully received.
07.03.2024 18:49:03 [Information] [RoadWorksProgramsController/Create] All roads have been successfully read.
07.03.2024 18:49:03 [Information] [RoadWorksProgramsController/Create] Reading all estimates...
07.03.2024 18:49:03 [Information] [EstimatesApiController/Get] Getting all the estimates...
07.03.2024 18:49:04 [Information] [EstimatesApiController/Get] All estimates have been successfully received.
07.03.2024 18:49:04 [Information] [RoadWorksProgramsController/Create] All estimates have been successfully read.
07.03.2024 18:49:04 [Information] [RoadWorksProgramsController] Navigating to the page "Create Road Works Program".
07.03.2024 18:52:26 [Information] [RoadWorksProgramsController/Create] Reading all roads...
07.03.2024 18:52:26 [Information] [RoadsApiController/Get] Getting all the roads...
07.03.2024 18:52:26 [Information] [RoadsApiController/Get] All roads have been successfully received.
07.03.2024 18:52:26 [Information] [RoadWorksProgramsController/Create] All roads have been successfully read.
07.03.2024 18:52:26 [Information] [RoadWorksProgramsController/Create] Reading all estimates...
07.03.2024 18:52:26 [Information] [EstimatesApiController/Get] Getting all the estimates...
07.03.2024 18:52:26 [Information] [EstimatesApiController/Get] All estimates have been successfully received.
07.03.2024 18:52:26 [Information] [RoadWorksProgramsController/Create] All estimates have been successfully read.
07.03.2024 18:52:26 [Information] [RoadWorksProgramsController] Navigating to the page "Create Road Works Program".
