01.02.2024 3:16:13 [Information] [TechnicalConditionsOfRoadsController/Read] Reading all technical conditions of roads...
01.02.2024 3:16:13 [Information] [TechnicalConditionsOfRoadsApiController/Get] Getting all the technical conditions of roads...
01.02.2024 3:16:15 [Information] [TechnicalConditionsOfRoadsApiController/Get] All technical conditions of roads have been successfully received.
01.02.2024 3:16:15 [Information] [TechnicalConditionsOfRoadsController/Read] All technical conditions of roads have been successfully read.
01.02.2024 3:16:16 [Information] [TechnicalConditionsOfRoadsController/Read] Reading all roads...
01.02.2024 3:16:16 [Information] [RoadsApiController/Get] Getting all the roads...
01.02.2024 3:16:16 [Information] [RoadsApiController/Get] All roads have been successfully received.
01.02.2024 3:16:16 [Information] [TechnicalConditionsOfRoadsController/Read] All roads have been successfully read.
01.02.2024 3:16:16 [Information] [TechnicalConditionsOfRoadsController] Navigating to the page "Read All Technical Conditions Of Roads By Year".
01.02.2024 3:16:18 [Information] [TechnicalConditionsOfRoadsController/Read/1/2000] Reading the technical conditions of road for 2000...
01.02.2024 3:16:18 [Information] [TechnicalConditionsOfRoadsApiController/Get] Getting all the technical conditions of roads...
01.02.2024 3:16:19 [Information] [TechnicalConditionsOfRoadsApiController/Get] All technical conditions of roads have been successfully received.
01.02.2024 3:16:19 [Information] [TechnicalConditionsOfRoadsController/Read/1/2000] The technical conditions of road for 2000 was successfully read.
01.02.2024 3:16:19 [Information] [TechnicalConditionsOfRoadsController] Navigating to the page "Read Technical Conditions Of Road For 2000".
01.02.2024 3:16:23 [Information] [TechnicalConditionsOfRoadsController/Delete] Deleting a technical condition of road with Id 3601...
01.02.2024 3:16:23 [Information] [TechnicalConditionsOfRoadsApiController/Delete/3601] Deleting a technical condition of road with Id 3601...
01.02.2024 3:16:23 [Information] [TechnicalConditionsOfRoadsApiController/Delete/3601] The technical condition of road with Id 3601 has been successfully deleted.
01.02.2024 3:16:23 [Information] [TechnicalConditionsOfRoadsController/Delete] The technical condition of road with Id 3601 has been successfully deleted.
01.02.2024 3:16:23 [Information] [TechnicalConditionsOfRoadsController/Read] Reading all technical conditions of roads...
01.02.2024 3:16:23 [Information] [TechnicalConditionsOfRoadsApiController/Get] Getting all the technical conditions of roads...
01.02.2024 3:16:25 [Information] [TechnicalConditionsOfRoadsApiController/Get] All technical conditions of roads have been successfully received.
01.02.2024 3:16:25 [Information] [TechnicalConditionsOfRoadsController/Read] All technical conditions of roads have been successfully read.
01.02.2024 3:16:25 [Information] [TechnicalConditionsOfRoadsController/Read] Reading all roads...
01.02.2024 3:16:25 [Information] [RoadsApiController/Get] Getting all the roads...
01.02.2024 3:16:25 [Information] [RoadsApiController/Get] All roads have been successfully received.
01.02.2024 3:16:25 [Information] [TechnicalConditionsOfRoadsController/Read] All roads have been successfully read.
01.02.2024 3:16:25 [Information] [TechnicalConditionsOfRoadsController] Navigating to the page "Read All Technical Conditions Of Roads By Year".
01.02.2024 3:16:33 [Information] [EstimatesController/Read] Reading all estimates...
01.02.2024 3:16:33 [Information] [EstimatesApiController/Get] Getting all the estimates...
01.02.2024 3:16:33 [Information] [EstimatesApiController/Get] All estimates have been successfully received.
01.02.2024 3:16:33 [Information] [EstimatesController/Read] All estimates have been successfully read.
01.02.2024 3:16:33 [Information] [EstimatesController/Read] Reading all roads...
01.02.2024 3:16:33 [Information] [RoadsApiController/Get] Getting all the roads...
01.02.2024 3:16:33 [Information] [RoadsApiController/Get] All roads have been successfully received.
01.02.2024 3:16:33 [Information] [EstimatesController/Read] All roads have been successfully read.
01.02.2024 3:16:33 [Information] [EstimatesController] Navigating to the page "Read All Estimates".
01.02.2024 3:16:34 [Information] [TechnicalConditionsOfRoadsController/Read] Reading all technical conditions of roads...
01.02.2024 3:16:34 [Information] [TechnicalConditionsOfRoadsApiController/Get] Getting all the technical conditions of roads...
01.02.2024 3:16:35 [Information] [TechnicalConditionsOfRoadsApiController/Get] All technical conditions of roads have been successfully received.
01.02.2024 3:16:35 [Information] [TechnicalConditionsOfRoadsController/Read] All technical conditions of roads have been successfully read.
01.02.2024 3:16:35 [Information] [TechnicalConditionsOfRoadsController/Read] Reading all roads...
01.02.2024 3:16:35 [Information] [RoadsApiController/Get] Getting all the roads...
01.02.2024 3:16:35 [Information] [RoadsApiController/Get] All roads have been successfully received.
01.02.2024 3:16:35 [Information] [TechnicalConditionsOfRoadsController/Read] All roads have been successfully read.
01.02.2024 3:16:35 [Information] [TechnicalConditionsOfRoadsController] Navigating to the page "Read All Technical Conditions Of Roads By Year".
