11.03.2024 19:33:05 [Information] [RoadWorksProgramsController/Read] Reading all road works programs...
11.03.2024 19:33:05 [Information] [RoadWorksProgramsApiController/Get] Getting all the road works programs...
11.03.2024 19:33:07 [Information] [RoadWorksProgramsApiController/Get] All road works programs have been successfully received.
11.03.2024 19:33:07 [Information] [RoadWorksProgramsController/Read] All road works programs have been successfully read.
11.03.2024 19:33:07 [Information] [RoadWorksProgramsController/Read] Reading all roads...
11.03.2024 19:33:07 [Information] [RoadsApiController/Get] Getting all the roads...
11.03.2024 19:33:07 [Information] [RoadsApiController/Get] All roads have been successfully received.
11.03.2024 19:33:07 [Information] [RoadWorksProgramsController/Read] All roads have been successfully read.
11.03.2024 19:33:07 [Information] [RoadWorksProgramsController] Navigating to the page "Read All Road Works Programs By Year".
11.03.2024 19:33:08 [Information] [RoadWorksProgramsController/Read/1/2023] Reading the road works program for 2023...
11.03.2024 19:33:08 [Information] [RoadWorksProgramsApiController/Get] Getting all the road works programs...
11.03.2024 19:33:09 [Information] [RoadWorksProgramsApiController/Get] All road works programs have been successfully received.
11.03.2024 19:33:09 [Information] [RoadWorksProgramsController/Read/1/2023] The road works program for 2023 was successfully read.
11.03.2024 19:33:09 [Information] [RoadWorksProgramsController] Navigating to the page "Read Road Works Program For 2023".
11.03.2024 19:33:11 [Information] [RoadWorksProgramsController/Update/1] Reading a road works program with Id 1...
11.03.2024 19:33:11 [Information] [RoadWorksProgramsApiController/Get/1] Getting a road works program with Id 1...
11.03.2024 19:33:11 [Information] [RoadWorksProgramsApiController/Get/1] The road works program with Id 1 was successfully received.
11.03.2024 19:33:11 [Information] [RoadWorksProgramsController/Update/1] The road works program with Id 1 was successfully read.
11.03.2024 19:33:11 [Information] [RoadWorksProgramsController/Update/1] Reading all roads...
11.03.2024 19:33:11 [Information] [RoadsApiController/Get] Getting all the roads...
11.03.2024 19:33:11 [Information] [RoadsApiController/Get] All roads have been successfully received.
11.03.2024 19:33:11 [Information] [RoadWorksProgramsController/Update/1] All roads have been successfully read.
11.03.2024 19:33:11 [Information] [RoadWorksProgramsController/Update/1] Reading all estimates...
11.03.2024 19:33:11 [Information] [EstimatesApiController/Get] Getting all the estimates...
11.03.2024 19:33:11 [Information] [EstimatesApiController/Get] All estimates have been successfully received.
11.03.2024 19:33:11 [Information] [RoadWorksProgramsController/Update/1] All estimates have been successfully read.
11.03.2024 19:33:11 [Information] [RoadWorksProgramsController] Navigating to the page "Update Road Works Program".
11.03.2024 19:34:51 [Information] [RoadWorksProgramsController/Update/1] Reading a road works program with Id 1...
11.03.2024 19:34:51 [Information] [RoadWorksProgramsApiController/Get/1] Getting a road works program with Id 1...
11.03.2024 19:34:51 [Information] [RoadWorksProgramsApiController/Get/1] The road works program with Id 1 was successfully received.
11.03.2024 19:34:51 [Information] [RoadWorksProgramsController/Update/1] The road works program with Id 1 was successfully read.
11.03.2024 19:34:51 [Information] [RoadWorksProgramsController/Update/1] Reading all roads...
11.03.2024 19:34:51 [Information] [RoadsApiController/Get] Getting all the roads...
11.03.2024 19:34:51 [Information] [RoadsApiController/Get] All roads have been successfully received.
11.03.2024 19:34:51 [Information] [RoadWorksProgramsController/Update/1] All roads have been successfully read.
11.03.2024 19:34:51 [Information] [RoadWorksProgramsController/Update/1] Reading all estimates...
11.03.2024 19:34:51 [Information] [EstimatesApiController/Get] Getting all the estimates...
11.03.2024 19:34:52 [Information] [EstimatesApiController/Get] All estimates have been successfully received.
11.03.2024 19:34:52 [Information] [RoadWorksProgramsController/Update/1] All estimates have been successfully read.
11.03.2024 19:34:52 [Information] [RoadWorksProgramsController] Navigating to the page "Update Road Works Program".
11.03.2024 19:35:45 [Information] [RoadWorksProgramsController/Update/1] Reading a road works program with Id 1...
11.03.2024 19:35:45 [Information] [RoadWorksProgramsApiController/Get/1] Getting a road works program with Id 1...
11.03.2024 19:35:45 [Information] [RoadWorksProgramsApiController/Get/1] The road works program with Id 1 was successfully received.
11.03.2024 19:35:45 [Information] [RoadWorksProgramsController/Update/1] The road works program with Id 1 was successfully read.
11.03.2024 19:35:45 [Information] [RoadWorksProgramsController/Update/1] Reading all roads...
11.03.2024 19:35:45 [Information] [RoadsApiController/Get] Getting all the roads...
11.03.2024 19:35:45 [Information] [RoadsApiController/Get] All roads have been successfully received.
11.03.2024 19:35:45 [Information] [RoadWorksProgramsController/Update/1] All roads have been successfully read.
11.03.2024 19:35:45 [Information] [RoadWorksProgramsController/Update/1] Reading all estimates...
11.03.2024 19:35:45 [Information] [EstimatesApiController/Get] Getting all the estimates...
11.03.2024 19:35:45 [Information] [EstimatesApiController/Get] All estimates have been successfully received.
11.03.2024 19:35:45 [Information] [RoadWorksProgramsController/Update/1] All estimates have been successfully read.
11.03.2024 19:35:45 [Information] [RoadWorksProgramsController] Navigating to the page "Update Road Works Program".
11.03.2024 19:36:52 [Information] [RoadWorksProgramsController/Update/1] Reading a road works program with Id 1...
11.03.2024 19:36:52 [Information] [RoadWorksProgramsApiController/Get/1] Getting a road works program with Id 1...
11.03.2024 19:36:52 [Information] [RoadWorksProgramsApiController/Get/1] The road works program with Id 1 was successfully received.
11.03.2024 19:36:52 [Information] [RoadWorksProgramsController/Update/1] The road works program with Id 1 was successfully read.
11.03.2024 19:36:52 [Information] [RoadWorksProgramsController/Update/1] Reading all roads...
11.03.2024 19:36:52 [Information] [RoadsApiController/Get] Getting all the roads...
11.03.2024 19:36:52 [Information] [RoadsApiController/Get] All roads have been successfully received.
11.03.2024 19:36:52 [Information] [RoadWorksProgramsController/Update/1] All roads have been successfully read.
11.03.2024 19:36:52 [Information] [RoadWorksProgramsController/Update/1] Reading all estimates...
11.03.2024 19:36:52 [Information] [EstimatesApiController/Get] Getting all the estimates...
11.03.2024 19:36:52 [Information] [EstimatesApiController/Get] All estimates have been successfully received.
11.03.2024 19:36:52 [Information] [RoadWorksProgramsController/Update/1] All estimates have been successfully read.
11.03.2024 19:36:52 [Information] [RoadWorksProgramsController] Navigating to the page "Update Road Works Program".
