01.02.2024 15:27:25 [Information] [TechnicalConditionsOfRoadsController/Read] Reading all technical conditions of roads...
01.02.2024 15:27:25 [Information] [TechnicalConditionsOfRoadsApiController/Get] Getting all the technical conditions of roads...
01.02.2024 15:27:27 [Information] [TechnicalConditionsOfRoadsApiController/Get] All technical conditions of roads have been successfully received.
01.02.2024 15:27:28 [Information] [TechnicalConditionsOfRoadsController/Read] All technical conditions of roads have been successfully read.
01.02.2024 15:27:28 [Information] [TechnicalConditionsOfRoadsController/Read] Reading all roads...
01.02.2024 15:27:28 [Information] [RoadsApiController/Get] Getting all the roads...
01.02.2024 15:27:28 [Information] [RoadsApiController/Get] All roads have been successfully received.
01.02.2024 15:27:28 [Information] [TechnicalConditionsOfRoadsController/Read] All roads have been successfully read.
01.02.2024 15:27:28 [Information] [TechnicalConditionsOfRoadsController] Navigating to the page "Read All Technical Conditions Of Roads By Year".
01.02.2024 15:27:29 [Information] [TechnicalConditionsOfRoadsController/Read/3/2014] Reading the technical conditions of road for 2014...
01.02.2024 15:27:29 [Information] [TechnicalConditionsOfRoadsApiController/Get] Getting all the technical conditions of roads...
01.02.2024 15:27:31 [Information] [TechnicalConditionsOfRoadsApiController/Get] All technical conditions of roads have been successfully received.
01.02.2024 15:27:31 [Information] [TechnicalConditionsOfRoadsController/Read/3/2014] The technical conditions of road for 2014 was successfully read.
01.02.2024 15:27:31 [Information] [TechnicalConditionsOfRoadsController] Navigating to the page "Read Technical Conditions Of Road For 2014".
01.02.2024 15:27:45 [Information] [EstimatesController/Read] Reading all estimates...
01.02.2024 15:27:45 [Information] [EstimatesApiController/Get] Getting all the estimates...
01.02.2024 15:27:46 [Information] [EstimatesApiController/Get] All estimates have been successfully received.
01.02.2024 15:27:46 [Information] [EstimatesController/Read] All estimates have been successfully read.
01.02.2024 15:27:46 [Information] [EstimatesController/Read] Reading all roads...
01.02.2024 15:27:46 [Information] [RoadsApiController/Get] Getting all the roads...
01.02.2024 15:27:46 [Information] [RoadsApiController/Get] All roads have been successfully received.
01.02.2024 15:27:46 [Information] [EstimatesController/Read] All roads have been successfully read.
01.02.2024 15:27:46 [Information] [EstimatesController] Navigating to the page "Read All Estimates".
01.02.2024 15:27:47 [Information] [EstimatesController/Read/1] Reading a estimate with Id 1...
01.02.2024 15:27:47 [Information] [EstimatesApiController/Get/1] Getting a estimate with Id 1...
01.02.2024 15:27:47 [Information] [EstimatesApiController/Get/1] The estimate with Id 1 was successfully received.
01.02.2024 15:27:47 [Information] [EstimatesController/Read/1] The estimate with Id 1 was successfully read.
01.02.2024 15:27:47 [Information] [EstimatesController] Navigating to the page "Read Estimate By Id".
01.02.2024 15:27:51 [Information] [TechnicalConditionsOfRoadsController/Read] Reading all technical conditions of roads...
01.02.2024 15:27:51 [Information] [TechnicalConditionsOfRoadsApiController/Get] Getting all the technical conditions of roads...
01.02.2024 15:27:52 [Information] [TechnicalConditionsOfRoadsApiController/Get] All technical conditions of roads have been successfully received.
01.02.2024 15:27:52 [Information] [TechnicalConditionsOfRoadsController/Read] All technical conditions of roads have been successfully read.
01.02.2024 15:27:52 [Information] [TechnicalConditionsOfRoadsController/Read] Reading all roads...
01.02.2024 15:27:52 [Information] [RoadsApiController/Get] Getting all the roads...
01.02.2024 15:27:52 [Information] [RoadsApiController/Get] All roads have been successfully received.
01.02.2024 15:27:52 [Information] [TechnicalConditionsOfRoadsController/Read] All roads have been successfully read.
01.02.2024 15:27:52 [Information] [TechnicalConditionsOfRoadsController] Navigating to the page "Read All Technical Conditions Of Roads By Year".
01.02.2024 15:27:53 [Information] [TechnicalConditionsOfRoadsController/Read/4/2017] Reading the technical conditions of road for 2017...
01.02.2024 15:27:53 [Information] [TechnicalConditionsOfRoadsApiController/Get] Getting all the technical conditions of roads...
01.02.2024 15:27:54 [Information] [TechnicalConditionsOfRoadsApiController/Get] All technical conditions of roads have been successfully received.
01.02.2024 15:27:54 [Information] [TechnicalConditionsOfRoadsController/Read/4/2017] The technical conditions of road for 2017 was successfully read.
01.02.2024 15:27:54 [Information] [TechnicalConditionsOfRoadsController] Navigating to the page "Read Technical Conditions Of Road For 2017".
