10.01.2024 1:02:32 [Information] [EstimatesController/Read] Reading all estimates...
10.01.2024 1:02:32 [Information] [EstimatesApiController/Get] Getting all the estimates...
10.01.2024 1:02:33 [Information] [EstimatesApiController/Get] All estimates have been successfully received.
10.01.2024 1:02:33 [Information] [EstimatesController/Read] All estimates have been successfully read.
10.01.2024 1:02:33 [Information] [EstimatesController/Read] Reading all roads...
10.01.2024 1:02:33 [Information] [RoadsApiController/Get] Getting all the roads...
10.01.2024 1:02:33 [Information] [RoadsApiController/Get] All roads have been successfully received.
10.01.2024 1:02:33 [Information] [EstimatesController/Read] All roads have been successfully read.
10.01.2024 1:02:33 [Information] [EstimatesController] Navigating to the page "Read All Estimates".
10.01.2024 1:02:36 [Information] [EstimatesController/Create] Reading all roads...
10.01.2024 1:02:36 [Information] [RoadsApiController/Get] Getting all the roads...
10.01.2024 1:02:36 [Information] [RoadsApiController/Get] All roads have been successfully received.
10.01.2024 1:02:36 [Information] [EstimatesController/Create] All roads have been successfully read.
10.01.2024 1:02:36 [Information] [EstimatesController] Navigating to the page "Create Estimate".
10.01.2024 1:02:39 [Information] [EstimatesController/Create] Creating a new estimate...
10.01.2024 1:02:39 [Information] [EstimatesApiController/Post] Creating a new estimate...
10.01.2024 1:02:39 [Information] [EstimatesApiController/Post] A new estimate with Id 405 has been successfully created.
10.01.2024 1:02:39 [Information] [EstimatesController/Create] A new estimate with Id 405 has been successfully created.
10.01.2024 1:02:39 [Information] [EstimatesController/Read] Reading all estimates...
10.01.2024 1:02:39 [Information] [EstimatesApiController/Get] Getting all the estimates...
10.01.2024 1:02:39 [Information] [EstimatesApiController/Get] All estimates have been successfully received.
10.01.2024 1:02:39 [Information] [EstimatesController/Read] All estimates have been successfully read.
10.01.2024 1:02:39 [Information] [EstimatesController/Read] Reading all roads...
10.01.2024 1:02:39 [Information] [RoadsApiController/Get] Getting all the roads...
10.01.2024 1:02:39 [Information] [RoadsApiController/Get] All roads have been successfully received.
10.01.2024 1:02:39 [Information] [EstimatesController/Read] All roads have been successfully read.
10.01.2024 1:02:39 [Information] [EstimatesController] Navigating to the page "Read All Estimates".
10.01.2024 1:02:41 [Information] [EstimatesController/Read/405] Reading a estimate with Id 405...
10.01.2024 1:02:41 [Information] [EstimatesApiController/Get/405] Getting a estimate with Id 405...
10.01.2024 1:02:41 [Information] [EstimatesApiController/Get/405] The estimate with Id 405 was successfully received.
10.01.2024 1:02:41 [Information] [EstimatesController/Read/405] The estimate with Id 405 was successfully read.
10.01.2024 1:02:41 [Information] [EstimatesController] Navigating to the page "Read Estimate By Id".
10.01.2024 1:02:43 [Information] [EstimatesController/Delete] Deleting a estimate with Id 405...
10.01.2024 1:02:43 [Information] [EstimatesApiController/Delete/405] Deleting a estimate with Id 405...
10.01.2024 1:02:43 [Information] [EstimatesApiController/Delete/405] The estimate with Id 405 has been successfully deleted.
10.01.2024 1:02:43 [Information] [EstimatesController/Delete] The estimate with Id 405 has been successfully deleted.
10.01.2024 1:02:43 [Information] [EstimatesController/Read] Reading all estimates...
10.01.2024 1:02:43 [Information] [EstimatesApiController/Get] Getting all the estimates...
10.01.2024 1:02:43 [Information] [EstimatesApiController/Get] All estimates have been successfully received.
10.01.2024 1:02:43 [Information] [EstimatesController/Read] All estimates have been successfully read.
10.01.2024 1:02:43 [Information] [EstimatesController/Read] Reading all roads...
10.01.2024 1:02:43 [Information] [RoadsApiController/Get] Getting all the roads...
10.01.2024 1:02:43 [Information] [RoadsApiController/Get] All roads have been successfully received.
10.01.2024 1:02:43 [Information] [EstimatesController/Read] All roads have been successfully read.
10.01.2024 1:02:43 [Information] [EstimatesController] Navigating to the page "Read All Estimates".
10.01.2024 1:02:47 [Information] [RoadsController/Read] Reading all roads...
10.01.2024 1:02:47 [Information] [RoadsApiController/Get] Getting all the roads...
10.01.2024 1:02:47 [Information] [RoadsApiController/Get] All roads have been successfully received.
10.01.2024 1:02:47 [Information] [RoadsController/Read] All roads have been successfully read.
10.01.2024 1:02:47 [Information] [RoadsController] Navigating to the page "Read All Roads".
10.01.2024 1:02:49 [Information] [RoadsController/Delete/23] Reading a road with Id 23...
10.01.2024 1:02:49 [Information] [RoadsApiController/Get/23] Getting a road with Id 23...
10.01.2024 1:02:49 [Information] [RoadsApiController/Get/23] The road with Id 23 was successfully received.
10.01.2024 1:02:49 [Information] [RoadsController/Delete/23] The road with Id 23 was successfully read.
10.01.2024 1:02:49 [Information] [RoadsController] Navigating to the page "Delete Road".
10.01.2024 1:02:58 [Information] [RoadsController/Read/23] Reading a road with Id 23...
10.01.2024 1:02:58 [Information] [RoadsApiController/Get/23] Getting a road with Id 23...
10.01.2024 1:02:58 [Information] [RoadsApiController/Get/23] The road with Id 23 was successfully received.
10.01.2024 1:02:58 [Information] [RoadsController/Read/23] The road with Id 23 was successfully read.
10.01.2024 1:02:58 [Information] [RoadsController] Navigating to the page "Read Road By Id".
10.01.2024 1:03:01 [Information] [RoadsController/Delete/23] Reading a road with Id 23...
10.01.2024 1:03:01 [Information] [RoadsApiController/Get/23] Getting a road with Id 23...
10.01.2024 1:03:01 [Information] [RoadsApiController/Get/23] The road with Id 23 was successfully received.
10.01.2024 1:03:01 [Information] [RoadsController/Delete/23] The road with Id 23 was successfully read.
10.01.2024 1:03:01 [Information] [RoadsController] Navigating to the page "Delete Road".
10.01.2024 1:03:12 [Information] [RoadsController/Delete] Deleting a road with Id 23...
10.01.2024 1:03:12 [Information] [RoadsApiController/Delete/23] Deleting a road with Id 23...
10.01.2024 1:03:12 [Information] [RoadsApiController/Delete/23] The road with Id 23 has been successfully deleted.
10.01.2024 1:03:12 [Information] [RoadsController/Delete] The road with Id 23 has been successfully deleted.
10.01.2024 1:03:12 [Information] [RoadsController/Read] Reading all roads...
10.01.2024 1:03:12 [Information] [RoadsApiController/Get] Getting all the roads...
10.01.2024 1:03:12 [Information] [RoadsApiController/Get] All roads have been successfully received.
10.01.2024 1:03:12 [Information] [RoadsController/Read] All roads have been successfully read.
10.01.2024 1:03:12 [Information] [RoadsController] Navigating to the page "Read All Roads".
10.01.2024 1:03:20 [Information] [RoadsController/Update/20] Reading a road with Id 20...
10.01.2024 1:03:20 [Information] [RoadsApiController/Get/20] Getting a road with Id 20...
10.01.2024 1:03:20 [Information] [RoadsApiController/Get/20] The road with Id 20 was successfully received.
10.01.2024 1:03:20 [Information] [RoadsController/Update/20] The road with Id 20 was successfully read.
10.01.2024 1:03:20 [Information] [RoadsController] Navigating to the page "Update Road".
10.01.2024 1:03:23 [Information] [EstimatesController/Read] Reading all estimates...
10.01.2024 1:03:23 [Information] [EstimatesApiController/Get] Getting all the estimates...
10.01.2024 1:03:24 [Information] [EstimatesApiController/Get] All estimates have been successfully received.
10.01.2024 1:03:24 [Information] [EstimatesController/Read] All estimates have been successfully read.
10.01.2024 1:03:24 [Information] [EstimatesController/Read] Reading all roads...
10.01.2024 1:03:24 [Information] [RoadsApiController/Get] Getting all the roads...
10.01.2024 1:03:24 [Information] [RoadsApiController/Get] All roads have been successfully received.
10.01.2024 1:03:24 [Information] [EstimatesController/Read] All roads have been successfully read.
10.01.2024 1:03:24 [Information] [EstimatesController] Navigating to the page "Read All Estimates".
10.01.2024 1:03:29 [Information] [EstimatesController/Read/399] Reading a estimate with Id 399...
10.01.2024 1:03:29 [Information] [EstimatesApiController/Get/399] Getting a estimate with Id 399...
10.01.2024 1:03:29 [Information] [EstimatesApiController/Get/399] The estimate with Id 399 was successfully received.
10.01.2024 1:03:29 [Information] [EstimatesController/Read/399] The estimate with Id 399 was successfully read.
10.01.2024 1:03:29 [Information] [EstimatesController] Navigating to the page "Read Estimate By Id".
10.01.2024 1:03:30 [Information] [EstimatesController/Update/399] Reading a estimate with Id 399...
10.01.2024 1:03:30 [Information] [EstimatesApiController/Get/399] Getting a estimate with Id 399...
10.01.2024 1:03:30 [Information] [EstimatesApiController/Get/399] The estimate with Id 399 was successfully received.
10.01.2024 1:03:30 [Information] [EstimatesController/Update/399] The estimate with Id 399 was successfully read.
10.01.2024 1:03:30 [Information] [EstimatesController/Update/399] Reading all roads...
10.01.2024 1:03:30 [Information] [RoadsApiController/Get] Getting all the roads...
10.01.2024 1:03:30 [Information] [RoadsApiController/Get] All roads have been successfully received.
10.01.2024 1:03:30 [Information] [EstimatesController/Update/399] All roads have been successfully read.
10.01.2024 1:03:30 [Information] [EstimatesController] Navigating to the page "Update Estimate".
10.01.2024 1:03:32 [Information] [EstimatesController/Read/399] Reading a estimate with Id 399...
10.01.2024 1:03:32 [Information] [EstimatesApiController/Get/399] Getting a estimate with Id 399...
10.01.2024 1:03:32 [Information] [EstimatesApiController/Get/399] The estimate with Id 399 was successfully received.
10.01.2024 1:03:32 [Information] [EstimatesController/Read/399] The estimate with Id 399 was successfully read.
10.01.2024 1:03:32 [Information] [EstimatesController] Navigating to the page "Read Estimate By Id".
10.01.2024 1:03:38 [Information] [EstimatesController/Read/382] Reading a estimate with Id 382...
10.01.2024 1:03:38 [Information] [EstimatesApiController/Get/382] Getting a estimate with Id 382...
10.01.2024 1:03:38 [Information] [EstimatesApiController/Get/382] The estimate with Id 382 was successfully received.
10.01.2024 1:03:38 [Information] [EstimatesController/Read/382] The estimate with Id 382 was successfully read.
10.01.2024 1:03:38 [Information] [EstimatesController] Navigating to the page "Read Estimate By Id".
