01.02.2024 0:45:35 [Information] [TechnicalConditionsOfRoadsController/Read] Reading all technical conditions of roads...
01.02.2024 0:45:35 [Information] [TechnicalConditionsOfRoadsApiController/Get] Getting all the technical conditions of roads...
01.02.2024 0:45:38 [Information] [TechnicalConditionsOfRoadsApiController/Get] All technical conditions of roads have been successfully received.
01.02.2024 0:45:38 [Information] [TechnicalConditionsOfRoadsController/Read] All technical conditions of roads have been successfully read.
01.02.2024 0:45:39 [Information] [TechnicalConditionsOfRoadsController/Read] Reading all roads...
01.02.2024 0:45:39 [Information] [RoadsApiController/Get] Getting all the roads...
01.02.2024 0:45:39 [Information] [RoadsApiController/Get] All roads have been successfully received.
01.02.2024 0:45:39 [Information] [TechnicalConditionsOfRoadsController/Read] All roads have been successfully read.
01.02.2024 0:45:39 [Information] [TechnicalConditionsOfRoadsController] Navigating to the page "Read All Technical Conditions Of Roads By Year".
01.02.2024 0:45:41 [Information] [TechnicalConditionsOfRoadsController/Read/7/2014] Reading the technical conditions of road for 2014...
01.02.2024 0:45:41 [Information] [TechnicalConditionsOfRoadsApiController/Get] Getting all the technical conditions of roads...
01.02.2024 0:45:42 [Information] [TechnicalConditionsOfRoadsApiController/Get] All technical conditions of roads have been successfully received.
01.02.2024 0:45:42 [Information] [TechnicalConditionsOfRoadsController/Read/7/2014] The technical conditions of road for 2014 was successfully read.
01.02.2024 0:45:42 [Information] [TechnicalConditionsOfRoadsController] Navigating to the page "Read Technical Conditions Of Road For 2014".
01.02.2024 0:46:12 [Information] [TechnicalConditionsOfRoadsController/Read/4/2015] Reading the technical conditions of road for 2015...
01.02.2024 0:46:12 [Information] [TechnicalConditionsOfRoadsApiController/Get] Getting all the technical conditions of roads...
01.02.2024 0:46:14 [Information] [TechnicalConditionsOfRoadsApiController/Get] All technical conditions of roads have been successfully received.
01.02.2024 0:46:14 [Information] [TechnicalConditionsOfRoadsController/Read/4/2015] The technical conditions of road for 2015 was successfully read.
01.02.2024 0:46:14 [Information] [TechnicalConditionsOfRoadsController] Navigating to the page "Read Technical Conditions Of Road For 2015".
01.02.2024 0:46:35 [Information] [EstimatesController/Read] Reading all estimates...
01.02.2024 0:46:35 [Information] [EstimatesApiController/Get] Getting all the estimates...
01.02.2024 0:46:35 [Information] [EstimatesApiController/Get] All estimates have been successfully received.
01.02.2024 0:46:35 [Information] [EstimatesController/Read] All estimates have been successfully read.
01.02.2024 0:46:35 [Information] [EstimatesController/Read] Reading all roads...
01.02.2024 0:46:35 [Information] [RoadsApiController/Get] Getting all the roads...
01.02.2024 0:46:35 [Information] [RoadsApiController/Get] All roads have been successfully received.
01.02.2024 0:46:35 [Information] [EstimatesController/Read] All roads have been successfully read.
01.02.2024 0:46:35 [Information] [EstimatesController] Navigating to the page "Read All Estimates".
01.02.2024 0:46:36 [Information] [EstimatesController/Read/1] Reading a estimate with Id 1...
01.02.2024 0:46:36 [Information] [EstimatesApiController/Get/1] Getting a estimate with Id 1...
01.02.2024 0:46:36 [Information] [EstimatesApiController/Get/1] The estimate with Id 1 was successfully received.
01.02.2024 0:46:36 [Information] [EstimatesController/Read/1] The estimate with Id 1 was successfully read.
01.02.2024 0:46:36 [Information] [EstimatesController] Navigating to the page "Read Estimate By Id".
01.02.2024 0:46:43 [Information] [TechnicalConditionsOfRoadsController/Read] Reading all technical conditions of roads...
01.02.2024 0:46:43 [Information] [TechnicalConditionsOfRoadsApiController/Get] Getting all the technical conditions of roads...
01.02.2024 0:46:45 [Information] [TechnicalConditionsOfRoadsApiController/Get] All technical conditions of roads have been successfully received.
01.02.2024 0:46:45 [Information] [TechnicalConditionsOfRoadsController/Read] All technical conditions of roads have been successfully read.
01.02.2024 0:46:45 [Information] [TechnicalConditionsOfRoadsController/Read] Reading all roads...
01.02.2024 0:46:45 [Information] [RoadsApiController/Get] Getting all the roads...
01.02.2024 0:46:45 [Information] [RoadsApiController/Get] All roads have been successfully received.
01.02.2024 0:46:45 [Information] [TechnicalConditionsOfRoadsController/Read] All roads have been successfully read.
01.02.2024 0:46:45 [Information] [TechnicalConditionsOfRoadsController] Navigating to the page "Read All Technical Conditions Of Roads By Year".
01.02.2024 0:46:46 [Information] [TechnicalConditionsOfRoadsController/Read/1/2009] Reading the technical conditions of road for 2009...
01.02.2024 0:46:46 [Information] [TechnicalConditionsOfRoadsApiController/Get] Getting all the technical conditions of roads...
01.02.2024 0:46:48 [Information] [TechnicalConditionsOfRoadsApiController/Get] All technical conditions of roads have been successfully received.
01.02.2024 0:46:48 [Information] [TechnicalConditionsOfRoadsController/Read/1/2009] The technical conditions of road for 2009 was successfully read.
01.02.2024 0:46:48 [Information] [TechnicalConditionsOfRoadsController] Navigating to the page "Read Technical Conditions Of Road For 2009".
