10.01.2024 0:46:26 [Information] [RoadsController/Read] Reading all roads...
10.01.2024 0:46:26 [Information] [RoadsApiController/Get] Getting all the roads...
10.01.2024 0:46:26 [Information] [RoadsApiController/Get] All roads have been successfully received.
10.01.2024 0:46:26 [Information] [RoadsController/Read] All roads have been successfully read.
10.01.2024 0:46:26 [Information] [RoadsController] Navigating to the page "Read All Roads".
10.01.2024 0:46:29 [Information] [RoadsController/Read/2] Reading a road with Id 2...
10.01.2024 0:46:29 [Information] [RoadsApiController/Get/2] Getting a road with Id 2...
10.01.2024 0:46:29 [Information] [RoadsApiController/Get/2] The road with Id 2 was successfully received.
10.01.2024 0:46:29 [Information] [RoadsController/Read/2] The road with Id 2 was successfully read.
10.01.2024 0:46:29 [Information] [RoadsController] Navigating to the page "Read Road By Id".
10.01.2024 0:46:32 [Information] [RoadsController/Update/6] Reading a road with Id 6...
10.01.2024 0:46:32 [Information] [RoadsApiController/Get/6] Getting a road with Id 6...
10.01.2024 0:46:32 [Information] [RoadsApiController/Get/6] The road with Id 6 was successfully received.
10.01.2024 0:46:32 [Information] [RoadsController/Update/6] The road with Id 6 was successfully read.
10.01.2024 0:46:32 [Information] [RoadsController] Navigating to the page "Update Road".
10.01.2024 0:46:36 [Information] [RoadsController/Delete/6] Reading a road with Id 6...
10.01.2024 0:46:36 [Information] [RoadsApiController/Get/6] Getting a road with Id 6...
10.01.2024 0:46:36 [Information] [RoadsApiController/Get/6] The road with Id 6 was successfully received.
10.01.2024 0:46:36 [Information] [RoadsController/Delete/6] The road with Id 6 was successfully read.
10.01.2024 0:46:36 [Information] [RoadsController] Navigating to the page "Delete Road".
10.01.2024 0:46:39 [Information] [RoadsController] Navigating to the page "Create Road".
10.01.2024 0:46:43 [Information] [EstimatesController/Read] Reading all estimates...
10.01.2024 0:46:43 [Information] [EstimatesApiController/Get] Getting all the estimates...
10.01.2024 0:46:43 [Information] [EstimatesApiController/Get] All estimates have been successfully received.
10.01.2024 0:46:43 [Information] [EstimatesController/Read] All estimates have been successfully read.
10.01.2024 0:46:43 [Information] [EstimatesController/Read] Reading all roads...
10.01.2024 0:46:43 [Information] [RoadsApiController/Get] Getting all the roads...
10.01.2024 0:46:43 [Information] [RoadsApiController/Get] All roads have been successfully received.
10.01.2024 0:46:43 [Information] [EstimatesController/Read] All roads have been successfully read.
10.01.2024 0:46:43 [Information] [EstimatesController] Navigating to the page "Read All Estimates".
10.01.2024 0:46:49 [Information] [EstimatesController/Read/380] Reading a estimate with Id 380...
10.01.2024 0:46:49 [Information] [EstimatesApiController/Get/380] Getting a estimate with Id 380...
10.01.2024 0:46:49 [Information] [EstimatesApiController/Get/380] The estimate with Id 380 was successfully received.
10.01.2024 0:46:49 [Information] [EstimatesController/Read/380] The estimate with Id 380 was successfully read.
10.01.2024 0:46:49 [Information] [EstimatesController] Navigating to the page "Read Estimate By Id".
10.01.2024 0:46:58 [Information] [EstimatesController/Read/200] Reading a estimate with Id 200...
10.01.2024 0:46:58 [Information] [EstimatesApiController/Get/200] Getting a estimate with Id 200...
10.01.2024 0:46:58 [Information] [EstimatesApiController/Get/200] The estimate with Id 200 was successfully received.
10.01.2024 0:46:58 [Information] [EstimatesController/Read/200] The estimate with Id 200 was successfully read.
10.01.2024 0:46:58 [Information] [EstimatesController] Navigating to the page "Read Estimate By Id".
