28.02.2024 16:33:50 [Information] [HomeController/Planning] Planning...
28.02.2024 16:33:50 [Information] [HomeApiController/Get/Plans] Getting plans...
28.02.2024 16:33:50 [Information] [FinancialModule/CalculateBudget] Сalculating the budget...
28.02.2024 16:33:50 [Information] [FinancialModule/CalculateBudget] The budget has been calculated successfully.
28.02.2024 16:33:50 [Information] [TechnicalConditionsOfRoadsAnalysisModule/GetInitialTechnicalConditionsOfRoads] Reading all technical conditions of roads...
28.02.2024 16:33:51 [Information] [TechnicalConditionsOfRoadsApiController/Get] Getting all the technical conditions of roads...
28.02.2024 16:33:53 [Information] [TechnicalConditionsOfRoadsApiController/Get] All technical conditions of roads have been successfully received.
28.02.2024 16:33:53 [Information] [TechnicalConditionsOfRoadsAnalysisModule/GetInitialTechnicalConditionsOfRoads] All technical conditions of roads have been successfully read.
28.02.2024 16:33:53 [Information] [TechnicalConditionsOfRoadsAnalysisModule/GetInitialTechnicalConditionsOfRoads] Getting all initial technical conditions of roads...
28.02.2024 16:33:53 [Information] [TechnicalConditionsOfRoadsAnalysisModule/GetInitialTechnicalConditionsOfRoads] All initial technical conditions of roads have been successfully received.
28.02.2024 16:34:00 [Information] [DataAnalysisModule/PredictTechnicalConditionsOfRoads] Reading all technical conditions of roads...
28.02.2024 16:34:00 [Information] [TechnicalConditionsOfRoadsApiController/Get] Getting all the technical conditions of roads...
28.02.2024 16:34:01 [Information] [TechnicalConditionsOfRoadsApiController/Get] All technical conditions of roads have been successfully received.
28.02.2024 16:34:02 [Information] [DataAnalysisModule/PredictTechnicalConditionsOfRoads] All technical conditions of roads have been successfully read.
28.02.2024 16:34:02 [Information] [DataAnalysisModule/PredictTechnicalConditionsOfRoads] Predicting the technical conditions of roads...
28.02.2024 16:34:02 [Information] [DataAnalysisModule/ExecutePythonScript] Executing a Python script...
28.02.2024 16:34:12 [Information] [DataAnalysisModule/ExecutePythonScript] The Python script has been successfully executed.
28.02.2024 16:34:12 [Information] [DataAnalysisModule/PredictTechnicalConditionsOfRoads] Technical conditions of roads have been successfully predicted.
28.02.2024 16:34:12 [Information] [TechnicalConditionsOfRoadsAnalysisModule/CalculateChangesTechnicalConditionsOfRoads] Calculating technical conditions of roads...
28.02.2024 16:34:12 [Information] [TechnicalConditionsOfRoadsAnalysisModule/CalculateChangesTechnicalConditionsOfRoads] The technical conditions of roads have been successfully calculated.
28.02.2024 16:34:12 [Information] [EstimatesAnalysisModule/GetOptimalEstimates] Reading all estimates...
28.02.2024 16:34:12 [Information] [EstimatesApiController/Get] Getting all the estimates...
28.02.2024 16:34:12 [Information] [EstimatesApiController/Get] All estimates have been successfully received.
28.02.2024 16:34:12 [Information] [EstimatesAnalysisModule/GetOptimalEstimates] All estimates have been successfully read.
28.02.2024 16:34:12 [Information] [EstimatesAnalysisModule/GetOptimalEstimates] Reading all roads...
28.02.2024 16:34:12 [Information] [RoadsApiController/Get] Getting all the roads...
28.02.2024 16:34:12 [Information] [RoadsApiController/Get] All roads have been successfully received.
28.02.2024 16:34:12 [Information] [EstimatesAnalysisModule/GetOptimalEstimates] All roads have been successfully read.
28.02.2024 16:34:12 [Information] [EstimatesAnalysisModule/GetOptimalEstimates] Getting optimal estimates...
28.02.2024 16:34:12 [Information] [EstimatesAnalysisModule/GetOptimalEstimatesForOneRoad] Getting optimal estimates for one road...
28.02.2024 16:34:12 [Information] [EstimatesAnalysisModule/GetCombinationsOfLevelsOfWorks] Getting all the combinations of levels of works...
28.02.2024 16:34:12 [Information] [EstimatesAnalysisModule/GetCombinationsOfLevelsOfWorks] All combinations of levels of works have been successfully received.
28.02.2024 16:34:13 [Information] [EstimatesAnalysisModule/GetOptimalEstimatesForOneRoad] Optimal estimates for one road have been successfully received.
28.02.2024 16:34:13 [Information] [EstimatesAnalysisModule/GetOptimalEstimatesForOneRoad] Getting optimal estimates for one road...
28.02.2024 16:34:13 [Information] [EstimatesAnalysisModule/GetCombinationsOfLevelsOfWorks] Getting all the combinations of levels of works...
28.02.2024 16:34:13 [Information] [EstimatesAnalysisModule/GetCombinationsOfLevelsOfWorks] All combinations of levels of works have been successfully received.
28.02.2024 16:34:13 [Information] [EstimatesAnalysisModule/GetOptimalEstimatesForOneRoad] Optimal estimates for one road have been successfully received.
28.02.2024 16:34:13 [Information] [EstimatesAnalysisModule/GetOptimalEstimatesForOneRoad] Getting optimal estimates for one road...
28.02.2024 16:34:13 [Information] [EstimatesAnalysisModule/GetCombinationsOfLevelsOfWorks] Getting all the combinations of levels of works...
28.02.2024 16:34:13 [Information] [EstimatesAnalysisModule/GetCombinationsOfLevelsOfWorks] All combinations of levels of works have been successfully received.
28.02.2024 16:34:13 [Information] [EstimatesAnalysisModule/GetOptimalEstimatesForOneRoad] Optimal estimates for one road have been successfully received.
28.02.2024 16:34:13 [Information] [EstimatesAnalysisModule/GetOptimalEstimatesForOneRoad] Getting optimal estimates for one road...
28.02.2024 16:34:13 [Information] [EstimatesAnalysisModule/GetCombinationsOfLevelsOfWorks] Getting all the combinations of levels of works...
28.02.2024 16:34:13 [Information] [EstimatesAnalysisModule/GetCombinationsOfLevelsOfWorks] All combinations of levels of works have been successfully received.
28.02.2024 16:34:13 [Information] [EstimatesAnalysisModule/GetOptimalEstimatesForOneRoad] Optimal estimates for one road have been successfully received.
28.02.2024 16:34:13 [Information] [EstimatesAnalysisModule/GetOptimalEstimatesForOneRoad] Getting optimal estimates for one road...
28.02.2024 16:34:13 [Information] [EstimatesAnalysisModule/GetCombinationsOfLevelsOfWorks] Getting all the combinations of levels of works...
28.02.2024 16:34:13 [Information] [EstimatesAnalysisModule/GetCombinationsOfLevelsOfWorks] All combinations of levels of works have been successfully received.
28.02.2024 16:34:13 [Information] [EstimatesAnalysisModule/GetOptimalEstimatesForOneRoad] Optimal estimates for one road have been successfully received.
28.02.2024 16:34:13 [Information] [EstimatesAnalysisModule/GetOptimalEstimatesForOneRoad] Getting optimal estimates for one road...
28.02.2024 16:34:13 [Information] [EstimatesAnalysisModule/GetCombinationsOfLevelsOfWorks] Getting all the combinations of levels of works...
28.02.2024 16:34:13 [Information] [EstimatesAnalysisModule/GetCombinationsOfLevelsOfWorks] All combinations of levels of works have been successfully received.
28.02.2024 16:34:13 [Information] [EstimatesAnalysisModule/GetOptimalEstimatesForOneRoad] Optimal estimates for one road have been successfully received.
28.02.2024 16:34:13 [Information] [EstimatesAnalysisModule/GetOptimalEstimatesForOneRoad] Getting optimal estimates for one road...
28.02.2024 16:34:13 [Information] [EstimatesAnalysisModule/GetCombinationsOfLevelsOfWorks] Getting all the combinations of levels of works...
28.02.2024 16:34:13 [Information] [EstimatesAnalysisModule/GetCombinationsOfLevelsOfWorks] All combinations of levels of works have been successfully received.
28.02.2024 16:34:13 [Information] [EstimatesAnalysisModule/GetOptimalEstimatesForOneRoad] Optimal estimates for one road have been successfully received.
28.02.2024 16:34:13 [Information] [EstimatesAnalysisModule/GetOptimalEstimatesForOneRoad] Getting optimal estimates for one road...
28.02.2024 16:34:13 [Information] [EstimatesAnalysisModule/GetCombinationsOfLevelsOfWorks] Getting all the combinations of levels of works...
28.02.2024 16:34:13 [Information] [EstimatesAnalysisModule/GetCombinationsOfLevelsOfWorks] All combinations of levels of works have been successfully received.
28.02.2024 16:34:13 [Information] [EstimatesAnalysisModule/GetOptimalEstimatesForOneRoad] Optimal estimates for one road have been successfully received.
28.02.2024 16:34:13 [Information] [EstimatesAnalysisModule/GetOptimalEstimatesForOneRoad] Getting optimal estimates for one road...
28.02.2024 16:34:13 [Information] [EstimatesAnalysisModule/GetCombinationsOfLevelsOfWorks] Getting all the combinations of levels of works...
28.02.2024 16:34:13 [Information] [EstimatesAnalysisModule/GetCombinationsOfLevelsOfWorks] All combinations of levels of works have been successfully received.
28.02.2024 16:34:14 [Information] [EstimatesAnalysisModule/GetOptimalEstimatesForOneRoad] Optimal estimates for one road have been successfully received.
28.02.2024 16:34:14 [Information] [EstimatesAnalysisModule/GetOptimalEstimatesForOneRoad] Getting optimal estimates for one road...
28.02.2024 16:34:14 [Information] [EstimatesAnalysisModule/GetCombinationsOfLevelsOfWorks] Getting all the combinations of levels of works...
28.02.2024 16:34:14 [Information] [EstimatesAnalysisModule/GetCombinationsOfLevelsOfWorks] All combinations of levels of works have been successfully received.
28.02.2024 16:34:14 [Information] [EstimatesAnalysisModule/GetOptimalEstimatesForOneRoad] Optimal estimates for one road have been successfully received.
28.02.2024 16:34:14 [Information] [EstimatesAnalysisModule/GetOptimalEstimatesForOneRoad] Getting optimal estimates for one road...
28.02.2024 16:34:14 [Information] [EstimatesAnalysisModule/GetCombinationsOfLevelsOfWorks] Getting all the combinations of levels of works...
28.02.2024 16:34:14 [Information] [EstimatesAnalysisModule/GetCombinationsOfLevelsOfWorks] All combinations of levels of works have been successfully received.
28.02.2024 16:34:14 [Information] [EstimatesAnalysisModule/GetOptimalEstimatesForOneRoad] Optimal estimates for one road have been successfully received.
28.02.2024 16:34:14 [Information] [EstimatesAnalysisModule/GetOptimalEstimatesForOneRoad] Getting optimal estimates for one road...
28.02.2024 16:34:14 [Information] [EstimatesAnalysisModule/GetCombinationsOfLevelsOfWorks] Getting all the combinations of levels of works...
28.02.2024 16:34:14 [Information] [EstimatesAnalysisModule/GetCombinationsOfLevelsOfWorks] All combinations of levels of works have been successfully received.
28.02.2024 16:34:14 [Information] [EstimatesAnalysisModule/GetOptimalEstimatesForOneRoad] Optimal estimates for one road have been successfully received.
28.02.2024 16:34:14 [Information] [EstimatesAnalysisModule/GetOptimalEstimatesForOneRoad] Getting optimal estimates for one road...
28.02.2024 16:34:14 [Information] [EstimatesAnalysisModule/GetCombinationsOfLevelsOfWorks] Getting all the combinations of levels of works...
28.02.2024 16:34:14 [Information] [EstimatesAnalysisModule/GetCombinationsOfLevelsOfWorks] All combinations of levels of works have been successfully received.
28.02.2024 16:34:14 [Information] [EstimatesAnalysisModule/GetOptimalEstimatesForOneRoad] Optimal estimates for one road have been successfully received.
28.02.2024 16:34:14 [Information] [EstimatesAnalysisModule/GetOptimalEstimatesForOneRoad] Getting optimal estimates for one road...
28.02.2024 16:34:14 [Information] [EstimatesAnalysisModule/GetCombinationsOfLevelsOfWorks] Getting all the combinations of levels of works...
28.02.2024 16:34:14 [Information] [EstimatesAnalysisModule/GetCombinationsOfLevelsOfWorks] All combinations of levels of works have been successfully received.
28.02.2024 16:34:14 [Information] [EstimatesAnalysisModule/GetOptimalEstimatesForOneRoad] Optimal estimates for one road have been successfully received.
28.02.2024 16:34:14 [Information] [EstimatesAnalysisModule/GetOptimalEstimatesForOneRoad] Getting optimal estimates for one road...
28.02.2024 16:34:14 [Information] [EstimatesAnalysisModule/GetCombinationsOfLevelsOfWorks] Getting all the combinations of levels of works...
28.02.2024 16:34:14 [Information] [EstimatesAnalysisModule/GetCombinationsOfLevelsOfWorks] All combinations of levels of works have been successfully received.
28.02.2024 16:34:14 [Information] [EstimatesAnalysisModule/GetOptimalEstimatesForOneRoad] Optimal estimates for one road have been successfully received.
28.02.2024 16:34:14 [Information] [EstimatesAnalysisModule/GetOptimalEstimatesForOneRoad] Getting optimal estimates for one road...
28.02.2024 16:34:14 [Information] [EstimatesAnalysisModule/GetCombinationsOfLevelsOfWorks] Getting all the combinations of levels of works...
28.02.2024 16:34:14 [Information] [EstimatesAnalysisModule/GetCombinationsOfLevelsOfWorks] All combinations of levels of works have been successfully received.
28.02.2024 16:34:14 [Information] [EstimatesAnalysisModule/GetOptimalEstimatesForOneRoad] Optimal estimates for one road have been successfully received.
28.02.2024 16:34:14 [Information] [EstimatesAnalysisModule/GetOptimalEstimatesForOneRoad] Getting optimal estimates for one road...
28.02.2024 16:34:14 [Information] [EstimatesAnalysisModule/GetCombinationsOfLevelsOfWorks] Getting all the combinations of levels of works...
28.02.2024 16:34:14 [Information] [EstimatesAnalysisModule/GetCombinationsOfLevelsOfWorks] All combinations of levels of works have been successfully received.
28.02.2024 16:34:14 [Information] [EstimatesAnalysisModule/GetOptimalEstimatesForOneRoad] Optimal estimates for one road have been successfully received.
28.02.2024 16:34:14 [Information] [EstimatesAnalysisModule/GetOptimalEstimatesForOneRoad] Getting optimal estimates for one road...
28.02.2024 16:34:14 [Information] [EstimatesAnalysisModule/GetCombinationsOfLevelsOfWorks] Getting all the combinations of levels of works...
28.02.2024 16:34:14 [Information] [EstimatesAnalysisModule/GetCombinationsOfLevelsOfWorks] All combinations of levels of works have been successfully received.
28.02.2024 16:34:14 [Information] [EstimatesAnalysisModule/GetOptimalEstimatesForOneRoad] Optimal estimates for one road have been successfully received.
28.02.2024 16:34:15 [Information] [EstimatesAnalysisModule/GetOptimalEstimatesForOneRoad] Getting optimal estimates for one road...
28.02.2024 16:34:15 [Information] [EstimatesAnalysisModule/GetCombinationsOfLevelsOfWorks] Getting all the combinations of levels of works...
28.02.2024 16:34:15 [Information] [EstimatesAnalysisModule/GetCombinationsOfLevelsOfWorks] All combinations of levels of works have been successfully received.
28.02.2024 16:34:15 [Information] [EstimatesAnalysisModule/GetOptimalEstimatesForOneRoad] Optimal estimates for one road have been successfully received.
28.02.2024 16:34:15 [Information] [EstimatesAnalysisModule/GetOptimalEstimatesForOneRoad] Getting optimal estimates for one road...
28.02.2024 16:34:15 [Information] [EstimatesAnalysisModule/GetCombinationsOfLevelsOfWorks] Getting all the combinations of levels of works...
28.02.2024 16:34:15 [Information] [EstimatesAnalysisModule/GetCombinationsOfLevelsOfWorks] All combinations of levels of works have been successfully received.
28.02.2024 16:34:15 [Information] [EstimatesAnalysisModule/GetOptimalEstimatesForOneRoad] Optimal estimates for one road have been successfully received.
28.02.2024 16:34:15 [Information] [EstimatesAnalysisModule/GetOptimalEstimates] Optimal estimates have been successfully received.
28.02.2024 16:34:15 [Information] [FinancialModule/CalculateCostOfOptimalEstimates] The cost of optimal estimates has been calculated successfully.
28.02.2024 16:34:15 [Information] [EstimatesAnalysisModule/OptimizeOptimalEstimates] Optimization of optimal estimates...
28.02.2024 16:34:15 [Information] [EstimatesAnalysisModule/OptimizeOptimalEstimates] Optimal estimates have been successfully optimized.
28.02.2024 16:34:15 [Information] [FinancialModule/CalculateCostOfOptimalEstimates] The cost of optimal estimates has been calculated successfully.
28.02.2024 16:34:15 [Information] [EstimatesAnalysisModule/OptimizeOptimalEstimates] Optimization of optimal estimates...
28.02.2024 16:34:15 [Information] [EstimatesAnalysisModule/OptimizeOptimalEstimates] Optimal estimates have been successfully optimized.
28.02.2024 16:34:15 [Information] [FinancialModule/CalculateCostOfOptimalEstimates] The cost of optimal estimates has been calculated successfully.
28.02.2024 16:34:15 [Information] [EstimatesAnalysisModule/OptimizeOptimalEstimates] Optimization of optimal estimates...
28.02.2024 16:34:15 [Information] [EstimatesAnalysisModule/OptimizeOptimalEstimates] Optimal estimates have been successfully optimized.
28.02.2024 16:34:15 [Information] [FinancialModule/CalculateCostOfOptimalEstimates] The cost of optimal estimates has been calculated successfully.
28.02.2024 16:34:15 [Information] [EstimatesAnalysisModule/OptimizeOptimalEstimates] Optimization of optimal estimates...
28.02.2024 16:34:15 [Information] [EstimatesAnalysisModule/OptimizeOptimalEstimates] Optimal estimates have been successfully optimized.
28.02.2024 16:34:15 [Information] [FinancialModule/CalculateCostOfOptimalEstimates] The cost of optimal estimates has been calculated successfully.
28.02.2024 16:34:15 [Information] [EstimatesAnalysisModule/OptimizeOptimalEstimates] Optimization of optimal estimates...
28.02.2024 16:34:15 [Information] [EstimatesAnalysisModule/OptimizeOptimalEstimates] Optimal estimates have been successfully optimized.
28.02.2024 16:34:15 [Information] [FinancialModule/CalculateCostOfOptimalEstimates] The cost of optimal estimates has been calculated successfully.
28.02.2024 16:34:15 [Information] [EstimatesAnalysisModule/OptimizeOptimalEstimates] Optimization of optimal estimates...
28.02.2024 16:34:15 [Information] [EstimatesAnalysisModule/OptimizeOptimalEstimates] Optimal estimates have been successfully optimized.
28.02.2024 16:34:15 [Information] [FinancialModule/CalculateCostOfOptimalEstimates] The cost of optimal estimates has been calculated successfully.
28.02.2024 16:34:15 [Information] [EstimatesAnalysisModule/OptimizeOptimalEstimates] Optimization of optimal estimates...
28.02.2024 16:34:15 [Information] [EstimatesAnalysisModule/OptimizeOptimalEstimates] Optimal estimates have been successfully optimized.
28.02.2024 16:34:15 [Information] [FinancialModule/CalculateCostOfOptimalEstimates] The cost of optimal estimates has been calculated successfully.
28.02.2024 16:34:15 [Information] [EstimatesAnalysisModule/OptimizeOptimalEstimates] Optimization of optimal estimates...
28.02.2024 16:34:15 [Information] [EstimatesAnalysisModule/OptimizeOptimalEstimates] Optimal estimates have been successfully optimized.
28.02.2024 16:34:15 [Information] [FinancialModule/CalculateCostOfOptimalEstimates] The cost of optimal estimates has been calculated successfully.
28.02.2024 16:34:15 [Information] [EstimatesAnalysisModule/OptimizeOptimalEstimates] Optimization of optimal estimates...
28.02.2024 16:34:15 [Information] [EstimatesAnalysisModule/OptimizeOptimalEstimates] Optimal estimates have been successfully optimized.
28.02.2024 16:34:15 [Information] [FinancialModule/CalculateCostOfOptimalEstimates] The cost of optimal estimates has been calculated successfully.
28.02.2024 16:34:15 [Information] [EstimatesAnalysisModule/OptimizeOptimalEstimates] Optimization of optimal estimates...
28.02.2024 16:34:15 [Information] [EstimatesAnalysisModule/OptimizeOptimalEstimates] Optimal estimates have been successfully optimized.
28.02.2024 16:34:15 [Information] [FinancialModule/CalculateCostOfOptimalEstimates] The cost of optimal estimates has been calculated successfully.
28.02.2024 16:34:15 [Information] [EstimatesAnalysisModule/OptimizeOptimalEstimates] Optimization of optimal estimates...
28.02.2024 16:34:15 [Information] [EstimatesAnalysisModule/OptimizeOptimalEstimates] Optimal estimates have been successfully optimized.
28.02.2024 16:34:15 [Information] [FinancialModule/CalculateCostOfOptimalEstimates] The cost of optimal estimates has been calculated successfully.
28.02.2024 16:34:15 [Information] [EstimatesAnalysisModule/OptimizeOptimalEstimates] Optimization of optimal estimates...
28.02.2024 16:34:15 [Information] [EstimatesAnalysisModule/OptimizeOptimalEstimates] Optimal estimates have been successfully optimized.
28.02.2024 16:34:15 [Information] [FinancialModule/CalculateCostOfOptimalEstimates] The cost of optimal estimates has been calculated successfully.
28.02.2024 16:34:15 [Information] [EstimatesAnalysisModule/OptimizeOptimalEstimates] Optimization of optimal estimates...
28.02.2024 16:34:15 [Information] [EstimatesAnalysisModule/OptimizeOptimalEstimates] Optimal estimates have been successfully optimized.
28.02.2024 16:34:15 [Information] [FinancialModule/CalculateCostOfOptimalEstimates] The cost of optimal estimates has been calculated successfully.
28.02.2024 16:34:15 [Information] [EstimatesAnalysisModule/OptimizeOptimalEstimates] Optimization of optimal estimates...
28.02.2024 16:34:15 [Information] [EstimatesAnalysisModule/OptimizeOptimalEstimates] Optimal estimates have been successfully optimized.
28.02.2024 16:34:15 [Information] [FinancialModule/CalculateCostOfOptimalEstimates] The cost of optimal estimates has been calculated successfully.
28.02.2024 16:34:15 [Information] [EstimatesAnalysisModule/OptimizeOptimalEstimates] Optimization of optimal estimates...
28.02.2024 16:34:15 [Information] [EstimatesAnalysisModule/OptimizeOptimalEstimates] Optimal estimates have been successfully optimized.
28.02.2024 16:34:15 [Information] [FinancialModule/CalculateCostOfOptimalEstimates] The cost of optimal estimates has been calculated successfully.
28.02.2024 16:34:15 [Information] [EstimatesAnalysisModule/OptimizeOptimalEstimates] Optimization of optimal estimates...
28.02.2024 16:34:15 [Information] [EstimatesAnalysisModule/OptimizeOptimalEstimates] Optimal estimates have been successfully optimized.
28.02.2024 16:34:15 [Information] [FinancialModule/CalculateCostOfOptimalEstimates] The cost of optimal estimates has been calculated successfully.
28.02.2024 16:34:15 [Information] [EstimatesAnalysisModule/OptimizeOptimalEstimates] Optimization of optimal estimates...
28.02.2024 16:34:15 [Information] [EstimatesAnalysisModule/OptimizeOptimalEstimates] Optimal estimates have been successfully optimized.
28.02.2024 16:34:15 [Information] [FinancialModule/CalculateCostOfOptimalEstimates] The cost of optimal estimates has been calculated successfully.
28.02.2024 16:34:15 [Information] [EstimatesAnalysisModule/OptimizeOptimalEstimates] Optimization of optimal estimates...
28.02.2024 16:34:15 [Information] [EstimatesAnalysisModule/OptimizeOptimalEstimates] Optimal estimates have been successfully optimized.
28.02.2024 16:34:15 [Information] [FinancialModule/CalculateCostOfOptimalEstimates] The cost of optimal estimates has been calculated successfully.
28.02.2024 16:34:15 [Information] [EstimatesAnalysisModule/OptimizeOptimalEstimates] Optimization of optimal estimates...
28.02.2024 16:34:15 [Information] [EstimatesAnalysisModule/OptimizeOptimalEstimates] Optimal estimates have been successfully optimized.
28.02.2024 16:34:15 [Information] [FinancialModule/CalculateCostOfOptimalEstimates] The cost of optimal estimates has been calculated successfully.
