10.01.2024 1:25:45 [Information] [EstimatesController/Read] Reading all estimates...
10.01.2024 1:25:45 [Information] [EstimatesApiController/Get] Getting all the estimates...
10.01.2024 1:25:46 [Information] [EstimatesApiController/Get] All estimates have been successfully received.
10.01.2024 1:25:46 [Information] [EstimatesController/Read] All estimates have been successfully read.
10.01.2024 1:25:46 [Information] [EstimatesController/Read] Reading all roads...
10.01.2024 1:25:46 [Information] [RoadsApiController/Get] Getting all the roads...
10.01.2024 1:25:46 [Information] [RoadsApiController/Get] All roads have been successfully received.
10.01.2024 1:25:46 [Information] [EstimatesController/Read] All roads have been successfully read.
10.01.2024 1:25:46 [Information] [EstimatesController] Navigating to the page "Read All Estimates".
10.01.2024 1:25:48 [Information] [EstimatesController/Read/407] Reading a estimate with Id 407...
10.01.2024 1:25:48 [Information] [EstimatesApiController/Get/407] Getting a estimate with Id 407...
10.01.2024 1:25:48 [Information] [EstimatesApiController/Get/407] The estimate with Id 407 was successfully received.
10.01.2024 1:25:48 [Information] [EstimatesController/Read/407] The estimate with Id 407 was successfully read.
10.01.2024 1:25:48 [Information] [EstimatesController] Navigating to the page "Read Estimate By Id".
10.01.2024 1:25:49 [Information] [EstimatesController/Update/407] Reading a estimate with Id 407...
10.01.2024 1:25:49 [Information] [EstimatesApiController/Get/407] Getting a estimate with Id 407...
10.01.2024 1:25:49 [Information] [EstimatesApiController/Get/407] The estimate with Id 407 was successfully received.
10.01.2024 1:25:49 [Information] [EstimatesController/Update/407] The estimate with Id 407 was successfully read.
10.01.2024 1:25:49 [Information] [EstimatesController/Update/407] Reading all roads...
10.01.2024 1:25:49 [Information] [RoadsApiController/Get] Getting all the roads...
10.01.2024 1:25:49 [Information] [RoadsApiController/Get] All roads have been successfully received.
10.01.2024 1:25:49 [Information] [EstimatesController/Update/407] All roads have been successfully read.
10.01.2024 1:25:49 [Information] [EstimatesController] Navigating to the page "Update Estimate".
10.01.2024 1:26:14 [Information] [EstimatesController/Update] Updating the estimate with Id 407...
10.01.2024 1:26:14 [Information] [EstimatesApiController/Put/407] Updating the estimate with Id 407...
10.01.2024 1:26:14 [Information] [EstimatesApiController/Put/407] The estimate with Id 407 has been successfully updated.
10.01.2024 1:26:14 [Information] [EstimatesController/Update] The estimate with Id 407 has been successfully updated.
10.01.2024 1:26:14 [Information] [EstimatesController/Update] Reading a road with Id 1...
10.01.2024 1:26:14 [Information] [RoadsApiController/Get/1] Getting a road with Id 1...
10.01.2024 1:26:14 [Information] [RoadsApiController/Get/1] The road with Id 1 was successfully received.
10.01.2024 1:26:14 [Information] [EstimatesController/Update] The road with Id 1 was successfully read.
