08.01.2024 0:01:03 [Information] [RoadsController/Read] Reading all roads...
08.01.2024 0:01:03 [Information] [RoadsApiController/Get] Getting all the roads...
08.01.2024 0:01:03 [Information] [RoadsApiController/Get] All roads have been successfully received.
08.01.2024 0:01:03 [Information] [RoadsController/Read] All roads have been successfully read.
08.01.2024 0:01:03 [Information] [RoadsController] Navigating to the page "Read All Roads".
08.01.2024 0:01:07 [Information] [RoadsController] Navigating to the page "Create Road".
08.01.2024 0:01:12 [Information] [RoadsController/Create] Creating a new road...
08.01.2024 0:01:12 [Information] [RoadsApiController/Post] Creating a new road...
08.01.2024 0:01:12 [Information] [RoadsApiController/Post] A new road with Id 29 has been successfully created.
08.01.2024 0:01:12 [Information] [RoadsController/Create] A new road with Id 29 has been successfully created.
08.01.2024 0:01:12 [Information] [RoadsController/Read] Reading all roads...
08.01.2024 0:01:12 [Information] [RoadsApiController/Get] Getting all the roads...
08.01.2024 0:01:12 [Information] [RoadsApiController/Get] All roads have been successfully received.
08.01.2024 0:01:12 [Information] [RoadsController/Read] All roads have been successfully read.
08.01.2024 0:01:12 [Information] [RoadsController] Navigating to the page "Read All Roads".
08.01.2024 0:01:16 [Information] [RoadsController/Read/29] Reading a road with Id 29...
08.01.2024 0:01:16 [Information] [RoadsApiController/Get/29] Getting a road with Id 29...
08.01.2024 0:01:16 [Information] [RoadsApiController/Get/29] The road with Id 29 was successfully received.
08.01.2024 0:01:16 [Information] [RoadsController/Read/29] The road with Id 29 was successfully read.
08.01.2024 0:01:16 [Information] [RoadsController] Navigating to the page "Read Road By Id".
08.01.2024 0:01:25 [Information] [RoadsController/Update/29] Reading a road with Id 29...
08.01.2024 0:01:25 [Information] [RoadsApiController/Get/29] Getting a road with Id 29...
08.01.2024 0:01:25 [Information] [RoadsApiController/Get/29] The road with Id 29 was successfully received.
08.01.2024 0:01:25 [Information] [RoadsController/Update/29] The road with Id 29 was successfully read.
08.01.2024 0:01:25 [Information] [RoadsController] Navigating to the page "Update Road".
08.01.2024 0:01:30 [Information] [RoadsController/Update] Updating the road with Id 29...
08.01.2024 0:01:30 [Information] [RoadsApiController/Put/29] Updating the road with Id 29...
08.01.2024 0:01:30 [Information] [RoadsApiController/Put/29] The road with Id 29 has been successfully updated.
08.01.2024 0:01:30 [Information] [RoadsController/Update] The road with Id 29 has been successfully updated.
08.01.2024 0:01:30 [Information] [RoadsController/Read] Reading all roads...
08.01.2024 0:01:30 [Information] [RoadsApiController/Get] Getting all the roads...
08.01.2024 0:01:30 [Information] [RoadsApiController/Get] All roads have been successfully received.
08.01.2024 0:01:30 [Information] [RoadsController/Read] All roads have been successfully read.
08.01.2024 0:01:30 [Information] [RoadsController] Navigating to the page "Read All Roads".
08.01.2024 0:01:34 [Information] [RoadsController/Update/29] Reading a road with Id 29...
08.01.2024 0:01:34 [Information] [RoadsApiController/Get/29] Getting a road with Id 29...
08.01.2024 0:01:34 [Information] [RoadsApiController/Get/29] The road with Id 29 was successfully received.
08.01.2024 0:01:34 [Information] [RoadsController/Update/29] The road with Id 29 was successfully read.
08.01.2024 0:01:34 [Information] [RoadsController] Navigating to the page "Update Road".
08.01.2024 0:01:37 [Information] [RoadsController/Update] Updating the road with Id 29...
08.01.2024 0:01:37 [Information] [RoadsApiController/Put/29] Updating the road with Id 29...
08.01.2024 0:01:37 [Information] [RoadsApiController/Put/29] The road with Id 29 has been successfully updated.
08.01.2024 0:01:37 [Information] [RoadsController/Update] The road with Id 29 has been successfully updated.
08.01.2024 0:01:37 [Information] [RoadsController/Read] Reading all roads...
08.01.2024 0:01:37 [Information] [RoadsApiController/Get] Getting all the roads...
08.01.2024 0:01:37 [Information] [RoadsApiController/Get] All roads have been successfully received.
08.01.2024 0:01:37 [Information] [RoadsController/Read] All roads have been successfully read.
08.01.2024 0:01:37 [Information] [RoadsController] Navigating to the page "Read All Roads".
08.01.2024 0:01:39 [Information] [RoadsController/Delete/29] Reading a road with Id 29...
08.01.2024 0:01:39 [Information] [RoadsApiController/Get/29] Getting a road with Id 29...
08.01.2024 0:01:39 [Information] [RoadsApiController/Get/29] The road with Id 29 was successfully received.
08.01.2024 0:01:39 [Information] [RoadsController/Delete/29] The road with Id 29 was successfully read.
08.01.2024 0:01:39 [Information] [RoadsController] Navigating to the page "Delete Road".
08.01.2024 0:01:45 [Information] [RoadsController/Delete] Deleting a road with Id 29...
08.01.2024 0:01:45 [Information] [RoadsApiController/Delete/29] Deleting a road with Id 29...
08.01.2024 0:01:45 [Information] [RoadsApiController/Delete/29] The road with Id 29 has been successfully deleted.
08.01.2024 0:01:45 [Information] [RoadsController/Delete] The road with Id 29 has been successfully deleted.
08.01.2024 0:01:45 [Information] [RoadsController/Read] Reading all roads...
08.01.2024 0:01:45 [Information] [RoadsApiController/Get] Getting all the roads...
08.01.2024 0:01:45 [Information] [RoadsApiController/Get] All roads have been successfully received.
08.01.2024 0:01:45 [Information] [RoadsController/Read] All roads have been successfully read.
08.01.2024 0:01:45 [Information] [RoadsController] Navigating to the page "Read All Roads".
