06.03.2024 19:40:06 [Information] [RoadWorksProgramsController/Read] Reading all road works programs...
06.03.2024 19:40:07 [Information] [RoadWorksProgramsApiController/Get] Getting all the road works programs...
06.03.2024 19:40:07 [Information] [RoadWorksProgramsApiController/Get] All road works programs have been successfully received.
06.03.2024 19:40:07 [Information] [RoadWorksProgramsController/Read] All road works programs have been successfully read.
06.03.2024 19:40:07 [Information] [RoadWorksProgramsController/Read] Reading all roads...
06.03.2024 19:40:07 [Information] [RoadsApiController/Get] Getting all the roads...
06.03.2024 19:40:07 [Information] [RoadsApiController/Get] All roads have been successfully received.
06.03.2024 19:40:07 [Information] [RoadWorksProgramsController/Read] All roads have been successfully read.
06.03.2024 19:40:07 [Information] [RoadWorksProgramsController] Navigating to the page "Read All Road Works Programs By Year".
06.03.2024 19:40:11 [Information] [RoadWorksProgramsController/Read/2/2021] Reading the road works program for 2021...
06.03.2024 19:40:11 [Information] [RoadWorksProgramsApiController/Get] Getting all the road works programs...
06.03.2024 19:40:11 [Information] [RoadWorksProgramsApiController/Get] All road works programs have been successfully received.
06.03.2024 19:40:11 [Information] [RoadWorksProgramsController/Read/2/2021] The road works program for 2021 was successfully read.
06.03.2024 19:40:11 [Information] [RoadWorksProgramsController] Navigating to the page "Read Road Works Program For 2021".
06.03.2024 19:40:34 [Information] [EstimatesController/Read/41] Reading a estimate with Id 41...
06.03.2024 19:40:34 [Information] [EstimatesApiController/Get/41] Getting a estimate with Id 41...
06.03.2024 19:40:34 [Information] [EstimatesApiController/Get/41] The estimate with Id 41 was successfully received.
06.03.2024 19:40:34 [Information] [EstimatesController/Read/41] The estimate with Id 41 was successfully read.
06.03.2024 19:40:34 [Information] [EstimatesController] Navigating to the page "Read Estimate By Id".
06.03.2024 19:40:38 [Information] [RoadWorksProgramsController/Read/2/2021] Reading the road works program for 2021...
06.03.2024 19:40:38 [Information] [RoadWorksProgramsApiController/Get] Getting all the road works programs...
06.03.2024 19:40:38 [Information] [RoadWorksProgramsApiController/Get] All road works programs have been successfully received.
06.03.2024 19:40:38 [Information] [RoadWorksProgramsController/Read/2/2021] The road works program for 2021 was successfully read.
06.03.2024 19:40:38 [Information] [RoadWorksProgramsController] Navigating to the page "Read Road Works Program For 2021".
