01.02.2024 3:35:47 [Information] [RoadsController/Read] Reading all roads...
01.02.2024 3:35:47 [Information] [RoadsApiController/Get] Getting all the roads...
01.02.2024 3:35:48 [Information] [RoadsApiController/Get] All roads have been successfully received.
01.02.2024 3:35:48 [Information] [RoadsController/Read] All roads have been successfully read.
01.02.2024 3:35:48 [Information] [RoadsController] Navigating to the page "Read All Roads".
01.02.2024 3:35:51 [Information] [RoadsController] Navigating to the page "Create Road".
01.02.2024 3:36:02 [Information] [RoadsController/Create] Creating a new road...
01.02.2024 3:36:02 [Information] [RoadsApiController/Post] Creating a new road...
01.02.2024 3:36:02 [Information] [RoadsApiController/Post] A new road with Id 21 has been successfully created.
01.02.2024 3:36:02 [Information] [RoadsController/Create] A new road with Id 21 has been successfully created.
01.02.2024 3:36:02 [Information] [RoadsController/Read] Reading all roads...
01.02.2024 3:36:02 [Information] [RoadsApiController/Get] Getting all the roads...
01.02.2024 3:36:02 [Information] [RoadsApiController/Get] All roads have been successfully received.
01.02.2024 3:36:02 [Information] [RoadsController/Read] All roads have been successfully read.
01.02.2024 3:36:02 [Information] [RoadsController] Navigating to the page "Read All Roads".
01.02.2024 3:36:04 [Information] [RoadsController/Read/21] Reading a road with Id 21...
01.02.2024 3:36:04 [Information] [RoadsApiController/Get/21] Getting a road with Id 21...
01.02.2024 3:36:04 [Information] [RoadsApiController/Get/21] The road with Id 21 was successfully received.
01.02.2024 3:36:04 [Information] [RoadsController/Read/21] The road with Id 21 was successfully read.
01.02.2024 3:36:04 [Information] [RoadsController] Navigating to the page "Read Road By Id".
01.02.2024 3:36:08 [Information] [RoadsController/Read] Reading all roads...
01.02.2024 3:36:08 [Information] [RoadsApiController/Get] Getting all the roads...
01.02.2024 3:36:08 [Information] [RoadsApiController/Get] All roads have been successfully received.
01.02.2024 3:36:08 [Information] [RoadsController/Read] All roads have been successfully read.
01.02.2024 3:36:08 [Information] [RoadsController] Navigating to the page "Read All Roads".
01.02.2024 3:36:09 [Information] [RoadsController/Update/21] Reading a road with Id 21...
01.02.2024 3:36:09 [Information] [RoadsApiController/Get/21] Getting a road with Id 21...
01.02.2024 3:36:09 [Information] [RoadsApiController/Get/21] The road with Id 21 was successfully received.
01.02.2024 3:36:09 [Information] [RoadsController/Update/21] The road with Id 21 was successfully read.
01.02.2024 3:36:09 [Information] [RoadsController] Navigating to the page "Update Road".
01.02.2024 3:36:13 [Information] [RoadsController/Update/21] Updating the road with Id 21...
01.02.2024 3:36:13 [Information] [RoadsApiController/Put/21] Updating the road with Id 21...
01.02.2024 3:36:13 [Information] [RoadsApiController/Put/21] The road with Id 21 has been successfully updated.
01.02.2024 3:36:13 [Information] [RoadsController/Update/21] The road with Id 21 has been successfully updated.
01.02.2024 3:36:13 [Information] [RoadsController/Read] Reading all roads...
01.02.2024 3:36:13 [Information] [RoadsApiController/Get] Getting all the roads...
01.02.2024 3:36:13 [Information] [RoadsApiController/Get] All roads have been successfully received.
01.02.2024 3:36:13 [Information] [RoadsController/Read] All roads have been successfully read.
01.02.2024 3:36:13 [Information] [RoadsController] Navigating to the page "Read All Roads".
01.02.2024 3:36:17 [Information] [EstimatesController/Read] Reading all estimates...
01.02.2024 3:36:17 [Information] [EstimatesApiController/Get] Getting all the estimates...
01.02.2024 3:36:17 [Information] [EstimatesApiController/Get] All estimates have been successfully received.
01.02.2024 3:36:17 [Information] [EstimatesController/Read] All estimates have been successfully read.
01.02.2024 3:36:17 [Information] [EstimatesController/Read] Reading all roads...
01.02.2024 3:36:17 [Information] [RoadsApiController/Get] Getting all the roads...
01.02.2024 3:36:17 [Information] [RoadsApiController/Get] All roads have been successfully received.
01.02.2024 3:36:17 [Information] [EstimatesController/Read] All roads have been successfully read.
01.02.2024 3:36:17 [Information] [EstimatesController] Navigating to the page "Read All Estimates".
01.02.2024 3:36:20 [Information] [EstimatesController/Create] Reading all roads...
01.02.2024 3:36:20 [Information] [RoadsApiController/Get] Getting all the roads...
01.02.2024 3:36:20 [Information] [RoadsApiController/Get] All roads have been successfully received.
01.02.2024 3:36:20 [Information] [EstimatesController/Create] All roads have been successfully read.
01.02.2024 3:36:20 [Information] [EstimatesController] Navigating to the page "Create Estimate".
01.02.2024 3:36:34 [Information] [EstimatesController/Create] Creating a new estimate...
01.02.2024 3:36:34 [Information] [EstimatesApiController/Post] Creating a new estimate...
01.02.2024 3:36:34 [Information] [EstimatesApiController/Post] A new estimate with Id 401 has been successfully created.
01.02.2024 3:36:34 [Information] [EstimatesController/Create] A new estimate with Id 401 has been successfully created.
01.02.2024 3:36:34 [Information] [EstimatesController/Read] Reading all estimates...
01.02.2024 3:36:34 [Information] [EstimatesApiController/Get] Getting all the estimates...
01.02.2024 3:36:34 [Information] [EstimatesApiController/Get] All estimates have been successfully received.
01.02.2024 3:36:34 [Information] [EstimatesController/Read] All estimates have been successfully read.
01.02.2024 3:36:34 [Information] [EstimatesController/Read] Reading all roads...
01.02.2024 3:36:34 [Information] [RoadsApiController/Get] Getting all the roads...
01.02.2024 3:36:34 [Information] [RoadsApiController/Get] All roads have been successfully received.
01.02.2024 3:36:34 [Information] [EstimatesController/Read] All roads have been successfully read.
01.02.2024 3:36:34 [Information] [EstimatesController] Navigating to the page "Read All Estimates".
01.02.2024 3:36:38 [Information] [EstimatesController/Read/401] Reading a estimate with Id 401...
01.02.2024 3:36:38 [Information] [EstimatesApiController/Get/401] Getting a estimate with Id 401...
01.02.2024 3:36:38 [Information] [EstimatesApiController/Get/401] The estimate with Id 401 was successfully received.
01.02.2024 3:36:38 [Information] [EstimatesController/Read/401] The estimate with Id 401 was successfully read.
01.02.2024 3:36:38 [Information] [EstimatesController] Navigating to the page "Read Estimate By Id".
01.02.2024 3:36:44 [Information] [EstimatesController/Update/401] Reading a estimate with Id 401...
01.02.2024 3:36:44 [Information] [EstimatesApiController/Get/401] Getting a estimate with Id 401...
01.02.2024 3:36:44 [Information] [EstimatesApiController/Get/401] The estimate with Id 401 was successfully received.
01.02.2024 3:36:44 [Information] [EstimatesController/Update/401] The estimate with Id 401 was successfully read.
01.02.2024 3:36:44 [Information] [EstimatesController/Update/401] Reading all roads...
01.02.2024 3:36:44 [Information] [RoadsApiController/Get] Getting all the roads...
01.02.2024 3:36:44 [Information] [RoadsApiController/Get] All roads have been successfully received.
01.02.2024 3:36:44 [Information] [EstimatesController/Update/401] All roads have been successfully read.
01.02.2024 3:36:44 [Information] [EstimatesController] Navigating to the page "Update Estimate".
01.02.2024 3:36:50 [Information] [EstimatesController/Update/401] Updating the estimate with Id 401...
01.02.2024 3:36:50 [Information] [EstimatesApiController/Put/401] Updating the estimate with Id 401...
01.02.2024 3:36:50 [Information] [EstimatesApiController/Put/401] The estimate with Id 401 has been successfully updated.
01.02.2024 3:36:50 [Information] [EstimatesController/Update/401] The estimate with Id 401 has been successfully updated.
01.02.2024 3:36:59 [Information] [EstimatesController/Read] Reading all estimates...
01.02.2024 3:36:59 [Information] [EstimatesApiController/Get] Getting all the estimates...
01.02.2024 3:36:59 [Information] [EstimatesApiController/Get] All estimates have been successfully received.
01.02.2024 3:36:59 [Information] [EstimatesController/Read] All estimates have been successfully read.
01.02.2024 3:36:59 [Information] [EstimatesController/Read] Reading all roads...
01.02.2024 3:36:59 [Information] [RoadsApiController/Get] Getting all the roads...
01.02.2024 3:36:59 [Information] [RoadsApiController/Get] All roads have been successfully received.
01.02.2024 3:36:59 [Information] [EstimatesController/Read] All roads have been successfully read.
01.02.2024 3:36:59 [Information] [EstimatesController] Navigating to the page "Read All Estimates".
01.02.2024 3:37:02 [Information] [EstimatesController/Read/401] Reading a estimate with Id 401...
01.02.2024 3:37:02 [Information] [EstimatesApiController/Get/401] Getting a estimate with Id 401...
01.02.2024 3:37:02 [Information] [EstimatesApiController/Get/401] The estimate with Id 401 was successfully received.
01.02.2024 3:37:02 [Information] [EstimatesController/Read/401] The estimate with Id 401 was successfully read.
01.02.2024 3:37:02 [Information] [EstimatesController] Navigating to the page "Read Estimate By Id".
01.02.2024 3:37:04 [Information] [TechnicalConditionsOfRoadsController/Read] Reading all technical conditions of roads...
01.02.2024 3:37:04 [Information] [TechnicalConditionsOfRoadsApiController/Get] Getting all the technical conditions of roads...
01.02.2024 3:37:05 [Information] [TechnicalConditionsOfRoadsApiController/Get] All technical conditions of roads have been successfully received.
01.02.2024 3:37:05 [Information] [TechnicalConditionsOfRoadsController/Read] All technical conditions of roads have been successfully read.
01.02.2024 3:37:05 [Information] [TechnicalConditionsOfRoadsController/Read] Reading all roads...
01.02.2024 3:37:05 [Information] [RoadsApiController/Get] Getting all the roads...
01.02.2024 3:37:05 [Information] [RoadsApiController/Get] All roads have been successfully received.
01.02.2024 3:37:05 [Information] [TechnicalConditionsOfRoadsController/Read] All roads have been successfully read.
01.02.2024 3:37:05 [Information] [TechnicalConditionsOfRoadsController] Navigating to the page "Read All Technical Conditions Of Roads By Year".
01.02.2024 3:37:11 [Information] [TechnicalConditionsOfRoadsController/Create] Reading all roads...
01.02.2024 3:37:11 [Information] [RoadsApiController/Get] Getting all the roads...
01.02.2024 3:37:11 [Information] [RoadsApiController/Get] All roads have been successfully received.
01.02.2024 3:37:11 [Information] [TechnicalConditionsOfRoadsController/Create] All roads have been successfully read.
01.02.2024 3:37:11 [Information] [TechnicalConditionsOfRoadsController] Navigating to the page "Create Technical Condition Of Road".
01.02.2024 3:37:24 [Information] [TechnicalConditionsOfRoadsController/Create] Creating a new technical condition of road...
01.02.2024 3:37:24 [Information] [TechnicalConditionsOfRoadsApiController/Post] Creating a new technical condition of road...
01.02.2024 3:37:24 [Information] [TechnicalConditionsOfRoadsApiController/Post] A new technical condition of road with Id 3602 has been successfully created.
01.02.2024 3:37:24 [Information] [TechnicalConditionsOfRoadsController/Create] A new technical condition of road with Id 3602 has been successfully created.
01.02.2024 3:37:24 [Information] [TechnicalConditionsOfRoadsController/Read] Reading all technical conditions of roads...
01.02.2024 3:37:24 [Information] [TechnicalConditionsOfRoadsApiController/Get] Getting all the technical conditions of roads...
01.02.2024 3:37:26 [Information] [TechnicalConditionsOfRoadsApiController/Get] All technical conditions of roads have been successfully received.
01.02.2024 3:37:26 [Information] [TechnicalConditionsOfRoadsController/Read] All technical conditions of roads have been successfully read.
01.02.2024 3:37:26 [Information] [TechnicalConditionsOfRoadsController/Read] Reading all roads...
01.02.2024 3:37:26 [Information] [RoadsApiController/Get] Getting all the roads...
01.02.2024 3:37:26 [Information] [RoadsApiController/Get] All roads have been successfully received.
01.02.2024 3:37:26 [Information] [TechnicalConditionsOfRoadsController/Read] All roads have been successfully read.
01.02.2024 3:37:26 [Information] [TechnicalConditionsOfRoadsController] Navigating to the page "Read All Technical Conditions Of Roads By Year".
01.02.2024 3:37:27 [Information] [TechnicalConditionsOfRoadsController/Read/21/7] Reading the technical conditions of road for 7...
01.02.2024 3:37:27 [Information] [TechnicalConditionsOfRoadsApiController/Get] Getting all the technical conditions of roads...
01.02.2024 3:37:29 [Information] [TechnicalConditionsOfRoadsApiController/Get] All technical conditions of roads have been successfully received.
01.02.2024 3:37:29 [Information] [TechnicalConditionsOfRoadsController/Read/21/7] The technical conditions of road for 7 was successfully read.
01.02.2024 3:37:29 [Information] [TechnicalConditionsOfRoadsController] Navigating to the page "Read Technical Conditions Of Road For 7".
01.02.2024 3:37:34 [Information] [TechnicalConditionsOfRoadsController/Update/3602] Reading a technical condition of road with Id 3602...
01.02.2024 3:37:34 [Information] [TechnicalConditionsOfRoadsApiController/Get/3602] Getting a technical condition of road with Id 3602...
01.02.2024 3:37:34 [Information] [TechnicalConditionsOfRoadsApiController/Get/3602] The technical condition of road with Id 3602 was successfully received.
01.02.2024 3:37:34 [Information] [TechnicalConditionsOfRoadsController/Update/3602] The technical condition of road with Id 3602 was successfully read.
01.02.2024 3:37:34 [Information] [TechnicalConditionsOfRoadsController/Update/3602] Reading all roads...
01.02.2024 3:37:34 [Information] [RoadsApiController/Get] Getting all the roads...
01.02.2024 3:37:34 [Information] [RoadsApiController/Get] All roads have been successfully received.
01.02.2024 3:37:34 [Information] [TechnicalConditionsOfRoadsController/Update/3602] All roads have been successfully read.
01.02.2024 3:37:34 [Information] [TechnicalConditionsOfRoadsController] Navigating to the page "Update Technical Condition Of Road".
01.02.2024 3:37:48 [Information] [TechnicalConditionsOfRoadsController/Update/3602] Updating the technical condition of road with Id 3602...
01.02.2024 3:37:48 [Information] [TechnicalConditionsOfRoadsApiController/Put/3602] Updating the technical condition of road with Id 3602...
01.02.2024 3:37:48 [Information] [TechnicalConditionsOfRoadsApiController/Put/3602] The technical condition of road with Id 3602 has been successfully updated.
01.02.2024 3:37:48 [Information] [TechnicalConditionsOfRoadsController/Update/3602] The technical condition of road with Id 3602 has been successfully updated.
01.02.2024 3:37:48 [Information] [TechnicalConditionsOfRoadsController/Read/21/9] Reading the technical conditions of road for 9...
01.02.2024 3:37:48 [Information] [TechnicalConditionsOfRoadsApiController/Get] Getting all the technical conditions of roads...
01.02.2024 3:37:50 [Information] [TechnicalConditionsOfRoadsApiController/Get] All technical conditions of roads have been successfully received.
01.02.2024 3:37:50 [Information] [TechnicalConditionsOfRoadsController/Read/21/9] The technical conditions of road for 9 was successfully read.
01.02.2024 3:37:50 [Information] [TechnicalConditionsOfRoadsController] Navigating to the page "Read Technical Conditions Of Road For 9".
01.02.2024 3:37:59 [Information] [TechnicalConditionsOfRoadsController/Update/3602] Reading a technical condition of road with Id 3602...
01.02.2024 3:37:59 [Information] [TechnicalConditionsOfRoadsApiController/Get/3602] Getting a technical condition of road with Id 3602...
01.02.2024 3:37:59 [Information] [TechnicalConditionsOfRoadsApiController/Get/3602] The technical condition of road with Id 3602 was successfully received.
01.02.2024 3:37:59 [Information] [TechnicalConditionsOfRoadsController/Update/3602] The technical condition of road with Id 3602 was successfully read.
01.02.2024 3:37:59 [Information] [TechnicalConditionsOfRoadsController/Update/3602] Reading all roads...
01.02.2024 3:37:59 [Information] [RoadsApiController/Get] Getting all the roads...
01.02.2024 3:37:59 [Information] [RoadsApiController/Get] All roads have been successfully received.
01.02.2024 3:37:59 [Information] [TechnicalConditionsOfRoadsController/Update/3602] All roads have been successfully read.
01.02.2024 3:37:59 [Information] [TechnicalConditionsOfRoadsController] Navigating to the page "Update Technical Condition Of Road".
01.02.2024 3:38:10 [Information] [TechnicalConditionsOfRoadsController/Update/3602] Updating the technical condition of road with Id 3602...
01.02.2024 3:38:10 [Information] [TechnicalConditionsOfRoadsApiController/Put/3602] Updating the technical condition of road with Id 3602...
01.02.2024 3:38:10 [Information] [TechnicalConditionsOfRoadsApiController/Put/3602] The technical condition of road with Id 3602 has been successfully updated.
01.02.2024 3:38:10 [Information] [TechnicalConditionsOfRoadsController/Update/3602] The technical condition of road with Id 3602 has been successfully updated.
01.02.2024 3:38:10 [Information] [TechnicalConditionsOfRoadsController/Read/21/9] Reading the technical conditions of road for 9...
01.02.2024 3:38:10 [Information] [TechnicalConditionsOfRoadsApiController/Get] Getting all the technical conditions of roads...
01.02.2024 3:38:11 [Information] [TechnicalConditionsOfRoadsApiController/Get] All technical conditions of roads have been successfully received.
01.02.2024 3:38:11 [Information] [TechnicalConditionsOfRoadsController/Read/21/9] The technical conditions of road for 9 was successfully read.
01.02.2024 3:38:11 [Information] [TechnicalConditionsOfRoadsController] Navigating to the page "Read Technical Conditions Of Road For 9".
01.02.2024 3:38:14 [Information] [EstimatesController/Read] Reading all estimates...
01.02.2024 3:38:14 [Information] [EstimatesApiController/Get] Getting all the estimates...
01.02.2024 3:38:14 [Information] [EstimatesApiController/Get] All estimates have been successfully received.
01.02.2024 3:38:14 [Information] [EstimatesController/Read] All estimates have been successfully read.
01.02.2024 3:38:14 [Information] [EstimatesController/Read] Reading all roads...
01.02.2024 3:38:14 [Information] [RoadsApiController/Get] Getting all the roads...
01.02.2024 3:38:14 [Information] [RoadsApiController/Get] All roads have been successfully received.
01.02.2024 3:38:14 [Information] [EstimatesController/Read] All roads have been successfully read.
01.02.2024 3:38:14 [Information] [EstimatesController] Navigating to the page "Read All Estimates".
01.02.2024 3:38:17 [Information] [EstimatesController/Read/401] Reading a estimate with Id 401...
01.02.2024 3:38:17 [Information] [EstimatesApiController/Get/401] Getting a estimate with Id 401...
01.02.2024 3:38:17 [Information] [EstimatesApiController/Get/401] The estimate with Id 401 was successfully received.
01.02.2024 3:38:17 [Information] [EstimatesController/Read/401] The estimate with Id 401 was successfully read.
01.02.2024 3:38:17 [Information] [EstimatesController] Navigating to the page "Read Estimate By Id".
01.02.2024 3:38:24 [Information] [EstimatesController/Delete/401] Deleting a estimate with Id 401...
01.02.2024 3:38:24 [Information] [EstimatesApiController/Delete/401] Deleting a estimate with Id 401...
01.02.2024 3:38:24 [Information] [EstimatesApiController/Delete/401] The estimate with Id 401 has been successfully deleted.
01.02.2024 3:38:24 [Information] [EstimatesController/Delete/401] The estimate with Id 401 has been successfully deleted.
01.02.2024 3:38:24 [Information] [EstimatesController/Read] Reading all estimates...
01.02.2024 3:38:24 [Information] [EstimatesApiController/Get] Getting all the estimates...
01.02.2024 3:38:24 [Information] [EstimatesApiController/Get] All estimates have been successfully received.
01.02.2024 3:38:24 [Information] [EstimatesController/Read] All estimates have been successfully read.
01.02.2024 3:38:24 [Information] [EstimatesController/Read] Reading all roads...
01.02.2024 3:38:24 [Information] [RoadsApiController/Get] Getting all the roads...
01.02.2024 3:38:24 [Information] [RoadsApiController/Get] All roads have been successfully received.
01.02.2024 3:38:24 [Information] [EstimatesController/Read] All roads have been successfully read.
01.02.2024 3:38:24 [Information] [EstimatesController] Navigating to the page "Read All Estimates".
01.02.2024 3:38:28 [Information] [TechnicalConditionsOfRoadsController/Read] Reading all technical conditions of roads...
01.02.2024 3:38:28 [Information] [TechnicalConditionsOfRoadsApiController/Get] Getting all the technical conditions of roads...
01.02.2024 3:38:29 [Information] [TechnicalConditionsOfRoadsApiController/Get] All technical conditions of roads have been successfully received.
01.02.2024 3:38:29 [Information] [TechnicalConditionsOfRoadsController/Read] All technical conditions of roads have been successfully read.
01.02.2024 3:38:29 [Information] [TechnicalConditionsOfRoadsController/Read] Reading all roads...
01.02.2024 3:38:29 [Information] [RoadsApiController/Get] Getting all the roads...
01.02.2024 3:38:29 [Information] [RoadsApiController/Get] All roads have been successfully received.
01.02.2024 3:38:29 [Information] [TechnicalConditionsOfRoadsController/Read] All roads have been successfully read.
01.02.2024 3:38:29 [Information] [TechnicalConditionsOfRoadsController] Navigating to the page "Read All Technical Conditions Of Roads By Year".
01.02.2024 3:38:31 [Information] [TechnicalConditionsOfRoadsController/Read/21/9] Reading the technical conditions of road for 9...
01.02.2024 3:38:31 [Information] [TechnicalConditionsOfRoadsApiController/Get] Getting all the technical conditions of roads...
01.02.2024 3:38:32 [Information] [TechnicalConditionsOfRoadsApiController/Get] All technical conditions of roads have been successfully received.
01.02.2024 3:38:32 [Information] [TechnicalConditionsOfRoadsController/Read/21/9] The technical conditions of road for 9 was successfully read.
01.02.2024 3:38:32 [Information] [TechnicalConditionsOfRoadsController] Navigating to the page "Read Technical Conditions Of Road For 9".
01.02.2024 3:39:03 [Information] [TechnicalConditionsOfRoadsController/Delete/3602] Deleting a technical condition of road with Id 3602...
01.02.2024 3:39:03 [Information] [TechnicalConditionsOfRoadsApiController/Delete/3602] Deleting a technical condition of road with Id 3602...
01.02.2024 3:39:03 [Information] [TechnicalConditionsOfRoadsApiController/Delete/3602] The technical condition of road with Id 3602 has been successfully deleted.
01.02.2024 3:39:03 [Information] [TechnicalConditionsOfRoadsController/Delete/3602] The technical condition of road with Id 3602 has been successfully deleted.
01.02.2024 3:39:03 [Information] [TechnicalConditionsOfRoadsController/Read] Reading all technical conditions of roads...
01.02.2024 3:39:03 [Information] [TechnicalConditionsOfRoadsApiController/Get] Getting all the technical conditions of roads...
01.02.2024 3:39:04 [Information] [TechnicalConditionsOfRoadsApiController/Get] All technical conditions of roads have been successfully received.
01.02.2024 3:39:04 [Information] [TechnicalConditionsOfRoadsController/Read] All technical conditions of roads have been successfully read.
01.02.2024 3:39:04 [Information] [TechnicalConditionsOfRoadsController/Read] Reading all roads...
01.02.2024 3:39:04 [Information] [RoadsApiController/Get] Getting all the roads...
01.02.2024 3:39:04 [Information] [RoadsApiController/Get] All roads have been successfully received.
01.02.2024 3:39:04 [Information] [TechnicalConditionsOfRoadsController/Read] All roads have been successfully read.
01.02.2024 3:39:04 [Information] [TechnicalConditionsOfRoadsController] Navigating to the page "Read All Technical Conditions Of Roads By Year".
01.02.2024 3:39:08 [Information] [RoadsController/Read] Reading all roads...
01.02.2024 3:39:08 [Information] [RoadsApiController/Get] Getting all the roads...
01.02.2024 3:39:08 [Information] [RoadsApiController/Get] All roads have been successfully received.
01.02.2024 3:39:08 [Information] [RoadsController/Read] All roads have been successfully read.
01.02.2024 3:39:08 [Information] [RoadsController] Navigating to the page "Read All Roads".
01.02.2024 3:39:13 [Information] [RoadsController/Read/21] Reading a road with Id 21...
01.02.2024 3:39:13 [Information] [RoadsApiController/Get/21] Getting a road with Id 21...
01.02.2024 3:39:13 [Information] [RoadsApiController/Get/21] The road with Id 21 was successfully received.
01.02.2024 3:39:13 [Information] [RoadsController/Read/21] The road with Id 21 was successfully read.
01.02.2024 3:39:13 [Information] [RoadsController] Navigating to the page "Read Road By Id".
01.02.2024 3:39:16 [Information] [RoadsController/Read] Reading all roads...
01.02.2024 3:39:16 [Information] [RoadsApiController/Get] Getting all the roads...
01.02.2024 3:39:16 [Information] [RoadsApiController/Get] All roads have been successfully received.
01.02.2024 3:39:16 [Information] [RoadsController/Read] All roads have been successfully read.
01.02.2024 3:39:16 [Information] [RoadsController] Navigating to the page "Read All Roads".
01.02.2024 3:39:18 [Information] [RoadsController/Delete/21] Deleting a road with Id 21...
01.02.2024 3:39:18 [Information] [RoadsApiController/Delete/21] Deleting a road with Id 21...
01.02.2024 3:39:18 [Information] [RoadsApiController/Delete/21] The road with Id 21 has been successfully deleted.
01.02.2024 3:39:18 [Information] [RoadsController/Delete/21] The road with Id 21 has been successfully deleted.
01.02.2024 3:39:18 [Information] [RoadsController/Read] Reading all roads...
01.02.2024 3:39:18 [Information] [RoadsApiController/Get] Getting all the roads...
01.02.2024 3:39:18 [Information] [RoadsApiController/Get] All roads have been successfully received.
01.02.2024 3:39:18 [Information] [RoadsController/Read] All roads have been successfully read.
01.02.2024 3:39:18 [Information] [RoadsController] Navigating to the page "Read All Roads".
01.02.2024 3:39:24 [Information] [TechnicalConditionsOfRoadsController/Read] Reading all technical conditions of roads...
01.02.2024 3:39:24 [Information] [TechnicalConditionsOfRoadsApiController/Get] Getting all the technical conditions of roads...
01.02.2024 3:39:25 [Information] [TechnicalConditionsOfRoadsApiController/Get] All technical conditions of roads have been successfully received.
01.02.2024 3:39:25 [Information] [TechnicalConditionsOfRoadsController/Read] All technical conditions of roads have been successfully read.
01.02.2024 3:39:25 [Information] [TechnicalConditionsOfRoadsController/Read] Reading all roads...
01.02.2024 3:39:25 [Information] [RoadsApiController/Get] Getting all the roads...
01.02.2024 3:39:25 [Information] [RoadsApiController/Get] All roads have been successfully received.
01.02.2024 3:39:25 [Information] [TechnicalConditionsOfRoadsController/Read] All roads have been successfully read.
01.02.2024 3:39:25 [Information] [TechnicalConditionsOfRoadsController] Navigating to the page "Read All Technical Conditions Of Roads By Year".
01.02.2024 3:39:27 [Information] [TechnicalConditionsOfRoadsController/Read/20/2016] Reading the technical conditions of road for 2016...
01.02.2024 3:39:27 [Information] [TechnicalConditionsOfRoadsApiController/Get] Getting all the technical conditions of roads...
01.02.2024 3:39:28 [Information] [TechnicalConditionsOfRoadsApiController/Get] All technical conditions of roads have been successfully received.
01.02.2024 3:39:28 [Information] [TechnicalConditionsOfRoadsController/Read/20/2016] The technical conditions of road for 2016 was successfully read.
01.02.2024 3:39:28 [Information] [TechnicalConditionsOfRoadsController] Navigating to the page "Read Technical Conditions Of Road For 2016".
