11.03.2024 19:48:40 [Information] [RoadsController/Read] Reading all roads...
11.03.2024 19:48:40 [Information] [RoadsApiController/Get] Getting all the roads...
11.03.2024 19:48:40 [Information] [RoadsApiController/Get] All roads have been successfully received.
11.03.2024 19:48:40 [Information] [RoadsController/Read] All roads have been successfully read.
11.03.2024 19:48:40 [Information] [RoadsController] Navigating to the page "Read All Roads".
11.03.2024 19:48:42 [Information] [RoadsController/Update/1] Reading a road with Id 1...
11.03.2024 19:48:42 [Information] [RoadsApiController/Get/1] Getting a road with Id 1...
11.03.2024 19:48:42 [Information] [RoadsApiController/Get/1] The road with Id 1 was successfully received.
11.03.2024 19:48:42 [Information] [RoadsController/Update/1] The road with Id 1 was successfully read.
11.03.2024 19:48:42 [Information] [RoadsController] Navigating to the page "Update Road".
11.03.2024 19:48:46 [Information] [RoadsController/Read] Reading all roads...
11.03.2024 19:48:46 [Information] [RoadsApiController/Get] Getting all the roads...
11.03.2024 19:48:46 [Information] [RoadsApiController/Get] All roads have been successfully received.
11.03.2024 19:48:46 [Information] [RoadsController/Read] All roads have been successfully read.
11.03.2024 19:48:46 [Information] [RoadsController] Navigating to the page "Read All Roads".
11.03.2024 19:48:47 [Information] [TechnicalConditionsOfRoadsController/Read] Reading all technical conditions of roads...
11.03.2024 19:48:47 [Information] [TechnicalConditionsOfRoadsApiController/Get] Getting all the technical conditions of roads...
11.03.2024 19:48:49 [Information] [TechnicalConditionsOfRoadsApiController/Get] All technical conditions of roads have been successfully received.
11.03.2024 19:48:49 [Information] [TechnicalConditionsOfRoadsController/Read] Reading all technical conditions of roads...
11.03.2024 19:48:49 [Information] [TechnicalConditionsOfRoadsApiController/Get] Getting all the technical conditions of roads...
11.03.2024 19:48:49 [Information] [TechnicalConditionsOfRoadsController/Read] All technical conditions of roads have been successfully read.
11.03.2024 19:48:49 [Information] [TechnicalConditionsOfRoadsController/Read] Reading all roads...
11.03.2024 19:48:49 [Information] [RoadsApiController/Get] Getting all the roads...
11.03.2024 19:48:49 [Information] [RoadsApiController/Get] All roads have been successfully received.
11.03.2024 19:48:49 [Information] [TechnicalConditionsOfRoadsController/Read] All roads have been successfully read.
11.03.2024 19:48:49 [Information] [TechnicalConditionsOfRoadsController] Navigating to the page "Read All Technical Conditions Of Roads By Year".
11.03.2024 19:48:51 [Information] [TechnicalConditionsOfRoadsApiController/Get] All technical conditions of roads have been successfully received.
11.03.2024 19:48:51 [Information] [TechnicalConditionsOfRoadsController/Read] All technical conditions of roads have been successfully read.
11.03.2024 19:48:51 [Information] [TechnicalConditionsOfRoadsController/Read] Reading all roads...
11.03.2024 19:48:51 [Information] [RoadsApiController/Get] Getting all the roads...
11.03.2024 19:48:51 [Information] [RoadsApiController/Get] All roads have been successfully received.
11.03.2024 19:48:51 [Information] [TechnicalConditionsOfRoadsController/Read] All roads have been successfully read.
11.03.2024 19:48:51 [Information] [TechnicalConditionsOfRoadsController] Navigating to the page "Read All Technical Conditions Of Roads By Year".
11.03.2024 19:48:52 [Information] [TechnicalConditionsOfRoadsController/Read/2/2023] Reading the technical conditions of road for 2023...
11.03.2024 19:48:52 [Information] [TechnicalConditionsOfRoadsApiController/Get] Getting all the technical conditions of roads...
11.03.2024 19:48:54 [Information] [TechnicalConditionsOfRoadsApiController/Get] All technical conditions of roads have been successfully received.
11.03.2024 19:48:54 [Information] [TechnicalConditionsOfRoadsController/Read/2/2023] The technical conditions of road for 2023 was successfully read.
11.03.2024 19:48:54 [Information] [TechnicalConditionsOfRoadsController] Navigating to the page "Read Technical Conditions Of Road For 2023".
11.03.2024 19:48:56 [Information] [TechnicalConditionsOfRoadsController/Update/3602] Reading a technical condition of road with Id 3602...
11.03.2024 19:48:56 [Information] [TechnicalConditionsOfRoadsApiController/Get/3602] Getting a technical condition of road with Id 3602...
11.03.2024 19:48:56 [Information] [TechnicalConditionsOfRoadsApiController/Get/3602] The technical condition of road with Id 3602 was successfully received.
11.03.2024 19:48:56 [Information] [TechnicalConditionsOfRoadsController/Update/3602] The technical condition of road with Id 3602 was successfully read.
11.03.2024 19:48:56 [Information] [TechnicalConditionsOfRoadsController/Update/3602] Reading all roads...
11.03.2024 19:48:56 [Information] [RoadsApiController/Get] Getting all the roads...
11.03.2024 19:48:56 [Information] [RoadsApiController/Get] All roads have been successfully received.
11.03.2024 19:48:56 [Information] [TechnicalConditionsOfRoadsController/Update/3602] All roads have been successfully read.
11.03.2024 19:48:56 [Information] [TechnicalConditionsOfRoadsController] Navigating to the page "Update Technical Condition Of Road".
11.03.2024 19:49:13 [Information] [TechnicalConditionsOfRoadsController/Read/2/2023] Reading the technical conditions of road for 2023...
11.03.2024 19:49:13 [Information] [TechnicalConditionsOfRoadsApiController/Get] Getting all the technical conditions of roads...
11.03.2024 19:49:14 [Information] [TechnicalConditionsOfRoadsApiController/Get] All technical conditions of roads have been successfully received.
11.03.2024 19:49:14 [Information] [TechnicalConditionsOfRoadsController/Read/2/2023] The technical conditions of road for 2023 was successfully read.
11.03.2024 19:49:14 [Information] [TechnicalConditionsOfRoadsController] Navigating to the page "Read Technical Conditions Of Road For 2023".
11.03.2024 19:49:19 [Information] [RoadWorksProgramsController/Read] Reading all road works programs...
11.03.2024 19:49:19 [Information] [RoadWorksProgramsApiController/Get] Getting all the road works programs...
11.03.2024 19:49:19 [Information] [RoadWorksProgramsApiController/Get] All road works programs have been successfully received.
11.03.2024 19:49:19 [Information] [RoadWorksProgramsController/Read] All road works programs have been successfully read.
11.03.2024 19:49:19 [Information] [RoadWorksProgramsController/Read] Reading all roads...
11.03.2024 19:49:19 [Information] [RoadsApiController/Get] Getting all the roads...
11.03.2024 19:49:19 [Information] [RoadsApiController/Get] All roads have been successfully received.
11.03.2024 19:49:19 [Information] [RoadWorksProgramsController/Read] All roads have been successfully read.
11.03.2024 19:49:19 [Information] [RoadWorksProgramsController] Navigating to the page "Read All Road Works Programs By Year".
11.03.2024 19:49:22 [Information] [RoadWorksProgramsController/Read/15/2023] Reading the road works program for 2023...
11.03.2024 19:49:22 [Information] [RoadWorksProgramsApiController/Get] Getting all the road works programs...
11.03.2024 19:49:22 [Information] [RoadWorksProgramsApiController/Get] All road works programs have been successfully received.
11.03.2024 19:49:22 [Information] [RoadWorksProgramsController/Read/15/2023] The road works program for 2023 was successfully read.
11.03.2024 19:49:22 [Information] [RoadWorksProgramsController] Navigating to the page "Read Road Works Program For 2023".
11.03.2024 19:49:24 [Information] [EstimatesController/Read/563] Reading a estimate with Id 563...
11.03.2024 19:49:24 [Information] [EstimatesApiController/Get/563] Getting a estimate with Id 563...
11.03.2024 19:49:24 [Information] [EstimatesApiController/Get/563] The estimate with Id 563 was successfully received.
11.03.2024 19:49:24 [Information] [EstimatesController/Read/563] The estimate with Id 563 was successfully read.
11.03.2024 19:49:24 [Information] [EstimatesController] Navigating to the page "Read Estimate By Id".
11.03.2024 19:49:27 [Information] [RoadWorksProgramsController/Read/15/2023] Reading the road works program for 2023...
11.03.2024 19:49:27 [Information] [RoadWorksProgramsApiController/Get] Getting all the road works programs...
11.03.2024 19:49:27 [Information] [RoadWorksProgramsApiController/Get] All road works programs have been successfully received.
11.03.2024 19:49:27 [Information] [RoadWorksProgramsController/Read/15/2023] The road works program for 2023 was successfully read.
11.03.2024 19:49:27 [Information] [RoadWorksProgramsController] Navigating to the page "Read Road Works Program For 2023".
11.03.2024 19:49:29 [Information] [RoadWorksProgramsController/Update/94] Reading a road works program with Id 94...
11.03.2024 19:49:29 [Information] [RoadWorksProgramsApiController/Get/94] Getting a road works program with Id 94...
11.03.2024 19:49:29 [Information] [RoadWorksProgramsApiController/Get/94] The road works program with Id 94 was successfully received.
11.03.2024 19:49:29 [Information] [RoadWorksProgramsController/Update/94] The road works program with Id 94 was successfully read.
11.03.2024 19:49:29 [Information] [RoadWorksProgramsController/Update/94] Reading all roads...
11.03.2024 19:49:29 [Information] [RoadsApiController/Get] Getting all the roads...
11.03.2024 19:49:29 [Information] [RoadsApiController/Get] All roads have been successfully received.
11.03.2024 19:49:29 [Information] [RoadWorksProgramsController/Update/94] All roads have been successfully read.
11.03.2024 19:49:29 [Information] [RoadWorksProgramsController/Update/94] Reading all estimates...
11.03.2024 19:49:29 [Information] [EstimatesApiController/Get] Getting all the estimates...
11.03.2024 19:49:29 [Information] [EstimatesApiController/Get] All estimates have been successfully received.
11.03.2024 19:49:29 [Information] [RoadWorksProgramsController/Update/94] All estimates have been successfully read.
11.03.2024 19:49:29 [Information] [RoadWorksProgramsController] Navigating to the page "Update Road Works Program".
11.03.2024 19:49:38 [Information] [RoadWorksProgramsController/Read/15/2023] Reading the road works program for 2023...
11.03.2024 19:49:38 [Information] [RoadWorksProgramsApiController/Get] Getting all the road works programs...
11.03.2024 19:49:38 [Information] [RoadWorksProgramsApiController/Get] All road works programs have been successfully received.
11.03.2024 19:49:38 [Information] [RoadWorksProgramsController/Read/15/2023] The road works program for 2023 was successfully read.
11.03.2024 19:49:38 [Information] [RoadWorksProgramsController] Navigating to the page "Read Road Works Program For 2023".
