07.01.2024 21:54:21 [Information] [RoadsController/Read] Reading all roads...
07.01.2024 21:54:21 [Information] [RoadsApiController/Get] Getting all the roads...
07.01.2024 21:54:21 [Information] [RoadsApiController/Get] All roads have been successfully received.
07.01.2024 21:54:21 [Information] [RoadsController/Read] All roads have been successfully read.
07.01.2024 21:54:21 [Information] [RoadsController] Navigating to the page "Read All Roads".
07.01.2024 21:54:22 [Information] [RoadsController/Read/1] Reading a road with Id 1...
07.01.2024 21:54:22 [Information] [RoadsApiController/Get/1] Getting a road with Id 1...
07.01.2024 21:54:23 [Information] [RoadsApiController/Get/1] The road with Id 1 was successfully received.
07.01.2024 21:54:23 [Information] [RoadsController/Read/1] The road with Id 1 was successfully read.
07.01.2024 21:54:23 [Information] [RoadsController] Navigating to the page "Read Road By Id".
07.01.2024 21:54:26 [Information] [RoadsController/Update/1] Reading a road with Id 1...
07.01.2024 21:54:26 [Information] [RoadsApiController/Get/1] Getting a road with Id 1...
07.01.2024 21:54:26 [Information] [RoadsApiController/Get/1] The road with Id 1 was successfully received.
07.01.2024 21:54:26 [Information] [RoadsController/Update/1] The road with Id 1 was successfully read.
07.01.2024 21:54:26 [Information] [RoadsController] Navigating to the page "Update Road".
07.01.2024 21:54:32 [Information] [RoadsController/Read/1] Reading a road with Id 1...
07.01.2024 21:54:32 [Information] [RoadsApiController/Get/1] Getting a road with Id 1...
07.01.2024 21:54:32 [Information] [RoadsApiController/Get/1] The road with Id 1 was successfully received.
07.01.2024 21:54:32 [Information] [RoadsController/Read/1] The road with Id 1 was successfully read.
07.01.2024 21:54:32 [Information] [RoadsController] Navigating to the page "Read Road By Id".
07.01.2024 21:54:36 [Information] [RoadsController/Update/1] Reading a road with Id 1...
07.01.2024 21:54:36 [Information] [RoadsApiController/Get/1] Getting a road with Id 1...
07.01.2024 21:54:36 [Information] [RoadsApiController/Get/1] The road with Id 1 was successfully received.
07.01.2024 21:54:36 [Information] [RoadsController/Update/1] The road with Id 1 was successfully read.
07.01.2024 21:54:36 [Information] [RoadsController] Navigating to the page "Update Road".
07.01.2024 21:54:39 [Information] [RoadsController/Delete/1] Reading a road with Id 1...
07.01.2024 21:54:39 [Information] [RoadsApiController/Get/1] Getting a road with Id 1...
07.01.2024 21:54:39 [Information] [RoadsApiController/Get/1] The road with Id 1 was successfully received.
07.01.2024 21:54:39 [Information] [RoadsController/Delete/1] The road with Id 1 was successfully read.
07.01.2024 21:54:39 [Information] [RoadsController] Navigating to the page "Delete Road".
07.01.2024 21:54:44 [Information] [RoadsController/Update/1] Reading a road with Id 1...
07.01.2024 21:54:44 [Information] [RoadsApiController/Get/1] Getting a road with Id 1...
07.01.2024 21:54:44 [Information] [RoadsApiController/Get/1] The road with Id 1 was successfully received.
07.01.2024 21:54:44 [Information] [RoadsController/Update/1] The road with Id 1 was successfully read.
07.01.2024 21:54:44 [Information] [RoadsController] Navigating to the page "Update Road".
07.01.2024 21:54:48 [Information] [RoadsController/Delete/1] Reading a road with Id 1...
07.01.2024 21:54:48 [Information] [RoadsApiController/Get/1] Getting a road with Id 1...
07.01.2024 21:54:48 [Information] [RoadsApiController/Get/1] The road with Id 1 was successfully received.
07.01.2024 21:54:48 [Information] [RoadsController/Delete/1] The road with Id 1 was successfully read.
07.01.2024 21:54:48 [Information] [RoadsController] Navigating to the page "Delete Road".
07.01.2024 21:54:51 [Information] [RoadsController] Navigating to the page "Create Road".
07.01.2024 21:55:11 [Information] [RoadsController/Read/1] Reading a road with Id 1...
07.01.2024 21:55:11 [Information] [RoadsApiController/Get/1] Getting a road with Id 1...
07.01.2024 21:55:11 [Information] [RoadsApiController/Get/1] The road with Id 1 was successfully received.
07.01.2024 21:55:11 [Information] [RoadsController/Read/1] The road with Id 1 was successfully read.
07.01.2024 21:55:11 [Information] [RoadsController] Navigating to the page "Read Road By Id".
07.01.2024 21:55:16 [Information] [RoadsController/Update/1] Reading a road with Id 1...
07.01.2024 21:55:16 [Information] [RoadsApiController/Get/1] Getting a road with Id 1...
07.01.2024 21:55:16 [Information] [RoadsApiController/Get/1] The road with Id 1 was successfully received.
07.01.2024 21:55:16 [Information] [RoadsController/Update/1] The road with Id 1 was successfully read.
07.01.2024 21:55:16 [Information] [RoadsController] Navigating to the page "Update Road".
