01.02.2024 15:15:52 [Information] [TechnicalConditionsOfRoadsController/Read] Reading all technical conditions of roads...
01.02.2024 15:15:52 [Information] [TechnicalConditionsOfRoadsApiController/Get] Getting all the technical conditions of roads...
01.02.2024 15:15:54 [Information] [TechnicalConditionsOfRoadsApiController/Get] All technical conditions of roads have been successfully received.
01.02.2024 15:15:55 [Information] [TechnicalConditionsOfRoadsController/Read] All technical conditions of roads have been successfully read.
01.02.2024 15:15:55 [Information] [TechnicalConditionsOfRoadsController/Read] Reading all roads...
01.02.2024 15:15:55 [Information] [RoadsApiController/Get] Getting all the roads...
01.02.2024 15:15:55 [Information] [RoadsApiController/Get] All roads have been successfully received.
01.02.2024 15:15:55 [Information] [TechnicalConditionsOfRoadsController/Read] All roads have been successfully read.
01.02.2024 15:15:55 [Information] [TechnicalConditionsOfRoadsController] Navigating to the page "Read All Technical Conditions Of Roads By Year".
01.02.2024 15:15:57 [Information] [TechnicalConditionsOfRoadsController/Read/1/2009] Reading the technical conditions of road for 2009...
01.02.2024 15:15:57 [Information] [TechnicalConditionsOfRoadsApiController/Get] Getting all the technical conditions of roads...
01.02.2024 15:15:58 [Information] [TechnicalConditionsOfRoadsApiController/Get] All technical conditions of roads have been successfully received.
01.02.2024 15:15:58 [Information] [TechnicalConditionsOfRoadsController/Read/1/2009] The technical conditions of road for 2009 was successfully read.
01.02.2024 15:15:58 [Information] [TechnicalConditionsOfRoadsController] Navigating to the page "Read Technical Conditions Of Road For 2009".
01.02.2024 15:16:26 [Information] [EstimatesController/Read] Reading all estimates...
01.02.2024 15:16:26 [Information] [EstimatesApiController/Get] Getting all the estimates...
01.02.2024 15:16:26 [Information] [EstimatesApiController/Get] All estimates have been successfully received.
01.02.2024 15:16:26 [Information] [EstimatesController/Read] All estimates have been successfully read.
01.02.2024 15:16:26 [Information] [EstimatesController/Read] Reading all roads...
01.02.2024 15:16:26 [Information] [RoadsApiController/Get] Getting all the roads...
01.02.2024 15:16:26 [Information] [RoadsApiController/Get] All roads have been successfully received.
01.02.2024 15:16:26 [Information] [EstimatesController/Read] All roads have been successfully read.
01.02.2024 15:16:26 [Information] [EstimatesController] Navigating to the page "Read All Estimates".
01.02.2024 15:16:30 [Information] [TechnicalConditionsOfRoadsController/Read] Reading all technical conditions of roads...
01.02.2024 15:16:30 [Information] [TechnicalConditionsOfRoadsApiController/Get] Getting all the technical conditions of roads...
01.02.2024 15:16:31 [Information] [TechnicalConditionsOfRoadsApiController/Get] All technical conditions of roads have been successfully received.
01.02.2024 15:16:31 [Information] [TechnicalConditionsOfRoadsController/Read] All technical conditions of roads have been successfully read.
01.02.2024 15:16:31 [Information] [TechnicalConditionsOfRoadsController/Read] Reading all roads...
01.02.2024 15:16:31 [Information] [RoadsApiController/Get] Getting all the roads...
01.02.2024 15:16:31 [Information] [RoadsApiController/Get] All roads have been successfully received.
01.02.2024 15:16:31 [Information] [TechnicalConditionsOfRoadsController/Read] All roads have been successfully read.
01.02.2024 15:16:31 [Information] [TechnicalConditionsOfRoadsController] Navigating to the page "Read All Technical Conditions Of Roads By Year".
01.02.2024 15:16:35 [Information] [TechnicalConditionsOfRoadsController/Read/1/2009] Reading the technical conditions of road for 2009...
01.02.2024 15:16:35 [Information] [TechnicalConditionsOfRoadsApiController/Get] Getting all the technical conditions of roads...
01.02.2024 15:16:36 [Information] [TechnicalConditionsOfRoadsApiController/Get] All technical conditions of roads have been successfully received.
01.02.2024 15:16:36 [Information] [TechnicalConditionsOfRoadsController/Read/1/2009] The technical conditions of road for 2009 was successfully read.
01.02.2024 15:16:36 [Information] [TechnicalConditionsOfRoadsController] Navigating to the page "Read Technical Conditions Of Road For 2009".
