10.01.2024 1:01:03 [Information] [EstimatesController/Read] Reading all estimates...
10.01.2024 1:01:04 [Information] [EstimatesApiController/Get] Getting all the estimates...
10.01.2024 1:01:04 [Information] [EstimatesApiController/Get] All estimates have been successfully received.
10.01.2024 1:01:04 [Information] [EstimatesController/Read] All estimates have been successfully read.
10.01.2024 1:01:04 [Information] [EstimatesController/Read] Reading all roads...
10.01.2024 1:01:04 [Information] [RoadsApiController/Get] Getting all the roads...
10.01.2024 1:01:04 [Information] [RoadsApiController/Get] All roads have been successfully received.
10.01.2024 1:01:04 [Information] [EstimatesController/Read] All roads have been successfully read.
10.01.2024 1:01:04 [Information] [EstimatesController] Navigating to the page "Read All Estimates".
10.01.2024 1:01:07 [Information] [EstimatesController/Read/404] Reading a estimate with Id 404...
10.01.2024 1:01:07 [Information] [EstimatesApiController/Get/404] Getting a estimate with Id 404...
10.01.2024 1:01:07 [Information] [EstimatesApiController/Get/404] The estimate with Id 404 was successfully received.
10.01.2024 1:01:07 [Information] [EstimatesController/Read/404] The estimate with Id 404 was successfully read.
10.01.2024 1:01:07 [Information] [EstimatesController] Navigating to the page "Read Estimate By Id".
10.01.2024 1:01:09 [Information] [EstimatesController/Delete] Deleting a estimate with Id 404...
10.01.2024 1:01:09 [Information] [EstimatesApiController/Delete/404] Deleting a estimate with Id 404...
10.01.2024 1:01:09 [Information] [EstimatesApiController/Delete/404] The estimate with Id 404 has been successfully deleted.
10.01.2024 1:01:09 [Information] [EstimatesController/Delete] The estimate with Id 404 has been successfully deleted.
10.01.2024 1:01:09 [Information] [EstimatesController/Read] Reading all estimates...
10.01.2024 1:01:09 [Information] [EstimatesApiController/Get] Getting all the estimates...
10.01.2024 1:01:10 [Information] [EstimatesApiController/Get] All estimates have been successfully received.
10.01.2024 1:01:10 [Information] [EstimatesController/Read] All estimates have been successfully read.
10.01.2024 1:01:10 [Information] [EstimatesController/Read] Reading all roads...
10.01.2024 1:01:10 [Information] [RoadsApiController/Get] Getting all the roads...
10.01.2024 1:01:10 [Information] [RoadsApiController/Get] All roads have been successfully received.
10.01.2024 1:01:10 [Information] [EstimatesController/Read] All roads have been successfully read.
10.01.2024 1:01:10 [Information] [EstimatesController] Navigating to the page "Read All Estimates".
