10.01.2024 21:14:03 [Information] [RoadsController/Read] Reading all roads...
10.01.2024 21:14:03 [Information] [RoadsApiController/Get] Getting all the roads...
10.01.2024 21:14:03 [Information] [RoadsApiController/Get] All roads have been successfully received.
10.01.2024 21:14:03 [Information] [RoadsController/Read] All roads have been successfully read.
10.01.2024 21:14:03 [Information] [RoadsController] Navigating to the page "Read All Roads".
10.01.2024 21:14:07 [Information] [EstimatesController/Read] Reading all estimates...
10.01.2024 21:14:07 [Information] [EstimatesApiController/Get] Getting all the estimates...
10.01.2024 21:14:07 [Information] [EstimatesApiController/Get] All estimates have been successfully received.
10.01.2024 21:14:07 [Information] [EstimatesController/Read] All estimates have been successfully read.
10.01.2024 21:14:07 [Information] [EstimatesController/Read] Reading all roads...
10.01.2024 21:14:07 [Information] [RoadsApiController/Get] Getting all the roads...
10.01.2024 21:14:07 [Information] [RoadsApiController/Get] All roads have been successfully received.
10.01.2024 21:14:07 [Information] [EstimatesController/Read] All roads have been successfully read.
10.01.2024 21:14:07 [Information] [EstimatesController] Navigating to the page "Read All Estimates".
10.01.2024 21:14:09 [Information] [EstimatesController/Read/13] Reading a estimate with Id 13...
10.01.2024 21:14:09 [Information] [EstimatesApiController/Get/13] Getting a estimate with Id 13...
10.01.2024 21:14:09 [Information] [EstimatesApiController/Get/13] The estimate with Id 13 was successfully received.
10.01.2024 21:14:09 [Information] [EstimatesController/Read/13] The estimate with Id 13 was successfully read.
10.01.2024 21:14:09 [Information] [EstimatesController] Navigating to the page "Read Estimate By Id".
10.01.2024 21:14:14 [Information] [EstimatesController/Update/13] Reading a estimate with Id 13...
10.01.2024 21:14:14 [Information] [EstimatesApiController/Get/13] Getting a estimate with Id 13...
10.01.2024 21:14:14 [Information] [EstimatesApiController/Get/13] The estimate with Id 13 was successfully received.
10.01.2024 21:14:14 [Information] [EstimatesController/Update/13] The estimate with Id 13 was successfully read.
10.01.2024 21:14:14 [Information] [EstimatesController/Update/13] Reading all roads...
10.01.2024 21:14:14 [Information] [RoadsApiController/Get] Getting all the roads...
10.01.2024 21:14:14 [Information] [RoadsApiController/Get] All roads have been successfully received.
10.01.2024 21:14:14 [Information] [EstimatesController/Update/13] All roads have been successfully read.
10.01.2024 21:14:14 [Information] [EstimatesController] Navigating to the page "Update Estimate".
10.01.2024 21:14:16 [Information] [EstimatesController/Read/13] Reading a estimate with Id 13...
10.01.2024 21:14:16 [Information] [EstimatesApiController/Get/13] Getting a estimate with Id 13...
10.01.2024 21:14:16 [Information] [EstimatesApiController/Get/13] The estimate with Id 13 was successfully received.
10.01.2024 21:14:16 [Information] [EstimatesController/Read/13] The estimate with Id 13 was successfully read.
10.01.2024 21:14:16 [Information] [EstimatesController] Navigating to the page "Read Estimate By Id".
10.01.2024 21:15:10 [Information] [RoadsController/Read] Reading all roads...
10.01.2024 21:15:10 [Information] [RoadsApiController/Get] Getting all the roads...
10.01.2024 21:15:10 [Information] [RoadsApiController/Get] All roads have been successfully received.
10.01.2024 21:15:10 [Information] [RoadsController/Read] All roads have been successfully read.
10.01.2024 21:15:10 [Information] [RoadsController] Navigating to the page "Read All Roads".
10.01.2024 21:15:19 [Information] [EstimatesController/Read] Reading all estimates...
10.01.2024 21:15:19 [Information] [EstimatesApiController/Get] Getting all the estimates...
10.01.2024 21:15:19 [Information] [EstimatesApiController/Get] All estimates have been successfully received.
10.01.2024 21:15:19 [Information] [EstimatesController/Read] All estimates have been successfully read.
10.01.2024 21:15:19 [Information] [EstimatesController/Read] Reading all roads...
10.01.2024 21:15:19 [Information] [RoadsApiController/Get] Getting all the roads...
10.01.2024 21:15:19 [Information] [RoadsApiController/Get] All roads have been successfully received.
10.01.2024 21:15:19 [Information] [EstimatesController/Read] All roads have been successfully read.
10.01.2024 21:15:19 [Information] [EstimatesController] Navigating to the page "Read All Estimates".
10.01.2024 21:15:51 [Information] [EstimatesController/Read/22] Reading a estimate with Id 22...
10.01.2024 21:15:51 [Information] [EstimatesApiController/Get/22] Getting a estimate with Id 22...
10.01.2024 21:15:51 [Information] [EstimatesApiController/Get/22] The estimate with Id 22 was successfully received.
10.01.2024 21:15:51 [Information] [EstimatesController/Read/22] The estimate with Id 22 was successfully read.
10.01.2024 21:15:51 [Information] [EstimatesController] Navigating to the page "Read Estimate By Id".
10.01.2024 21:16:14 [Information] [RoadsController/Read] Reading all roads...
10.01.2024 21:16:14 [Information] [RoadsApiController/Get] Getting all the roads...
10.01.2024 21:16:14 [Information] [RoadsApiController/Get] All roads have been successfully received.
10.01.2024 21:16:14 [Information] [RoadsController/Read] All roads have been successfully read.
10.01.2024 21:16:14 [Information] [RoadsController] Navigating to the page "Read All Roads".
