07.01.2024 20:14:30 [Information] [RoadsController/Read] Reading all roads...
07.01.2024 20:14:30 [Information] [RoadsApiController/Get] Getting all the roads...
07.01.2024 20:14:31 [Information] [RoadsApiController/Get] All roads have been successfully received.
07.01.2024 20:14:31 [Information] [RoadsController/Read] All roads have been successfully read.
07.01.2024 20:14:31 [Information] [RoadsController] Navigating to the page "Read All Roads".
07.01.2024 20:14:31 [Information] [RoadsController/Read] Reading all roads...
07.01.2024 20:14:31 [Information] [RoadsApiController/Get] Getting all the roads...
07.01.2024 20:14:31 [Information] [RoadsApiController/Get] All roads have been successfully received.
07.01.2024 20:14:31 [Information] [RoadsController/Read] All roads have been successfully read.
07.01.2024 20:14:31 [Information] [RoadsController] Navigating to the page "Read All Roads".
07.01.2024 20:14:31 [Information] [RoadsController/Read] Reading all roads...
07.01.2024 20:14:31 [Information] [RoadsApiController/Get] Getting all the roads...
07.01.2024 20:14:31 [Information] [RoadsApiController/Get] All roads have been successfully received.
07.01.2024 20:14:31 [Information] [RoadsController/Read] All roads have been successfully read.
07.01.2024 20:14:31 [Information] [RoadsController] Navigating to the page "Read All Roads".
07.01.2024 20:14:31 [Information] [RoadsController/Read] Reading all roads...
07.01.2024 20:14:31 [Information] [RoadsApiController/Get] Getting all the roads...
07.01.2024 20:14:31 [Information] [RoadsApiController/Get] All roads have been successfully received.
07.01.2024 20:14:31 [Information] [RoadsController/Read] All roads have been successfully read.
07.01.2024 20:14:31 [Information] [RoadsController] Navigating to the page "Read All Roads".
07.01.2024 20:14:31 [Information] [RoadsController/Read] Reading all roads...
07.01.2024 20:14:31 [Information] [RoadsApiController/Get] Getting all the roads...
07.01.2024 20:14:31 [Information] [RoadsApiController/Get] All roads have been successfully received.
07.01.2024 20:14:31 [Information] [RoadsController/Read] All roads have been successfully read.
07.01.2024 20:14:31 [Information] [RoadsController] Navigating to the page "Read All Roads".
07.01.2024 20:14:31 [Information] [RoadsController/Read] Reading all roads...
07.01.2024 20:14:31 [Information] [RoadsApiController/Get] Getting all the roads...
07.01.2024 20:14:31 [Information] [RoadsApiController/Get] All roads have been successfully received.
07.01.2024 20:14:31 [Information] [RoadsController/Read] All roads have been successfully read.
07.01.2024 20:14:31 [Information] [RoadsController] Navigating to the page "Read All Roads".
07.01.2024 20:14:31 [Information] [RoadsController/Read] Reading all roads...
07.01.2024 20:14:31 [Information] [RoadsApiController/Get] Getting all the roads...
07.01.2024 20:14:31 [Information] [RoadsApiController/Get] All roads have been successfully received.
07.01.2024 20:14:31 [Information] [RoadsController/Read] All roads have been successfully read.
07.01.2024 20:14:31 [Information] [RoadsController] Navigating to the page "Read All Roads".
07.01.2024 20:14:31 [Information] [RoadsController/Read] Reading all roads...
07.01.2024 20:14:31 [Information] [RoadsApiController/Get] Getting all the roads...
07.01.2024 20:14:31 [Information] [RoadsApiController/Get] All roads have been successfully received.
07.01.2024 20:14:31 [Information] [RoadsController/Read] All roads have been successfully read.
07.01.2024 20:14:31 [Information] [RoadsController] Navigating to the page "Read All Roads".
07.01.2024 20:14:31 [Information] [RoadsController/Read] Reading all roads...
07.01.2024 20:14:31 [Information] [RoadsApiController/Get] Getting all the roads...
07.01.2024 20:14:31 [Information] [RoadsApiController/Get] All roads have been successfully received.
07.01.2024 20:14:31 [Information] [RoadsController/Read] All roads have been successfully read.
07.01.2024 20:14:31 [Information] [RoadsController] Navigating to the page "Read All Roads".
07.01.2024 20:14:31 [Information] [RoadsController/Read] Reading all roads...
07.01.2024 20:14:31 [Information] [RoadsApiController/Get] Getting all the roads...
07.01.2024 20:14:31 [Information] [RoadsApiController/Get] All roads have been successfully received.
07.01.2024 20:14:31 [Information] [RoadsController/Read] All roads have been successfully read.
07.01.2024 20:14:31 [Information] [RoadsController] Navigating to the page "Read All Roads".
07.01.2024 20:14:31 [Information] [RoadsController/Read] Reading all roads...
07.01.2024 20:14:31 [Information] [RoadsApiController/Get] Getting all the roads...
07.01.2024 20:14:31 [Information] [RoadsApiController/Get] All roads have been successfully received.
07.01.2024 20:14:31 [Information] [RoadsController/Read] All roads have been successfully read.
07.01.2024 20:14:31 [Information] [RoadsController] Navigating to the page "Read All Roads".
07.01.2024 20:14:31 [Information] [RoadsController/Read] Reading all roads...
07.01.2024 20:14:31 [Information] [RoadsApiController/Get] Getting all the roads...
07.01.2024 20:14:31 [Information] [RoadsApiController/Get] All roads have been successfully received.
07.01.2024 20:14:31 [Information] [RoadsController/Read] All roads have been successfully read.
07.01.2024 20:14:31 [Information] [RoadsController] Navigating to the page "Read All Roads".
07.01.2024 20:14:31 [Information] [RoadsController/Read] Reading all roads...
07.01.2024 20:14:31 [Information] [RoadsApiController/Get] Getting all the roads...
07.01.2024 20:14:31 [Information] [RoadsApiController/Get] All roads have been successfully received.
07.01.2024 20:14:31 [Information] [RoadsController/Read] All roads have been successfully read.
07.01.2024 20:14:31 [Information] [RoadsController] Navigating to the page "Read All Roads".
07.01.2024 20:14:31 [Information] [RoadsController/Read] Reading all roads...
07.01.2024 20:14:31 [Information] [RoadsApiController/Get] Getting all the roads...
07.01.2024 20:14:31 [Information] [RoadsApiController/Get] All roads have been successfully received.
07.01.2024 20:14:31 [Information] [RoadsController/Read] All roads have been successfully read.
07.01.2024 20:14:31 [Information] [RoadsController] Navigating to the page "Read All Roads".
07.01.2024 20:14:31 [Information] [RoadsController/Read] Reading all roads...
07.01.2024 20:14:31 [Information] [RoadsApiController/Get] Getting all the roads...
07.01.2024 20:14:31 [Information] [RoadsApiController/Get] All roads have been successfully received.
07.01.2024 20:14:31 [Information] [RoadsController/Read] All roads have been successfully read.
07.01.2024 20:14:31 [Information] [RoadsController] Navigating to the page "Read All Roads".
07.01.2024 20:14:31 [Information] [RoadsController/Read] Reading all roads...
07.01.2024 20:14:31 [Information] [RoadsApiController/Get] Getting all the roads...
07.01.2024 20:14:31 [Information] [RoadsApiController/Get] All roads have been successfully received.
07.01.2024 20:14:31 [Information] [RoadsController/Read] All roads have been successfully read.
07.01.2024 20:14:31 [Information] [RoadsController] Navigating to the page "Read All Roads".
07.01.2024 20:14:31 [Information] [RoadsController/Read] Reading all roads...
07.01.2024 20:14:31 [Information] [RoadsApiController/Get] Getting all the roads...
07.01.2024 20:14:31 [Information] [RoadsApiController/Get] All roads have been successfully received.
07.01.2024 20:14:31 [Information] [RoadsController/Read] All roads have been successfully read.
07.01.2024 20:14:31 [Information] [RoadsController] Navigating to the page "Read All Roads".
07.01.2024 20:14:31 [Information] [RoadsController/Read] Reading all roads...
07.01.2024 20:14:31 [Information] [RoadsApiController/Get] Getting all the roads...
07.01.2024 20:14:31 [Information] [RoadsApiController/Get] All roads have been successfully received.
07.01.2024 20:14:31 [Information] [RoadsController/Read] All roads have been successfully read.
07.01.2024 20:14:31 [Information] [RoadsController] Navigating to the page "Read All Roads".
07.01.2024 20:14:32 [Information] [RoadsController/Read] Reading all roads...
07.01.2024 20:14:32 [Information] [RoadsApiController/Get] Getting all the roads...
07.01.2024 20:14:32 [Information] [RoadsApiController/Get] All roads have been successfully received.
07.01.2024 20:14:32 [Information] [RoadsController/Read] All roads have been successfully read.
07.01.2024 20:14:32 [Information] [RoadsController] Navigating to the page "Read All Roads".
07.01.2024 20:14:32 [Information] [RoadsController/Read] Reading all roads...
07.01.2024 20:14:32 [Information] [RoadsApiController/Get] Getting all the roads...
07.01.2024 20:14:32 [Information] [RoadsApiController/Get] All roads have been successfully received.
07.01.2024 20:14:32 [Information] [RoadsController/Read] All roads have been successfully read.
07.01.2024 20:14:32 [Information] [RoadsController] Navigating to the page "Read All Roads".
07.01.2024 20:14:33 [Information] [RoadsController/Read] Reading all roads...
07.01.2024 20:14:33 [Information] [RoadsApiController/Get] Getting all the roads...
07.01.2024 20:14:33 [Information] [RoadsApiController/Get] All roads have been successfully received.
07.01.2024 20:14:33 [Information] [RoadsController/Read] All roads have been successfully read.
07.01.2024 20:14:33 [Information] [RoadsController] Navigating to the page "Read All Roads".
07.01.2024 20:14:33 [Information] [RoadsController/Read] Reading all roads...
07.01.2024 20:14:33 [Information] [RoadsApiController/Get] Getting all the roads...
07.01.2024 20:14:33 [Information] [RoadsApiController/Get] All roads have been successfully received.
07.01.2024 20:14:33 [Information] [RoadsController/Read] All roads have been successfully read.
07.01.2024 20:14:33 [Information] [RoadsController] Navigating to the page "Read All Roads".
07.01.2024 20:14:33 [Information] [RoadsController/Read] Reading all roads...
07.01.2024 20:14:33 [Information] [RoadsApiController/Get] Getting all the roads...
07.01.2024 20:14:33 [Information] [RoadsApiController/Get] All roads have been successfully received.
07.01.2024 20:14:33 [Information] [RoadsController/Read] All roads have been successfully read.
07.01.2024 20:14:33 [Information] [RoadsController] Navigating to the page "Read All Roads".
07.01.2024 20:14:33 [Information] [RoadsController/Read] Reading all roads...
07.01.2024 20:14:33 [Information] [RoadsApiController/Get] Getting all the roads...
07.01.2024 20:14:33 [Information] [RoadsApiController/Get] All roads have been successfully received.
07.01.2024 20:14:33 [Information] [RoadsController/Read] All roads have been successfully read.
07.01.2024 20:14:33 [Information] [RoadsController] Navigating to the page "Read All Roads".
07.01.2024 20:14:33 [Information] [RoadsController/Read] Reading all roads...
07.01.2024 20:14:33 [Information] [RoadsApiController/Get] Getting all the roads...
07.01.2024 20:14:33 [Information] [RoadsApiController/Get] All roads have been successfully received.
07.01.2024 20:14:33 [Information] [RoadsController/Read] All roads have been successfully read.
07.01.2024 20:14:33 [Information] [RoadsController] Navigating to the page "Read All Roads".
07.01.2024 20:14:33 [Information] [RoadsController/Read] Reading all roads...
07.01.2024 20:14:33 [Information] [RoadsApiController/Get] Getting all the roads...
07.01.2024 20:14:33 [Information] [RoadsApiController/Get] All roads have been successfully received.
07.01.2024 20:14:33 [Information] [RoadsController/Read] All roads have been successfully read.
07.01.2024 20:14:33 [Information] [RoadsController] Navigating to the page "Read All Roads".
07.01.2024 20:14:33 [Information] [RoadsController/Read] Reading all roads...
07.01.2024 20:14:33 [Information] [RoadsApiController/Get] Getting all the roads...
07.01.2024 20:14:33 [Information] [RoadsApiController/Get] All roads have been successfully received.
07.01.2024 20:14:33 [Information] [RoadsController/Read] All roads have been successfully read.
07.01.2024 20:14:33 [Information] [RoadsController] Navigating to the page "Read All Roads".
07.01.2024 20:14:33 [Information] [RoadsController/Read] Reading all roads...
07.01.2024 20:14:33 [Information] [RoadsApiController/Get] Getting all the roads...
07.01.2024 20:14:33 [Information] [RoadsApiController/Get] All roads have been successfully received.
07.01.2024 20:14:33 [Information] [RoadsController/Read] All roads have been successfully read.
07.01.2024 20:14:33 [Information] [RoadsController] Navigating to the page "Read All Roads".
07.01.2024 20:14:33 [Information] [RoadsController/Read] Reading all roads...
07.01.2024 20:14:33 [Information] [RoadsApiController/Get] Getting all the roads...
07.01.2024 20:14:33 [Information] [RoadsApiController/Get] All roads have been successfully received.
07.01.2024 20:14:33 [Information] [RoadsController/Read] All roads have been successfully read.
07.01.2024 20:14:33 [Information] [RoadsController] Navigating to the page "Read All Roads".
07.01.2024 20:14:33 [Information] [RoadsController/Read] Reading all roads...
07.01.2024 20:14:33 [Information] [RoadsApiController/Get] Getting all the roads...
07.01.2024 20:14:33 [Information] [RoadsApiController/Get] All roads have been successfully received.
07.01.2024 20:14:33 [Information] [RoadsController/Read] All roads have been successfully read.
07.01.2024 20:14:33 [Information] [RoadsController] Navigating to the page "Read All Roads".
07.01.2024 20:14:33 [Information] [RoadsController/Read] Reading all roads...
07.01.2024 20:14:33 [Information] [RoadsApiController/Get] Getting all the roads...
07.01.2024 20:14:33 [Information] [RoadsApiController/Get] All roads have been successfully received.
07.01.2024 20:14:33 [Information] [RoadsController/Read] All roads have been successfully read.
07.01.2024 20:14:33 [Information] [RoadsController] Navigating to the page "Read All Roads".
07.01.2024 20:14:33 [Information] [RoadsController/Read] Reading all roads...
07.01.2024 20:14:33 [Information] [RoadsApiController/Get] Getting all the roads...
07.01.2024 20:14:33 [Information] [RoadsApiController/Get] All roads have been successfully received.
07.01.2024 20:14:33 [Information] [RoadsController/Read] All roads have been successfully read.
07.01.2024 20:14:33 [Information] [RoadsController] Navigating to the page "Read All Roads".
07.01.2024 20:14:33 [Information] [RoadsController/Read] Reading all roads...
07.01.2024 20:14:33 [Information] [RoadsApiController/Get] Getting all the roads...
07.01.2024 20:14:33 [Information] [RoadsApiController/Get] All roads have been successfully received.
07.01.2024 20:14:33 [Information] [RoadsController/Read] All roads have been successfully read.
07.01.2024 20:14:33 [Information] [RoadsController] Navigating to the page "Read All Roads".
07.01.2024 20:14:33 [Information] [RoadsController/Read] Reading all roads...
07.01.2024 20:14:33 [Information] [RoadsApiController/Get] Getting all the roads...
07.01.2024 20:14:33 [Information] [RoadsApiController/Get] All roads have been successfully received.
07.01.2024 20:14:33 [Information] [RoadsController/Read] All roads have been successfully read.
07.01.2024 20:14:33 [Information] [RoadsController] Navigating to the page "Read All Roads".
07.01.2024 20:14:33 [Information] [RoadsController/Read] Reading all roads...
07.01.2024 20:14:33 [Information] [RoadsApiController/Get] Getting all the roads...
07.01.2024 20:14:33 [Information] [RoadsApiController/Get] All roads have been successfully received.
07.01.2024 20:14:33 [Information] [RoadsController/Read] All roads have been successfully read.
07.01.2024 20:14:33 [Information] [RoadsController] Navigating to the page "Read All Roads".
07.01.2024 20:14:33 [Information] [RoadsController/Read] Reading all roads...
07.01.2024 20:14:33 [Information] [RoadsApiController/Get] Getting all the roads...
07.01.2024 20:14:33 [Information] [RoadsApiController/Get] All roads have been successfully received.
07.01.2024 20:14:33 [Information] [RoadsController/Read] All roads have been successfully read.
07.01.2024 20:14:33 [Information] [RoadsController] Navigating to the page "Read All Roads".
07.01.2024 20:14:33 [Information] [RoadsController/Read] Reading all roads...
07.01.2024 20:14:33 [Information] [RoadsApiController/Get] Getting all the roads...
07.01.2024 20:14:33 [Information] [RoadsApiController/Get] All roads have been successfully received.
07.01.2024 20:14:33 [Information] [RoadsController/Read] All roads have been successfully read.
07.01.2024 20:14:33 [Information] [RoadsController] Navigating to the page "Read All Roads".
07.01.2024 20:14:33 [Information] [RoadsController/Read] Reading all roads...
07.01.2024 20:14:33 [Information] [RoadsApiController/Get] Getting all the roads...
07.01.2024 20:14:33 [Information] [RoadsApiController/Get] All roads have been successfully received.
07.01.2024 20:14:33 [Information] [RoadsController/Read] All roads have been successfully read.
07.01.2024 20:14:33 [Information] [RoadsController] Navigating to the page "Read All Roads".
07.01.2024 20:14:33 [Information] [RoadsController/Read] Reading all roads...
07.01.2024 20:14:33 [Information] [RoadsApiController/Get] Getting all the roads...
07.01.2024 20:14:33 [Information] [RoadsApiController/Get] All roads have been successfully received.
07.01.2024 20:14:33 [Information] [RoadsController/Read] All roads have been successfully read.
07.01.2024 20:14:33 [Information] [RoadsController] Navigating to the page "Read All Roads".
07.01.2024 20:14:33 [Information] [RoadsController/Read] Reading all roads...
07.01.2024 20:14:33 [Information] [RoadsApiController/Get] Getting all the roads...
07.01.2024 20:14:33 [Information] [RoadsApiController/Get] All roads have been successfully received.
07.01.2024 20:14:33 [Information] [RoadsController/Read] All roads have been successfully read.
07.01.2024 20:14:33 [Information] [RoadsController] Navigating to the page "Read All Roads".
07.01.2024 20:14:43 [Information] [RoadsController/Read] Reading all roads...
07.01.2024 20:14:43 [Information] [RoadsApiController/Get] Getting all the roads...
07.01.2024 20:14:43 [Information] [RoadsApiController/Get] All roads have been successfully received.
07.01.2024 20:14:43 [Information] [RoadsController/Read] All roads have been successfully read.
07.01.2024 20:14:43 [Information] [RoadsController] Navigating to the page "Read All Roads".
07.01.2024 20:14:43 [Information] [RoadsController/Read] Reading all roads...
07.01.2024 20:14:43 [Information] [RoadsApiController/Get] Getting all the roads...
07.01.2024 20:14:43 [Information] [RoadsApiController/Get] All roads have been successfully received.
07.01.2024 20:14:43 [Information] [RoadsController/Read] All roads have been successfully read.
07.01.2024 20:14:43 [Information] [RoadsController] Navigating to the page "Read All Roads".
07.01.2024 20:14:43 [Information] [RoadsController/Read] Reading all roads...
07.01.2024 20:14:43 [Information] [RoadsApiController/Get] Getting all the roads...
07.01.2024 20:14:43 [Information] [RoadsApiController/Get] All roads have been successfully received.
07.01.2024 20:14:43 [Information] [RoadsController/Read] All roads have been successfully read.
07.01.2024 20:14:43 [Information] [RoadsController] Navigating to the page "Read All Roads".
07.01.2024 20:14:43 [Information] [RoadsController/Read] Reading all roads...
07.01.2024 20:14:43 [Information] [RoadsApiController/Get] Getting all the roads...
07.01.2024 20:14:43 [Information] [RoadsApiController/Get] All roads have been successfully received.
07.01.2024 20:14:43 [Information] [RoadsController/Read] All roads have been successfully read.
07.01.2024 20:14:43 [Information] [RoadsController] Navigating to the page "Read All Roads".
07.01.2024 20:14:43 [Information] [RoadsController/Read] Reading all roads...
07.01.2024 20:14:43 [Information] [RoadsApiController/Get] Getting all the roads...
07.01.2024 20:14:43 [Information] [RoadsApiController/Get] All roads have been successfully received.
07.01.2024 20:14:43 [Information] [RoadsController/Read] All roads have been successfully read.
07.01.2024 20:14:43 [Information] [RoadsController] Navigating to the page "Read All Roads".
07.01.2024 20:14:43 [Information] [RoadsController/Read] Reading all roads...
07.01.2024 20:14:43 [Information] [RoadsApiController/Get] Getting all the roads...
07.01.2024 20:14:43 [Information] [RoadsApiController/Get] All roads have been successfully received.
07.01.2024 20:14:43 [Information] [RoadsController/Read] All roads have been successfully read.
07.01.2024 20:14:44 [Information] [RoadsController] Navigating to the page "Read All Roads".
07.01.2024 20:14:44 [Information] [RoadsController/Read] Reading all roads...
07.01.2024 20:14:44 [Information] [RoadsApiController/Get] Getting all the roads...
07.01.2024 20:14:44 [Information] [RoadsApiController/Get] All roads have been successfully received.
07.01.2024 20:14:44 [Information] [RoadsController/Read] All roads have been successfully read.
07.01.2024 20:14:44 [Information] [RoadsController] Navigating to the page "Read All Roads".
07.01.2024 20:14:44 [Information] [RoadsController/Read] Reading all roads...
07.01.2024 20:14:44 [Information] [RoadsApiController/Get] Getting all the roads...
07.01.2024 20:14:44 [Information] [RoadsApiController/Get] All roads have been successfully received.
07.01.2024 20:14:44 [Information] [RoadsController/Read] All roads have been successfully read.
07.01.2024 20:14:44 [Information] [RoadsController] Navigating to the page "Read All Roads".
07.01.2024 20:14:44 [Information] [RoadsController/Read] Reading all roads...
07.01.2024 20:14:44 [Information] [RoadsApiController/Get] Getting all the roads...
07.01.2024 20:14:44 [Information] [RoadsApiController/Get] All roads have been successfully received.
07.01.2024 20:14:44 [Information] [RoadsController/Read] All roads have been successfully read.
07.01.2024 20:14:44 [Information] [RoadsController] Navigating to the page "Read All Roads".
07.01.2024 20:14:44 [Information] [RoadsController/Read] Reading all roads...
07.01.2024 20:14:44 [Information] [RoadsApiController/Get] Getting all the roads...
07.01.2024 20:14:44 [Information] [RoadsApiController/Get] All roads have been successfully received.
07.01.2024 20:14:44 [Information] [RoadsController/Read] All roads have been successfully read.
07.01.2024 20:14:44 [Information] [RoadsController] Navigating to the page "Read All Roads".
07.01.2024 20:14:44 [Information] [RoadsController/Read] Reading all roads...
07.01.2024 20:14:44 [Information] [RoadsApiController/Get] Getting all the roads...
07.01.2024 20:14:44 [Information] [RoadsApiController/Get] All roads have been successfully received.
07.01.2024 20:14:44 [Information] [RoadsController/Read] All roads have been successfully read.
07.01.2024 20:14:44 [Information] [RoadsController] Navigating to the page "Read All Roads".
07.01.2024 20:14:44 [Information] [RoadsController/Read] Reading all roads...
07.01.2024 20:14:44 [Information] [RoadsApiController/Get] Getting all the roads...
07.01.2024 20:14:44 [Information] [RoadsApiController/Get] All roads have been successfully received.
07.01.2024 20:14:44 [Information] [RoadsController/Read] All roads have been successfully read.
07.01.2024 20:14:44 [Information] [RoadsController] Navigating to the page "Read All Roads".
07.01.2024 20:14:44 [Information] [RoadsController/Read] Reading all roads...
07.01.2024 20:14:44 [Information] [RoadsApiController/Get] Getting all the roads...
07.01.2024 20:14:44 [Information] [RoadsApiController/Get] All roads have been successfully received.
07.01.2024 20:14:44 [Information] [RoadsController/Read] All roads have been successfully read.
07.01.2024 20:14:44 [Information] [RoadsController] Navigating to the page "Read All Roads".
07.01.2024 20:14:44 [Information] [RoadsController/Read] Reading all roads...
07.01.2024 20:14:44 [Information] [RoadsApiController/Get] Getting all the roads...
07.01.2024 20:14:44 [Information] [RoadsApiController/Get] All roads have been successfully received.
07.01.2024 20:14:44 [Information] [RoadsController/Read] All roads have been successfully read.
07.01.2024 20:14:44 [Information] [RoadsController] Navigating to the page "Read All Roads".
07.01.2024 20:14:44 [Information] [RoadsController/Read] Reading all roads...
07.01.2024 20:14:44 [Information] [RoadsApiController/Get] Getting all the roads...
07.01.2024 20:14:44 [Information] [RoadsApiController/Get] All roads have been successfully received.
07.01.2024 20:14:44 [Information] [RoadsController/Read] All roads have been successfully read.
07.01.2024 20:14:44 [Information] [RoadsController] Navigating to the page "Read All Roads".
07.01.2024 20:14:44 [Information] [RoadsController/Read] Reading all roads...
07.01.2024 20:14:44 [Information] [RoadsApiController/Get] Getting all the roads...
07.01.2024 20:14:44 [Information] [RoadsApiController/Get] All roads have been successfully received.
07.01.2024 20:14:44 [Information] [RoadsController/Read] All roads have been successfully read.
07.01.2024 20:14:44 [Information] [RoadsController] Navigating to the page "Read All Roads".
07.01.2024 20:14:44 [Information] [RoadsController/Read] Reading all roads...
07.01.2024 20:14:44 [Information] [RoadsApiController/Get] Getting all the roads...
07.01.2024 20:14:44 [Information] [RoadsApiController/Get] All roads have been successfully received.
07.01.2024 20:14:44 [Information] [RoadsController/Read] All roads have been successfully read.
07.01.2024 20:14:44 [Information] [RoadsController] Navigating to the page "Read All Roads".
07.01.2024 20:14:44 [Information] [RoadsController/Read] Reading all roads...
07.01.2024 20:14:44 [Information] [RoadsApiController/Get] Getting all the roads...
07.01.2024 20:14:44 [Information] [RoadsApiController/Get] All roads have been successfully received.
07.01.2024 20:14:44 [Information] [RoadsController/Read] All roads have been successfully read.
07.01.2024 20:14:44 [Information] [RoadsController] Navigating to the page "Read All Roads".
07.01.2024 20:14:44 [Information] [RoadsController/Read] Reading all roads...
07.01.2024 20:14:44 [Information] [RoadsApiController/Get] Getting all the roads...
07.01.2024 20:14:44 [Information] [RoadsApiController/Get] All roads have been successfully received.
07.01.2024 20:14:44 [Information] [RoadsController/Read] All roads have been successfully read.
07.01.2024 20:14:44 [Information] [RoadsController] Navigating to the page "Read All Roads".
07.01.2024 20:14:44 [Information] [RoadsController/Read] Reading all roads...
07.01.2024 20:14:44 [Information] [RoadsApiController/Get] Getting all the roads...
07.01.2024 20:14:44 [Information] [RoadsApiController/Get] All roads have been successfully received.
07.01.2024 20:14:44 [Information] [RoadsController/Read] All roads have been successfully read.
07.01.2024 20:14:44 [Information] [RoadsController] Navigating to the page "Read All Roads".
07.01.2024 20:14:45 [Information] [RoadsController/Read] Reading all roads...
07.01.2024 20:14:45 [Information] [RoadsApiController/Get] Getting all the roads...
07.01.2024 20:14:45 [Information] [RoadsApiController/Get] All roads have been successfully received.
07.01.2024 20:14:45 [Information] [RoadsController/Read] All roads have been successfully read.
07.01.2024 20:14:45 [Information] [RoadsController] Navigating to the page "Read All Roads".
07.01.2024 20:14:45 [Information] [RoadsController/Read] Reading all roads...
07.01.2024 20:14:45 [Information] [RoadsApiController/Get] Getting all the roads...
07.01.2024 20:14:45 [Information] [RoadsApiController/Get] All roads have been successfully received.
07.01.2024 20:14:45 [Information] [RoadsController/Read] All roads have been successfully read.
07.01.2024 20:14:45 [Information] [RoadsController] Navigating to the page "Read All Roads".
07.01.2024 20:14:45 [Information] [RoadsController/Read] Reading all roads...
07.01.2024 20:14:45 [Information] [RoadsApiController/Get] Getting all the roads...
07.01.2024 20:14:45 [Information] [RoadsApiController/Get] All roads have been successfully received.
07.01.2024 20:14:45 [Information] [RoadsController/Read] All roads have been successfully read.
07.01.2024 20:14:45 [Information] [RoadsController] Navigating to the page "Read All Roads".
07.01.2024 20:14:45 [Information] [RoadsController/Read] Reading all roads...
07.01.2024 20:14:45 [Information] [RoadsApiController/Get] Getting all the roads...
07.01.2024 20:14:45 [Information] [RoadsApiController/Get] All roads have been successfully received.
07.01.2024 20:14:45 [Information] [RoadsController/Read] All roads have been successfully read.
07.01.2024 20:14:45 [Information] [RoadsController] Navigating to the page "Read All Roads".
07.01.2024 20:14:45 [Information] [RoadsController/Read] Reading all roads...
07.01.2024 20:14:45 [Information] [RoadsApiController/Get] Getting all the roads...
07.01.2024 20:14:45 [Information] [RoadsApiController/Get] All roads have been successfully received.
07.01.2024 20:14:45 [Information] [RoadsController/Read] All roads have been successfully read.
07.01.2024 20:14:45 [Information] [RoadsController] Navigating to the page "Read All Roads".
07.01.2024 20:14:45 [Information] [RoadsController/Read] Reading all roads...
07.01.2024 20:14:45 [Information] [RoadsApiController/Get] Getting all the roads...
07.01.2024 20:14:45 [Information] [RoadsApiController/Get] All roads have been successfully received.
07.01.2024 20:14:45 [Information] [RoadsController/Read] All roads have been successfully read.
07.01.2024 20:14:45 [Information] [RoadsController] Navigating to the page "Read All Roads".
07.01.2024 20:14:45 [Information] [RoadsController/Read] Reading all roads...
07.01.2024 20:14:45 [Information] [RoadsApiController/Get] Getting all the roads...
07.01.2024 20:14:45 [Information] [RoadsApiController/Get] All roads have been successfully received.
07.01.2024 20:14:45 [Information] [RoadsController/Read] All roads have been successfully read.
07.01.2024 20:14:45 [Information] [RoadsController] Navigating to the page "Read All Roads".
07.01.2024 20:14:45 [Information] [RoadsController/Read] Reading all roads...
07.01.2024 20:14:45 [Information] [RoadsApiController/Get] Getting all the roads...
07.01.2024 20:14:45 [Information] [RoadsApiController/Get] All roads have been successfully received.
07.01.2024 20:14:45 [Information] [RoadsController/Read] All roads have been successfully read.
07.01.2024 20:14:45 [Information] [RoadsController] Navigating to the page "Read All Roads".
07.01.2024 20:14:45 [Information] [RoadsController/Read] Reading all roads...
07.01.2024 20:14:45 [Information] [RoadsApiController/Get] Getting all the roads...
07.01.2024 20:14:45 [Information] [RoadsApiController/Get] All roads have been successfully received.
07.01.2024 20:14:45 [Information] [RoadsController/Read] All roads have been successfully read.
07.01.2024 20:14:45 [Information] [RoadsController] Navigating to the page "Read All Roads".
07.01.2024 20:14:45 [Information] [RoadsController/Read] Reading all roads...
07.01.2024 20:14:45 [Information] [RoadsApiController/Get] Getting all the roads...
07.01.2024 20:14:45 [Information] [RoadsApiController/Get] All roads have been successfully received.
07.01.2024 20:14:45 [Information] [RoadsController/Read] All roads have been successfully read.
07.01.2024 20:14:45 [Information] [RoadsController] Navigating to the page "Read All Roads".
07.01.2024 20:14:45 [Information] [RoadsController/Read] Reading all roads...
07.01.2024 20:14:45 [Information] [RoadsApiController/Get] Getting all the roads...
07.01.2024 20:14:45 [Information] [RoadsApiController/Get] All roads have been successfully received.
07.01.2024 20:14:45 [Information] [RoadsController/Read] All roads have been successfully read.
07.01.2024 20:14:45 [Information] [RoadsController] Navigating to the page "Read All Roads".
07.01.2024 20:14:45 [Information] [RoadsController/Read] Reading all roads...
07.01.2024 20:14:45 [Information] [RoadsApiController/Get] Getting all the roads...
07.01.2024 20:14:45 [Information] [RoadsApiController/Get] All roads have been successfully received.
07.01.2024 20:14:45 [Information] [RoadsController/Read] All roads have been successfully read.
07.01.2024 20:14:45 [Information] [RoadsController] Navigating to the page "Read All Roads".
07.01.2024 20:14:45 [Information] [RoadsController/Read] Reading all roads...
07.01.2024 20:14:45 [Information] [RoadsApiController/Get] Getting all the roads...
07.01.2024 20:14:45 [Information] [RoadsApiController/Get] All roads have been successfully received.
07.01.2024 20:14:45 [Information] [RoadsController/Read] All roads have been successfully read.
07.01.2024 20:14:45 [Information] [RoadsController] Navigating to the page "Read All Roads".
07.01.2024 20:14:46 [Information] [RoadsController/Read] Reading all roads...
07.01.2024 20:14:46 [Information] [RoadsApiController/Get] Getting all the roads...
07.01.2024 20:14:46 [Information] [RoadsApiController/Get] All roads have been successfully received.
07.01.2024 20:14:46 [Information] [RoadsController/Read] All roads have been successfully read.
07.01.2024 20:14:46 [Information] [RoadsController] Navigating to the page "Read All Roads".
07.01.2024 20:14:46 [Information] [RoadsController/Read] Reading all roads...
07.01.2024 20:14:46 [Information] [RoadsApiController/Get] Getting all the roads...
07.01.2024 20:14:46 [Information] [RoadsApiController/Get] All roads have been successfully received.
07.01.2024 20:14:46 [Information] [RoadsController/Read] All roads have been successfully read.
07.01.2024 20:14:46 [Information] [RoadsController] Navigating to the page "Read All Roads".
07.01.2024 20:14:46 [Information] [RoadsController/Read] Reading all roads...
07.01.2024 20:14:46 [Information] [RoadsApiController/Get] Getting all the roads...
07.01.2024 20:14:46 [Information] [RoadsApiController/Get] All roads have been successfully received.
07.01.2024 20:14:46 [Information] [RoadsController/Read] All roads have been successfully read.
07.01.2024 20:14:46 [Information] [RoadsController] Navigating to the page "Read All Roads".
07.01.2024 20:14:46 [Information] [RoadsController/Read] Reading all roads...
07.01.2024 20:14:46 [Information] [RoadsApiController/Get] Getting all the roads...
07.01.2024 20:14:46 [Information] [RoadsApiController/Get] All roads have been successfully received.
07.01.2024 20:14:46 [Information] [RoadsController/Read] All roads have been successfully read.
07.01.2024 20:14:46 [Information] [RoadsController] Navigating to the page "Read All Roads".
07.01.2024 20:14:46 [Information] [RoadsController/Read] Reading all roads...
07.01.2024 20:14:46 [Information] [RoadsApiController/Get] Getting all the roads...
07.01.2024 20:14:46 [Information] [RoadsApiController/Get] All roads have been successfully received.
07.01.2024 20:14:46 [Information] [RoadsController/Read] All roads have been successfully read.
07.01.2024 20:14:46 [Information] [RoadsController] Navigating to the page "Read All Roads".
07.01.2024 20:14:46 [Information] [RoadsController/Read] Reading all roads...
07.01.2024 20:14:46 [Information] [RoadsApiController/Get] Getting all the roads...
07.01.2024 20:14:46 [Information] [RoadsApiController/Get] All roads have been successfully received.
07.01.2024 20:14:46 [Information] [RoadsController/Read] All roads have been successfully read.
07.01.2024 20:14:46 [Information] [RoadsController] Navigating to the page "Read All Roads".
07.01.2024 20:14:46 [Information] [RoadsController/Read] Reading all roads...
07.01.2024 20:14:46 [Information] [RoadsApiController/Get] Getting all the roads...
07.01.2024 20:14:46 [Information] [RoadsApiController/Get] All roads have been successfully received.
07.01.2024 20:14:46 [Information] [RoadsController/Read] All roads have been successfully read.
07.01.2024 20:14:46 [Information] [RoadsController] Navigating to the page "Read All Roads".
