31.01.2024 23:55:00 [Information] [TechnicalConditionsOfRoadsController/Read] Reading all technical conditions of roads...
31.01.2024 23:55:00 [Information] [TechnicalConditionsOfRoadsApiController/Get] Getting all the technical conditions of roads...
31.01.2024 23:55:02 [Information] [TechnicalConditionsOfRoadsApiController/Get] All technical conditions of roads have been successfully received.
31.01.2024 23:55:03 [Information] [TechnicalConditionsOfRoadsController/Read] All technical conditions of roads have been successfully read.
31.01.2024 23:55:03 [Information] [TechnicalConditionsOfRoadsController/Read] Reading all roads...
31.01.2024 23:55:03 [Information] [RoadsApiController/Get] Getting all the roads...
31.01.2024 23:55:03 [Information] [RoadsApiController/Get] All roads have been successfully received.
31.01.2024 23:55:03 [Information] [TechnicalConditionsOfRoadsController/Read] All roads have been successfully read.
31.01.2024 23:55:03 [Information] [TechnicalConditionsOfRoadsController] Navigating to the page "Read All Technical Conditions Of Roads By Year".
31.01.2024 23:55:06 [Information] [TechnicalConditionsOfRoadsController/Read/3/2009] Reading the technical conditions of roads for 2009...
31.01.2024 23:55:06 [Information] [TechnicalConditionsOfRoadsApiController/Get] Getting all the technical conditions of roads...
31.01.2024 23:55:07 [Information] [TechnicalConditionsOfRoadsApiController/Get] All technical conditions of roads have been successfully received.
31.01.2024 23:55:07 [Information] [TechnicalConditionsOfRoadsController/Read/3/2009] The technical conditions of roads for 2009 was successfully read.
31.01.2024 23:55:07 [Information] [TechnicalConditionsOfRoadsController] Navigating to the page "Read Technical Conditions Of Roads For 2009".
31.01.2024 23:56:18 [Information] [TechnicalConditionsOfRoadsController/Read/12/2015] Reading the technical conditions of roads for 2015...
31.01.2024 23:56:18 [Information] [TechnicalConditionsOfRoadsApiController/Get] Getting all the technical conditions of roads...
31.01.2024 23:56:19 [Information] [TechnicalConditionsOfRoadsApiController/Get] All technical conditions of roads have been successfully received.
31.01.2024 23:56:19 [Information] [TechnicalConditionsOfRoadsController/Read/12/2015] The technical conditions of roads for 2015 was successfully read.
31.01.2024 23:56:19 [Information] [TechnicalConditionsOfRoadsController] Navigating to the page "Read Technical Conditions Of Roads For 2015".
31.01.2024 23:56:50 [Information] [TechnicalConditionsOfRoadsController/Read/17/2011] Reading the technical conditions of roads for 2011...
31.01.2024 23:56:50 [Information] [TechnicalConditionsOfRoadsApiController/Get] Getting all the technical conditions of roads...
31.01.2024 23:56:52 [Information] [TechnicalConditionsOfRoadsApiController/Get] All technical conditions of roads have been successfully received.
31.01.2024 23:56:52 [Information] [TechnicalConditionsOfRoadsController/Read/17/2011] The technical conditions of roads for 2011 was successfully read.
31.01.2024 23:56:52 [Information] [TechnicalConditionsOfRoadsController] Navigating to the page "Read Technical Conditions Of Roads For 2011".
