10.01.2024 1:37:48 [Information] [EstimatesController/Read] Reading all estimates...
10.01.2024 1:37:48 [Information] [EstimatesApiController/Get] Getting all the estimates...
10.01.2024 1:37:49 [Information] [EstimatesApiController/Get] All estimates have been successfully received.
10.01.2024 1:37:49 [Information] [EstimatesController/Read] All estimates have been successfully read.
10.01.2024 1:37:49 [Information] [EstimatesController/Read] Reading all roads...
10.01.2024 1:37:49 [Information] [RoadsApiController/Get] Getting all the roads...
10.01.2024 1:37:49 [Information] [RoadsApiController/Get] All roads have been successfully received.
10.01.2024 1:37:49 [Information] [EstimatesController/Read] All roads have been successfully read.
10.01.2024 1:37:49 [Information] [EstimatesController] Navigating to the page "Read All Estimates".
10.01.2024 1:37:51 [Information] [EstimatesController/Read/408] Reading a estimate with Id 408...
10.01.2024 1:37:51 [Information] [EstimatesApiController/Get/408] Getting a estimate with Id 408...
10.01.2024 1:37:51 [Information] [EstimatesApiController/Get/408] The estimate with Id 408 was successfully received.
10.01.2024 1:37:51 [Information] [EstimatesController/Read/408] The estimate with Id 408 was successfully read.
10.01.2024 1:37:51 [Information] [EstimatesController] Navigating to the page "Read Estimate By Id".
10.01.2024 1:37:54 [Information] [EstimatesController/Update/408] Reading a estimate with Id 408...
10.01.2024 1:37:54 [Information] [EstimatesApiController/Get/408] Getting a estimate with Id 408...
10.01.2024 1:37:54 [Information] [EstimatesApiController/Get/408] The estimate with Id 408 was successfully received.
10.01.2024 1:37:54 [Information] [EstimatesController/Update/408] The estimate with Id 408 was successfully read.
10.01.2024 1:37:54 [Information] [EstimatesController/Update/408] Reading all roads...
10.01.2024 1:37:54 [Information] [RoadsApiController/Get] Getting all the roads...
10.01.2024 1:37:54 [Information] [RoadsApiController/Get] All roads have been successfully received.
10.01.2024 1:37:54 [Information] [EstimatesController/Update/408] All roads have been successfully read.
10.01.2024 1:37:54 [Information] [EstimatesController] Navigating to the page "Update Estimate".
10.01.2024 1:37:59 [Information] [EstimatesController/Update] Updating the estimate with Id 408...
10.01.2024 1:37:59 [Information] [EstimatesApiController/Put/408] Updating the estimate with Id 408...
10.01.2024 1:37:59 [Information] [EstimatesApiController/Put/408] The estimate with Id 408 has been successfully updated.
10.01.2024 1:37:59 [Information] [EstimatesController/Update] The estimate with Id 408 has been successfully updated.
10.01.2024 1:38:02 [Information] [EstimatesController/Delete] Deleting a estimate with Id 408...
10.01.2024 1:38:02 [Information] [EstimatesApiController/Delete/408] Deleting a estimate with Id 408...
10.01.2024 1:38:02 [Information] [EstimatesApiController/Delete/408] The estimate with Id 408 has been successfully deleted.
10.01.2024 1:38:02 [Information] [EstimatesController/Delete] The estimate with Id 408 has been successfully deleted.
10.01.2024 1:38:02 [Information] [EstimatesController/Read] Reading all estimates...
10.01.2024 1:38:02 [Information] [EstimatesApiController/Get] Getting all the estimates...
10.01.2024 1:38:02 [Information] [EstimatesApiController/Get] All estimates have been successfully received.
10.01.2024 1:38:02 [Information] [EstimatesController/Read] All estimates have been successfully read.
10.01.2024 1:38:02 [Information] [EstimatesController/Read] Reading all roads...
10.01.2024 1:38:02 [Information] [RoadsApiController/Get] Getting all the roads...
10.01.2024 1:38:02 [Information] [RoadsApiController/Get] All roads have been successfully received.
10.01.2024 1:38:02 [Information] [EstimatesController/Read] All roads have been successfully read.
10.01.2024 1:38:02 [Information] [EstimatesController] Navigating to the page "Read All Estimates".
10.01.2024 1:38:06 [Information] [RoadsController/Read] Reading all roads...
10.01.2024 1:38:06 [Information] [RoadsApiController/Get] Getting all the roads...
10.01.2024 1:38:06 [Information] [RoadsApiController/Get] All roads have been successfully received.
10.01.2024 1:38:06 [Information] [RoadsController/Read] All roads have been successfully read.
10.01.2024 1:38:06 [Information] [RoadsController] Navigating to the page "Read All Roads".
10.01.2024 1:38:08 [Information] [EstimatesController/Read] Reading all estimates...
10.01.2024 1:38:08 [Information] [EstimatesApiController/Get] Getting all the estimates...
10.01.2024 1:38:08 [Information] [EstimatesApiController/Get] All estimates have been successfully received.
10.01.2024 1:38:08 [Information] [EstimatesController/Read] All estimates have been successfully read.
10.01.2024 1:38:08 [Information] [EstimatesController/Read] Reading all roads...
10.01.2024 1:38:08 [Information] [RoadsApiController/Get] Getting all the roads...
10.01.2024 1:38:08 [Information] [RoadsApiController/Get] All roads have been successfully received.
10.01.2024 1:38:08 [Information] [EstimatesController/Read] All roads have been successfully read.
10.01.2024 1:38:08 [Information] [EstimatesController] Navigating to the page "Read All Estimates".
10.01.2024 1:38:10 [Information] [EstimatesController/Read/15] Reading a estimate with Id 15...
10.01.2024 1:38:10 [Information] [EstimatesApiController/Get/15] Getting a estimate with Id 15...
10.01.2024 1:38:10 [Information] [EstimatesApiController/Get/15] The estimate with Id 15 was successfully received.
10.01.2024 1:38:10 [Information] [EstimatesController/Read/15] The estimate with Id 15 was successfully read.
10.01.2024 1:38:10 [Information] [EstimatesController] Navigating to the page "Read Estimate By Id".
10.01.2024 1:38:11 [Information] [EstimatesController/Update/15] Reading a estimate with Id 15...
10.01.2024 1:38:11 [Information] [EstimatesApiController/Get/15] Getting a estimate with Id 15...
10.01.2024 1:38:11 [Information] [EstimatesApiController/Get/15] The estimate with Id 15 was successfully received.
10.01.2024 1:38:11 [Information] [EstimatesController/Update/15] The estimate with Id 15 was successfully read.
10.01.2024 1:38:12 [Information] [EstimatesController/Update/15] Reading all roads...
10.01.2024 1:38:12 [Information] [RoadsApiController/Get] Getting all the roads...
10.01.2024 1:38:12 [Information] [RoadsApiController/Get] All roads have been successfully received.
10.01.2024 1:38:12 [Information] [EstimatesController/Update/15] All roads have been successfully read.
10.01.2024 1:38:12 [Information] [EstimatesController] Navigating to the page "Update Estimate".
10.01.2024 1:38:13 [Information] [EstimatesController/Read/15] Reading a estimate with Id 15...
10.01.2024 1:38:13 [Information] [EstimatesApiController/Get/15] Getting a estimate with Id 15...
10.01.2024 1:38:13 [Information] [EstimatesApiController/Get/15] The estimate with Id 15 was successfully received.
10.01.2024 1:38:13 [Information] [EstimatesController/Read/15] The estimate with Id 15 was successfully read.
10.01.2024 1:38:13 [Information] [EstimatesController] Navigating to the page "Read Estimate By Id".
