08.01.2024 21:20:12 [Information] [RoadsController/Read] Reading all roads...
08.01.2024 21:20:12 [Information] [RoadsApiController/Get] Getting all the roads...
08.01.2024 21:20:12 [Information] [RoadsApiController/Get] All roads have been successfully received.
08.01.2024 21:20:12 [Information] [RoadsController/Read] All roads have been successfully read.
08.01.2024 21:20:12 [Information] [RoadsController] Navigating to the page "Read All Roads".
08.01.2024 21:20:16 [Information] [RoadsController/Read/1] Reading a road with Id 1...
08.01.2024 21:20:16 [Information] [RoadsApiController/Get/1] Getting a road with Id 1...
08.01.2024 21:20:17 [Information] [RoadsApiController/Get/1] The road with Id 1 was successfully received.
08.01.2024 21:20:17 [Information] [RoadsController/Read/1] The road with Id 1 was successfully read.
08.01.2024 21:20:17 [Information] [RoadsController] Navigating to the page "Read Road By Id".
08.01.2024 21:20:20 [Information] [RoadsController] Navigating to the page "Create Road".
08.01.2024 21:20:24 [Information] [RoadsController/Create] Creating a new road...
08.01.2024 21:20:24 [Information] [RoadsApiController/Post] Creating a new road...
08.01.2024 21:20:25 [Information] [RoadsApiController/Post] A new road with Id 22 has been successfully created.
08.01.2024 21:20:25 [Information] [RoadsController/Create] A new road with Id 22 has been successfully created.
08.01.2024 21:20:25 [Information] [RoadsController/Read] Reading all roads...
08.01.2024 21:20:25 [Information] [RoadsApiController/Get] Getting all the roads...
08.01.2024 21:20:25 [Information] [RoadsApiController/Get] All roads have been successfully received.
08.01.2024 21:20:25 [Information] [RoadsController/Read] All roads have been successfully read.
08.01.2024 21:20:25 [Information] [RoadsController] Navigating to the page "Read All Roads".
08.01.2024 21:20:27 [Information] [RoadsController/Update/22] Reading a road with Id 22...
08.01.2024 21:20:27 [Information] [RoadsApiController/Get/22] Getting a road with Id 22...
08.01.2024 21:20:27 [Information] [RoadsApiController/Get/22] The road with Id 22 was successfully received.
08.01.2024 21:20:27 [Information] [RoadsController/Update/22] The road with Id 22 was successfully read.
08.01.2024 21:20:27 [Information] [RoadsController] Navigating to the page "Update Road".
08.01.2024 21:20:30 [Information] [RoadsController/Update] Updating the road with Id 22...
08.01.2024 21:20:30 [Information] [RoadsApiController/Put/22] Updating the road with Id 22...
08.01.2024 21:20:30 [Information] [RoadsApiController/Put/22] The road with Id 22 has been successfully updated.
08.01.2024 21:20:30 [Information] [RoadsController/Update] The road with Id 22 has been successfully updated.
08.01.2024 21:20:30 [Information] [RoadsController/Read] Reading all roads...
08.01.2024 21:20:30 [Information] [RoadsApiController/Get] Getting all the roads...
08.01.2024 21:20:30 [Information] [RoadsApiController/Get] All roads have been successfully received.
08.01.2024 21:20:30 [Information] [RoadsController/Read] All roads have been successfully read.
08.01.2024 21:20:30 [Information] [RoadsController] Navigating to the page "Read All Roads".
08.01.2024 21:20:38 [Information] [EstimatesController/Read] Reading all estimates...
08.01.2024 21:20:38 [Information] [EstimatesApiController/Get] Getting all the estimates...
08.01.2024 21:20:39 [Information] [EstimatesApiController/Get] All estimates have been successfully received.
08.01.2024 21:20:39 [Information] [EstimatesController/Read] All estimates have been successfully read.
08.01.2024 21:20:39 [Information] [EstimatesController] Navigating to the page "Read All Estimates".
08.01.2024 21:20:44 [Information] [EstimatesController/Read/74] Reading a estimate with Id 74...
08.01.2024 21:20:44 [Information] [EstimatesApiController/Get/74] Getting a estimate with Id 74...
08.01.2024 21:20:44 [Information] [EstimatesApiController/Get/74] The estimate with Id 74 was successfully received.
08.01.2024 21:20:44 [Information] [EstimatesController/Read/74] The estimate with Id 74 was successfully read.
08.01.2024 21:20:44 [Information] [EstimatesController] Navigating to the page "Read Estimate By Id".
08.01.2024 21:20:59 [Information] [EstimatesController/Create] Reading all roads...
08.01.2024 21:20:59 [Information] [RoadsApiController/Get] Getting all the roads...
08.01.2024 21:20:59 [Information] [RoadsApiController/Get] All roads have been successfully received.
08.01.2024 21:20:59 [Information] [EstimatesController/Create] All roads have been successfully read.
08.01.2024 21:20:59 [Information] [EstimatesController] Navigating to the page "Create Estimate".
08.01.2024 21:21:19 [Information] [EstimatesController/Create] Creating a new estimate...
08.01.2024 21:21:19 [Information] [EstimatesApiController/Post] Creating a new estimate...
08.01.2024 21:21:19 [Information] [EstimatesApiController/Post] A new estimate with Id 402 has been successfully created.
08.01.2024 21:21:19 [Information] [EstimatesController/Create] A new estimate with Id 402 has been successfully created.
08.01.2024 21:21:19 [Information] [EstimatesController/Read] Reading all estimates...
08.01.2024 21:21:19 [Information] [EstimatesApiController/Get] Getting all the estimates...
08.01.2024 21:21:20 [Information] [EstimatesApiController/Get] All estimates have been successfully received.
08.01.2024 21:21:20 [Information] [EstimatesController/Read] All estimates have been successfully read.
08.01.2024 21:21:20 [Information] [EstimatesController] Navigating to the page "Read All Estimates".
08.01.2024 21:21:32 [Information] [EstimatesController/Update/402] Reading a estimate with Id 402...
08.01.2024 21:21:32 [Information] [EstimatesApiController/Get/402] Getting a estimate with Id 402...
08.01.2024 21:21:32 [Information] [EstimatesApiController/Get/402] The estimate with Id 402 was successfully received.
08.01.2024 21:21:32 [Information] [EstimatesController/Update/402] The estimate with Id 402 was successfully read.
08.01.2024 21:21:32 [Information] [EstimatesController/Update/402] Reading all roads...
08.01.2024 21:21:32 [Information] [RoadsApiController/Get] Getting all the roads...
08.01.2024 21:21:32 [Information] [RoadsApiController/Get] All roads have been successfully received.
08.01.2024 21:21:32 [Information] [EstimatesController/Update/402] All roads have been successfully read.
08.01.2024 21:21:32 [Information] [EstimatesController] Navigating to the page "Update Estimate".
08.01.2024 21:21:39 [Information] [EstimatesController/Update] Updating the estimate with Id 402...
08.01.2024 21:21:39 [Information] [EstimatesApiController/Put/402] Updating the estimate with Id 402...
08.01.2024 21:21:39 [Information] [EstimatesApiController/Put/402] The estimate with Id 402 has been successfully updated.
08.01.2024 21:21:39 [Information] [EstimatesController/Update] The estimate with Id 402 has been successfully updated.
08.01.2024 21:21:39 [Information] [EstimatesController/Read] Reading all estimates...
08.01.2024 21:21:39 [Information] [EstimatesApiController/Get] Getting all the estimates...
08.01.2024 21:21:39 [Information] [EstimatesApiController/Get] All estimates have been successfully received.
08.01.2024 21:21:39 [Information] [EstimatesController/Read] All estimates have been successfully read.
08.01.2024 21:21:39 [Information] [EstimatesController] Navigating to the page "Read All Estimates".
08.01.2024 21:21:43 [Information] [EstimatesController/Read/402] Reading a estimate with Id 402...
08.01.2024 21:21:43 [Information] [EstimatesApiController/Get/402] Getting a estimate with Id 402...
08.01.2024 21:21:43 [Information] [EstimatesApiController/Get/402] The estimate with Id 402 was successfully received.
08.01.2024 21:21:43 [Information] [EstimatesController/Read/402] The estimate with Id 402 was successfully read.
08.01.2024 21:21:43 [Information] [EstimatesController] Navigating to the page "Read Estimate By Id".
08.01.2024 21:21:51 [Information] [EstimatesController/Delete/402] Reading a estimate with Id 402...
08.01.2024 21:21:51 [Information] [EstimatesApiController/Get/402] Getting a estimate with Id 402...
08.01.2024 21:21:51 [Information] [EstimatesApiController/Get/402] The estimate with Id 402 was successfully received.
08.01.2024 21:21:51 [Information] [EstimatesController/Delete/402] The estimate with Id 402 was successfully read.
08.01.2024 21:21:51 [Information] [EstimatesController] Navigating to the page "Delete Estimate".
08.01.2024 21:21:54 [Information] [EstimatesController/Delete] Deleting a estimate with Id 402...
08.01.2024 21:21:54 [Information] [EstimatesApiController/Delete/402] Deleting a estimate with Id 402...
08.01.2024 21:21:54 [Information] [EstimatesApiController/Delete/402] The estimate with Id 402 has been successfully deleted.
08.01.2024 21:21:54 [Information] [EstimatesController/Delete] The estimate with Id 402 has been successfully deleted.
08.01.2024 21:21:54 [Information] [EstimatesController/Read] Reading all estimates...
08.01.2024 21:21:54 [Information] [EstimatesApiController/Get] Getting all the estimates...
08.01.2024 21:21:54 [Information] [EstimatesApiController/Get] All estimates have been successfully received.
08.01.2024 21:21:54 [Information] [EstimatesController/Read] All estimates have been successfully read.
08.01.2024 21:21:54 [Information] [EstimatesController] Navigating to the page "Read All Estimates".
08.01.2024 21:22:00 [Information] [RoadsController/Read] Reading all roads...
08.01.2024 21:22:00 [Information] [RoadsApiController/Get] Getting all the roads...
08.01.2024 21:22:00 [Information] [RoadsApiController/Get] All roads have been successfully received.
08.01.2024 21:22:00 [Information] [RoadsController/Read] All roads have been successfully read.
08.01.2024 21:22:00 [Information] [RoadsController] Navigating to the page "Read All Roads".
08.01.2024 21:22:03 [Information] [RoadsController/Delete/22] Reading a road with Id 22...
08.01.2024 21:22:03 [Information] [RoadsApiController/Get/22] Getting a road with Id 22...
08.01.2024 21:22:03 [Information] [RoadsApiController/Get/22] The road with Id 22 was successfully received.
08.01.2024 21:22:03 [Information] [RoadsController/Delete/22] The road with Id 22 was successfully read.
08.01.2024 21:22:03 [Information] [RoadsController] Navigating to the page "Delete Road".
08.01.2024 21:22:05 [Information] [RoadsController/Delete] Deleting a road with Id 22...
08.01.2024 21:22:05 [Information] [RoadsApiController/Delete/22] Deleting a road with Id 22...
08.01.2024 21:22:05 [Information] [RoadsApiController/Delete/22] The road with Id 22 has been successfully deleted.
08.01.2024 21:22:05 [Information] [RoadsController/Delete] The road with Id 22 has been successfully deleted.
08.01.2024 21:22:05 [Information] [RoadsController/Read] Reading all roads...
08.01.2024 21:22:05 [Information] [RoadsApiController/Get] Getting all the roads...
08.01.2024 21:22:05 [Information] [RoadsApiController/Get] All roads have been successfully received.
08.01.2024 21:22:05 [Information] [RoadsController/Read] All roads have been successfully read.
08.01.2024 21:22:05 [Information] [RoadsController] Navigating to the page "Read All Roads".
