21.02.2024 19:48:04 [Information] [HomeController/Planning] Planning...
21.02.2024 19:48:04 [Information] [HomeApiController/Get/Plans] Getting plans...
21.02.2024 19:48:04 [Information] [TechnicalConditionsOfRoadsAnalysisModule/GetInitialTechnicalConditions] Reading all technical conditions of roads...
21.02.2024 19:48:04 [Information] [TechnicalConditionsOfRoadsApiController/Get] Getting all the technical conditions of roads...
21.02.2024 19:48:07 [Information] [TechnicalConditionsOfRoadsApiController/Get] All technical conditions of roads have been successfully received.
21.02.2024 19:48:07 [Information] [TechnicalConditionsOfRoadsAnalysisModule/GetInitialTechnicalConditions] All technical conditions of roads have been successfully read.
21.02.2024 19:48:07 [Information] [TechnicalConditionsOfRoadsAnalysisModule/GetInitialTechnicalConditions] Getting all initial technical conditions...
21.02.2024 19:48:07 [Information] [TechnicalConditionsOfRoadsAnalysisModule/GetInitialTechnicalConditions] All initial technical conditions have been successfully received.
21.02.2024 19:48:07 [Information] [DataAnalysisModule/PredictTechnicalConditionsOfRoads] Reading all technical conditions of roads...
21.02.2024 19:48:07 [Information] [TechnicalConditionsOfRoadsApiController/Get] Getting all the technical conditions of roads...
21.02.2024 19:48:09 [Information] [TechnicalConditionsOfRoadsApiController/Get] All technical conditions of roads have been successfully received.
21.02.2024 19:48:09 [Information] [DataAnalysisModule/PredictTechnicalConditionsOfRoads] All technical conditions of roads have been successfully read.
21.02.2024 19:48:09 [Information] [DataAnalysisModule/PredictTechnicalConditionsOfRoads] Predicting the technical conditions of roads...
21.02.2024 19:48:09 [Information] [DataAnalysisModule/ExecutePythonScript] Executing a Python script...
21.02.2024 19:48:18 [Information] [DataAnalysisModule/ExecutePythonScript] The Python script has been successfully executed.
21.02.2024 19:48:18 [Information] [DataAnalysisModule/PredictTechnicalConditionsOfRoads] Reading all roads...
21.02.2024 19:48:18 [Information] [RoadsApiController/Get] Getting all the roads...
21.02.2024 19:48:18 [Information] [RoadsApiController/Get] All roads have been successfully received.
21.02.2024 19:48:18 [Information] [DataAnalysisModule/PredictTechnicalConditionsOfRoads] All roads have been successfully read.
21.02.2024 19:48:18 [Information] [DataAnalysisModule/PredictTechnicalConditionsOfRoads] Technical conditions of roads have been successfully predicted.
