01.02.2024 0:34:18 [Information] [TechnicalConditionsOfRoadsController/Read] Reading all technical conditions of roads...
01.02.2024 0:34:18 [Information] [TechnicalConditionsOfRoadsApiController/Get] Getting all the technical conditions of roads...
01.02.2024 0:34:21 [Information] [TechnicalConditionsOfRoadsApiController/Get] All technical conditions of roads have been successfully received.
01.02.2024 0:34:21 [Information] [TechnicalConditionsOfRoadsController/Read] All technical conditions of roads have been successfully read.
01.02.2024 0:34:21 [Information] [TechnicalConditionsOfRoadsController/Read] Reading all roads...
01.02.2024 0:34:21 [Information] [RoadsApiController/Get] Getting all the roads...
01.02.2024 0:34:21 [Information] [RoadsApiController/Get] All roads have been successfully received.
01.02.2024 0:34:21 [Information] [TechnicalConditionsOfRoadsController/Read] All roads have been successfully read.
01.02.2024 0:34:21 [Information] [TechnicalConditionsOfRoadsController] Navigating to the page "Read All Technical Conditions Of Roads By Year".
01.02.2024 0:34:23 [Information] [TechnicalConditionsOfRoadsController/Read/4/2013] Reading the technical conditions of road for 2013...
01.02.2024 0:34:23 [Information] [TechnicalConditionsOfRoadsApiController/Get] Getting all the technical conditions of roads...
01.02.2024 0:34:25 [Information] [TechnicalConditionsOfRoadsApiController/Get] All technical conditions of roads have been successfully received.
01.02.2024 0:34:25 [Information] [TechnicalConditionsOfRoadsController/Read/4/2013] The technical conditions of road for 2013 was successfully read.
01.02.2024 0:34:25 [Information] [TechnicalConditionsOfRoadsController] Navigating to the page "Read Technical Conditions Of Road For 2013".
01.02.2024 0:35:43 [Information] [TechnicalConditionsOfRoadsController/Read/4/2013] Reading the technical conditions of road for 2013...
01.02.2024 0:35:43 [Information] [TechnicalConditionsOfRoadsApiController/Get] Getting all the technical conditions of roads...
01.02.2024 0:35:45 [Information] [TechnicalConditionsOfRoadsApiController/Get] All technical conditions of roads have been successfully received.
01.02.2024 0:35:45 [Information] [TechnicalConditionsOfRoadsController/Read/4/2013] The technical conditions of road for 2013 was successfully read.
01.02.2024 0:35:45 [Information] [TechnicalConditionsOfRoadsController] Navigating to the page "Read Technical Conditions Of Road For 2013".
01.02.2024 0:35:47 [Information] [EstimatesController/Read] Reading all estimates...
01.02.2024 0:35:47 [Information] [EstimatesApiController/Get] Getting all the estimates...
01.02.2024 0:35:47 [Information] [EstimatesApiController/Get] All estimates have been successfully received.
01.02.2024 0:35:47 [Information] [EstimatesController/Read] All estimates have been successfully read.
01.02.2024 0:35:47 [Information] [EstimatesController/Read] Reading all roads...
01.02.2024 0:35:47 [Information] [RoadsApiController/Get] Getting all the roads...
01.02.2024 0:35:47 [Information] [RoadsApiController/Get] All roads have been successfully received.
01.02.2024 0:35:47 [Information] [EstimatesController/Read] All roads have been successfully read.
01.02.2024 0:35:47 [Information] [EstimatesController] Navigating to the page "Read All Estimates".
01.02.2024 0:35:49 [Information] [TechnicalConditionsOfRoadsController/Read] Reading all technical conditions of roads...
01.02.2024 0:35:49 [Information] [TechnicalConditionsOfRoadsApiController/Get] Getting all the technical conditions of roads...
01.02.2024 0:35:51 [Information] [TechnicalConditionsOfRoadsApiController/Get] All technical conditions of roads have been successfully received.
01.02.2024 0:35:51 [Information] [TechnicalConditionsOfRoadsController/Read] All technical conditions of roads have been successfully read.
01.02.2024 0:35:51 [Information] [TechnicalConditionsOfRoadsController/Read] Reading all roads...
01.02.2024 0:35:51 [Information] [RoadsApiController/Get] Getting all the roads...
01.02.2024 0:35:51 [Information] [RoadsApiController/Get] All roads have been successfully received.
01.02.2024 0:35:51 [Information] [TechnicalConditionsOfRoadsController/Read] All roads have been successfully read.
01.02.2024 0:35:51 [Information] [TechnicalConditionsOfRoadsController] Navigating to the page "Read All Technical Conditions Of Roads By Year".
01.02.2024 0:35:54 [Information] [TechnicalConditionsOfRoadsController/Read/19/2013] Reading the technical conditions of road for 2013...
01.02.2024 0:35:54 [Information] [TechnicalConditionsOfRoadsApiController/Get] Getting all the technical conditions of roads...
01.02.2024 0:35:55 [Information] [TechnicalConditionsOfRoadsApiController/Get] All technical conditions of roads have been successfully received.
01.02.2024 0:35:55 [Information] [TechnicalConditionsOfRoadsController/Read/19/2013] The technical conditions of road for 2013 was successfully read.
01.02.2024 0:35:55 [Information] [TechnicalConditionsOfRoadsController] Navigating to the page "Read Technical Conditions Of Road For 2013".
