07.03.2024 20:40:21 [Information] [RoadWorksProgramsController/Read] Reading all road works programs...
07.03.2024 20:40:21 [Information] [RoadWorksProgramsApiController/Get] Getting all the road works programs...
07.03.2024 20:40:21 [Information] [RoadWorksProgramsApiController/Get] All road works programs have been successfully received.
07.03.2024 20:40:21 [Information] [RoadWorksProgramsController/Read] All road works programs have been successfully read.
07.03.2024 20:40:21 [Information] [RoadWorksProgramsController/Read] Reading all roads...
07.03.2024 20:40:21 [Information] [RoadsApiController/Get] Getting all the roads...
07.03.2024 20:40:21 [Information] [RoadsApiController/Get] All roads have been successfully received.
07.03.2024 20:40:21 [Information] [RoadWorksProgramsController/Read] All roads have been successfully read.
07.03.2024 20:40:21 [Information] [RoadWorksProgramsController] Navigating to the page "Read All Road Works Programs By Year".
07.03.2024 20:40:24 [Information] [RoadWorksProgramsController/Read/3/2021] Reading the road works program for 2021...
07.03.2024 20:40:24 [Information] [RoadWorksProgramsApiController/Get] Getting all the road works programs...
07.03.2024 20:40:24 [Information] [RoadWorksProgramsApiController/Get] All road works programs have been successfully received.
07.03.2024 20:40:24 [Information] [RoadWorksProgramsController/Read/3/2021] The road works program for 2021 was successfully read.
07.03.2024 20:40:24 [Information] [RoadWorksProgramsController] Navigating to the page "Read Road Works Program For 2021".
07.03.2024 20:40:28 [Information] [RoadWorksProgramsController/Create] Reading all roads...
07.03.2024 20:40:28 [Information] [RoadsApiController/Get] Getting all the roads...
07.03.2024 20:40:28 [Information] [RoadsApiController/Get] All roads have been successfully received.
07.03.2024 20:40:28 [Information] [RoadWorksProgramsController/Create] All roads have been successfully read.
07.03.2024 20:40:28 [Information] [RoadWorksProgramsController/Create] Reading all estimates...
07.03.2024 20:40:28 [Information] [EstimatesApiController/Get] Getting all the estimates...
07.03.2024 20:40:28 [Information] [EstimatesApiController/Get] All estimates have been successfully received.
07.03.2024 20:40:28 [Information] [RoadWorksProgramsController/Create] All estimates have been successfully read.
07.03.2024 20:40:28 [Information] [RoadWorksProgramsController] Navigating to the page "Create Road Works Program".
