28.02.2024 16:35:48 [Information] [HomeController/Planning] Planning...
28.02.2024 16:35:48 [Information] [HomeApiController/Get/Plans] Getting plans...
28.02.2024 16:35:48 [Information] [FinancialModule/CalculateBudget] Сalculating the budget...
28.02.2024 16:35:48 [Information] [FinancialModule/CalculateBudget] The budget has been calculated successfully.
28.02.2024 16:35:48 [Information] [TechnicalConditionsOfRoadsAnalysisModule/GetInitialTechnicalConditionsOfRoads] Reading all technical conditions of roads...
28.02.2024 16:35:48 [Information] [TechnicalConditionsOfRoadsApiController/Get] Getting all the technical conditions of roads...
28.02.2024 16:35:50 [Information] [TechnicalConditionsOfRoadsApiController/Get] All technical conditions of roads have been successfully received.
28.02.2024 16:35:50 [Information] [TechnicalConditionsOfRoadsAnalysisModule/GetInitialTechnicalConditionsOfRoads] All technical conditions of roads have been successfully read.
28.02.2024 16:35:50 [Information] [TechnicalConditionsOfRoadsAnalysisModule/GetInitialTechnicalConditionsOfRoads] Getting all initial technical conditions of roads...
28.02.2024 16:35:51 [Information] [TechnicalConditionsOfRoadsAnalysisModule/GetInitialTechnicalConditionsOfRoads] All initial technical conditions of roads have been successfully received.
28.02.2024 16:35:57 [Information] [DataAnalysisModule/PredictTechnicalConditionsOfRoads] Reading all technical conditions of roads...
28.02.2024 16:35:57 [Information] [TechnicalConditionsOfRoadsApiController/Get] Getting all the technical conditions of roads...
28.02.2024 16:35:59 [Information] [TechnicalConditionsOfRoadsApiController/Get] All technical conditions of roads have been successfully received.
28.02.2024 16:35:59 [Information] [DataAnalysisModule/PredictTechnicalConditionsOfRoads] All technical conditions of roads have been successfully read.
28.02.2024 16:35:59 [Information] [DataAnalysisModule/PredictTechnicalConditionsOfRoads] Predicting the technical conditions of roads...
28.02.2024 16:35:59 [Information] [DataAnalysisModule/ExecutePythonScript] Executing a Python script...
28.02.2024 16:36:12 [Information] [DataAnalysisModule/ExecutePythonScript] The Python script has been successfully executed.
28.02.2024 16:36:12 [Information] [DataAnalysisModule/PredictTechnicalConditionsOfRoads] Technical conditions of roads have been successfully predicted.
28.02.2024 16:36:12 [Information] [TechnicalConditionsOfRoadsAnalysisModule/CalculateChangesTechnicalConditionsOfRoads] Calculating technical conditions of roads...
28.02.2024 16:36:12 [Information] [TechnicalConditionsOfRoadsAnalysisModule/CalculateChangesTechnicalConditionsOfRoads] The technical conditions of roads have been successfully calculated.
28.02.2024 16:36:12 [Information] [EstimatesAnalysisModule/GetOptimalEstimates] Reading all estimates...
28.02.2024 16:36:12 [Information] [EstimatesApiController/Get] Getting all the estimates...
28.02.2024 16:36:13 [Information] [EstimatesApiController/Get] All estimates have been successfully received.
28.02.2024 16:36:13 [Information] [EstimatesAnalysisModule/GetOptimalEstimates] All estimates have been successfully read.
28.02.2024 16:36:13 [Information] [EstimatesAnalysisModule/GetOptimalEstimates] Reading all roads...
28.02.2024 16:36:13 [Information] [RoadsApiController/Get] Getting all the roads...
28.02.2024 16:36:13 [Information] [RoadsApiController/Get] All roads have been successfully received.
28.02.2024 16:36:13 [Information] [EstimatesAnalysisModule/GetOptimalEstimates] All roads have been successfully read.
28.02.2024 16:36:13 [Information] [EstimatesAnalysisModule/GetOptimalEstimates] Getting optimal estimates...
28.02.2024 16:36:13 [Information] [EstimatesAnalysisModule/GetOptimalEstimatesForOneRoad] Getting optimal estimates for one road...
28.02.2024 16:36:13 [Information] [EstimatesAnalysisModule/GetCombinationsOfLevelsOfWorks] Getting all the combinations of levels of works...
28.02.2024 16:36:13 [Information] [EstimatesAnalysisModule/GetCombinationsOfLevelsOfWorks] All combinations of levels of works have been successfully received.
28.02.2024 16:36:14 [Information] [EstimatesAnalysisModule/GetOptimalEstimatesForOneRoad] Optimal estimates for one road have been successfully received.
28.02.2024 16:36:14 [Information] [EstimatesAnalysisModule/GetOptimalEstimatesForOneRoad] Getting optimal estimates for one road...
28.02.2024 16:36:14 [Information] [EstimatesAnalysisModule/GetCombinationsOfLevelsOfWorks] Getting all the combinations of levels of works...
28.02.2024 16:36:14 [Information] [EstimatesAnalysisModule/GetCombinationsOfLevelsOfWorks] All combinations of levels of works have been successfully received.
28.02.2024 16:36:14 [Information] [EstimatesAnalysisModule/GetOptimalEstimatesForOneRoad] Optimal estimates for one road have been successfully received.
28.02.2024 16:36:14 [Information] [EstimatesAnalysisModule/GetOptimalEstimatesForOneRoad] Getting optimal estimates for one road...
28.02.2024 16:36:14 [Information] [EstimatesAnalysisModule/GetCombinationsOfLevelsOfWorks] Getting all the combinations of levels of works...
28.02.2024 16:36:14 [Information] [EstimatesAnalysisModule/GetCombinationsOfLevelsOfWorks] All combinations of levels of works have been successfully received.
28.02.2024 16:36:14 [Information] [EstimatesAnalysisModule/GetOptimalEstimatesForOneRoad] Optimal estimates for one road have been successfully received.
28.02.2024 16:36:14 [Information] [EstimatesAnalysisModule/GetOptimalEstimatesForOneRoad] Getting optimal estimates for one road...
28.02.2024 16:36:14 [Information] [EstimatesAnalysisModule/GetCombinationsOfLevelsOfWorks] Getting all the combinations of levels of works...
28.02.2024 16:36:14 [Information] [EstimatesAnalysisModule/GetCombinationsOfLevelsOfWorks] All combinations of levels of works have been successfully received.
28.02.2024 16:36:14 [Information] [EstimatesAnalysisModule/GetOptimalEstimatesForOneRoad] Optimal estimates for one road have been successfully received.
28.02.2024 16:36:14 [Information] [EstimatesAnalysisModule/GetOptimalEstimatesForOneRoad] Getting optimal estimates for one road...
28.02.2024 16:36:14 [Information] [EstimatesAnalysisModule/GetCombinationsOfLevelsOfWorks] Getting all the combinations of levels of works...
28.02.2024 16:36:14 [Information] [EstimatesAnalysisModule/GetCombinationsOfLevelsOfWorks] All combinations of levels of works have been successfully received.
28.02.2024 16:36:14 [Information] [EstimatesAnalysisModule/GetOptimalEstimatesForOneRoad] Optimal estimates for one road have been successfully received.
28.02.2024 16:36:14 [Information] [EstimatesAnalysisModule/GetOptimalEstimatesForOneRoad] Getting optimal estimates for one road...
28.02.2024 16:36:14 [Information] [EstimatesAnalysisModule/GetCombinationsOfLevelsOfWorks] Getting all the combinations of levels of works...
28.02.2024 16:36:14 [Information] [EstimatesAnalysisModule/GetCombinationsOfLevelsOfWorks] All combinations of levels of works have been successfully received.
28.02.2024 16:36:14 [Information] [EstimatesAnalysisModule/GetOptimalEstimatesForOneRoad] Optimal estimates for one road have been successfully received.
28.02.2024 16:36:14 [Information] [EstimatesAnalysisModule/GetOptimalEstimatesForOneRoad] Getting optimal estimates for one road...
28.02.2024 16:36:14 [Information] [EstimatesAnalysisModule/GetCombinationsOfLevelsOfWorks] Getting all the combinations of levels of works...
28.02.2024 16:36:14 [Information] [EstimatesAnalysisModule/GetCombinationsOfLevelsOfWorks] All combinations of levels of works have been successfully received.
28.02.2024 16:36:14 [Information] [EstimatesAnalysisModule/GetOptimalEstimatesForOneRoad] Optimal estimates for one road have been successfully received.
28.02.2024 16:36:14 [Information] [EstimatesAnalysisModule/GetOptimalEstimatesForOneRoad] Getting optimal estimates for one road...
28.02.2024 16:36:14 [Information] [EstimatesAnalysisModule/GetCombinationsOfLevelsOfWorks] Getting all the combinations of levels of works...
28.02.2024 16:36:14 [Information] [EstimatesAnalysisModule/GetCombinationsOfLevelsOfWorks] All combinations of levels of works have been successfully received.
28.02.2024 16:36:14 [Information] [EstimatesAnalysisModule/GetOptimalEstimatesForOneRoad] Optimal estimates for one road have been successfully received.
28.02.2024 16:36:14 [Information] [EstimatesAnalysisModule/GetOptimalEstimatesForOneRoad] Getting optimal estimates for one road...
28.02.2024 16:36:14 [Information] [EstimatesAnalysisModule/GetCombinationsOfLevelsOfWorks] Getting all the combinations of levels of works...
28.02.2024 16:36:14 [Information] [EstimatesAnalysisModule/GetCombinationsOfLevelsOfWorks] All combinations of levels of works have been successfully received.
28.02.2024 16:36:14 [Information] [EstimatesAnalysisModule/GetOptimalEstimatesForOneRoad] Optimal estimates for one road have been successfully received.
28.02.2024 16:36:14 [Information] [EstimatesAnalysisModule/GetOptimalEstimatesForOneRoad] Getting optimal estimates for one road...
28.02.2024 16:36:14 [Information] [EstimatesAnalysisModule/GetCombinationsOfLevelsOfWorks] Getting all the combinations of levels of works...
28.02.2024 16:36:14 [Information] [EstimatesAnalysisModule/GetCombinationsOfLevelsOfWorks] All combinations of levels of works have been successfully received.
28.02.2024 16:36:14 [Information] [EstimatesAnalysisModule/GetOptimalEstimatesForOneRoad] Optimal estimates for one road have been successfully received.
28.02.2024 16:36:14 [Information] [EstimatesAnalysisModule/GetOptimalEstimatesForOneRoad] Getting optimal estimates for one road...
28.02.2024 16:36:14 [Information] [EstimatesAnalysisModule/GetCombinationsOfLevelsOfWorks] Getting all the combinations of levels of works...
28.02.2024 16:36:14 [Information] [EstimatesAnalysisModule/GetCombinationsOfLevelsOfWorks] All combinations of levels of works have been successfully received.
28.02.2024 16:36:15 [Information] [EstimatesAnalysisModule/GetOptimalEstimatesForOneRoad] Optimal estimates for one road have been successfully received.
28.02.2024 16:36:15 [Information] [EstimatesAnalysisModule/GetOptimalEstimatesForOneRoad] Getting optimal estimates for one road...
28.02.2024 16:36:15 [Information] [EstimatesAnalysisModule/GetCombinationsOfLevelsOfWorks] Getting all the combinations of levels of works...
28.02.2024 16:36:15 [Information] [EstimatesAnalysisModule/GetCombinationsOfLevelsOfWorks] All combinations of levels of works have been successfully received.
28.02.2024 16:36:15 [Information] [EstimatesAnalysisModule/GetOptimalEstimatesForOneRoad] Optimal estimates for one road have been successfully received.
28.02.2024 16:36:15 [Information] [EstimatesAnalysisModule/GetOptimalEstimatesForOneRoad] Getting optimal estimates for one road...
28.02.2024 16:36:15 [Information] [EstimatesAnalysisModule/GetCombinationsOfLevelsOfWorks] Getting all the combinations of levels of works...
28.02.2024 16:36:15 [Information] [EstimatesAnalysisModule/GetCombinationsOfLevelsOfWorks] All combinations of levels of works have been successfully received.
28.02.2024 16:36:15 [Information] [EstimatesAnalysisModule/GetOptimalEstimatesForOneRoad] Optimal estimates for one road have been successfully received.
28.02.2024 16:36:15 [Information] [EstimatesAnalysisModule/GetOptimalEstimatesForOneRoad] Getting optimal estimates for one road...
28.02.2024 16:36:15 [Information] [EstimatesAnalysisModule/GetCombinationsOfLevelsOfWorks] Getting all the combinations of levels of works...
28.02.2024 16:36:15 [Information] [EstimatesAnalysisModule/GetCombinationsOfLevelsOfWorks] All combinations of levels of works have been successfully received.
28.02.2024 16:36:15 [Information] [EstimatesAnalysisModule/GetOptimalEstimatesForOneRoad] Optimal estimates for one road have been successfully received.
28.02.2024 16:36:15 [Information] [EstimatesAnalysisModule/GetOptimalEstimatesForOneRoad] Getting optimal estimates for one road...
28.02.2024 16:36:15 [Information] [EstimatesAnalysisModule/GetCombinationsOfLevelsOfWorks] Getting all the combinations of levels of works...
28.02.2024 16:36:15 [Information] [EstimatesAnalysisModule/GetCombinationsOfLevelsOfWorks] All combinations of levels of works have been successfully received.
28.02.2024 16:36:15 [Information] [EstimatesAnalysisModule/GetOptimalEstimatesForOneRoad] Optimal estimates for one road have been successfully received.
28.02.2024 16:36:15 [Information] [EstimatesAnalysisModule/GetOptimalEstimatesForOneRoad] Getting optimal estimates for one road...
28.02.2024 16:36:15 [Information] [EstimatesAnalysisModule/GetCombinationsOfLevelsOfWorks] Getting all the combinations of levels of works...
28.02.2024 16:36:15 [Information] [EstimatesAnalysisModule/GetCombinationsOfLevelsOfWorks] All combinations of levels of works have been successfully received.
28.02.2024 16:36:15 [Information] [EstimatesAnalysisModule/GetOptimalEstimatesForOneRoad] Optimal estimates for one road have been successfully received.
28.02.2024 16:36:15 [Information] [EstimatesAnalysisModule/GetOptimalEstimatesForOneRoad] Getting optimal estimates for one road...
28.02.2024 16:36:15 [Information] [EstimatesAnalysisModule/GetCombinationsOfLevelsOfWorks] Getting all the combinations of levels of works...
28.02.2024 16:36:15 [Information] [EstimatesAnalysisModule/GetCombinationsOfLevelsOfWorks] All combinations of levels of works have been successfully received.
28.02.2024 16:36:15 [Information] [EstimatesAnalysisModule/GetOptimalEstimatesForOneRoad] Optimal estimates for one road have been successfully received.
28.02.2024 16:36:15 [Information] [EstimatesAnalysisModule/GetOptimalEstimatesForOneRoad] Getting optimal estimates for one road...
28.02.2024 16:36:15 [Information] [EstimatesAnalysisModule/GetCombinationsOfLevelsOfWorks] Getting all the combinations of levels of works...
28.02.2024 16:36:15 [Information] [EstimatesAnalysisModule/GetCombinationsOfLevelsOfWorks] All combinations of levels of works have been successfully received.
28.02.2024 16:36:15 [Information] [EstimatesAnalysisModule/GetOptimalEstimatesForOneRoad] Optimal estimates for one road have been successfully received.
28.02.2024 16:36:15 [Information] [EstimatesAnalysisModule/GetOptimalEstimatesForOneRoad] Getting optimal estimates for one road...
28.02.2024 16:36:15 [Information] [EstimatesAnalysisModule/GetCombinationsOfLevelsOfWorks] Getting all the combinations of levels of works...
28.02.2024 16:36:15 [Information] [EstimatesAnalysisModule/GetCombinationsOfLevelsOfWorks] All combinations of levels of works have been successfully received.
28.02.2024 16:36:15 [Information] [EstimatesAnalysisModule/GetOptimalEstimatesForOneRoad] Optimal estimates for one road have been successfully received.
28.02.2024 16:36:15 [Information] [EstimatesAnalysisModule/GetOptimalEstimatesForOneRoad] Getting optimal estimates for one road...
28.02.2024 16:36:15 [Information] [EstimatesAnalysisModule/GetCombinationsOfLevelsOfWorks] Getting all the combinations of levels of works...
28.02.2024 16:36:15 [Information] [EstimatesAnalysisModule/GetCombinationsOfLevelsOfWorks] All combinations of levels of works have been successfully received.
28.02.2024 16:36:15 [Information] [EstimatesAnalysisModule/GetOptimalEstimatesForOneRoad] Optimal estimates for one road have been successfully received.
28.02.2024 16:36:15 [Information] [EstimatesAnalysisModule/GetOptimalEstimates] Optimal estimates have been successfully received.
28.02.2024 16:36:15 [Information] [FinancialModule/CalculateCostOfOptimalEstimates] The cost of optimal estimates has been calculated successfully.
28.02.2024 16:36:36 [Information] [EstimatesAnalysisModule/OptimizeOptimalEstimates] Optimization of optimal estimates...
28.02.2024 16:36:36 [Information] [EstimatesAnalysisModule/OptimizeOptimalEstimates] Optimal estimates have been successfully optimized.
28.02.2024 16:36:36 [Information] [FinancialModule/CalculateCostOfOptimalEstimates] The cost of optimal estimates has been calculated successfully.
28.02.2024 16:36:39 [Information] [EstimatesAnalysisModule/OptimizeOptimalEstimates] Optimization of optimal estimates...
28.02.2024 16:36:39 [Information] [EstimatesAnalysisModule/OptimizeOptimalEstimates] Optimal estimates have been successfully optimized.
28.02.2024 16:36:39 [Information] [FinancialModule/CalculateCostOfOptimalEstimates] The cost of optimal estimates has been calculated successfully.
28.02.2024 16:36:43 [Information] [EstimatesAnalysisModule/OptimizeOptimalEstimates] Optimization of optimal estimates...
28.02.2024 16:36:43 [Information] [EstimatesAnalysisModule/OptimizeOptimalEstimates] Optimal estimates have been successfully optimized.
28.02.2024 16:36:43 [Information] [FinancialModule/CalculateCostOfOptimalEstimates] The cost of optimal estimates has been calculated successfully.
28.02.2024 16:36:44 [Information] [EstimatesAnalysisModule/OptimizeOptimalEstimates] Optimization of optimal estimates...
28.02.2024 16:36:44 [Information] [EstimatesAnalysisModule/OptimizeOptimalEstimates] Optimal estimates have been successfully optimized.
28.02.2024 16:36:44 [Information] [FinancialModule/CalculateCostOfOptimalEstimates] The cost of optimal estimates has been calculated successfully.
28.02.2024 16:36:45 [Information] [EstimatesAnalysisModule/OptimizeOptimalEstimates] Optimization of optimal estimates...
28.02.2024 16:36:45 [Information] [EstimatesAnalysisModule/OptimizeOptimalEstimates] Optimal estimates have been successfully optimized.
28.02.2024 16:36:45 [Information] [FinancialModule/CalculateCostOfOptimalEstimates] The cost of optimal estimates has been calculated successfully.
28.02.2024 16:36:50 [Information] [EstimatesAnalysisModule/OptimizeOptimalEstimates] Optimization of optimal estimates...
28.02.2024 16:36:50 [Information] [EstimatesAnalysisModule/OptimizeOptimalEstimates] Optimal estimates have been successfully optimized.
28.02.2024 16:36:50 [Information] [FinancialModule/CalculateCostOfOptimalEstimates] The cost of optimal estimates has been calculated successfully.
28.02.2024 16:36:50 [Information] [EstimatesAnalysisModule/OptimizeOptimalEstimates] Optimization of optimal estimates...
28.02.2024 16:36:50 [Information] [EstimatesAnalysisModule/OptimizeOptimalEstimates] Optimal estimates have been successfully optimized.
28.02.2024 16:36:50 [Information] [FinancialModule/CalculateCostOfOptimalEstimates] The cost of optimal estimates has been calculated successfully.
28.02.2024 16:37:33 [Information] [EstimatesAnalysisModule/OptimizeOptimalEstimates] Optimization of optimal estimates...
28.02.2024 16:37:33 [Information] [EstimatesAnalysisModule/OptimizeOptimalEstimates] Optimal estimates have been successfully optimized.
28.02.2024 16:37:33 [Information] [FinancialModule/CalculateCostOfOptimalEstimates] The cost of optimal estimates has been calculated successfully.
28.02.2024 16:37:38 [Information] [EstimatesAnalysisModule/OptimizeOptimalEstimates] Optimization of optimal estimates...
28.02.2024 16:37:38 [Information] [EstimatesAnalysisModule/OptimizeOptimalEstimates] Optimal estimates have been successfully optimized.
28.02.2024 16:37:38 [Information] [FinancialModule/CalculateCostOfOptimalEstimates] The cost of optimal estimates has been calculated successfully.
28.02.2024 16:38:20 [Information] [EstimatesAnalysisModule/OptimizeOptimalEstimates] Optimization of optimal estimates...
28.02.2024 16:39:21 [Information] [EstimatesAnalysisModule/OptimizeOptimalEstimates] Optimal estimates have been successfully optimized.
28.02.2024 16:39:21 [Information] [FinancialModule/CalculateCostOfOptimalEstimates] The cost of optimal estimates has been calculated successfully.
28.02.2024 16:39:21 [Information] [EstimatesAnalysisModule/OptimizeOptimalEstimates] Optimization of optimal estimates...
28.02.2024 16:39:21 [Information] [EstimatesAnalysisModule/OptimizeOptimalEstimates] Optimal estimates have been successfully optimized.
28.02.2024 16:39:21 [Information] [FinancialModule/CalculateCostOfOptimalEstimates] The cost of optimal estimates has been calculated successfully.
28.02.2024 16:39:21 [Information] [EstimatesAnalysisModule/OptimizeOptimalEstimates] Optimization of optimal estimates...
28.02.2024 16:39:21 [Information] [EstimatesAnalysisModule/OptimizeOptimalEstimates] Optimal estimates have been successfully optimized.
28.02.2024 16:39:21 [Information] [FinancialModule/CalculateCostOfOptimalEstimates] The cost of optimal estimates has been calculated successfully.
28.02.2024 16:39:21 [Information] [EstimatesAnalysisModule/OptimizeOptimalEstimates] Optimization of optimal estimates...
28.02.2024 16:39:21 [Information] [EstimatesAnalysisModule/OptimizeOptimalEstimates] Optimal estimates have been successfully optimized.
28.02.2024 16:39:21 [Information] [FinancialModule/CalculateCostOfOptimalEstimates] The cost of optimal estimates has been calculated successfully.
28.02.2024 16:39:21 [Information] [EstimatesAnalysisModule/OptimizeOptimalEstimates] Optimization of optimal estimates...
28.02.2024 16:39:21 [Information] [EstimatesAnalysisModule/OptimizeOptimalEstimates] Optimal estimates have been successfully optimized.
28.02.2024 16:39:21 [Information] [FinancialModule/CalculateCostOfOptimalEstimates] The cost of optimal estimates has been calculated successfully.
28.02.2024 16:39:21 [Information] [EstimatesAnalysisModule/OptimizeOptimalEstimates] Optimization of optimal estimates...
28.02.2024 16:39:21 [Information] [EstimatesAnalysisModule/OptimizeOptimalEstimates] Optimal estimates have been successfully optimized.
28.02.2024 16:39:21 [Information] [FinancialModule/CalculateCostOfOptimalEstimates] The cost of optimal estimates has been calculated successfully.
28.02.2024 16:39:21 [Information] [EstimatesAnalysisModule/OptimizeOptimalEstimates] Optimization of optimal estimates...
28.02.2024 16:39:21 [Information] [EstimatesAnalysisModule/OptimizeOptimalEstimates] Optimal estimates have been successfully optimized.
28.02.2024 16:39:21 [Information] [FinancialModule/CalculateCostOfOptimalEstimates] The cost of optimal estimates has been calculated successfully.
28.02.2024 16:39:21 [Information] [EstimatesAnalysisModule/OptimizeOptimalEstimates] Optimization of optimal estimates...
28.02.2024 16:39:21 [Information] [EstimatesAnalysisModule/OptimizeOptimalEstimates] Optimal estimates have been successfully optimized.
28.02.2024 16:39:21 [Information] [FinancialModule/CalculateCostOfOptimalEstimates] The cost of optimal estimates has been calculated successfully.
28.02.2024 16:39:21 [Information] [EstimatesAnalysisModule/OptimizeOptimalEstimates] Optimization of optimal estimates...
28.02.2024 16:39:21 [Information] [EstimatesAnalysisModule/OptimizeOptimalEstimates] Optimal estimates have been successfully optimized.
28.02.2024 16:39:21 [Information] [FinancialModule/CalculateCostOfOptimalEstimates] The cost of optimal estimates has been calculated successfully.
28.02.2024 16:41:14 [Information] [DataAnalysisModule/PredictTechnicalConditionsOfRoads] Reading all technical conditions of roads...
28.02.2024 16:41:14 [Information] [TechnicalConditionsOfRoadsApiController/Get] Getting all the technical conditions of roads...
28.02.2024 16:41:16 [Information] [TechnicalConditionsOfRoadsApiController/Get] All technical conditions of roads have been successfully received.
28.02.2024 16:41:16 [Information] [DataAnalysisModule/PredictTechnicalConditionsOfRoads] All technical conditions of roads have been successfully read.
28.02.2024 16:41:16 [Information] [DataAnalysisModule/PredictTechnicalConditionsOfRoads] Predicting the technical conditions of roads...
28.02.2024 16:41:16 [Information] [DataAnalysisModule/ExecutePythonScript] Executing a Python script...
28.02.2024 16:41:33 [Information] [DataAnalysisModule/ExecutePythonScript] The Python script has been successfully executed.
28.02.2024 16:41:33 [Information] [DataAnalysisModule/PredictTechnicalConditionsOfRoads] Technical conditions of roads have been successfully predicted.
28.02.2024 16:41:33 [Information] [TechnicalConditionsOfRoadsAnalysisModule/CalculateChangesTechnicalConditionsOfRoads] Calculating technical conditions of roads...
28.02.2024 16:41:33 [Information] [TechnicalConditionsOfRoadsAnalysisModule/CalculateChangesTechnicalConditionsOfRoads] The technical conditions of roads have been successfully calculated.
28.02.2024 16:41:33 [Information] [EstimatesAnalysisModule/GetOptimalEstimates] Reading all estimates...
28.02.2024 16:41:33 [Information] [EstimatesApiController/Get] Getting all the estimates...
28.02.2024 16:41:34 [Information] [EstimatesApiController/Get] All estimates have been successfully received.
28.02.2024 16:41:34 [Information] [EstimatesAnalysisModule/GetOptimalEstimates] All estimates have been successfully read.
28.02.2024 16:41:34 [Information] [EstimatesAnalysisModule/GetOptimalEstimates] Reading all roads...
28.02.2024 16:41:34 [Information] [RoadsApiController/Get] Getting all the roads...
28.02.2024 16:41:34 [Information] [RoadsApiController/Get] All roads have been successfully received.
28.02.2024 16:41:34 [Information] [EstimatesAnalysisModule/GetOptimalEstimates] All roads have been successfully read.
28.02.2024 16:41:34 [Information] [EstimatesAnalysisModule/GetOptimalEstimates] Getting optimal estimates...
28.02.2024 16:41:34 [Information] [EstimatesAnalysisModule/GetOptimalEstimatesForOneRoad] Getting optimal estimates for one road...
28.02.2024 16:41:34 [Information] [EstimatesAnalysisModule/GetCombinationsOfLevelsOfWorks] Getting all the combinations of levels of works...
28.02.2024 16:41:34 [Information] [EstimatesAnalysisModule/GetCombinationsOfLevelsOfWorks] All combinations of levels of works have been successfully received.
28.02.2024 16:41:34 [Information] [EstimatesAnalysisModule/GetOptimalEstimatesForOneRoad] Optimal estimates for one road have been successfully received.
28.02.2024 16:41:34 [Information] [EstimatesAnalysisModule/GetOptimalEstimatesForOneRoad] Getting optimal estimates for one road...
28.02.2024 16:41:34 [Information] [EstimatesAnalysisModule/GetCombinationsOfLevelsOfWorks] Getting all the combinations of levels of works...
28.02.2024 16:41:34 [Information] [EstimatesAnalysisModule/GetCombinationsOfLevelsOfWorks] All combinations of levels of works have been successfully received.
28.02.2024 16:41:34 [Information] [EstimatesAnalysisModule/GetOptimalEstimatesForOneRoad] Optimal estimates for one road have been successfully received.
28.02.2024 16:41:34 [Information] [EstimatesAnalysisModule/GetOptimalEstimatesForOneRoad] Getting optimal estimates for one road...
28.02.2024 16:41:34 [Information] [EstimatesAnalysisModule/GetCombinationsOfLevelsOfWorks] Getting all the combinations of levels of works...
28.02.2024 16:41:34 [Information] [EstimatesAnalysisModule/GetCombinationsOfLevelsOfWorks] All combinations of levels of works have been successfully received.
28.02.2024 16:41:34 [Information] [EstimatesAnalysisModule/GetOptimalEstimatesForOneRoad] Optimal estimates for one road have been successfully received.
28.02.2024 16:41:34 [Information] [EstimatesAnalysisModule/GetOptimalEstimatesForOneRoad] Getting optimal estimates for one road...
28.02.2024 16:41:35 [Information] [EstimatesAnalysisModule/GetCombinationsOfLevelsOfWorks] Getting all the combinations of levels of works...
28.02.2024 16:41:35 [Information] [EstimatesAnalysisModule/GetCombinationsOfLevelsOfWorks] All combinations of levels of works have been successfully received.
28.02.2024 16:41:35 [Information] [EstimatesAnalysisModule/GetOptimalEstimatesForOneRoad] Optimal estimates for one road have been successfully received.
28.02.2024 16:41:35 [Information] [EstimatesAnalysisModule/GetOptimalEstimatesForOneRoad] Getting optimal estimates for one road...
28.02.2024 16:41:35 [Information] [EstimatesAnalysisModule/GetCombinationsOfLevelsOfWorks] Getting all the combinations of levels of works...
28.02.2024 16:41:35 [Information] [EstimatesAnalysisModule/GetCombinationsOfLevelsOfWorks] All combinations of levels of works have been successfully received.
28.02.2024 16:41:35 [Information] [EstimatesAnalysisModule/GetOptimalEstimatesForOneRoad] Optimal estimates for one road have been successfully received.
28.02.2024 16:41:35 [Information] [EstimatesAnalysisModule/GetOptimalEstimatesForOneRoad] Getting optimal estimates for one road...
28.02.2024 16:41:35 [Information] [EstimatesAnalysisModule/GetCombinationsOfLevelsOfWorks] Getting all the combinations of levels of works...
28.02.2024 16:41:35 [Information] [EstimatesAnalysisModule/GetCombinationsOfLevelsOfWorks] All combinations of levels of works have been successfully received.
28.02.2024 16:41:35 [Information] [EstimatesAnalysisModule/GetOptimalEstimatesForOneRoad] Optimal estimates for one road have been successfully received.
28.02.2024 16:41:35 [Information] [EstimatesAnalysisModule/GetOptimalEstimatesForOneRoad] Getting optimal estimates for one road...
28.02.2024 16:41:35 [Information] [EstimatesAnalysisModule/GetCombinationsOfLevelsOfWorks] Getting all the combinations of levels of works...
28.02.2024 16:41:35 [Information] [EstimatesAnalysisModule/GetCombinationsOfLevelsOfWorks] All combinations of levels of works have been successfully received.
28.02.2024 16:41:35 [Information] [EstimatesAnalysisModule/GetOptimalEstimatesForOneRoad] Optimal estimates for one road have been successfully received.
28.02.2024 16:41:35 [Information] [EstimatesAnalysisModule/GetOptimalEstimatesForOneRoad] Getting optimal estimates for one road...
28.02.2024 16:41:35 [Information] [EstimatesAnalysisModule/GetCombinationsOfLevelsOfWorks] Getting all the combinations of levels of works...
28.02.2024 16:41:35 [Information] [EstimatesAnalysisModule/GetCombinationsOfLevelsOfWorks] All combinations of levels of works have been successfully received.
28.02.2024 16:41:37 [Information] [EstimatesAnalysisModule/GetOptimalEstimatesForOneRoad] Optimal estimates for one road have been successfully received.
28.02.2024 16:41:37 [Information] [EstimatesAnalysisModule/GetOptimalEstimatesForOneRoad] Getting optimal estimates for one road...
28.02.2024 16:41:37 [Information] [EstimatesAnalysisModule/GetCombinationsOfLevelsOfWorks] Getting all the combinations of levels of works...
28.02.2024 16:41:37 [Information] [EstimatesAnalysisModule/GetCombinationsOfLevelsOfWorks] All combinations of levels of works have been successfully received.
28.02.2024 16:41:40 [Information] [EstimatesAnalysisModule/GetOptimalEstimatesForOneRoad] Optimal estimates for one road have been successfully received.
28.02.2024 16:41:40 [Information] [EstimatesAnalysisModule/GetOptimalEstimatesForOneRoad] Getting optimal estimates for one road...
28.02.2024 16:41:40 [Information] [EstimatesAnalysisModule/GetCombinationsOfLevelsOfWorks] Getting all the combinations of levels of works...
28.02.2024 16:41:41 [Information] [EstimatesAnalysisModule/GetCombinationsOfLevelsOfWorks] All combinations of levels of works have been successfully received.
28.02.2024 16:41:42 [Information] [EstimatesAnalysisModule/GetOptimalEstimatesForOneRoad] Optimal estimates for one road have been successfully received.
28.02.2024 16:41:42 [Information] [EstimatesAnalysisModule/GetOptimalEstimatesForOneRoad] Getting optimal estimates for one road...
28.02.2024 16:41:42 [Information] [EstimatesAnalysisModule/GetCombinationsOfLevelsOfWorks] Getting all the combinations of levels of works...
28.02.2024 16:41:43 [Information] [EstimatesAnalysisModule/GetCombinationsOfLevelsOfWorks] All combinations of levels of works have been successfully received.
28.02.2024 16:41:45 [Information] [EstimatesAnalysisModule/GetOptimalEstimatesForOneRoad] Optimal estimates for one road have been successfully received.
28.02.2024 16:41:45 [Information] [EstimatesAnalysisModule/GetOptimalEstimatesForOneRoad] Getting optimal estimates for one road...
28.02.2024 16:41:45 [Information] [EstimatesAnalysisModule/GetCombinationsOfLevelsOfWorks] Getting all the combinations of levels of works...
28.02.2024 16:41:45 [Information] [EstimatesAnalysisModule/GetCombinationsOfLevelsOfWorks] All combinations of levels of works have been successfully received.
28.02.2024 16:41:45 [Information] [EstimatesAnalysisModule/GetOptimalEstimatesForOneRoad] Optimal estimates for one road have been successfully received.
28.02.2024 16:41:45 [Information] [EstimatesAnalysisModule/GetOptimalEstimatesForOneRoad] Getting optimal estimates for one road...
28.02.2024 16:41:45 [Information] [EstimatesAnalysisModule/GetCombinationsOfLevelsOfWorks] Getting all the combinations of levels of works...
28.02.2024 16:41:45 [Information] [EstimatesAnalysisModule/GetCombinationsOfLevelsOfWorks] All combinations of levels of works have been successfully received.
28.02.2024 16:41:47 [Information] [EstimatesAnalysisModule/GetOptimalEstimatesForOneRoad] Optimal estimates for one road have been successfully received.
28.02.2024 16:41:47 [Information] [EstimatesAnalysisModule/GetOptimalEstimatesForOneRoad] Getting optimal estimates for one road...
28.02.2024 16:41:47 [Information] [EstimatesAnalysisModule/GetCombinationsOfLevelsOfWorks] Getting all the combinations of levels of works...
28.02.2024 16:41:47 [Information] [EstimatesAnalysisModule/GetCombinationsOfLevelsOfWorks] All combinations of levels of works have been successfully received.
28.02.2024 16:41:47 [Information] [EstimatesAnalysisModule/GetOptimalEstimatesForOneRoad] Optimal estimates for one road have been successfully received.
28.02.2024 16:41:47 [Information] [EstimatesAnalysisModule/GetOptimalEstimatesForOneRoad] Getting optimal estimates for one road...
28.02.2024 16:41:47 [Information] [EstimatesAnalysisModule/GetCombinationsOfLevelsOfWorks] Getting all the combinations of levels of works...
28.02.2024 16:41:47 [Information] [EstimatesAnalysisModule/GetCombinationsOfLevelsOfWorks] All combinations of levels of works have been successfully received.
28.02.2024 16:41:47 [Information] [EstimatesAnalysisModule/GetOptimalEstimatesForOneRoad] Optimal estimates for one road have been successfully received.
28.02.2024 16:41:47 [Information] [EstimatesAnalysisModule/GetOptimalEstimatesForOneRoad] Getting optimal estimates for one road...
28.02.2024 16:41:47 [Information] [EstimatesAnalysisModule/GetCombinationsOfLevelsOfWorks] Getting all the combinations of levels of works...
28.02.2024 16:41:47 [Information] [EstimatesAnalysisModule/GetCombinationsOfLevelsOfWorks] All combinations of levels of works have been successfully received.
28.02.2024 16:41:49 [Information] [EstimatesAnalysisModule/GetOptimalEstimatesForOneRoad] Optimal estimates for one road have been successfully received.
28.02.2024 16:41:49 [Information] [EstimatesAnalysisModule/GetOptimalEstimatesForOneRoad] Getting optimal estimates for one road...
28.02.2024 16:41:49 [Information] [EstimatesAnalysisModule/GetCombinationsOfLevelsOfWorks] Getting all the combinations of levels of works...
28.02.2024 16:41:49 [Information] [EstimatesAnalysisModule/GetCombinationsOfLevelsOfWorks] All combinations of levels of works have been successfully received.
28.02.2024 16:41:49 [Information] [EstimatesAnalysisModule/GetOptimalEstimatesForOneRoad] Optimal estimates for one road have been successfully received.
28.02.2024 16:41:49 [Information] [EstimatesAnalysisModule/GetOptimalEstimatesForOneRoad] Getting optimal estimates for one road...
28.02.2024 16:41:49 [Information] [EstimatesAnalysisModule/GetCombinationsOfLevelsOfWorks] Getting all the combinations of levels of works...
28.02.2024 16:41:49 [Information] [EstimatesAnalysisModule/GetCombinationsOfLevelsOfWorks] All combinations of levels of works have been successfully received.
28.02.2024 16:41:49 [Information] [EstimatesAnalysisModule/GetOptimalEstimatesForOneRoad] Optimal estimates for one road have been successfully received.
28.02.2024 16:41:49 [Information] [EstimatesAnalysisModule/GetOptimalEstimatesForOneRoad] Getting optimal estimates for one road...
28.02.2024 16:41:49 [Information] [EstimatesAnalysisModule/GetCombinationsOfLevelsOfWorks] Getting all the combinations of levels of works...
28.02.2024 16:41:49 [Information] [EstimatesAnalysisModule/GetCombinationsOfLevelsOfWorks] All combinations of levels of works have been successfully received.
28.02.2024 16:41:49 [Information] [EstimatesAnalysisModule/GetOptimalEstimatesForOneRoad] Optimal estimates for one road have been successfully received.
28.02.2024 16:41:49 [Information] [EstimatesAnalysisModule/GetOptimalEstimatesForOneRoad] Getting optimal estimates for one road...
28.02.2024 16:41:49 [Information] [EstimatesAnalysisModule/GetCombinationsOfLevelsOfWorks] Getting all the combinations of levels of works...
28.02.2024 16:41:49 [Information] [EstimatesAnalysisModule/GetCombinationsOfLevelsOfWorks] All combinations of levels of works have been successfully received.
28.02.2024 16:41:49 [Information] [EstimatesAnalysisModule/GetOptimalEstimatesForOneRoad] Optimal estimates for one road have been successfully received.
28.02.2024 16:41:49 [Information] [EstimatesAnalysisModule/GetOptimalEstimates] Optimal estimates have been successfully received.
28.02.2024 16:41:49 [Information] [FinancialModule/CalculateCostOfOptimalEstimates] The cost of optimal estimates has been calculated successfully.
28.02.2024 16:41:49 [Information] [EstimatesAnalysisModule/OptimizeOptimalEstimates] Optimization of optimal estimates...
28.02.2024 16:41:49 [Information] [EstimatesAnalysisModule/OptimizeOptimalEstimates] Optimal estimates have been successfully optimized.
28.02.2024 16:41:49 [Information] [FinancialModule/CalculateCostOfOptimalEstimates] The cost of optimal estimates has been calculated successfully.
28.02.2024 16:41:49 [Information] [EstimatesAnalysisModule/OptimizeOptimalEstimates] Optimization of optimal estimates...
28.02.2024 16:41:49 [Information] [EstimatesAnalysisModule/OptimizeOptimalEstimates] Optimal estimates have been successfully optimized.
28.02.2024 16:41:49 [Information] [FinancialModule/CalculateCostOfOptimalEstimates] The cost of optimal estimates has been calculated successfully.
28.02.2024 16:41:49 [Information] [EstimatesAnalysisModule/OptimizeOptimalEstimates] Optimization of optimal estimates...
28.02.2024 16:41:49 [Information] [EstimatesAnalysisModule/OptimizeOptimalEstimates] Optimal estimates have been successfully optimized.
28.02.2024 16:41:49 [Information] [FinancialModule/CalculateCostOfOptimalEstimates] The cost of optimal estimates has been calculated successfully.
28.02.2024 16:41:49 [Information] [EstimatesAnalysisModule/OptimizeOptimalEstimates] Optimization of optimal estimates...
28.02.2024 16:41:49 [Information] [EstimatesAnalysisModule/OptimizeOptimalEstimates] Optimal estimates have been successfully optimized.
28.02.2024 16:41:49 [Information] [FinancialModule/CalculateCostOfOptimalEstimates] The cost of optimal estimates has been calculated successfully.
28.02.2024 16:41:49 [Information] [EstimatesAnalysisModule/OptimizeOptimalEstimates] Optimization of optimal estimates...
28.02.2024 16:41:49 [Information] [EstimatesAnalysisModule/OptimizeOptimalEstimates] Optimal estimates have been successfully optimized.
28.02.2024 16:41:49 [Information] [FinancialModule/CalculateCostOfOptimalEstimates] The cost of optimal estimates has been calculated successfully.
28.02.2024 16:41:49 [Information] [EstimatesAnalysisModule/OptimizeOptimalEstimates] Optimization of optimal estimates...
28.02.2024 16:41:49 [Information] [EstimatesAnalysisModule/OptimizeOptimalEstimates] Optimal estimates have been successfully optimized.
28.02.2024 16:41:49 [Information] [FinancialModule/CalculateCostOfOptimalEstimates] The cost of optimal estimates has been calculated successfully.
28.02.2024 16:41:49 [Information] [EstimatesAnalysisModule/OptimizeOptimalEstimates] Optimization of optimal estimates...
28.02.2024 16:41:49 [Information] [EstimatesAnalysisModule/OptimizeOptimalEstimates] Optimal estimates have been successfully optimized.
28.02.2024 16:41:49 [Information] [FinancialModule/CalculateCostOfOptimalEstimates] The cost of optimal estimates has been calculated successfully.
28.02.2024 16:41:49 [Information] [EstimatesAnalysisModule/OptimizeOptimalEstimates] Optimization of optimal estimates...
28.02.2024 16:41:49 [Information] [EstimatesAnalysisModule/OptimizeOptimalEstimates] Optimal estimates have been successfully optimized.
28.02.2024 16:41:49 [Information] [FinancialModule/CalculateCostOfOptimalEstimates] The cost of optimal estimates has been calculated successfully.
28.02.2024 16:41:49 [Information] [EstimatesAnalysisModule/OptimizeOptimalEstimates] Optimization of optimal estimates...
28.02.2024 16:41:49 [Information] [EstimatesAnalysisModule/OptimizeOptimalEstimates] Optimal estimates have been successfully optimized.
28.02.2024 16:41:49 [Information] [FinancialModule/CalculateCostOfOptimalEstimates] The cost of optimal estimates has been calculated successfully.
28.02.2024 16:41:49 [Information] [EstimatesAnalysisModule/OptimizeOptimalEstimates] Optimization of optimal estimates...
28.02.2024 16:41:49 [Information] [EstimatesAnalysisModule/OptimizeOptimalEstimates] Optimal estimates have been successfully optimized.
28.02.2024 16:41:49 [Information] [FinancialModule/CalculateCostOfOptimalEstimates] The cost of optimal estimates has been calculated successfully.
28.02.2024 16:41:49 [Information] [EstimatesAnalysisModule/OptimizeOptimalEstimates] Optimization of optimal estimates...
28.02.2024 16:41:49 [Information] [EstimatesAnalysisModule/OptimizeOptimalEstimates] Optimal estimates have been successfully optimized.
28.02.2024 16:41:49 [Information] [FinancialModule/CalculateCostOfOptimalEstimates] The cost of optimal estimates has been calculated successfully.
28.02.2024 16:41:49 [Information] [EstimatesAnalysisModule/OptimizeOptimalEstimates] Optimization of optimal estimates...
28.02.2024 16:41:49 [Information] [EstimatesAnalysisModule/OptimizeOptimalEstimates] Optimal estimates have been successfully optimized.
28.02.2024 16:41:49 [Information] [FinancialModule/CalculateCostOfOptimalEstimates] The cost of optimal estimates has been calculated successfully.
28.02.2024 16:41:49 [Information] [EstimatesAnalysisModule/OptimizeOptimalEstimates] Optimization of optimal estimates...
28.02.2024 16:41:49 [Information] [EstimatesAnalysisModule/OptimizeOptimalEstimates] Optimal estimates have been successfully optimized.
28.02.2024 16:41:49 [Information] [FinancialModule/CalculateCostOfOptimalEstimates] The cost of optimal estimates has been calculated successfully.
28.02.2024 16:41:49 [Information] [EstimatesAnalysisModule/OptimizeOptimalEstimates] Optimization of optimal estimates...
28.02.2024 16:41:49 [Information] [EstimatesAnalysisModule/OptimizeOptimalEstimates] Optimal estimates have been successfully optimized.
28.02.2024 16:41:49 [Information] [FinancialModule/CalculateCostOfOptimalEstimates] The cost of optimal estimates has been calculated successfully.
28.02.2024 16:41:49 [Information] [EstimatesAnalysisModule/OptimizeOptimalEstimates] Optimization of optimal estimates...
28.02.2024 16:41:49 [Information] [EstimatesAnalysisModule/OptimizeOptimalEstimates] Optimal estimates have been successfully optimized.
28.02.2024 16:41:49 [Information] [FinancialModule/CalculateCostOfOptimalEstimates] The cost of optimal estimates has been calculated successfully.
28.02.2024 16:41:49 [Information] [EstimatesAnalysisModule/OptimizeOptimalEstimates] Optimization of optimal estimates...
28.02.2024 16:41:49 [Information] [EstimatesAnalysisModule/OptimizeOptimalEstimates] Optimal estimates have been successfully optimized.
28.02.2024 16:41:49 [Information] [FinancialModule/CalculateCostOfOptimalEstimates] The cost of optimal estimates has been calculated successfully.
28.02.2024 16:41:49 [Information] [EstimatesAnalysisModule/OptimizeOptimalEstimates] Optimization of optimal estimates...
28.02.2024 16:41:49 [Information] [EstimatesAnalysisModule/OptimizeOptimalEstimates] Optimal estimates have been successfully optimized.
28.02.2024 16:41:49 [Information] [FinancialModule/CalculateCostOfOptimalEstimates] The cost of optimal estimates has been calculated successfully.
28.02.2024 16:41:49 [Information] [EstimatesAnalysisModule/OptimizeOptimalEstimates] Optimization of optimal estimates...
28.02.2024 16:41:49 [Information] [EstimatesAnalysisModule/OptimizeOptimalEstimates] Optimal estimates have been successfully optimized.
28.02.2024 16:41:49 [Information] [FinancialModule/CalculateCostOfOptimalEstimates] The cost of optimal estimates has been calculated successfully.
28.02.2024 16:41:49 [Information] [EstimatesAnalysisModule/OptimizeOptimalEstimates] Optimization of optimal estimates...
28.02.2024 16:41:49 [Information] [EstimatesAnalysisModule/OptimizeOptimalEstimates] Optimal estimates have been successfully optimized.
28.02.2024 16:41:49 [Information] [FinancialModule/CalculateCostOfOptimalEstimates] The cost of optimal estimates has been calculated successfully.
