10.03.2024 19:27:34 [Information] [RoadWorksProgramsController/Read] Reading all road works programs...
10.03.2024 19:27:34 [Information] [RoadWorksProgramsApiController/Get] Getting all the road works programs...
10.03.2024 19:27:35 [Information] [RoadWorksProgramsApiController/Get] All road works programs have been successfully received.
10.03.2024 19:27:35 [Information] [RoadWorksProgramsController/Read] All road works programs have been successfully read.
10.03.2024 19:27:35 [Information] [RoadWorksProgramsController/Read] Reading all roads...
10.03.2024 19:27:35 [Information] [RoadsApiController/Get] Getting all the roads...
10.03.2024 19:27:35 [Information] [RoadsApiController/Get] All roads have been successfully received.
10.03.2024 19:27:35 [Information] [RoadWorksProgramsController/Read] All roads have been successfully read.
10.03.2024 19:27:35 [Information] [RoadWorksProgramsController] Navigating to the page "Read All Road Works Programs By Year".
10.03.2024 19:27:37 [Information] [RoadWorksProgramsController/Read/3/2021] Reading the road works program for 2021...
10.03.2024 19:27:37 [Information] [RoadWorksProgramsApiController/Get] Getting all the road works programs...
10.03.2024 19:27:37 [Information] [RoadWorksProgramsApiController/Get] All road works programs have been successfully received.
10.03.2024 19:27:37 [Information] [RoadWorksProgramsController/Read/3/2021] The road works program for 2021 was successfully read.
10.03.2024 19:27:37 [Information] [RoadWorksProgramsController] Navigating to the page "Read Road Works Program For 2021".
10.03.2024 19:27:40 [Information] [RoadWorksProgramsController/Update/5] Reading a road works program with Id 5...
10.03.2024 19:27:40 [Information] [RoadWorksProgramsApiController/Get/5] Getting a road works program with Id 5...
10.03.2024 19:27:40 [Information] [RoadWorksProgramsApiController/Get/5] The road works program with Id 5 was successfully received.
10.03.2024 19:27:40 [Information] [RoadWorksProgramsController/Update/5] The road works program with Id 5 was successfully read.
10.03.2024 19:27:40 [Information] [RoadWorksProgramsController/Update/5] Reading all roads...
10.03.2024 19:27:40 [Information] [RoadsApiController/Get] Getting all the roads...
10.03.2024 19:27:40 [Information] [RoadsApiController/Get] All roads have been successfully received.
10.03.2024 19:27:40 [Information] [RoadWorksProgramsController/Update/5] All roads have been successfully read.
10.03.2024 19:27:40 [Information] [RoadWorksProgramsController/Update/5] Reading all estimates...
10.03.2024 19:27:40 [Information] [EstimatesApiController/Get] Getting all the estimates...
10.03.2024 19:27:40 [Information] [EstimatesApiController/Get] All estimates have been successfully received.
10.03.2024 19:27:40 [Information] [RoadWorksProgramsController/Update/5] All estimates have been successfully read.
10.03.2024 19:27:40 [Information] [RoadWorksProgramsController] Navigating to the page "Update Road Works Program".
10.03.2024 19:27:59 [Information] [RoadWorksProgramsController/Read/3/2021] Reading the road works program for 2021...
10.03.2024 19:27:59 [Information] [RoadWorksProgramsApiController/Get] Getting all the road works programs...
10.03.2024 19:27:59 [Information] [RoadWorksProgramsApiController/Get] All road works programs have been successfully received.
10.03.2024 19:27:59 [Information] [RoadWorksProgramsController/Read/3/2021] The road works program for 2021 was successfully read.
10.03.2024 19:27:59 [Information] [RoadWorksProgramsController] Navigating to the page "Read Road Works Program For 2021".
