22.02.2024 14:18:06 [Information] [HomeController/Planning] Planning...
22.02.2024 14:18:06 [Information] [HomeApiController/Get/Plans] Getting plans...
22.02.2024 14:18:06 [Information] [TechnicalConditionsOfRoadsAnalysisModule/GetInitialTechnicalConditionsOfRoads] Reading all technical conditions of roads...
22.02.2024 14:18:06 [Information] [TechnicalConditionsOfRoadsApiController/Get] Getting all the technical conditions of roads...
22.02.2024 14:18:08 [Information] [TechnicalConditionsOfRoadsApiController/Get] All technical conditions of roads have been successfully received.
22.02.2024 14:18:08 [Information] [TechnicalConditionsOfRoadsAnalysisModule/GetInitialTechnicalConditionsOfRoads] All technical conditions of roads have been successfully read.
22.02.2024 14:18:08 [Information] [TechnicalConditionsOfRoadsAnalysisModule/GetInitialTechnicalConditionsOfRoads] Getting all initial technical conditions of roads...
22.02.2024 14:18:08 [Information] [TechnicalConditionsOfRoadsAnalysisModule/GetInitialTechnicalConditionsOfRoads] All initial technical conditions of roads have been successfully received.
22.02.2024 14:18:08 [Information] [DataAnalysisModule/PredictTechnicalConditionsOfRoads] Reading all technical conditions of roads...
22.02.2024 14:18:08 [Information] [TechnicalConditionsOfRoadsApiController/Get] Getting all the technical conditions of roads...
22.02.2024 14:18:10 [Information] [TechnicalConditionsOfRoadsApiController/Get] All technical conditions of roads have been successfully received.
22.02.2024 14:18:10 [Information] [DataAnalysisModule/PredictTechnicalConditionsOfRoads] All technical conditions of roads have been successfully read.
22.02.2024 14:18:10 [Information] [DataAnalysisModule/PredictTechnicalConditionsOfRoads] Predicting the technical conditions of roads...
22.02.2024 14:18:10 [Information] [DataAnalysisModule/ExecutePythonScript] Executing a Python script...
22.02.2024 14:18:19 [Information] [DataAnalysisModule/ExecutePythonScript] The Python script has been successfully executed.
22.02.2024 14:18:19 [Information] [DataAnalysisModule/PredictTechnicalConditionsOfRoads] Reading all roads...
22.02.2024 14:18:19 [Information] [RoadsApiController/Get] Getting all the roads...
22.02.2024 14:18:19 [Information] [RoadsApiController/Get] All roads have been successfully received.
22.02.2024 14:18:19 [Information] [DataAnalysisModule/PredictTechnicalConditionsOfRoads] All roads have been successfully read.
22.02.2024 14:18:19 [Information] [DataAnalysisModule/PredictTechnicalConditionsOfRoads] Technical conditions of roads have been successfully predicted.
22.02.2024 14:18:19 [Information] [TechnicalConditionsOfRoadsAnalysisModule/CalculateChangesTechnicalConditionsOfRoads] Calculating technical conditions of roads...
22.02.2024 14:18:19 [Information] [TechnicalConditionsOfRoadsAnalysisModule/CalculateChangesTechnicalConditionsOfRoads] The technical conditions of roads have been successfully calculated.
22.02.2024 14:18:19 [Information] [RoadWorksAnalysisModule/GetRoadWorks] Reading all estimates...
22.02.2024 14:18:19 [Information] [EstimatesApiController/Get] Getting all the estimates...
22.02.2024 14:18:19 [Information] [EstimatesApiController/Get] All estimates have been successfully received.
22.02.2024 14:18:19 [Information] [RoadWorksAnalysisModule/GetRoadWorks] All estimates have been successfully read.
22.02.2024 14:18:19 [Information] [EstimatesController/Read] Reading all roads...
22.02.2024 14:18:19 [Information] [RoadsApiController/Get] Getting all the roads...
22.02.2024 14:18:19 [Information] [RoadsApiController/Get] All roads have been successfully received.
22.02.2024 14:18:19 [Information] [EstimatesController/Read] All roads have been successfully read.
22.02.2024 14:18:19 [Information] [RoadWorksAnalysisModule/GetCombinationsOfLevelsOfWorks] Getting all the combinations of levels of works...
22.02.2024 14:18:19 [Information] [RoadWorksAnalysisModule/GetCombinationOfLevelsOfWorks] The combination of levels of works was successfully received.
22.02.2024 14:18:19 [Information] [RoadWorksAnalysisModule/GetCombinationOfLevelsOfWorks] The combination of levels of works was successfully received.
22.02.2024 14:18:19 [Information] [RoadWorksAnalysisModule/GetCombinationOfLevelsOfWorks] The combination of levels of works was successfully received.
22.02.2024 14:18:19 [Information] [RoadWorksAnalysisModule/GetCombinationsOfLevelsOfWorks] All combinations of levels of works have been successfully received.
