10.01.2024 0:55:24 [Information] [EstimatesController/Read] Reading all estimates...
10.01.2024 0:55:24 [Information] [EstimatesApiController/Get] Getting all the estimates...
10.01.2024 0:55:24 [Information] [EstimatesApiController/Get] All estimates have been successfully received.
10.01.2024 0:55:25 [Information] [EstimatesController/Read] All estimates have been successfully read.
10.01.2024 0:55:25 [Information] [EstimatesController/Read] Reading all roads...
10.01.2024 0:55:25 [Information] [RoadsApiController/Get] Getting all the roads...
10.01.2024 0:55:25 [Information] [RoadsApiController/Get] All roads have been successfully received.
10.01.2024 0:55:25 [Information] [EstimatesController/Read] All roads have been successfully read.
10.01.2024 0:55:25 [Information] [EstimatesController] Navigating to the page "Read All Estimates".
10.01.2024 0:55:28 [Information] [EstimatesController/Read/403] Reading a estimate with Id 403...
10.01.2024 0:55:28 [Information] [EstimatesApiController/Get/403] Getting a estimate with Id 403...
10.01.2024 0:55:28 [Information] [EstimatesApiController/Get/403] The estimate with Id 403 was successfully received.
10.01.2024 0:55:28 [Information] [EstimatesController/Read/403] The estimate with Id 403 was successfully read.
10.01.2024 0:55:28 [Information] [EstimatesController] Navigating to the page "Read Estimate By Id".
10.01.2024 0:55:29 [Information] [EstimatesController/Delete/403] Reading a estimate with Id 403...
10.01.2024 0:55:29 [Information] [EstimatesApiController/Get/403] Getting a estimate with Id 403...
10.01.2024 0:55:29 [Information] [EstimatesApiController/Get/403] The estimate with Id 403 was successfully received.
10.01.2024 0:55:29 [Information] [EstimatesController/Delete/403] The estimate with Id 403 was successfully read.
10.01.2024 0:55:29 [Information] [EstimatesController] Navigating to the page "Delete Estimate".
10.01.2024 0:55:36 [Information] [EstimatesController/Read/403] Reading a estimate with Id 403...
10.01.2024 0:55:36 [Information] [EstimatesApiController/Get/403] Getting a estimate with Id 403...
10.01.2024 0:55:36 [Information] [EstimatesApiController/Get/403] The estimate with Id 403 was successfully received.
10.01.2024 0:55:36 [Information] [EstimatesController/Read/403] The estimate with Id 403 was successfully read.
10.01.2024 0:55:36 [Information] [EstimatesController] Navigating to the page "Read Estimate By Id".
10.01.2024 0:55:39 [Information] [EstimatesController/Delete/403] Reading a estimate with Id 403...
10.01.2024 0:55:39 [Information] [EstimatesApiController/Get/403] Getting a estimate with Id 403...
10.01.2024 0:55:39 [Information] [EstimatesApiController/Get/403] The estimate with Id 403 was successfully received.
10.01.2024 0:55:39 [Information] [EstimatesController/Delete/403] The estimate with Id 403 was successfully read.
10.01.2024 0:55:39 [Information] [EstimatesController] Navigating to the page "Delete Estimate".
10.01.2024 0:55:44 [Information] [EstimatesController/Delete] Deleting a estimate with Id 403...
10.01.2024 0:55:44 [Information] [EstimatesApiController/Delete/403] Deleting a estimate with Id 403...
10.01.2024 0:55:44 [Information] [EstimatesApiController/Delete/403] The estimate with Id 403 has been successfully deleted.
10.01.2024 0:55:44 [Information] [EstimatesController/Delete] The estimate with Id 403 has been successfully deleted.
10.01.2024 0:55:44 [Information] [EstimatesController/Read] Reading all estimates...
10.01.2024 0:55:44 [Information] [EstimatesApiController/Get] Getting all the estimates...
10.01.2024 0:55:44 [Information] [EstimatesApiController/Get] All estimates have been successfully received.
10.01.2024 0:55:44 [Information] [EstimatesController/Read] All estimates have been successfully read.
10.01.2024 0:55:44 [Information] [EstimatesController/Read] Reading all roads...
10.01.2024 0:55:44 [Information] [RoadsApiController/Get] Getting all the roads...
10.01.2024 0:55:44 [Information] [RoadsApiController/Get] All roads have been successfully received.
10.01.2024 0:55:44 [Information] [EstimatesController/Read] All roads have been successfully read.
10.01.2024 0:55:44 [Information] [EstimatesController] Navigating to the page "Read All Estimates".
10.01.2024 0:55:47 [Information] [EstimatesController/Create] Reading all roads...
10.01.2024 0:55:47 [Information] [RoadsApiController/Get] Getting all the roads...
10.01.2024 0:55:47 [Information] [RoadsApiController/Get] All roads have been successfully received.
10.01.2024 0:55:47 [Information] [EstimatesController/Create] All roads have been successfully read.
10.01.2024 0:55:47 [Information] [EstimatesController] Navigating to the page "Create Estimate".
10.01.2024 0:55:53 [Information] [EstimatesController/Create] Creating a new estimate...
10.01.2024 0:55:53 [Information] [EstimatesApiController/Post] Creating a new estimate...
10.01.2024 0:55:53 [Information] [EstimatesApiController/Post] A new estimate with Id 404 has been successfully created.
10.01.2024 0:55:53 [Information] [EstimatesController/Create] A new estimate with Id 404 has been successfully created.
10.01.2024 0:55:53 [Information] [EstimatesController/Read] Reading all estimates...
10.01.2024 0:55:53 [Information] [EstimatesApiController/Get] Getting all the estimates...
10.01.2024 0:55:53 [Information] [EstimatesApiController/Get] All estimates have been successfully received.
10.01.2024 0:55:53 [Information] [EstimatesController/Read] All estimates have been successfully read.
10.01.2024 0:55:53 [Information] [EstimatesController/Read] Reading all roads...
10.01.2024 0:55:53 [Information] [RoadsApiController/Get] Getting all the roads...
10.01.2024 0:55:53 [Information] [RoadsApiController/Get] All roads have been successfully received.
10.01.2024 0:55:53 [Information] [EstimatesController/Read] All roads have been successfully read.
10.01.2024 0:55:53 [Information] [EstimatesController] Navigating to the page "Read All Estimates".
10.01.2024 0:55:55 [Information] [EstimatesController/Read/404] Reading a estimate with Id 404...
10.01.2024 0:55:55 [Information] [EstimatesApiController/Get/404] Getting a estimate with Id 404...
10.01.2024 0:55:55 [Information] [EstimatesApiController/Get/404] The estimate with Id 404 was successfully received.
10.01.2024 0:55:55 [Information] [EstimatesController/Read/404] The estimate with Id 404 was successfully read.
10.01.2024 0:55:55 [Information] [EstimatesController] Navigating to the page "Read Estimate By Id".
