Application started. Press Ctrl+C to shut down.
Hosting environment: Development
Content root path: H:\RoadWorksPlanningSystem\DSS
Request starting HTTP/2 GET https://localhost:44306/ - - -
Request finished HTTP/2 GET https://localhost:44306/ - 200 - text/html;+charset=utf-8 7363.2073ms
Request starting HTTP/2 GET https://localhost:44306/css/site.css?v=ZR61JfdxUYilX_lC3yLqTr8IRPDCx7iJeyVXzvf8WNA - - -
Request starting HTTP/2 GET https://localhost:44306/lib/jquery/dist/jquery.min.js - - -
Request starting HTTP/2 GET https://localhost:44306/lib/bootstrap/dist/css/bootstrap.min.css - - -
Request starting HTTP/2 GET https://localhost:44306/js/site.js?v=hRQyftXiu1lLX2P9Ly9xa4gHJgLeR1uGN5qegUobtGo - - -
Request starting HTTP/2 GET https://localhost:44306/DSS.styles.css?v=mULltvPmZktKA9F9fGqh_dzco_imQKRJ2nflaWKu5lg - - -
Request starting HTTP/2 GET https://localhost:44306/lib/bootstrap/dist/js/bootstrap.bundle.min.js - - -
Request starting HTTP/2 GET https://localhost:44306/_framework/aspnetcore-browser-refresh.js - - -
Request starting HTTP/2 GET https://localhost:44306/_vs/browserLink - - -
Request finished HTTP/2 GET https://localhost:44306/_framework/aspnetcore-browser-refresh.js - 200 13742 application/javascript;+charset=utf-8 25.1637ms
Request finished HTTP/2 GET https://localhost:44306/css/site.css?v=ZR61JfdxUYilX_lC3yLqTr8IRPDCx7iJeyVXzvf8WNA - 200 1706 text/css 81.9555ms
Request finished HTTP/2 GET https://localhost:44306/DSS.styles.css?v=mULltvPmZktKA9F9fGqh_dzco_imQKRJ2nflaWKu5lg - 200 1121 text/css 57.8035ms
Request finished HTTP/2 GET https://localhost:44306/js/site.js?v=hRQyftXiu1lLX2P9Ly9xa4gHJgLeR1uGN5qegUobtGo - 200 231 text/javascript 100.6916ms
Request finished HTTP/2 GET https://localhost:44306/lib/bootstrap/dist/js/bootstrap.bundle.min.js - 200 78474 text/javascript 90.3799ms
Request finished HTTP/2 GET https://localhost:44306/lib/bootstrap/dist/css/bootstrap.min.css - 200 162726 text/css 117.8956ms
Request finished HTTP/2 GET https://localhost:44306/lib/jquery/dist/jquery.min.js - 200 89503 text/javascript 123.0800ms
Request finished HTTP/2 GET https://localhost:44306/_vs/browserLink - 200 - text/javascript;+charset=UTF-8 105.5816ms
Request starting HTTP/2 GET https://localhost:44306/favicon.ico - - -
Request finished HTTP/2 GET https://localhost:44306/favicon.ico - 200 5430 image/x-icon 9.9694ms
Request starting HTTP/2 GET https://localhost:44306/ - - -
Request finished HTTP/2 GET https://localhost:44306/ - 200 - text/html;+charset=utf-8 139.7674ms
Request starting HTTP/2 GET https://localhost:44306/_framework/aspnetcore-browser-refresh.js - - -
Request starting HTTP/2 GET https://localhost:44306/_vs/browserLink - - -
Request finished HTTP/2 GET https://localhost:44306/_framework/aspnetcore-browser-refresh.js - 200 13742 application/javascript;+charset=utf-8 12.9265ms
Request finished HTTP/2 GET https://localhost:44306/_vs/browserLink - 200 - text/javascript;+charset=UTF-8 34.5081ms
Request starting HTTP/2 GET https://localhost:44306/technicalConditionsOfRoads/read - - -
14.02.2024 16:35:17 [Information] [TechnicalConditionsOfRoadsController/Read] Reading all technical conditions of roads...
14.02.2024 16:35:17 [Information] [TechnicalConditionsOfRoadsApiController/Get] Getting all the technical conditions of roads...
14.02.2024 16:35:20 [Information] [TechnicalConditionsOfRoadsApiController/Get] All technical conditions of roads have been successfully received.
14.02.2024 16:35:20 [Information] [TechnicalConditionsOfRoadsController/Read] All technical conditions of roads have been successfully read.
14.02.2024 16:35:20 [Information] [TechnicalConditionsOfRoadsController/Read] Reading all roads...
14.02.2024 16:35:20 [Information] [RoadsApiController/Get] Getting all the roads...
14.02.2024 16:35:20 [Information] [RoadsApiController/Get] All roads have been successfully received.
14.02.2024 16:35:20 [Information] [TechnicalConditionsOfRoadsController/Read] All roads have been successfully read.
14.02.2024 16:35:20 [Information] [TechnicalConditionsOfRoadsController] Navigating to the page "Read All Technical Conditions Of Roads By Year".
Request finished HTTP/2 GET https://localhost:44306/technicalConditionsOfRoads/read - 200 - text/html;+charset=utf-8 3156.1179ms
Request starting HTTP/2 GET https://localhost:44306/_framework/aspnetcore-browser-refresh.js - - -
Request starting HTTP/2 GET https://localhost:44306/_vs/browserLink - - -
Request finished HTTP/2 GET https://localhost:44306/_framework/aspnetcore-browser-refresh.js - 200 13742 application/javascript;+charset=utf-8 7.7781ms
Request finished HTTP/2 GET https://localhost:44306/_vs/browserLink - 200 - text/javascript;+charset=UTF-8 26.1470ms
Request starting HTTP/2 GET https://localhost:44306/technicalConditionsOfRoads/read/2/2008 - - -
14.02.2024 16:35:25 [Information] [TechnicalConditionsOfRoadsController/Read/2/2008] Reading the technical conditions of road for 2008...
14.02.2024 16:35:25 [Information] [TechnicalConditionsOfRoadsApiController/Get] Getting all the technical conditions of roads...
14.02.2024 16:35:27 [Information] [TechnicalConditionsOfRoadsApiController/Get] All technical conditions of roads have been successfully received.
14.02.2024 16:35:27 [Information] [TechnicalConditionsOfRoadsController/Read/2/2008] The technical conditions of road for 2008 was successfully read.
14.02.2024 16:35:27 [Information] [TechnicalConditionsOfRoadsController] Navigating to the page "Read Technical Conditions Of Road For 2008".
Request finished HTTP/2 GET https://localhost:44306/technicalConditionsOfRoads/read/2/2008 - 200 - text/html;+charset=utf-8 1467.2832ms
Request starting HTTP/2 GET https://localhost:44306/_vs/browserLink - - -
Request starting HTTP/2 GET https://localhost:44306/_framework/aspnetcore-browser-refresh.js - - -
Request finished HTTP/2 GET https://localhost:44306/_framework/aspnetcore-browser-refresh.js - 200 13742 application/javascript;+charset=utf-8 8.5332ms
Request finished HTTP/2 GET https://localhost:44306/_vs/browserLink - 200 - text/javascript;+charset=UTF-8 26.4512ms
