10.01.2024 1:11:38 [Information] [RoadsController/Read] Reading all roads...
10.01.2024 1:11:38 [Information] [RoadsApiController/Get] Getting all the roads...
10.01.2024 1:11:38 [Information] [RoadsApiController/Get] All roads have been successfully received.
10.01.2024 1:11:38 [Information] [RoadsController/Read] All roads have been successfully read.
10.01.2024 1:11:38 [Information] [RoadsController] Navigating to the page "Read All Roads".
10.01.2024 1:11:53 [Information] [RoadsController] Navigating to the page "Create Road".
10.01.2024 1:11:54 [Information] [RoadsController/Create] Creating a new road...
10.01.2024 1:11:54 [Information] [RoadsApiController/Post] Creating a new road...
10.01.2024 1:11:54 [Information] [RoadsApiController/Post] A new road with Id 24 has been successfully created.
10.01.2024 1:11:54 [Information] [RoadsController/Create] A new road with Id 24 has been successfully created.
10.01.2024 1:11:54 [Information] [RoadsController/Read] Reading all roads...
10.01.2024 1:11:54 [Information] [RoadsApiController/Get] Getting all the roads...
10.01.2024 1:11:54 [Information] [RoadsApiController/Get] All roads have been successfully received.
10.01.2024 1:11:54 [Information] [RoadsController/Read] All roads have been successfully read.
10.01.2024 1:11:54 [Information] [RoadsController] Navigating to the page "Read All Roads".
10.01.2024 1:11:57 [Information] [RoadsController/Delete] Deleting a road with Id 24...
10.01.2024 1:11:57 [Information] [RoadsApiController/Delete/24] Deleting a road with Id 24...
10.01.2024 1:11:57 [Information] [RoadsApiController/Delete/24] The road with Id 24 has been successfully deleted.
10.01.2024 1:11:57 [Information] [RoadsController/Delete] The road with Id 24 has been successfully deleted.
10.01.2024 1:11:57 [Information] [RoadsController/Read] Reading all roads...
10.01.2024 1:11:57 [Information] [RoadsApiController/Get] Getting all the roads...
10.01.2024 1:11:57 [Information] [RoadsApiController/Get] All roads have been successfully received.
10.01.2024 1:11:57 [Information] [RoadsController/Read] All roads have been successfully read.
10.01.2024 1:11:57 [Information] [RoadsController] Navigating to the page "Read All Roads".
