10.01.2024 0:38:38 [Information] [EstimatesController/Read] Reading all estimates...
10.01.2024 0:38:38 [Information] [EstimatesApiController/Get] Getting all the estimates...
10.01.2024 0:38:38 [Information] [EstimatesApiController/Get] All estimates have been successfully received.
10.01.2024 0:38:38 [Information] [EstimatesController/Read] All estimates have been successfully read.
10.01.2024 0:38:38 [Information] [EstimatesController/Read] Reading all roads...
10.01.2024 0:38:38 [Information] [RoadsApiController/Get] Getting all the roads...
10.01.2024 0:38:38 [Information] [RoadsApiController/Get] All roads have been successfully received.
10.01.2024 0:38:38 [Information] [EstimatesController/Read] All roads have been successfully read.
10.01.2024 0:38:38 [Information] [EstimatesController] Navigating to the page "Read All Estimates".
10.01.2024 0:38:40 [Information] [EstimatesController/Read] Reading all estimates...
10.01.2024 0:38:40 [Information] [EstimatesApiController/Get] Getting all the estimates...
10.01.2024 0:38:41 [Information] [EstimatesApiController/Get] All estimates have been successfully received.
10.01.2024 0:38:41 [Information] [EstimatesController/Read] All estimates have been successfully read.
10.01.2024 0:38:41 [Information] [EstimatesController/Read] Reading all roads...
10.01.2024 0:38:41 [Information] [RoadsApiController/Get] Getting all the roads...
10.01.2024 0:38:41 [Information] [RoadsApiController/Get] All roads have been successfully received.
10.01.2024 0:38:41 [Information] [EstimatesController/Read] All roads have been successfully read.
10.01.2024 0:38:41 [Information] [EstimatesController] Navigating to the page "Read All Estimates".
10.01.2024 0:38:43 [Information] [EstimatesController/Read] Reading all estimates...
10.01.2024 0:38:43 [Information] [EstimatesApiController/Get] Getting all the estimates...
10.01.2024 0:38:43 [Information] [EstimatesApiController/Get] All estimates have been successfully received.
10.01.2024 0:38:43 [Information] [EstimatesController/Read] All estimates have been successfully read.
10.01.2024 0:38:43 [Information] [EstimatesController/Read] Reading all roads...
10.01.2024 0:38:43 [Information] [RoadsApiController/Get] Getting all the roads...
10.01.2024 0:38:43 [Information] [RoadsApiController/Get] All roads have been successfully received.
10.01.2024 0:38:43 [Information] [EstimatesController/Read] All roads have been successfully read.
10.01.2024 0:38:43 [Information] [EstimatesController] Navigating to the page "Read All Estimates".
10.01.2024 0:38:45 [Information] [EstimatesController/Read] Reading all estimates...
10.01.2024 0:38:45 [Information] [EstimatesApiController/Get] Getting all the estimates...
10.01.2024 0:38:46 [Information] [EstimatesApiController/Get] All estimates have been successfully received.
10.01.2024 0:38:46 [Information] [EstimatesController/Read] All estimates have been successfully read.
10.01.2024 0:38:46 [Information] [EstimatesController/Read] Reading all roads...
10.01.2024 0:38:46 [Information] [RoadsApiController/Get] Getting all the roads...
10.01.2024 0:38:46 [Information] [RoadsApiController/Get] All roads have been successfully received.
10.01.2024 0:38:46 [Information] [EstimatesController/Read] All roads have been successfully read.
10.01.2024 0:38:46 [Information] [EstimatesController] Navigating to the page "Read All Estimates".
10.01.2024 0:38:50 [Information] [EstimatesController/Read] Reading all estimates...
10.01.2024 0:38:50 [Information] [EstimatesApiController/Get] Getting all the estimates...
10.01.2024 0:38:50 [Information] [EstimatesApiController/Get] All estimates have been successfully received.
10.01.2024 0:38:50 [Information] [EstimatesController/Read] All estimates have been successfully read.
10.01.2024 0:38:50 [Information] [EstimatesController/Read] Reading all roads...
10.01.2024 0:38:50 [Information] [RoadsApiController/Get] Getting all the roads...
10.01.2024 0:38:50 [Information] [RoadsApiController/Get] All roads have been successfully received.
10.01.2024 0:38:50 [Information] [EstimatesController/Read] All roads have been successfully read.
10.01.2024 0:38:50 [Information] [EstimatesController] Navigating to the page "Read All Estimates".
10.01.2024 0:38:52 [Information] [EstimatesController/Read] Reading all estimates...
10.01.2024 0:38:52 [Information] [EstimatesApiController/Get] Getting all the estimates...
10.01.2024 0:38:53 [Information] [EstimatesApiController/Get] All estimates have been successfully received.
10.01.2024 0:38:53 [Information] [EstimatesController/Read] All estimates have been successfully read.
10.01.2024 0:38:53 [Information] [EstimatesController/Read] Reading all roads...
10.01.2024 0:38:53 [Information] [RoadsApiController/Get] Getting all the roads...
10.01.2024 0:38:53 [Information] [RoadsApiController/Get] All roads have been successfully received.
10.01.2024 0:38:53 [Information] [EstimatesController/Read] All roads have been successfully read.
10.01.2024 0:38:53 [Information] [EstimatesController] Navigating to the page "Read All Estimates".
10.01.2024 0:38:54 [Information] [RoadsController/Read] Reading all roads...
10.01.2024 0:38:54 [Information] [RoadsApiController/Get] Getting all the roads...
10.01.2024 0:38:54 [Information] [RoadsApiController/Get] All roads have been successfully received.
10.01.2024 0:38:54 [Information] [RoadsController/Read] All roads have been successfully read.
10.01.2024 0:38:54 [Information] [RoadsController] Navigating to the page "Read All Roads".
10.01.2024 0:38:55 [Information] [RoadsController/Read/1] Reading a road with Id 1...
10.01.2024 0:38:55 [Information] [RoadsApiController/Get/1] Getting a road with Id 1...
10.01.2024 0:38:55 [Information] [RoadsApiController/Get/1] The road with Id 1 was successfully received.
10.01.2024 0:38:55 [Information] [RoadsController/Read/1] The road with Id 1 was successfully read.
10.01.2024 0:38:55 [Information] [RoadsController] Navigating to the page "Read Road By Id".
10.01.2024 0:38:59 [Information] [RoadsController/Update/1] Reading a road with Id 1...
10.01.2024 0:38:59 [Information] [RoadsApiController/Get/1] Getting a road with Id 1...
10.01.2024 0:38:59 [Information] [RoadsApiController/Get/1] The road with Id 1 was successfully received.
10.01.2024 0:38:59 [Information] [RoadsController/Update/1] The road with Id 1 was successfully read.
10.01.2024 0:38:59 [Information] [RoadsController] Navigating to the page "Update Road".
10.01.2024 0:39:02 [Information] [RoadsController/Read/1] Reading a road with Id 1...
10.01.2024 0:39:02 [Information] [RoadsApiController/Get/1] Getting a road with Id 1...
10.01.2024 0:39:02 [Information] [RoadsApiController/Get/1] The road with Id 1 was successfully received.
10.01.2024 0:39:02 [Information] [RoadsController/Read/1] The road with Id 1 was successfully read.
10.01.2024 0:39:02 [Information] [RoadsController] Navigating to the page "Read Road By Id".
10.01.2024 0:39:05 [Information] [RoadsController/Update/4] Reading a road with Id 4...
10.01.2024 0:39:05 [Information] [RoadsApiController/Get/4] Getting a road with Id 4...
10.01.2024 0:39:05 [Information] [RoadsApiController/Get/4] The road with Id 4 was successfully received.
10.01.2024 0:39:05 [Information] [RoadsController/Update/4] The road with Id 4 was successfully read.
10.01.2024 0:39:05 [Information] [RoadsController] Navigating to the page "Update Road".
10.01.2024 0:39:08 [Information] [EstimatesController/Read] Reading all estimates...
10.01.2024 0:39:08 [Information] [EstimatesApiController/Get] Getting all the estimates...
10.01.2024 0:39:08 [Information] [EstimatesApiController/Get] All estimates have been successfully received.
10.01.2024 0:39:08 [Information] [EstimatesController/Read] All estimates have been successfully read.
10.01.2024 0:39:08 [Information] [EstimatesController/Read] Reading all roads...
10.01.2024 0:39:08 [Information] [RoadsApiController/Get] Getting all the roads...
10.01.2024 0:39:08 [Information] [RoadsApiController/Get] All roads have been successfully received.
10.01.2024 0:39:08 [Information] [EstimatesController/Read] All roads have been successfully read.
10.01.2024 0:39:08 [Information] [EstimatesController] Navigating to the page "Read All Estimates".
10.01.2024 0:39:09 [Information] [EstimatesController/Read] Reading all estimates...
10.01.2024 0:39:09 [Information] [EstimatesApiController/Get] Getting all the estimates...
10.01.2024 0:39:09 [Information] [EstimatesApiController/Get] All estimates have been successfully received.
10.01.2024 0:39:09 [Information] [EstimatesController/Read] All estimates have been successfully read.
10.01.2024 0:39:09 [Information] [EstimatesController/Read] Reading all roads...
10.01.2024 0:39:09 [Information] [RoadsApiController/Get] Getting all the roads...
10.01.2024 0:39:09 [Information] [RoadsApiController/Get] All roads have been successfully received.
10.01.2024 0:39:09 [Information] [EstimatesController/Read] All roads have been successfully read.
10.01.2024 0:39:09 [Information] [EstimatesController] Navigating to the page "Read All Estimates".
