06.03.2024 19:53:58 [Information] [TechnicalConditionsOfRoadsController/Read] Reading all technical conditions of roads...
06.03.2024 19:53:58 [Information] [TechnicalConditionsOfRoadsApiController/Get] Getting all the technical conditions of roads...
06.03.2024 19:54:00 [Information] [TechnicalConditionsOfRoadsApiController/Get] All technical conditions of roads have been successfully received.
06.03.2024 19:54:00 [Information] [TechnicalConditionsOfRoadsController/Read] All technical conditions of roads have been successfully read.
06.03.2024 19:54:00 [Information] [TechnicalConditionsOfRoadsController/Read] Reading all roads...
06.03.2024 19:54:00 [Information] [RoadsApiController/Get] Getting all the roads...
06.03.2024 19:54:00 [Information] [RoadsApiController/Get] All roads have been successfully received.
06.03.2024 19:54:00 [Information] [TechnicalConditionsOfRoadsController/Read] All roads have been successfully read.
06.03.2024 19:54:00 [Information] [TechnicalConditionsOfRoadsController] Navigating to the page "Read All Technical Conditions Of Roads By Year".
06.03.2024 19:54:12 [Information] [TechnicalConditionsOfRoadsController/Read/1/2022] Reading the technical conditions of road for 2022...
06.03.2024 19:54:12 [Information] [TechnicalConditionsOfRoadsApiController/Get] Getting all the technical conditions of roads...
06.03.2024 19:54:13 [Information] [TechnicalConditionsOfRoadsApiController/Get] All technical conditions of roads have been successfully received.
06.03.2024 19:54:13 [Information] [TechnicalConditionsOfRoadsController/Read/1/2022] The technical conditions of road for 2022 was successfully read.
06.03.2024 19:54:13 [Information] [TechnicalConditionsOfRoadsController] Navigating to the page "Read Technical Conditions Of Road For 2022".
06.03.2024 19:56:18 [Information] [EstimatesController/Read] Reading all estimates...
06.03.2024 19:56:18 [Information] [EstimatesApiController/Get] Getting all the estimates...
06.03.2024 19:56:18 [Information] [EstimatesApiController/Get] All estimates have been successfully received.
06.03.2024 19:56:18 [Information] [EstimatesController/Read] All estimates have been successfully read.
06.03.2024 19:56:18 [Information] [EstimatesController/Read] Reading all roads...
06.03.2024 19:56:18 [Information] [RoadsApiController/Get] Getting all the roads...
06.03.2024 19:56:18 [Information] [RoadsApiController/Get] All roads have been successfully received.
06.03.2024 19:56:18 [Information] [EstimatesController/Read] All roads have been successfully read.
06.03.2024 19:56:18 [Information] [EstimatesController] Navigating to the page "Read All Estimates".
06.03.2024 19:57:02 [Information] [HomeController/Statistics] Getting statistics...
06.03.2024 19:57:02 [Information] [HomeApiController/Get/Statistics] Getting financial statistics...
06.03.2024 19:57:02 [Warning] [HomeApiController/Get/Statistics] Incorrect plans data provided.
06.03.2024 19:57:02 [Warning] [HomeController/Statistics] Error on the API side of the controller.
06.03.2024 19:57:17 [Information] [RoadWorksProgramsController/Read] Reading all road works programs...
06.03.2024 19:57:17 [Information] [RoadWorksProgramsApiController/Get] Getting all the road works programs...
06.03.2024 19:57:17 [Information] [RoadWorksProgramsApiController/Get] All road works programs have been successfully received.
06.03.2024 19:57:17 [Information] [RoadWorksProgramsController/Read] All road works programs have been successfully read.
06.03.2024 19:57:17 [Information] [RoadWorksProgramsController/Read] Reading all roads...
06.03.2024 19:57:17 [Information] [RoadsApiController/Get] Getting all the roads...
06.03.2024 19:57:17 [Information] [RoadsApiController/Get] All roads have been successfully received.
06.03.2024 19:57:17 [Information] [RoadWorksProgramsController/Read] All roads have been successfully read.
06.03.2024 19:57:17 [Information] [RoadWorksProgramsController] Navigating to the page "Read All Road Works Programs By Year".
06.03.2024 19:57:25 [Information] [RoadWorksProgramsController/Read/3/2022] Reading the road works program for 2022...
06.03.2024 19:57:25 [Information] [RoadWorksProgramsApiController/Get] Getting all the road works programs...
06.03.2024 19:57:25 [Information] [RoadWorksProgramsApiController/Get] All road works programs have been successfully received.
06.03.2024 19:57:25 [Information] [RoadWorksProgramsController/Read/3/2022] The road works program for 2022 was successfully read.
06.03.2024 19:57:25 [Information] [RoadWorksProgramsController] Navigating to the page "Read Road Works Program For 2022".
06.03.2024 19:57:41 [Information] [EstimatesController/Read/81] Reading a estimate with Id 81...
06.03.2024 19:57:41 [Information] [EstimatesApiController/Get/81] Getting a estimate with Id 81...
06.03.2024 19:57:41 [Information] [EstimatesApiController/Get/81] The estimate with Id 81 was successfully received.
06.03.2024 19:57:41 [Information] [EstimatesController/Read/81] The estimate with Id 81 was successfully read.
06.03.2024 19:57:41 [Information] [EstimatesController] Navigating to the page "Read Estimate By Id".
06.03.2024 19:57:43 [Information] [RoadWorksProgramsController/Read/3/2022] Reading the road works program for 2022...
06.03.2024 19:57:43 [Information] [RoadWorksProgramsApiController/Get] Getting all the road works programs...
06.03.2024 19:57:43 [Information] [RoadWorksProgramsApiController/Get] All road works programs have been successfully received.
06.03.2024 19:57:43 [Information] [RoadWorksProgramsController/Read/3/2022] The road works program for 2022 was successfully read.
06.03.2024 19:57:43 [Information] [RoadWorksProgramsController] Navigating to the page "Read Road Works Program For 2022".
06.03.2024 19:57:48 [Information] [EstimatesController/Read] Reading all estimates...
06.03.2024 19:57:48 [Information] [EstimatesApiController/Get] Getting all the estimates...
06.03.2024 19:57:48 [Information] [EstimatesApiController/Get] All estimates have been successfully received.
06.03.2024 19:57:48 [Information] [EstimatesController/Read] All estimates have been successfully read.
06.03.2024 19:57:48 [Information] [EstimatesController/Read] Reading all roads...
06.03.2024 19:57:48 [Information] [RoadsApiController/Get] Getting all the roads...
06.03.2024 19:57:48 [Information] [RoadsApiController/Get] All roads have been successfully received.
06.03.2024 19:57:48 [Information] [EstimatesController/Read] All roads have been successfully read.
06.03.2024 19:57:48 [Information] [EstimatesController] Navigating to the page "Read All Estimates".
06.03.2024 19:57:49 [Information] [EstimatesController/Read/1] Reading a estimate with Id 1...
06.03.2024 19:57:49 [Information] [EstimatesApiController/Get/1] Getting a estimate with Id 1...
06.03.2024 19:57:49 [Information] [EstimatesApiController/Get/1] The estimate with Id 1 was successfully received.
06.03.2024 19:57:49 [Information] [EstimatesController/Read/1] The estimate with Id 1 was successfully read.
06.03.2024 19:57:49 [Information] [EstimatesController] Navigating to the page "Read Estimate By Id".
06.03.2024 19:58:01 [Information] [EstimatesController/Read] Reading all estimates...
06.03.2024 19:58:01 [Information] [EstimatesApiController/Get] Getting all the estimates...
06.03.2024 19:58:01 [Information] [EstimatesApiController/Get] All estimates have been successfully received.
06.03.2024 19:58:01 [Information] [EstimatesController/Read] All estimates have been successfully read.
06.03.2024 19:58:01 [Information] [EstimatesController/Read] Reading all roads...
06.03.2024 19:58:01 [Information] [RoadsApiController/Get] Getting all the roads...
06.03.2024 19:58:01 [Information] [RoadsApiController/Get] All roads have been successfully received.
06.03.2024 19:58:01 [Information] [EstimatesController/Read] All roads have been successfully read.
06.03.2024 19:58:01 [Information] [EstimatesController] Navigating to the page "Read All Estimates".
06.03.2024 19:58:03 [Information] [EstimatesController/Read/2] Reading a estimate with Id 2...
06.03.2024 19:58:03 [Information] [EstimatesApiController/Get/2] Getting a estimate with Id 2...
06.03.2024 19:58:03 [Information] [EstimatesApiController/Get/2] The estimate with Id 2 was successfully received.
06.03.2024 19:58:03 [Information] [EstimatesController/Read/2] The estimate with Id 2 was successfully read.
06.03.2024 19:58:03 [Information] [EstimatesController] Navigating to the page "Read Estimate By Id".
06.03.2024 19:58:09 [Information] [RoadWorksProgramsController/Read/3/2022] Reading the road works program for 2022...
06.03.2024 19:58:09 [Information] [RoadWorksProgramsApiController/Get] Getting all the road works programs...
06.03.2024 19:58:09 [Information] [RoadWorksProgramsApiController/Get] All road works programs have been successfully received.
06.03.2024 19:58:09 [Information] [RoadWorksProgramsController/Read/3/2022] The road works program for 2022 was successfully read.
06.03.2024 19:58:09 [Information] [RoadWorksProgramsController] Navigating to the page "Read Road Works Program For 2022".
06.03.2024 19:58:16 [Information] [RoadWorksProgramsController/Read/2/2021] Reading the road works program for 2021...
06.03.2024 19:58:16 [Information] [RoadWorksProgramsApiController/Get] Getting all the road works programs...
06.03.2024 19:58:16 [Information] [RoadWorksProgramsApiController/Get] All road works programs have been successfully received.
06.03.2024 19:58:16 [Information] [RoadWorksProgramsController/Read/2/2021] The road works program for 2021 was successfully read.
06.03.2024 19:58:16 [Information] [RoadWorksProgramsController] Navigating to the page "Read Road Works Program For 2021".
06.03.2024 19:58:19 [Information] [EstimatesController/Read/42] Reading a estimate with Id 42...
06.03.2024 19:58:19 [Information] [EstimatesApiController/Get/42] Getting a estimate with Id 42...
06.03.2024 19:58:19 [Information] [EstimatesApiController/Get/42] The estimate with Id 42 was successfully received.
06.03.2024 19:58:19 [Information] [EstimatesController/Read/42] The estimate with Id 42 was successfully read.
06.03.2024 19:58:19 [Information] [EstimatesController] Navigating to the page "Read Estimate By Id".
06.03.2024 19:58:27 [Information] [RoadWorksProgramsController/Read/2/2021] Reading the road works program for 2021...
06.03.2024 19:58:27 [Information] [RoadWorksProgramsApiController/Get] Getting all the road works programs...
06.03.2024 19:58:27 [Information] [RoadWorksProgramsApiController/Get] All road works programs have been successfully received.
06.03.2024 19:58:27 [Information] [RoadWorksProgramsController/Read/2/2021] The road works program for 2021 was successfully read.
06.03.2024 19:58:27 [Information] [RoadWorksProgramsController] Navigating to the page "Read Road Works Program For 2021".
06.03.2024 19:58:48 [Information] [TechnicalConditionsOfRoadsController/Read] Reading all technical conditions of roads...
06.03.2024 19:58:48 [Information] [TechnicalConditionsOfRoadsApiController/Get] Getting all the technical conditions of roads...
06.03.2024 19:58:50 [Information] [TechnicalConditionsOfRoadsApiController/Get] All technical conditions of roads have been successfully received.
06.03.2024 19:58:50 [Information] [TechnicalConditionsOfRoadsController/Read] All technical conditions of roads have been successfully read.
06.03.2024 19:58:50 [Information] [TechnicalConditionsOfRoadsController/Read] Reading all roads...
06.03.2024 19:58:50 [Information] [RoadsApiController/Get] Getting all the roads...
06.03.2024 19:58:50 [Information] [RoadsApiController/Get] All roads have been successfully received.
06.03.2024 19:58:50 [Information] [TechnicalConditionsOfRoadsController/Read] All roads have been successfully read.
06.03.2024 19:58:50 [Information] [TechnicalConditionsOfRoadsController] Navigating to the page "Read All Technical Conditions Of Roads By Year".
06.03.2024 19:58:51 [Information] [TechnicalConditionsOfRoadsController/Read/4/2009] Reading the technical conditions of road for 2009...
06.03.2024 19:58:51 [Information] [TechnicalConditionsOfRoadsApiController/Get] Getting all the technical conditions of roads...
06.03.2024 19:58:53 [Information] [TechnicalConditionsOfRoadsApiController/Get] All technical conditions of roads have been successfully received.
06.03.2024 19:58:53 [Information] [TechnicalConditionsOfRoadsController/Read/4/2009] The technical conditions of road for 2009 was successfully read.
06.03.2024 19:58:53 [Information] [TechnicalConditionsOfRoadsController] Navigating to the page "Read Technical Conditions Of Road For 2009".
06.03.2024 19:58:54 [Information] [TechnicalConditionsOfRoadsController/Update/285] Reading a technical condition of road with Id 285...
06.03.2024 19:58:54 [Information] [TechnicalConditionsOfRoadsApiController/Get/285] Getting a technical condition of road with Id 285...
06.03.2024 19:58:54 [Information] [TechnicalConditionsOfRoadsApiController/Get/285] The technical condition of road with Id 285 was successfully received.
06.03.2024 19:58:54 [Information] [TechnicalConditionsOfRoadsController/Update/285] The technical condition of road with Id 285 was successfully read.
06.03.2024 19:58:54 [Information] [TechnicalConditionsOfRoadsController/Update/285] Reading all roads...
06.03.2024 19:58:54 [Information] [RoadsApiController/Get] Getting all the roads...
06.03.2024 19:58:54 [Information] [RoadsApiController/Get] All roads have been successfully received.
06.03.2024 19:58:54 [Information] [TechnicalConditionsOfRoadsController/Update/285] All roads have been successfully read.
06.03.2024 19:58:54 [Information] [TechnicalConditionsOfRoadsController] Navigating to the page "Update Technical Condition Of Road".
06.03.2024 19:59:08 [Information] [TechnicalConditionsOfRoadsController/Read/4/2009] Reading the technical conditions of road for 2009...
06.03.2024 19:59:08 [Information] [TechnicalConditionsOfRoadsApiController/Get] Getting all the technical conditions of roads...
06.03.2024 19:59:09 [Information] [RoadWorksProgramsController/Read] Reading all road works programs...
06.03.2024 19:59:09 [Information] [RoadWorksProgramsApiController/Get] Getting all the road works programs...
06.03.2024 19:59:09 [Information] [RoadWorksProgramsApiController/Get] All road works programs have been successfully received.
06.03.2024 19:59:09 [Information] [RoadWorksProgramsController/Read] All road works programs have been successfully read.
06.03.2024 19:59:09 [Information] [RoadWorksProgramsController/Read] Reading all roads...
06.03.2024 19:59:09 [Information] [RoadsApiController/Get] Getting all the roads...
06.03.2024 19:59:09 [Information] [RoadsApiController/Get] All roads have been successfully received.
06.03.2024 19:59:09 [Information] [RoadWorksProgramsController/Read] All roads have been successfully read.
06.03.2024 19:59:09 [Information] [RoadWorksProgramsController] Navigating to the page "Read All Road Works Programs By Year".
06.03.2024 19:59:10 [Information] [TechnicalConditionsOfRoadsApiController/Get] All technical conditions of roads have been successfully received.
06.03.2024 19:59:10 [Information] [TechnicalConditionsOfRoadsController/Read/4/2009] The technical conditions of road for 2009 was successfully read.
06.03.2024 19:59:10 [Information] [TechnicalConditionsOfRoadsController] Navigating to the page "Read Technical Conditions Of Road For 2009".
06.03.2024 19:59:11 [Information] [RoadWorksProgramsController/Read/2/2021] Reading the road works program for 2021...
06.03.2024 19:59:11 [Information] [RoadWorksProgramsApiController/Get] Getting all the road works programs...
06.03.2024 19:59:11 [Information] [RoadWorksProgramsApiController/Get] All road works programs have been successfully received.
06.03.2024 19:59:11 [Information] [RoadWorksProgramsController/Read/2/2021] The road works program for 2021 was successfully read.
06.03.2024 19:59:11 [Information] [RoadWorksProgramsController] Navigating to the page "Read Road Works Program For 2021".
