10.01.2024 1:14:04 [Information] [RoadsController/Read] Reading all roads...
10.01.2024 1:14:04 [Information] [RoadsApiController/Get] Getting all the roads...
10.01.2024 1:14:04 [Information] [RoadsApiController/Get] All roads have been successfully received.
10.01.2024 1:14:05 [Information] [RoadsController/Read] All roads have been successfully read.
10.01.2024 1:14:05 [Information] [RoadsController] Navigating to the page "Read All Roads".
10.01.2024 1:14:06 [Information] [RoadsController] Navigating to the page "Create Road".
10.01.2024 1:14:11 [Information] [RoadsController/Create] Creating a new road...
10.01.2024 1:14:11 [Information] [RoadsApiController/Post] Creating a new road...
10.01.2024 1:14:11 [Information] [RoadsApiController/Post] A new road with Id 25 has been successfully created.
10.01.2024 1:14:11 [Information] [RoadsController/Create] A new road with Id 25 has been successfully created.
10.01.2024 1:14:11 [Information] [RoadsController/Read] Reading all roads...
10.01.2024 1:14:11 [Information] [RoadsApiController/Get] Getting all the roads...
10.01.2024 1:14:11 [Information] [RoadsApiController/Get] All roads have been successfully received.
10.01.2024 1:14:11 [Information] [RoadsController/Read] All roads have been successfully read.
10.01.2024 1:14:11 [Information] [RoadsController] Navigating to the page "Read All Roads".
10.01.2024 1:14:13 [Information] [RoadsController/Update/25] Reading a road with Id 25...
10.01.2024 1:14:13 [Information] [RoadsApiController/Get/25] Getting a road with Id 25...
10.01.2024 1:14:13 [Information] [RoadsApiController/Get/25] The road with Id 25 was successfully received.
10.01.2024 1:14:13 [Information] [RoadsController/Update/25] The road with Id 25 was successfully read.
10.01.2024 1:14:13 [Information] [RoadsController] Navigating to the page "Update Road".
10.01.2024 1:14:16 [Information] [RoadsController/Update] Updating the road with Id 25...
10.01.2024 1:14:16 [Information] [RoadsApiController/Put/25] Updating the road with Id 25...
10.01.2024 1:14:16 [Information] [RoadsApiController/Put/25] The road with Id 25 has been successfully updated.
10.01.2024 1:14:16 [Information] [RoadsController/Update] The road with Id 25 has been successfully updated.
10.01.2024 1:14:16 [Information] [RoadsController/Read] Reading all roads...
10.01.2024 1:14:16 [Information] [RoadsApiController/Get] Getting all the roads...
10.01.2024 1:14:16 [Information] [RoadsApiController/Get] All roads have been successfully received.
10.01.2024 1:14:16 [Information] [RoadsController/Read] All roads have been successfully read.
10.01.2024 1:14:16 [Information] [RoadsController] Navigating to the page "Read All Roads".
10.01.2024 1:14:17 [Information] [EstimatesController/Read] Reading all estimates...
10.01.2024 1:14:17 [Information] [EstimatesApiController/Get] Getting all the estimates...
10.01.2024 1:14:17 [Information] [EstimatesApiController/Get] All estimates have been successfully received.
10.01.2024 1:14:17 [Information] [EstimatesController/Read] All estimates have been successfully read.
10.01.2024 1:14:17 [Information] [EstimatesController/Read] Reading all roads...
10.01.2024 1:14:17 [Information] [RoadsApiController/Get] Getting all the roads...
10.01.2024 1:14:17 [Information] [RoadsApiController/Get] All roads have been successfully received.
10.01.2024 1:14:17 [Information] [EstimatesController/Read] All roads have been successfully read.
10.01.2024 1:14:17 [Information] [EstimatesController] Navigating to the page "Read All Estimates".
10.01.2024 1:14:19 [Information] [EstimatesController/Create] Reading all roads...
10.01.2024 1:14:19 [Information] [RoadsApiController/Get] Getting all the roads...
10.01.2024 1:14:19 [Information] [RoadsApiController/Get] All roads have been successfully received.
10.01.2024 1:14:19 [Information] [EstimatesController/Create] All roads have been successfully read.
10.01.2024 1:14:19 [Information] [EstimatesController] Navigating to the page "Create Estimate".
10.01.2024 1:14:25 [Information] [EstimatesController/Create] Creating a new estimate...
10.01.2024 1:14:25 [Information] [EstimatesApiController/Post] Creating a new estimate...
10.01.2024 1:14:25 [Information] [EstimatesApiController/Post] A new estimate with Id 406 has been successfully created.
10.01.2024 1:14:25 [Information] [EstimatesController/Create] A new estimate with Id 406 has been successfully created.
10.01.2024 1:14:25 [Information] [EstimatesController/Read] Reading all estimates...
10.01.2024 1:14:25 [Information] [EstimatesApiController/Get] Getting all the estimates...
10.01.2024 1:14:25 [Information] [EstimatesApiController/Get] All estimates have been successfully received.
10.01.2024 1:14:25 [Information] [EstimatesController/Read] All estimates have been successfully read.
10.01.2024 1:14:25 [Information] [EstimatesController/Read] Reading all roads...
10.01.2024 1:14:25 [Information] [RoadsApiController/Get] Getting all the roads...
10.01.2024 1:14:25 [Information] [RoadsApiController/Get] All roads have been successfully received.
10.01.2024 1:14:25 [Information] [EstimatesController/Read] All roads have been successfully read.
10.01.2024 1:14:25 [Information] [EstimatesController] Navigating to the page "Read All Estimates".
10.01.2024 1:14:27 [Information] [EstimatesController/Read/406] Reading a estimate with Id 406...
10.01.2024 1:14:27 [Information] [EstimatesApiController/Get/406] Getting a estimate with Id 406...
10.01.2024 1:14:27 [Information] [EstimatesApiController/Get/406] The estimate with Id 406 was successfully received.
10.01.2024 1:14:27 [Information] [EstimatesController/Read/406] The estimate with Id 406 was successfully read.
10.01.2024 1:14:27 [Information] [EstimatesController] Navigating to the page "Read Estimate By Id".
10.01.2024 1:14:31 [Information] [EstimatesController/Update/406] Reading a estimate with Id 406...
10.01.2024 1:14:31 [Information] [EstimatesApiController/Get/406] Getting a estimate with Id 406...
10.01.2024 1:14:31 [Information] [EstimatesApiController/Get/406] The estimate with Id 406 was successfully received.
10.01.2024 1:14:31 [Information] [EstimatesController/Update/406] The estimate with Id 406 was successfully read.
10.01.2024 1:14:31 [Information] [EstimatesController/Update/406] Reading all roads...
10.01.2024 1:14:31 [Information] [RoadsApiController/Get] Getting all the roads...
10.01.2024 1:14:31 [Information] [RoadsApiController/Get] All roads have been successfully received.
10.01.2024 1:14:31 [Information] [EstimatesController/Update/406] All roads have been successfully read.
10.01.2024 1:14:31 [Information] [EstimatesController] Navigating to the page "Update Estimate".
10.01.2024 1:14:35 [Information] [EstimatesController/Update] Updating the estimate with Id 406...
10.01.2024 1:14:35 [Information] [EstimatesApiController/Put/406] Updating the estimate with Id 406...
10.01.2024 1:14:35 [Information] [EstimatesApiController/Put/406] The estimate with Id 406 has been successfully updated.
10.01.2024 1:14:35 [Information] [EstimatesController/Update] The estimate with Id 406 has been successfully updated.
10.01.2024 1:14:35 [Information] [EstimatesController/Read] Reading all estimates...
10.01.2024 1:14:35 [Information] [EstimatesApiController/Get] Getting all the estimates...
10.01.2024 1:14:35 [Information] [EstimatesApiController/Get] All estimates have been successfully received.
10.01.2024 1:14:35 [Information] [EstimatesController/Read] All estimates have been successfully read.
10.01.2024 1:14:35 [Information] [EstimatesController/Read] Reading all roads...
10.01.2024 1:14:35 [Information] [RoadsApiController/Get] Getting all the roads...
10.01.2024 1:14:35 [Information] [RoadsApiController/Get] All roads have been successfully received.
10.01.2024 1:14:35 [Information] [EstimatesController/Read] All roads have been successfully read.
10.01.2024 1:14:35 [Information] [EstimatesController] Navigating to the page "Read All Estimates".
10.01.2024 1:14:37 [Information] [EstimatesController/Read/406] Reading a estimate with Id 406...
10.01.2024 1:14:37 [Information] [EstimatesApiController/Get/406] Getting a estimate with Id 406...
10.01.2024 1:14:37 [Information] [EstimatesApiController/Get/406] The estimate with Id 406 was successfully received.
10.01.2024 1:14:37 [Information] [EstimatesController/Read/406] The estimate with Id 406 was successfully read.
10.01.2024 1:14:37 [Information] [EstimatesController] Navigating to the page "Read Estimate By Id".
10.01.2024 1:14:48 [Information] [EstimatesController/Delete] Deleting a estimate with Id 406...
10.01.2024 1:14:48 [Information] [EstimatesApiController/Delete/406] Deleting a estimate with Id 406...
10.01.2024 1:14:48 [Information] [EstimatesApiController/Delete/406] The estimate with Id 406 has been successfully deleted.
10.01.2024 1:14:48 [Information] [EstimatesController/Delete] The estimate with Id 406 has been successfully deleted.
10.01.2024 1:14:48 [Information] [EstimatesController/Read] Reading all estimates...
10.01.2024 1:14:48 [Information] [EstimatesApiController/Get] Getting all the estimates...
10.01.2024 1:14:48 [Information] [EstimatesApiController/Get] All estimates have been successfully received.
10.01.2024 1:14:48 [Information] [EstimatesController/Read] All estimates have been successfully read.
10.01.2024 1:14:48 [Information] [EstimatesController/Read] Reading all roads...
10.01.2024 1:14:48 [Information] [RoadsApiController/Get] Getting all the roads...
10.01.2024 1:14:48 [Information] [RoadsApiController/Get] All roads have been successfully received.
10.01.2024 1:14:48 [Information] [EstimatesController/Read] All roads have been successfully read.
10.01.2024 1:14:48 [Information] [EstimatesController] Navigating to the page "Read All Estimates".
10.01.2024 1:14:58 [Information] [RoadsController/Read] Reading all roads...
10.01.2024 1:14:58 [Information] [RoadsApiController/Get] Getting all the roads...
10.01.2024 1:14:58 [Information] [RoadsApiController/Get] All roads have been successfully received.
10.01.2024 1:14:58 [Information] [RoadsController/Read] All roads have been successfully read.
10.01.2024 1:14:58 [Information] [RoadsController] Navigating to the page "Read All Roads".
10.01.2024 1:15:03 [Information] [RoadsController/Delete] Deleting a road with Id 25...
10.01.2024 1:15:03 [Information] [RoadsApiController/Delete/25] Deleting a road with Id 25...
10.01.2024 1:15:03 [Information] [RoadsApiController/Delete/25] The road with Id 25 has been successfully deleted.
10.01.2024 1:15:03 [Information] [RoadsController/Delete] The road with Id 25 has been successfully deleted.
10.01.2024 1:15:03 [Information] [RoadsController/Read] Reading all roads...
10.01.2024 1:15:03 [Information] [RoadsApiController/Get] Getting all the roads...
10.01.2024 1:15:03 [Information] [RoadsApiController/Get] All roads have been successfully received.
10.01.2024 1:15:03 [Information] [RoadsController/Read] All roads have been successfully read.
10.01.2024 1:15:03 [Information] [RoadsController] Navigating to the page "Read All Roads".
