08.01.2024 3:11:37 [Information] [RoadsController/Read] Reading all roads...
08.01.2024 3:11:37 [Information] [RoadsApiController/Get] Getting all the roads...
08.01.2024 3:11:37 [Information] [RoadsApiController/Get] All roads have been successfully received.
08.01.2024 3:11:37 [Information] [RoadsController/Read] All roads have been successfully read.
08.01.2024 3:11:37 [Information] [RoadsController] Navigating to the page "Read All Roads".
08.01.2024 3:11:42 [Information] [RoadsController/Read/20] Reading a road with Id 20...
08.01.2024 3:11:42 [Information] [RoadsApiController/Get/20] Getting a road with Id 20...
08.01.2024 3:11:42 [Information] [RoadsApiController/Get/20] The road with Id 20 was successfully received.
08.01.2024 3:11:42 [Information] [RoadsController/Read/20] The road with Id 20 was successfully read.
08.01.2024 3:11:42 [Information] [RoadsController] Navigating to the page "Read Road By Id".
08.01.2024 3:11:45 [Information] [RoadsController] Navigating to the page "Create Road".
08.01.2024 3:11:50 [Information] [RoadsController/Create] Creating a new road...
08.01.2024 3:11:50 [Information] [RoadsApiController/Post] Creating a new road...
08.01.2024 3:11:51 [Information] [RoadsApiController/Post] A new road with Id 30 has been successfully created.
08.01.2024 3:11:51 [Information] [RoadsController/Create] A new road with Id 30 has been successfully created.
08.01.2024 3:11:51 [Information] [RoadsController/Read] Reading all roads...
08.01.2024 3:11:51 [Information] [RoadsApiController/Get] Getting all the roads...
08.01.2024 3:11:51 [Information] [RoadsApiController/Get] All roads have been successfully received.
08.01.2024 3:11:51 [Information] [RoadsController/Read] All roads have been successfully read.
08.01.2024 3:11:51 [Information] [RoadsController] Navigating to the page "Read All Roads".
08.01.2024 3:11:53 [Information] [RoadsController/Read/30] Reading a road with Id 30...
08.01.2024 3:11:53 [Information] [RoadsApiController/Get/30] Getting a road with Id 30...
08.01.2024 3:11:53 [Information] [RoadsApiController/Get/30] The road with Id 30 was successfully received.
08.01.2024 3:11:53 [Information] [RoadsController/Read/30] The road with Id 30 was successfully read.
08.01.2024 3:11:53 [Information] [RoadsController] Navigating to the page "Read Road By Id".
08.01.2024 3:11:57 [Information] [RoadsController/Update/30] Reading a road with Id 30...
08.01.2024 3:11:57 [Information] [RoadsApiController/Get/30] Getting a road with Id 30...
08.01.2024 3:11:57 [Information] [RoadsApiController/Get/30] The road with Id 30 was successfully received.
08.01.2024 3:11:57 [Information] [RoadsController/Update/30] The road with Id 30 was successfully read.
08.01.2024 3:11:57 [Information] [RoadsController] Navigating to the page "Update Road".
08.01.2024 3:12:01 [Information] [RoadsController/Update] Updating the road with Id 30...
08.01.2024 3:12:01 [Information] [RoadsApiController/Put/30] Updating the road with Id 30...
08.01.2024 3:12:01 [Information] [RoadsApiController/Put/30] The road with Id 30 has been successfully updated.
08.01.2024 3:12:01 [Information] [RoadsController/Update] The road with Id 30 has been successfully updated.
08.01.2024 3:12:01 [Information] [RoadsController/Read] Reading all roads...
08.01.2024 3:12:01 [Information] [RoadsApiController/Get] Getting all the roads...
08.01.2024 3:12:01 [Information] [RoadsApiController/Get] All roads have been successfully received.
08.01.2024 3:12:01 [Information] [RoadsController/Read] All roads have been successfully read.
08.01.2024 3:12:01 [Information] [RoadsController] Navigating to the page "Read All Roads".
08.01.2024 3:12:05 [Information] [RoadsController/Update/30] Reading a road with Id 30...
08.01.2024 3:12:05 [Information] [RoadsApiController/Get/30] Getting a road with Id 30...
08.01.2024 3:12:05 [Information] [RoadsApiController/Get/30] The road with Id 30 was successfully received.
08.01.2024 3:12:05 [Information] [RoadsController/Update/30] The road with Id 30 was successfully read.
08.01.2024 3:12:05 [Information] [RoadsController] Navigating to the page "Update Road".
08.01.2024 3:12:06 [Information] [RoadsController/Update] Updating the road with Id 30...
08.01.2024 3:12:06 [Information] [RoadsApiController/Put/30] Updating the road with Id 30...
08.01.2024 3:12:06 [Information] [RoadsApiController/Put/30] The road with Id 30 has been successfully updated.
08.01.2024 3:12:06 [Information] [RoadsController/Update] The road with Id 30 has been successfully updated.
08.01.2024 3:12:06 [Information] [RoadsController/Read] Reading all roads...
08.01.2024 3:12:06 [Information] [RoadsApiController/Get] Getting all the roads...
08.01.2024 3:12:06 [Information] [RoadsApiController/Get] All roads have been successfully received.
08.01.2024 3:12:06 [Information] [RoadsController/Read] All roads have been successfully read.
08.01.2024 3:12:06 [Information] [RoadsController] Navigating to the page "Read All Roads".
08.01.2024 3:12:08 [Information] [RoadsController/Delete/30] Reading a road with Id 30...
08.01.2024 3:12:08 [Information] [RoadsApiController/Get/30] Getting a road with Id 30...
08.01.2024 3:12:08 [Information] [RoadsApiController/Get/30] The road with Id 30 was successfully received.
08.01.2024 3:12:08 [Information] [RoadsController/Delete/30] The road with Id 30 was successfully read.
08.01.2024 3:12:08 [Information] [RoadsController] Navigating to the page "Delete Road".
08.01.2024 3:12:23 [Information] [RoadsController/Delete] Deleting a road with Id 30...
08.01.2024 3:12:23 [Information] [RoadsApiController/Delete/30] Deleting a road with Id 30...
08.01.2024 3:12:23 [Information] [RoadsApiController/Delete/30] The road with Id 30 has been successfully deleted.
08.01.2024 3:12:23 [Information] [RoadsController/Delete] The road with Id 30 has been successfully deleted.
08.01.2024 3:12:23 [Information] [RoadsController/Read] Reading all roads...
08.01.2024 3:12:23 [Information] [RoadsApiController/Get] Getting all the roads...
08.01.2024 3:12:23 [Information] [RoadsApiController/Get] All roads have been successfully received.
08.01.2024 3:12:23 [Information] [RoadsController/Read] All roads have been successfully read.
08.01.2024 3:12:23 [Information] [RoadsController] Navigating to the page "Read All Roads".
08.01.2024 3:12:33 [Information] [RoadsController/Read] Reading all roads...
08.01.2024 3:12:33 [Information] [RoadsApiController/Get] Getting all the roads...
08.01.2024 3:12:33 [Information] [RoadsApiController/Get] All roads have been successfully received.
08.01.2024 3:12:33 [Information] [RoadsController/Read] All roads have been successfully read.
08.01.2024 3:12:33 [Information] [RoadsController] Navigating to the page "Read All Roads".
08.01.2024 3:12:35 [Information] [RoadsController/Update/20] Reading a road with Id 20...
08.01.2024 3:12:35 [Information] [RoadsApiController/Get/20] Getting a road with Id 20...
08.01.2024 3:12:35 [Information] [RoadsApiController/Get/20] The road with Id 20 was successfully received.
08.01.2024 3:12:35 [Information] [RoadsController/Update/20] The road with Id 20 was successfully read.
08.01.2024 3:12:35 [Information] [RoadsController] Navigating to the page "Update Road".
