07.01.2024 20:44:52 [Information] [RoadsController/Read] Reading all roads...
07.01.2024 20:44:52 [Information] [RoadsApiController/Get] Getting all the roads...
07.01.2024 20:44:52 [Information] [RoadsApiController/Get] All roads have been successfully received.
07.01.2024 20:44:52 [Information] [RoadsController/Read] All roads have been successfully read.
07.01.2024 20:44:52 [Information] [RoadsController] Navigating to the page "Read All Roads".
07.01.2024 20:44:53 [Information] [RoadsController/Read/1] Reading a road with Id 1...
07.01.2024 20:44:53 [Information] [RoadsApiController/Get/1] Getting a road with Id 1...
07.01.2024 20:44:53 [Information] [RoadsApiController/Get/1] The road with Id 1 was successfully received.
07.01.2024 20:44:53 [Information] [RoadsController/Read/1] The road with Id 1 was successfully read.
07.01.2024 20:44:53 [Information] [RoadsController] Navigating to the page "Read Road By Id".
07.01.2024 20:45:03 [Information] [RoadsController/Read/1] Reading a road with Id 1...
07.01.2024 20:45:03 [Information] [RoadsApiController/Get/1] Getting a road with Id 1...
07.01.2024 20:45:03 [Information] [RoadsApiController/Get/1] The road with Id 1 was successfully received.
07.01.2024 20:45:03 [Information] [RoadsController/Read/1] The road with Id 1 was successfully read.
07.01.2024 20:45:03 [Information] [RoadsController] Navigating to the page "Read Road By Id".
07.01.2024 20:45:11 [Information] [RoadsController/Delete/1] Reading a road with Id 1...
07.01.2024 20:45:11 [Information] [RoadsApiController/Get/1] Getting a road with Id 1...
07.01.2024 20:45:11 [Information] [RoadsApiController/Get/1] The road with Id 1 was successfully received.
07.01.2024 20:45:11 [Information] [RoadsController/Delete/1] The road with Id 1 was successfully read.
07.01.2024 20:45:11 [Information] [RoadsController] Navigating to the page "Delete Road".
