10.01.2024 15:04:04 [Information] [EstimatesController/Read] Reading all estimates...
10.01.2024 15:04:04 [Information] [EstimatesApiController/Get] Getting all the estimates...
10.01.2024 15:04:05 [Information] [EstimatesApiController/Get] All estimates have been successfully received.
10.01.2024 15:04:05 [Information] [EstimatesController/Read] All estimates have been successfully read.
10.01.2024 15:04:05 [Information] [EstimatesController/Read] Reading all roads...
10.01.2024 15:04:05 [Information] [RoadsApiController/Get] Getting all the roads...
10.01.2024 15:04:05 [Information] [RoadsApiController/Get] All roads have been successfully received.
10.01.2024 15:04:05 [Information] [EstimatesController/Read] All roads have been successfully read.
10.01.2024 15:04:05 [Information] [EstimatesController] Navigating to the page "Read All Estimates".
10.01.2024 15:04:12 [Information] [EstimatesController/Read/94] Reading a estimate with Id 94...
10.01.2024 15:04:12 [Information] [EstimatesApiController/Get/94] Getting a estimate with Id 94...
10.01.2024 15:04:12 [Information] [EstimatesApiController/Get/94] The estimate with Id 94 was successfully received.
10.01.2024 15:04:12 [Information] [EstimatesController/Read/94] The estimate with Id 94 was successfully read.
10.01.2024 15:04:12 [Information] [EstimatesController] Navigating to the page "Read Estimate By Id".
10.01.2024 15:04:22 [Information] [EstimatesController/Read/112] Reading a estimate with Id 112...
10.01.2024 15:04:22 [Information] [EstimatesApiController/Get/112] Getting a estimate with Id 112...
10.01.2024 15:04:22 [Information] [EstimatesApiController/Get/112] The estimate with Id 112 was successfully received.
10.01.2024 15:04:22 [Information] [EstimatesController/Read/112] The estimate with Id 112 was successfully read.
10.01.2024 15:04:22 [Information] [EstimatesController] Navigating to the page "Read Estimate By Id".
10.01.2024 15:04:35 [Information] [EstimatesController/Read/120] Reading a estimate with Id 120...
10.01.2024 15:04:35 [Information] [EstimatesApiController/Get/120] Getting a estimate with Id 120...
10.01.2024 15:04:35 [Information] [EstimatesApiController/Get/120] The estimate with Id 120 was successfully received.
10.01.2024 15:04:35 [Information] [EstimatesController/Read/120] The estimate with Id 120 was successfully read.
10.01.2024 15:04:35 [Information] [EstimatesController] Navigating to the page "Read Estimate By Id".
10.01.2024 15:04:45 [Information] [RoadsController/Read] Reading all roads...
10.01.2024 15:04:45 [Information] [RoadsApiController/Get] Getting all the roads...
10.01.2024 15:04:45 [Information] [RoadsApiController/Get] All roads have been successfully received.
10.01.2024 15:04:45 [Information] [RoadsController/Read] All roads have been successfully read.
10.01.2024 15:04:45 [Information] [RoadsController] Navigating to the page "Read All Roads".
10.01.2024 15:04:55 [Information] [EstimatesController/Read] Reading all estimates...
10.01.2024 15:04:55 [Information] [EstimatesApiController/Get] Getting all the estimates...
10.01.2024 15:04:55 [Information] [EstimatesApiController/Get] All estimates have been successfully received.
10.01.2024 15:04:55 [Information] [EstimatesController/Read] All estimates have been successfully read.
10.01.2024 15:04:55 [Information] [EstimatesController/Read] Reading all roads...
10.01.2024 15:04:55 [Information] [RoadsApiController/Get] Getting all the roads...
10.01.2024 15:04:55 [Information] [RoadsApiController/Get] All roads have been successfully received.
10.01.2024 15:04:55 [Information] [EstimatesController/Read] All roads have been successfully read.
10.01.2024 15:04:55 [Information] [EstimatesController] Navigating to the page "Read All Estimates".
10.01.2024 15:04:57 [Information] [EstimatesController/Read/400] Reading a estimate with Id 400...
10.01.2024 15:04:57 [Information] [EstimatesApiController/Get/400] Getting a estimate with Id 400...
10.01.2024 15:04:57 [Information] [EstimatesApiController/Get/400] The estimate with Id 400 was successfully received.
10.01.2024 15:04:57 [Information] [EstimatesController/Read/400] The estimate with Id 400 was successfully read.
10.01.2024 15:04:57 [Information] [EstimatesController] Navigating to the page "Read Estimate By Id".
