10.01.2024 1:16:45 [Information] [EstimatesController/Read] Reading all estimates...
10.01.2024 1:16:45 [Information] [EstimatesApiController/Get] Getting all the estimates...
10.01.2024 1:16:46 [Information] [EstimatesApiController/Get] All estimates have been successfully received.
10.01.2024 1:16:46 [Information] [EstimatesController/Read] All estimates have been successfully read.
10.01.2024 1:16:46 [Information] [EstimatesController/Read] Reading all roads...
10.01.2024 1:16:46 [Information] [RoadsApiController/Get] Getting all the roads...
10.01.2024 1:16:46 [Information] [RoadsApiController/Get] All roads have been successfully received.
10.01.2024 1:16:46 [Information] [EstimatesController/Read] All roads have been successfully read.
10.01.2024 1:16:46 [Information] [EstimatesController] Navigating to the page "Read All Estimates".
10.01.2024 1:16:51 [Information] [EstimatesController/Create] Reading all roads...
10.01.2024 1:16:51 [Information] [RoadsApiController/Get] Getting all the roads...
10.01.2024 1:16:51 [Information] [RoadsApiController/Get] All roads have been successfully received.
10.01.2024 1:16:51 [Information] [EstimatesController/Create] All roads have been successfully read.
10.01.2024 1:16:51 [Information] [EstimatesController] Navigating to the page "Create Estimate".
10.01.2024 1:16:54 [Information] [EstimatesController/Create] Creating a new estimate...
10.01.2024 1:16:54 [Information] [EstimatesApiController/Post] Creating a new estimate...
10.01.2024 1:16:54 [Information] [EstimatesApiController/Post] A new estimate with Id 407 has been successfully created.
10.01.2024 1:16:54 [Information] [EstimatesController/Create] A new estimate with Id 407 has been successfully created.
10.01.2024 1:16:54 [Information] [EstimatesController/Read] Reading all estimates...
10.01.2024 1:16:54 [Information] [EstimatesApiController/Get] Getting all the estimates...
10.01.2024 1:16:54 [Information] [EstimatesApiController/Get] All estimates have been successfully received.
10.01.2024 1:16:54 [Information] [EstimatesController/Read] All estimates have been successfully read.
10.01.2024 1:16:54 [Information] [EstimatesController/Read] Reading all roads...
10.01.2024 1:16:54 [Information] [RoadsApiController/Get] Getting all the roads...
10.01.2024 1:16:54 [Information] [RoadsApiController/Get] All roads have been successfully received.
10.01.2024 1:16:54 [Information] [EstimatesController/Read] All roads have been successfully read.
10.01.2024 1:16:54 [Information] [EstimatesController] Navigating to the page "Read All Estimates".
10.01.2024 1:16:56 [Information] [EstimatesController/Read/407] Reading a estimate with Id 407...
10.01.2024 1:16:56 [Information] [EstimatesApiController/Get/407] Getting a estimate with Id 407...
10.01.2024 1:16:56 [Information] [EstimatesApiController/Get/407] The estimate with Id 407 was successfully received.
10.01.2024 1:16:56 [Information] [EstimatesController/Read/407] The estimate with Id 407 was successfully read.
10.01.2024 1:16:56 [Information] [EstimatesController] Navigating to the page "Read Estimate By Id".
10.01.2024 1:16:57 [Information] [EstimatesController/Update/407] Reading a estimate with Id 407...
10.01.2024 1:16:57 [Information] [EstimatesApiController/Get/407] Getting a estimate with Id 407...
10.01.2024 1:16:57 [Information] [EstimatesApiController/Get/407] The estimate with Id 407 was successfully received.
10.01.2024 1:16:57 [Information] [EstimatesController/Update/407] The estimate with Id 407 was successfully read.
10.01.2024 1:16:57 [Information] [EstimatesController/Update/407] Reading all roads...
10.01.2024 1:16:57 [Information] [RoadsApiController/Get] Getting all the roads...
10.01.2024 1:16:57 [Information] [RoadsApiController/Get] All roads have been successfully received.
10.01.2024 1:16:57 [Information] [EstimatesController/Update/407] All roads have been successfully read.
10.01.2024 1:16:57 [Information] [EstimatesController] Navigating to the page "Update Estimate".
10.01.2024 1:17:00 [Information] [EstimatesController/Update] Updating the estimate with Id 407...
10.01.2024 1:17:00 [Information] [EstimatesApiController/Put/407] Updating the estimate with Id 407...
10.01.2024 1:17:00 [Information] [EstimatesApiController/Put/407] The estimate with Id 407 has been successfully updated.
10.01.2024 1:17:00 [Information] [EstimatesController/Update] The estimate with Id 407 has been successfully updated.
10.01.2024 1:17:00 [Information] [EstimatesController/Read/407] Reading a estimate with Id 407...
10.01.2024 1:17:00 [Information] [EstimatesApiController/Get/407] Getting a estimate with Id 407...
10.01.2024 1:17:00 [Information] [EstimatesApiController/Get/407] The estimate with Id 407 was successfully received.
10.01.2024 1:17:00 [Information] [EstimatesController/Read/407] The estimate with Id 407 was successfully read.
10.01.2024 1:17:00 [Information] [EstimatesController] Navigating to the page "Read Estimate By Id".
10.01.2024 1:17:04 [Information] [EstimatesController/Update/407] Reading a estimate with Id 407...
10.01.2024 1:17:04 [Information] [EstimatesApiController/Get/407] Getting a estimate with Id 407...
10.01.2024 1:17:04 [Information] [EstimatesApiController/Get/407] The estimate with Id 407 was successfully received.
10.01.2024 1:17:04 [Information] [EstimatesController/Update/407] The estimate with Id 407 was successfully read.
10.01.2024 1:17:04 [Information] [EstimatesController/Update/407] Reading all roads...
10.01.2024 1:17:04 [Information] [RoadsApiController/Get] Getting all the roads...
10.01.2024 1:17:04 [Information] [RoadsApiController/Get] All roads have been successfully received.
10.01.2024 1:17:04 [Information] [EstimatesController/Update/407] All roads have been successfully read.
10.01.2024 1:17:04 [Information] [EstimatesController] Navigating to the page "Update Estimate".
10.01.2024 1:17:06 [Information] [EstimatesController/Update] Updating the estimate with Id 407...
10.01.2024 1:17:06 [Information] [EstimatesApiController/Put/407] Updating the estimate with Id 407...
10.01.2024 1:17:06 [Information] [EstimatesApiController/Put/407] The estimate with Id 407 has been successfully updated.
10.01.2024 1:17:06 [Information] [EstimatesController/Update] The estimate with Id 407 has been successfully updated.
10.01.2024 1:17:06 [Information] [EstimatesController/Read/407] Reading a estimate with Id 407...
10.01.2024 1:17:06 [Information] [EstimatesApiController/Get/407] Getting a estimate with Id 407...
10.01.2024 1:17:06 [Information] [EstimatesApiController/Get/407] The estimate with Id 407 was successfully received.
10.01.2024 1:17:06 [Information] [EstimatesController/Read/407] The estimate with Id 407 was successfully read.
10.01.2024 1:17:06 [Information] [EstimatesController] Navigating to the page "Read Estimate By Id".
10.01.2024 1:17:10 [Information] [EstimatesController/Update/407] Reading a estimate with Id 407...
10.01.2024 1:17:10 [Information] [EstimatesApiController/Get/407] Getting a estimate with Id 407...
10.01.2024 1:17:10 [Information] [EstimatesApiController/Get/407] The estimate with Id 407 was successfully received.
10.01.2024 1:17:10 [Information] [EstimatesController/Update/407] The estimate with Id 407 was successfully read.
10.01.2024 1:17:10 [Information] [EstimatesController/Update/407] Reading all roads...
10.01.2024 1:17:10 [Information] [RoadsApiController/Get] Getting all the roads...
10.01.2024 1:17:10 [Information] [RoadsApiController/Get] All roads have been successfully received.
10.01.2024 1:17:10 [Information] [EstimatesController/Update/407] All roads have been successfully read.
10.01.2024 1:17:10 [Information] [EstimatesController] Navigating to the page "Update Estimate".
10.01.2024 1:17:11 [Information] [EstimatesController/Read/407] Reading a estimate with Id 407...
10.01.2024 1:17:11 [Information] [EstimatesApiController/Get/407] Getting a estimate with Id 407...
10.01.2024 1:17:11 [Information] [EstimatesApiController/Get/407] The estimate with Id 407 was successfully received.
10.01.2024 1:17:11 [Information] [EstimatesController/Read/407] The estimate with Id 407 was successfully read.
10.01.2024 1:17:11 [Information] [EstimatesController] Navigating to the page "Read Estimate By Id".
