07.01.2024 23:10:06 [Information] [RoadsController/Read] Reading all roads...
07.01.2024 23:10:06 [Information] [RoadsApiController/Get] Getting all the roads...
07.01.2024 23:10:06 [Information] [RoadsApiController/Get] All roads have been successfully received.
07.01.2024 23:10:07 [Information] [RoadsController/Read] All roads have been successfully read.
07.01.2024 23:10:07 [Information] [RoadsController] Navigating to the page "Read All Roads".
07.01.2024 23:10:09 [Information] [RoadsController/Delete/24] Reading a road with Id 24...
07.01.2024 23:10:09 [Information] [RoadsApiController/Get/24] Getting a road with Id 24...
07.01.2024 23:10:09 [Information] [RoadsApiController/Get/24] The road with Id 24 was successfully received.
07.01.2024 23:10:09 [Information] [RoadsController/Delete/24] The road with Id 24 was successfully read.
07.01.2024 23:10:09 [Information] [RoadsController] Navigating to the page "Delete Road".
07.01.2024 23:10:15 [Information] [RoadsController/Update/24] Reading a road with Id 24...
07.01.2024 23:10:15 [Information] [RoadsApiController/Get/24] Getting a road with Id 24...
07.01.2024 23:10:15 [Information] [RoadsApiController/Get/24] The road with Id 24 was successfully received.
07.01.2024 23:10:15 [Information] [RoadsController/Update/24] The road with Id 24 was successfully read.
07.01.2024 23:10:15 [Information] [RoadsController] Navigating to the page "Update Road".
07.01.2024 23:10:20 [Information] [RoadsController] Navigating to the page "Create Road".
07.01.2024 23:10:22 [Information] [RoadsController/Create] Creating a new road...
07.01.2024 23:10:22 [Information] [RoadsApiController/Post] Creating a new road...
07.01.2024 23:10:22 [Information] [RoadsApiController/Post] A new road with Id 25 has been successfully created.
07.01.2024 23:10:22 [Information] [RoadsController/Create] A new road with Id 25 has been successfully created.
07.01.2024 23:10:22 [Information] [RoadsController/Read] Reading all roads...
07.01.2024 23:10:22 [Information] [RoadsApiController/Get] Getting all the roads...
07.01.2024 23:10:22 [Information] [RoadsApiController/Get] All roads have been successfully received.
07.01.2024 23:10:22 [Information] [RoadsController/Read] All roads have been successfully read.
07.01.2024 23:10:22 [Information] [RoadsController] Navigating to the page "Read All Roads".
