01.02.2024 0:12:11 [Information] [TechnicalConditionsOfRoadsController/Read] Reading all technical conditions of roads...
01.02.2024 0:12:11 [Information] [TechnicalConditionsOfRoadsApiController/Get] Getting all the technical conditions of roads...
01.02.2024 0:12:14 [Information] [TechnicalConditionsOfRoadsApiController/Get] All technical conditions of roads have been successfully received.
01.02.2024 0:12:14 [Information] [TechnicalConditionsOfRoadsController/Read] All technical conditions of roads have been successfully read.
01.02.2024 0:12:14 [Information] [TechnicalConditionsOfRoadsController/Read] Reading all roads...
01.02.2024 0:12:14 [Information] [RoadsApiController/Get] Getting all the roads...
01.02.2024 0:12:14 [Information] [RoadsApiController/Get] All roads have been successfully received.
01.02.2024 0:12:14 [Information] [TechnicalConditionsOfRoadsController/Read] All roads have been successfully read.
01.02.2024 0:12:14 [Information] [TechnicalConditionsOfRoadsController] Navigating to the page "Read All Technical Conditions Of Roads By Year".
01.02.2024 0:12:16 [Information] [TechnicalConditionsOfRoadsController/Read/5/2012] Reading the technical conditions of roads for 2012...
01.02.2024 0:12:16 [Information] [TechnicalConditionsOfRoadsApiController/Get] Getting all the technical conditions of roads...
01.02.2024 0:12:17 [Information] [TechnicalConditionsOfRoadsApiController/Get] All technical conditions of roads have been successfully received.
01.02.2024 0:12:17 [Information] [TechnicalConditionsOfRoadsController/Read/5/2012] The technical conditions of roads for 2012 was successfully read.
01.02.2024 0:12:17 [Information] [TechnicalConditionsOfRoadsController] Navigating to the page "Read Technical Conditions Of Roads For 2012".
01.02.2024 0:12:49 [Information] [RoadsController/Read] Reading all roads...
01.02.2024 0:12:49 [Information] [RoadsApiController/Get] Getting all the roads...
01.02.2024 0:12:49 [Information] [RoadsApiController/Get] All roads have been successfully received.
01.02.2024 0:12:49 [Information] [RoadsController/Read] All roads have been successfully read.
01.02.2024 0:12:49 [Information] [RoadsController] Navigating to the page "Read All Roads".
01.02.2024 0:12:51 [Information] [EstimatesController/Read] Reading all estimates...
01.02.2024 0:12:51 [Information] [EstimatesApiController/Get] Getting all the estimates...
01.02.2024 0:12:51 [Information] [EstimatesApiController/Get] All estimates have been successfully received.
01.02.2024 0:12:51 [Information] [EstimatesController/Read] All estimates have been successfully read.
01.02.2024 0:12:51 [Information] [EstimatesController/Read] Reading all roads...
01.02.2024 0:12:51 [Information] [RoadsApiController/Get] Getting all the roads...
01.02.2024 0:12:51 [Information] [RoadsApiController/Get] All roads have been successfully received.
01.02.2024 0:12:51 [Information] [EstimatesController/Read] All roads have been successfully read.
01.02.2024 0:12:51 [Information] [EstimatesController] Navigating to the page "Read All Estimates".
01.02.2024 0:12:52 [Information] [EstimatesController/Read/13] Reading a estimate with Id 13...
01.02.2024 0:12:52 [Information] [EstimatesApiController/Get/13] Getting a estimate with Id 13...
01.02.2024 0:12:52 [Information] [EstimatesApiController/Get/13] The estimate with Id 13 was successfully received.
01.02.2024 0:12:52 [Information] [EstimatesController/Read/13] The estimate with Id 13 was successfully read.
01.02.2024 0:12:52 [Information] [EstimatesController] Navigating to the page "Read Estimate By Id".
01.02.2024 0:13:01 [Information] [TechnicalConditionsOfRoadsController/Read] Reading all technical conditions of roads...
01.02.2024 0:13:01 [Information] [TechnicalConditionsOfRoadsApiController/Get] Getting all the technical conditions of roads...
01.02.2024 0:13:03 [Information] [TechnicalConditionsOfRoadsApiController/Get] All technical conditions of roads have been successfully received.
01.02.2024 0:13:03 [Information] [TechnicalConditionsOfRoadsController/Read] All technical conditions of roads have been successfully read.
01.02.2024 0:13:03 [Information] [TechnicalConditionsOfRoadsController/Read] Reading all roads...
01.02.2024 0:13:03 [Information] [RoadsApiController/Get] Getting all the roads...
01.02.2024 0:13:03 [Information] [RoadsApiController/Get] All roads have been successfully received.
01.02.2024 0:13:03 [Information] [TechnicalConditionsOfRoadsController/Read] All roads have been successfully read.
01.02.2024 0:13:03 [Information] [TechnicalConditionsOfRoadsController] Navigating to the page "Read All Technical Conditions Of Roads By Year".
01.02.2024 0:13:04 [Information] [TechnicalConditionsOfRoadsController/Read/2/2009] Reading the technical conditions of roads for 2009...
01.02.2024 0:13:04 [Information] [TechnicalConditionsOfRoadsApiController/Get] Getting all the technical conditions of roads...
01.02.2024 0:13:06 [Information] [TechnicalConditionsOfRoadsApiController/Get] All technical conditions of roads have been successfully received.
01.02.2024 0:13:06 [Information] [TechnicalConditionsOfRoadsController/Read/2/2009] The technical conditions of roads for 2009 was successfully read.
01.02.2024 0:13:06 [Information] [TechnicalConditionsOfRoadsController] Navigating to the page "Read Technical Conditions Of Roads For 2009".
