10.01.2024 0:48:27 [Information] [RoadsController/Read] Reading all roads...
10.01.2024 0:48:27 [Information] [RoadsApiController/Get] Getting all the roads...
10.01.2024 0:48:27 [Information] [RoadsApiController/Get] All roads have been successfully received.
10.01.2024 0:48:27 [Information] [RoadsController/Read] All roads have been successfully read.
10.01.2024 0:48:27 [Information] [RoadsController] Navigating to the page "Read All Roads".
10.01.2024 0:48:29 [Information] [RoadsController] Navigating to the page "Create Road".
10.01.2024 0:48:42 [Information] [RoadsController/Create] Creating a new road...
10.01.2024 0:48:42 [Information] [RoadsApiController/Post] Creating a new road...
10.01.2024 0:48:42 [Information] [RoadsApiController/Post] A new road with Id 23 has been successfully created.
10.01.2024 0:48:42 [Information] [RoadsController/Create] A new road with Id 23 has been successfully created.
10.01.2024 0:48:42 [Information] [RoadsController/Read] Reading all roads...
10.01.2024 0:48:42 [Information] [RoadsApiController/Get] Getting all the roads...
10.01.2024 0:48:42 [Information] [RoadsApiController/Get] All roads have been successfully received.
10.01.2024 0:48:42 [Information] [RoadsController/Read] All roads have been successfully read.
10.01.2024 0:48:42 [Information] [RoadsController] Navigating to the page "Read All Roads".
10.01.2024 0:48:44 [Information] [RoadsController/Update/23] Reading a road with Id 23...
10.01.2024 0:48:44 [Information] [RoadsApiController/Get/23] Getting a road with Id 23...
10.01.2024 0:48:44 [Information] [RoadsApiController/Get/23] The road with Id 23 was successfully received.
10.01.2024 0:48:44 [Information] [RoadsController/Update/23] The road with Id 23 was successfully read.
10.01.2024 0:48:44 [Information] [RoadsController] Navigating to the page "Update Road".
10.01.2024 0:48:47 [Information] [RoadsController/Update] Updating the road with Id 23...
10.01.2024 0:48:47 [Information] [RoadsApiController/Put/23] Updating the road with Id 23...
10.01.2024 0:48:47 [Information] [RoadsApiController/Put/23] The road with Id 23 has been successfully updated.
10.01.2024 0:48:47 [Information] [RoadsController/Update] The road with Id 23 has been successfully updated.
10.01.2024 0:48:47 [Information] [RoadsController/Read] Reading all roads...
10.01.2024 0:48:47 [Information] [RoadsApiController/Get] Getting all the roads...
10.01.2024 0:48:47 [Information] [RoadsApiController/Get] All roads have been successfully received.
10.01.2024 0:48:47 [Information] [RoadsController/Read] All roads have been successfully read.
10.01.2024 0:48:47 [Information] [RoadsController] Navigating to the page "Read All Roads".
10.01.2024 0:48:49 [Information] [EstimatesController/Read] Reading all estimates...
10.01.2024 0:48:49 [Information] [EstimatesApiController/Get] Getting all the estimates...
10.01.2024 0:48:50 [Information] [EstimatesApiController/Get] All estimates have been successfully received.
10.01.2024 0:48:50 [Information] [EstimatesController/Read] All estimates have been successfully read.
10.01.2024 0:48:50 [Information] [EstimatesController/Read] Reading all roads...
10.01.2024 0:48:50 [Information] [RoadsApiController/Get] Getting all the roads...
10.01.2024 0:48:50 [Information] [RoadsApiController/Get] All roads have been successfully received.
10.01.2024 0:48:50 [Information] [EstimatesController/Read] All roads have been successfully read.
10.01.2024 0:48:50 [Information] [EstimatesController] Navigating to the page "Read All Estimates".
10.01.2024 0:48:54 [Information] [EstimatesController/Create] Reading all roads...
10.01.2024 0:48:54 [Information] [RoadsApiController/Get] Getting all the roads...
10.01.2024 0:48:54 [Information] [RoadsApiController/Get] All roads have been successfully received.
10.01.2024 0:48:54 [Information] [EstimatesController/Create] All roads have been successfully read.
10.01.2024 0:48:54 [Information] [EstimatesController] Navigating to the page "Create Estimate".
10.01.2024 0:49:08 [Information] [EstimatesController/Create] Creating a new estimate...
10.01.2024 0:49:08 [Information] [EstimatesApiController/Post] Creating a new estimate...
10.01.2024 0:49:08 [Information] [EstimatesApiController/Post] A new estimate with Id 403 has been successfully created.
10.01.2024 0:49:08 [Information] [EstimatesController/Create] A new estimate with Id 403 has been successfully created.
10.01.2024 0:49:08 [Information] [EstimatesController/Read] Reading all estimates...
10.01.2024 0:49:08 [Information] [EstimatesApiController/Get] Getting all the estimates...
10.01.2024 0:49:08 [Information] [EstimatesApiController/Get] All estimates have been successfully received.
10.01.2024 0:49:09 [Information] [EstimatesController/Read] All estimates have been successfully read.
10.01.2024 0:49:09 [Information] [EstimatesController/Read] Reading all roads...
10.01.2024 0:49:09 [Information] [RoadsApiController/Get] Getting all the roads...
10.01.2024 0:49:09 [Information] [RoadsApiController/Get] All roads have been successfully received.
10.01.2024 0:49:09 [Information] [EstimatesController/Read] All roads have been successfully read.
10.01.2024 0:49:09 [Information] [EstimatesController] Navigating to the page "Read All Estimates".
10.01.2024 0:49:10 [Information] [EstimatesController/Read/403] Reading a estimate with Id 403...
10.01.2024 0:49:10 [Information] [EstimatesApiController/Get/403] Getting a estimate with Id 403...
10.01.2024 0:49:10 [Information] [EstimatesApiController/Get/403] The estimate with Id 403 was successfully received.
10.01.2024 0:49:10 [Information] [EstimatesController/Read/403] The estimate with Id 403 was successfully read.
10.01.2024 0:49:10 [Information] [EstimatesController] Navigating to the page "Read Estimate By Id".
10.01.2024 0:49:15 [Information] [EstimatesController/Read/403] Reading a estimate with Id 403...
10.01.2024 0:49:15 [Information] [EstimatesApiController/Get/403] Getting a estimate with Id 403...
10.01.2024 0:49:15 [Information] [EstimatesApiController/Get/403] The estimate with Id 403 was successfully received.
10.01.2024 0:49:15 [Information] [EstimatesController/Read/403] The estimate with Id 403 was successfully read.
10.01.2024 0:49:15 [Information] [EstimatesController] Navigating to the page "Read Estimate By Id".
10.01.2024 0:49:22 [Information] [EstimatesController/Update/403] Reading a estimate with Id 403...
10.01.2024 0:49:22 [Information] [EstimatesApiController/Get/403] Getting a estimate with Id 403...
10.01.2024 0:49:22 [Information] [EstimatesApiController/Get/403] The estimate with Id 403 was successfully received.
10.01.2024 0:49:22 [Information] [EstimatesController/Update/403] The estimate with Id 403 was successfully read.
10.01.2024 0:49:22 [Information] [EstimatesController/Update/403] Reading all roads...
10.01.2024 0:49:22 [Information] [RoadsApiController/Get] Getting all the roads...
10.01.2024 0:49:22 [Information] [RoadsApiController/Get] All roads have been successfully received.
10.01.2024 0:49:22 [Information] [EstimatesController/Update/403] All roads have been successfully read.
10.01.2024 0:49:22 [Information] [EstimatesController] Navigating to the page "Update Estimate".
10.01.2024 0:49:30 [Information] [EstimatesController/Update] Updating the estimate with Id 403...
10.01.2024 0:49:30 [Information] [EstimatesApiController/Put/403] Updating the estimate with Id 403...
10.01.2024 0:49:30 [Information] [EstimatesApiController/Put/403] The estimate with Id 403 has been successfully updated.
10.01.2024 0:49:30 [Information] [EstimatesController/Update] The estimate with Id 403 has been successfully updated.
10.01.2024 0:49:30 [Information] [EstimatesController/Read] Reading all estimates...
10.01.2024 0:49:30 [Information] [EstimatesApiController/Get] Getting all the estimates...
10.01.2024 0:49:30 [Information] [EstimatesApiController/Get] All estimates have been successfully received.
10.01.2024 0:49:30 [Information] [EstimatesController/Read] All estimates have been successfully read.
10.01.2024 0:49:30 [Information] [EstimatesController/Read] Reading all roads...
10.01.2024 0:49:30 [Information] [RoadsApiController/Get] Getting all the roads...
10.01.2024 0:49:30 [Information] [RoadsApiController/Get] All roads have been successfully received.
10.01.2024 0:49:30 [Information] [EstimatesController/Read] All roads have been successfully read.
10.01.2024 0:49:30 [Information] [EstimatesController] Navigating to the page "Read All Estimates".
10.01.2024 0:49:37 [Information] [EstimatesController/Read/403] Reading a estimate with Id 403...
10.01.2024 0:49:37 [Information] [EstimatesApiController/Get/403] Getting a estimate with Id 403...
10.01.2024 0:49:37 [Information] [EstimatesApiController/Get/403] The estimate with Id 403 was successfully received.
10.01.2024 0:49:37 [Information] [EstimatesController/Read/403] The estimate with Id 403 was successfully read.
10.01.2024 0:49:37 [Information] [EstimatesController] Navigating to the page "Read Estimate By Id".
10.01.2024 0:49:39 [Information] [EstimatesController/Update/403] Reading a estimate with Id 403...
10.01.2024 0:49:39 [Information] [EstimatesApiController/Get/403] Getting a estimate with Id 403...
10.01.2024 0:49:39 [Information] [EstimatesApiController/Get/403] The estimate with Id 403 was successfully received.
10.01.2024 0:49:39 [Information] [EstimatesController/Update/403] The estimate with Id 403 was successfully read.
10.01.2024 0:49:39 [Information] [EstimatesController/Update/403] Reading all roads...
10.01.2024 0:49:39 [Information] [RoadsApiController/Get] Getting all the roads...
10.01.2024 0:49:39 [Information] [RoadsApiController/Get] All roads have been successfully received.
10.01.2024 0:49:39 [Information] [EstimatesController/Update/403] All roads have been successfully read.
10.01.2024 0:49:39 [Information] [EstimatesController] Navigating to the page "Update Estimate".
10.01.2024 0:49:46 [Information] [EstimatesController/Update] Updating the estimate with Id 403...
10.01.2024 0:49:46 [Information] [EstimatesApiController/Put/403] Updating the estimate with Id 403...
10.01.2024 0:49:46 [Information] [EstimatesApiController/Put/403] The estimate with Id 403 has been successfully updated.
10.01.2024 0:49:46 [Information] [EstimatesController/Update] The estimate with Id 403 has been successfully updated.
10.01.2024 0:49:46 [Information] [EstimatesController/Read] Reading all estimates...
10.01.2024 0:49:46 [Information] [EstimatesApiController/Get] Getting all the estimates...
10.01.2024 0:49:46 [Information] [EstimatesApiController/Get] All estimates have been successfully received.
10.01.2024 0:49:46 [Information] [EstimatesController/Read] All estimates have been successfully read.
10.01.2024 0:49:46 [Information] [EstimatesController/Read] Reading all roads...
10.01.2024 0:49:46 [Information] [RoadsApiController/Get] Getting all the roads...
10.01.2024 0:49:46 [Information] [RoadsApiController/Get] All roads have been successfully received.
10.01.2024 0:49:46 [Information] [EstimatesController/Read] All roads have been successfully read.
10.01.2024 0:49:46 [Information] [EstimatesController] Navigating to the page "Read All Estimates".
10.01.2024 0:49:49 [Information] [EstimatesController/Read/403] Reading a estimate with Id 403...
10.01.2024 0:49:49 [Information] [EstimatesApiController/Get/403] Getting a estimate with Id 403...
10.01.2024 0:49:49 [Information] [EstimatesApiController/Get/403] The estimate with Id 403 was successfully received.
10.01.2024 0:49:49 [Information] [EstimatesController/Read/403] The estimate with Id 403 was successfully read.
10.01.2024 0:49:49 [Information] [EstimatesController] Navigating to the page "Read Estimate By Id".
