10.01.2024 1:19:09 [Information] [EstimatesController/Read] Reading all estimates...
10.01.2024 1:19:09 [Information] [EstimatesApiController/Get] Getting all the estimates...
10.01.2024 1:19:10 [Information] [EstimatesApiController/Get] All estimates have been successfully received.
10.01.2024 1:19:10 [Information] [EstimatesController/Read] All estimates have been successfully read.
10.01.2024 1:19:10 [Information] [EstimatesController/Read] Reading all roads...
10.01.2024 1:19:10 [Information] [RoadsApiController/Get] Getting all the roads...
10.01.2024 1:19:10 [Information] [RoadsApiController/Get] All roads have been successfully received.
10.01.2024 1:19:10 [Information] [EstimatesController/Read] All roads have been successfully read.
10.01.2024 1:19:10 [Information] [EstimatesController] Navigating to the page "Read All Estimates".
10.01.2024 1:19:12 [Information] [EstimatesController/Read/407] Reading a estimate with Id 407...
10.01.2024 1:19:12 [Information] [EstimatesApiController/Get/407] Getting a estimate with Id 407...
10.01.2024 1:19:12 [Information] [EstimatesApiController/Get/407] The estimate with Id 407 was successfully received.
10.01.2024 1:19:12 [Information] [EstimatesController/Read/407] The estimate with Id 407 was successfully read.
10.01.2024 1:19:12 [Information] [EstimatesController] Navigating to the page "Read Estimate By Id".
10.01.2024 1:19:14 [Information] [EstimatesController/Update/407] Reading a estimate with Id 407...
10.01.2024 1:19:14 [Information] [EstimatesApiController/Get/407] Getting a estimate with Id 407...
10.01.2024 1:19:14 [Information] [EstimatesApiController/Get/407] The estimate with Id 407 was successfully received.
10.01.2024 1:19:14 [Information] [EstimatesController/Update/407] The estimate with Id 407 was successfully read.
10.01.2024 1:19:14 [Information] [EstimatesController/Update/407] Reading all roads...
10.01.2024 1:19:14 [Information] [RoadsApiController/Get] Getting all the roads...
10.01.2024 1:19:14 [Information] [RoadsApiController/Get] All roads have been successfully received.
10.01.2024 1:19:14 [Information] [EstimatesController/Update/407] All roads have been successfully read.
10.01.2024 1:19:14 [Information] [EstimatesController] Navigating to the page "Update Estimate".
10.01.2024 1:19:19 [Information] [EstimatesController/Update] Updating the estimate with Id 407...
10.01.2024 1:19:19 [Information] [EstimatesApiController/Put/407] Updating the estimate with Id 407...
10.01.2024 1:19:19 [Information] [EstimatesApiController/Put/407] The estimate with Id 407 has been successfully updated.
10.01.2024 1:19:19 [Information] [EstimatesController/Update] The estimate with Id 407 has been successfully updated.
10.01.2024 1:19:19 [Information] [EstimatesController/Read/407] Reading a estimate with Id 407...
10.01.2024 1:19:19 [Information] [EstimatesApiController/Get/407] Getting a estimate with Id 407...
10.01.2024 1:19:19 [Information] [EstimatesApiController/Get/407] The estimate with Id 407 was successfully received.
10.01.2024 1:19:19 [Information] [EstimatesController/Read/407] The estimate with Id 407 was successfully read.
10.01.2024 1:19:19 [Information] [EstimatesController] Navigating to the page "Read Estimate By Id".
10.01.2024 1:19:44 [Information] [EstimatesController/Update/407] Reading a estimate with Id 407...
10.01.2024 1:19:44 [Information] [EstimatesApiController/Get/407] Getting a estimate with Id 407...
10.01.2024 1:19:44 [Information] [EstimatesApiController/Get/407] The estimate with Id 407 was successfully received.
10.01.2024 1:19:44 [Information] [EstimatesController/Update/407] The estimate with Id 407 was successfully read.
10.01.2024 1:19:44 [Information] [EstimatesController/Update/407] Reading all roads...
10.01.2024 1:19:44 [Information] [RoadsApiController/Get] Getting all the roads...
10.01.2024 1:19:44 [Information] [RoadsApiController/Get] All roads have been successfully received.
10.01.2024 1:19:44 [Information] [EstimatesController/Update/407] All roads have been successfully read.
10.01.2024 1:19:44 [Information] [EstimatesController] Navigating to the page "Update Estimate".
10.01.2024 1:19:44 [Information] [EstimatesController/Read/407] Reading a estimate with Id 407...
10.01.2024 1:19:44 [Information] [EstimatesApiController/Get/407] Getting a estimate with Id 407...
10.01.2024 1:19:44 [Information] [EstimatesApiController/Get/407] The estimate with Id 407 was successfully received.
10.01.2024 1:19:44 [Information] [EstimatesController/Read/407] The estimate with Id 407 was successfully read.
10.01.2024 1:19:44 [Information] [EstimatesController] Navigating to the page "Read Estimate By Id".
10.01.2024 1:19:48 [Information] [EstimatesController/Read/407] Reading a estimate with Id 407...
10.01.2024 1:19:48 [Information] [EstimatesApiController/Get/407] Getting a estimate with Id 407...
10.01.2024 1:19:48 [Information] [EstimatesApiController/Get/407] The estimate with Id 407 was successfully received.
10.01.2024 1:19:48 [Information] [EstimatesController/Read/407] The estimate with Id 407 was successfully read.
10.01.2024 1:19:48 [Information] [EstimatesController] Navigating to the page "Read Estimate By Id".
10.01.2024 1:19:50 [Information] [EstimatesController/Update/407] Reading a estimate with Id 407...
10.01.2024 1:19:50 [Information] [EstimatesApiController/Get/407] Getting a estimate with Id 407...
10.01.2024 1:19:50 [Information] [EstimatesApiController/Get/407] The estimate with Id 407 was successfully received.
10.01.2024 1:19:50 [Information] [EstimatesController/Update/407] The estimate with Id 407 was successfully read.
10.01.2024 1:19:50 [Information] [EstimatesController/Update/407] Reading all roads...
10.01.2024 1:19:50 [Information] [RoadsApiController/Get] Getting all the roads...
10.01.2024 1:19:50 [Information] [RoadsApiController/Get] All roads have been successfully received.
10.01.2024 1:19:50 [Information] [EstimatesController/Update/407] All roads have been successfully read.
10.01.2024 1:19:50 [Information] [EstimatesController] Navigating to the page "Update Estimate".
10.01.2024 1:19:53 [Information] [EstimatesController/Update] Updating the estimate with Id 407...
10.01.2024 1:19:53 [Information] [EstimatesApiController/Put/407] Updating the estimate with Id 407...
10.01.2024 1:19:53 [Information] [EstimatesApiController/Put/407] The estimate with Id 407 has been successfully updated.
10.01.2024 1:19:53 [Information] [EstimatesController/Update] The estimate with Id 407 has been successfully updated.
10.01.2024 1:19:53 [Information] [EstimatesController/Read/407] Reading a estimate with Id 407...
10.01.2024 1:19:53 [Information] [EstimatesApiController/Get/407] Getting a estimate with Id 407...
10.01.2024 1:19:53 [Information] [EstimatesApiController/Get/407] The estimate with Id 407 was successfully received.
10.01.2024 1:19:53 [Information] [EstimatesController/Read/407] The estimate with Id 407 was successfully read.
10.01.2024 1:19:53 [Information] [EstimatesController] Navigating to the page "Read Estimate By Id".
10.01.2024 1:19:55 [Information] [EstimatesController/Read/407] Reading a estimate with Id 407...
10.01.2024 1:19:55 [Information] [EstimatesApiController/Get/407] Getting a estimate with Id 407...
10.01.2024 1:19:55 [Information] [EstimatesApiController/Get/407] The estimate with Id 407 was successfully received.
10.01.2024 1:19:55 [Information] [EstimatesController/Read/407] The estimate with Id 407 was successfully read.
10.01.2024 1:19:55 [Information] [EstimatesController] Navigating to the page "Read Estimate By Id".
10.01.2024 1:19:58 [Information] [EstimatesController/Read/407] Reading a estimate with Id 407...
10.01.2024 1:19:58 [Information] [EstimatesApiController/Get/407] Getting a estimate with Id 407...
10.01.2024 1:19:58 [Information] [EstimatesApiController/Get/407] The estimate with Id 407 was successfully received.
10.01.2024 1:19:58 [Information] [EstimatesController/Read/407] The estimate with Id 407 was successfully read.
10.01.2024 1:19:58 [Information] [EstimatesController] Navigating to the page "Read Estimate By Id".
10.01.2024 1:19:58 [Information] [RoadsController/Read] Reading all roads...
10.01.2024 1:19:58 [Information] [RoadsApiController/Get] Getting all the roads...
10.01.2024 1:19:58 [Information] [RoadsApiController/Get] All roads have been successfully received.
10.01.2024 1:19:58 [Information] [RoadsController/Read] All roads have been successfully read.
10.01.2024 1:19:58 [Information] [RoadsController] Navigating to the page "Read All Roads".
10.01.2024 1:19:59 [Information] [EstimatesController/Read] Reading all estimates...
10.01.2024 1:19:59 [Information] [EstimatesApiController/Get] Getting all the estimates...
10.01.2024 1:19:59 [Information] [EstimatesApiController/Get] All estimates have been successfully received.
10.01.2024 1:19:59 [Information] [EstimatesController/Read] All estimates have been successfully read.
10.01.2024 1:19:59 [Information] [EstimatesController/Read] Reading all roads...
10.01.2024 1:19:59 [Information] [RoadsApiController/Get] Getting all the roads...
10.01.2024 1:19:59 [Information] [RoadsApiController/Get] All roads have been successfully received.
10.01.2024 1:19:59 [Information] [EstimatesController/Read] All roads have been successfully read.
10.01.2024 1:19:59 [Information] [EstimatesController] Navigating to the page "Read All Estimates".
10.01.2024 1:20:01 [Information] [EstimatesController/Read/407] Reading a estimate with Id 407...
10.01.2024 1:20:01 [Information] [EstimatesApiController/Get/407] Getting a estimate with Id 407...
10.01.2024 1:20:01 [Information] [EstimatesApiController/Get/407] The estimate with Id 407 was successfully received.
10.01.2024 1:20:01 [Information] [EstimatesController/Read/407] The estimate with Id 407 was successfully read.
10.01.2024 1:20:01 [Information] [EstimatesController] Navigating to the page "Read Estimate By Id".
10.01.2024 1:20:07 [Information] [EstimatesController/Update/407] Reading a estimate with Id 407...
10.01.2024 1:20:07 [Information] [EstimatesApiController/Get/407] Getting a estimate with Id 407...
10.01.2024 1:20:07 [Information] [EstimatesApiController/Get/407] The estimate with Id 407 was successfully received.
10.01.2024 1:20:07 [Information] [EstimatesController/Update/407] The estimate with Id 407 was successfully read.
10.01.2024 1:20:07 [Information] [EstimatesController/Update/407] Reading all roads...
10.01.2024 1:20:07 [Information] [RoadsApiController/Get] Getting all the roads...
10.01.2024 1:20:07 [Information] [RoadsApiController/Get] All roads have been successfully received.
10.01.2024 1:20:07 [Information] [EstimatesController/Update/407] All roads have been successfully read.
10.01.2024 1:20:07 [Information] [EstimatesController] Navigating to the page "Update Estimate".
10.01.2024 1:20:09 [Information] [EstimatesController/Read/407] Reading a estimate with Id 407...
10.01.2024 1:20:09 [Information] [EstimatesApiController/Get/407] Getting a estimate with Id 407...
10.01.2024 1:20:09 [Information] [EstimatesApiController/Get/407] The estimate with Id 407 was successfully received.
10.01.2024 1:20:09 [Information] [EstimatesController/Read/407] The estimate with Id 407 was successfully read.
10.01.2024 1:20:09 [Information] [EstimatesController] Navigating to the page "Read Estimate By Id".
10.01.2024 1:20:10 [Information] [EstimatesController/Update/407] Reading a estimate with Id 407...
10.01.2024 1:20:10 [Information] [EstimatesApiController/Get/407] Getting a estimate with Id 407...
10.01.2024 1:20:10 [Information] [EstimatesApiController/Get/407] The estimate with Id 407 was successfully received.
10.01.2024 1:20:10 [Information] [EstimatesController/Update/407] The estimate with Id 407 was successfully read.
10.01.2024 1:20:10 [Information] [EstimatesController/Update/407] Reading all roads...
10.01.2024 1:20:10 [Information] [RoadsApiController/Get] Getting all the roads...
10.01.2024 1:20:10 [Information] [RoadsApiController/Get] All roads have been successfully received.
10.01.2024 1:20:10 [Information] [EstimatesController/Update/407] All roads have been successfully read.
10.01.2024 1:20:10 [Information] [EstimatesController] Navigating to the page "Update Estimate".
10.01.2024 1:20:13 [Information] [EstimatesController/Read/407] Reading a estimate with Id 407...
10.01.2024 1:20:13 [Information] [EstimatesApiController/Get/407] Getting a estimate with Id 407...
10.01.2024 1:20:13 [Information] [EstimatesApiController/Get/407] The estimate with Id 407 was successfully received.
10.01.2024 1:20:13 [Information] [EstimatesController/Read/407] The estimate with Id 407 was successfully read.
10.01.2024 1:20:13 [Information] [EstimatesController] Navigating to the page "Read Estimate By Id".
