07.01.2024 23:58:48 [Information] [RoadsController/Read] Reading all roads...
07.01.2024 23:58:48 [Information] [RoadsApiController/Get] Getting all the roads...
07.01.2024 23:58:48 [Information] [RoadsApiController/Get] All roads have been successfully received.
07.01.2024 23:58:48 [Information] [RoadsController/Read] All roads have been successfully read.
07.01.2024 23:58:48 [Information] [RoadsController] Navigating to the page "Read All Roads".
07.01.2024 23:58:50 [Information] [RoadsController/Update/28] Reading a road with Id 28...
07.01.2024 23:58:50 [Information] [RoadsApiController/Get/28] Getting a road with Id 28...
07.01.2024 23:58:50 [Information] [RoadsApiController/Get/28] The road with Id 28 was successfully received.
07.01.2024 23:58:50 [Information] [RoadsController/Update/28] The road with Id 28 was successfully read.
07.01.2024 23:58:50 [Information] [RoadsController] Navigating to the page "Update Road".
07.01.2024 23:59:07 [Information] [RoadsController/Update] Updating the road with Id 28...
07.01.2024 23:59:07 [Information] [RoadsApiController/Put/28] Updating the road with Id 28...
07.01.2024 23:59:07 [Information] [RoadsApiController/Put/28] The road with Id 28 has been successfully updated.
07.01.2024 23:59:07 [Information] [RoadsController/Update] The road with Id 28 has been successfully updated.
07.01.2024 23:59:07 [Information] [RoadsController/Read] Reading all roads...
07.01.2024 23:59:07 [Information] [RoadsApiController/Get] Getting all the roads...
07.01.2024 23:59:07 [Information] [RoadsApiController/Get] All roads have been successfully received.
07.01.2024 23:59:07 [Information] [RoadsController/Read] All roads have been successfully read.
07.01.2024 23:59:07 [Information] [RoadsController] Navigating to the page "Read All Roads".
07.01.2024 23:59:12 [Information] [RoadsController/Delete/28] Reading a road with Id 28...
07.01.2024 23:59:12 [Information] [RoadsApiController/Get/28] Getting a road with Id 28...
07.01.2024 23:59:12 [Information] [RoadsApiController/Get/28] The road with Id 28 was successfully received.
07.01.2024 23:59:12 [Information] [RoadsController/Delete/28] The road with Id 28 was successfully read.
07.01.2024 23:59:12 [Information] [RoadsController] Navigating to the page "Delete Road".
07.01.2024 23:59:14 [Information] [RoadsController/Delete] Deleting a road with Id 28...
07.01.2024 23:59:14 [Information] [RoadsApiController/Delete/28] Deleting a road with Id 28...
07.01.2024 23:59:14 [Information] [RoadsApiController/Delete/28] The road with Id 28 has been successfully deleted.
07.01.2024 23:59:14 [Information] [RoadsController/Delete] The road with Id 28 has been successfully deleted.
07.01.2024 23:59:14 [Information] [RoadsController/Read] Reading all roads...
07.01.2024 23:59:14 [Information] [RoadsApiController/Get] Getting all the roads...
07.01.2024 23:59:14 [Information] [RoadsApiController/Get] All roads have been successfully received.
07.01.2024 23:59:14 [Information] [RoadsController/Read] All roads have been successfully read.
07.01.2024 23:59:14 [Information] [RoadsController] Navigating to the page "Read All Roads".
07.01.2024 23:59:21 [Information] [RoadsController] Navigating to the page "Create Road".
07.01.2024 23:59:53 [Information] [RoadsController] Navigating to the page "Create Road".
07.01.2024 23:59:59 [Information] [RoadsController/Read/20] Reading a road with Id 20...
07.01.2024 23:59:59 [Information] [RoadsApiController/Get/20] Getting a road with Id 20...
07.01.2024 23:59:59 [Information] [RoadsApiController/Get/20] The road with Id 20 was successfully received.
07.01.2024 23:59:59 [Information] [RoadsController/Read/20] The road with Id 20 was successfully read.
07.01.2024 23:59:59 [Information] [RoadsController] Navigating to the page "Read Road By Id".
08.01.2024 0:00:02 [Information] [RoadsController/Update/20] Reading a road with Id 20...
08.01.2024 0:00:02 [Information] [RoadsApiController/Get/20] Getting a road with Id 20...
08.01.2024 0:00:02 [Information] [RoadsApiController/Get/20] The road with Id 20 was successfully received.
08.01.2024 0:00:02 [Information] [RoadsController/Update/20] The road with Id 20 was successfully read.
08.01.2024 0:00:02 [Information] [RoadsController] Navigating to the page "Update Road".
08.01.2024 0:00:06 [Information] [RoadsController/Delete/20] Reading a road with Id 20...
08.01.2024 0:00:06 [Information] [RoadsApiController/Get/20] Getting a road with Id 20...
08.01.2024 0:00:06 [Information] [RoadsApiController/Get/20] The road with Id 20 was successfully received.
08.01.2024 0:00:06 [Information] [RoadsController/Delete/20] The road with Id 20 was successfully read.
08.01.2024 0:00:06 [Information] [RoadsController] Navigating to the page "Delete Road".
