07.01.2024 22:24:11 [Information] [RoadsController/Read] Reading all roads...
07.01.2024 22:24:11 [Information] [RoadsApiController/Get] Getting all the roads...
07.01.2024 22:24:11 [Information] [RoadsApiController/Get] All roads have been successfully received.
07.01.2024 22:24:11 [Information] [RoadsController/Read] All roads have been successfully read.
07.01.2024 22:24:11 [Information] [RoadsController] Navigating to the page "Read All Roads".
07.01.2024 22:24:14 [Information] [RoadsController] Navigating to the page "Create Road".
07.01.2024 22:24:22 [Information] [RoadsController/Create] Creating a new road...
07.01.2024 22:24:22 [Information] [RoadsApiController/Post] Creating a new road...
07.01.2024 22:24:22 [Information] [RoadsApiController/Post] A new road with Id 23 has been successfully created.
07.01.2024 22:24:22 [Information] [RoadsController/Create] A new road with Id 23 has been successfully created.
07.01.2024 22:24:22 [Information] [RoadsController/Read] Reading all roads...
07.01.2024 22:24:22 [Information] [RoadsApiController/Get] Getting all the roads...
07.01.2024 22:24:22 [Information] [RoadsApiController/Get] All roads have been successfully received.
07.01.2024 22:24:22 [Information] [RoadsController/Read] All roads have been successfully read.
07.01.2024 22:24:22 [Information] [RoadsController] Navigating to the page "Read All Roads".
07.01.2024 22:24:25 [Information] [RoadsController/Read/23] Reading a road with Id 23...
07.01.2024 22:24:25 [Information] [RoadsApiController/Get/23] Getting a road with Id 23...
07.01.2024 22:24:25 [Information] [RoadsApiController/Get/23] The road with Id 23 was successfully received.
07.01.2024 22:24:25 [Information] [RoadsController/Read/23] The road with Id 23 was successfully read.
07.01.2024 22:24:25 [Information] [RoadsController] Navigating to the page "Read Road By Id".
07.01.2024 22:24:29 [Information] [RoadsController/Update/23] Reading a road with Id 23...
07.01.2024 22:24:29 [Information] [RoadsApiController/Get/23] Getting a road with Id 23...
07.01.2024 22:24:29 [Information] [RoadsApiController/Get/23] The road with Id 23 was successfully received.
07.01.2024 22:24:29 [Information] [RoadsController/Update/23] The road with Id 23 was successfully read.
07.01.2024 22:24:29 [Information] [RoadsController] Navigating to the page "Update Road".
