07.01.2024 23:36:25 [Information] [RoadsController/Read] Reading all roads...
07.01.2024 23:36:25 [Information] [RoadsApiController/Get] Getting all the roads...
07.01.2024 23:36:26 [Information] [RoadsApiController/Get] All roads have been successfully received.
07.01.2024 23:36:26 [Information] [RoadsController/Read] All roads have been successfully read.
07.01.2024 23:36:26 [Information] [RoadsController] Navigating to the page "Read All Roads".
07.01.2024 23:36:28 [Information] [RoadsController/Delete/26] Reading a road with Id 26...
07.01.2024 23:36:28 [Information] [RoadsApiController/Get/26] Getting a road with Id 26...
07.01.2024 23:36:28 [Information] [RoadsApiController/Get/26] The road with Id 26 was successfully received.
07.01.2024 23:36:28 [Information] [RoadsController/Delete/26] The road with Id 26 was successfully read.
07.01.2024 23:36:28 [Information] [RoadsController] Navigating to the page "Delete Road".
07.01.2024 23:36:30 [Information] [RoadsController/Delete/26] Reading a road with Id 26...
07.01.2024 23:36:30 [Information] [RoadsApiController/Get/26] Getting a road with Id 26...
07.01.2024 23:36:30 [Information] [RoadsApiController/Get/26] The road with Id 26 was successfully received.
07.01.2024 23:36:30 [Information] [RoadsController/Delete/26] The road with Id 26 was successfully read.
07.01.2024 23:36:30 [Information] [RoadsController] Navigating to the page "Delete Road".
07.01.2024 23:36:34 [Information] [RoadsController/Delete/26] Reading a road with Id 26...
07.01.2024 23:36:34 [Information] [RoadsApiController/Get/26] Getting a road with Id 26...
07.01.2024 23:36:34 [Information] [RoadsApiController/Get/26] The road with Id 26 was successfully received.
07.01.2024 23:36:34 [Information] [RoadsController/Delete/26] The road with Id 26 was successfully read.
07.01.2024 23:36:34 [Information] [RoadsController] Navigating to the page "Delete Road".
