07.01.2024 20:47:53 [Information] [RoadsController/Read] Reading all roads...
07.01.2024 20:47:53 [Information] [RoadsApiController/Get] Getting all the roads...
07.01.2024 20:47:53 [Information] [RoadsApiController/Get] All roads have been successfully received.
07.01.2024 20:47:53 [Information] [RoadsController/Read] All roads have been successfully read.
07.01.2024 20:47:53 [Information] [RoadsController] Navigating to the page "Read All Roads".
07.01.2024 20:47:59 [Information] [RoadsController/Read/1] Reading a road with Id 1...
07.01.2024 20:47:59 [Information] [RoadsApiController/Get/1] Getting a road with Id 1...
07.01.2024 20:47:59 [Information] [RoadsApiController/Get/1] The road with Id 1 was successfully received.
07.01.2024 20:47:59 [Information] [RoadsController/Read/1] The road with Id 1 was successfully read.
07.01.2024 20:47:59 [Information] [RoadsController] Navigating to the page "Read Road By Id".
07.01.2024 20:48:02 [Information] [RoadsController/Read/1] Reading a road with Id 1...
07.01.2024 20:48:02 [Information] [RoadsApiController/Get/1] Getting a road with Id 1...
07.01.2024 20:48:02 [Information] [RoadsApiController/Get/1] The road with Id 1 was successfully received.
07.01.2024 20:48:02 [Information] [RoadsController/Read/1] The road with Id 1 was successfully read.
07.01.2024 20:48:02 [Information] [RoadsController] Navigating to the page "Read Road By Id".
07.01.2024 20:48:04 [Information] [RoadsController/Read/1] Reading a road with Id 1...
07.01.2024 20:48:04 [Information] [RoadsApiController/Get/1] Getting a road with Id 1...
07.01.2024 20:48:04 [Information] [RoadsApiController/Get/1] The road with Id 1 was successfully received.
07.01.2024 20:48:04 [Information] [RoadsController/Read/1] The road with Id 1 was successfully read.
07.01.2024 20:48:04 [Information] [RoadsController] Navigating to the page "Read Road By Id".
07.01.2024 20:48:08 [Information] [RoadsController/Update/1] Reading a road with Id 1...
07.01.2024 20:48:08 [Information] [RoadsApiController/Get/1] Getting a road with Id 1...
07.01.2024 20:48:08 [Information] [RoadsApiController/Get/1] The road with Id 1 was successfully received.
07.01.2024 20:48:08 [Information] [RoadsController/Update/1] The road with Id 1 was successfully read.
07.01.2024 20:48:08 [Information] [RoadsController] Navigating to the page "Update Road".
07.01.2024 20:48:10 [Information] [RoadsController/Delete/1] Reading a road with Id 1...
07.01.2024 20:48:10 [Information] [RoadsApiController/Get/1] Getting a road with Id 1...
07.01.2024 20:48:10 [Information] [RoadsApiController/Get/1] The road with Id 1 was successfully received.
07.01.2024 20:48:10 [Information] [RoadsController/Delete/1] The road with Id 1 was successfully read.
07.01.2024 20:48:10 [Information] [RoadsController] Navigating to the page "Delete Road".
07.01.2024 20:48:15 [Information] [RoadsController/Delete/1] Reading a road with Id 1...
07.01.2024 20:48:15 [Information] [RoadsApiController/Get/1] Getting a road with Id 1...
07.01.2024 20:48:15 [Information] [RoadsApiController/Get/1] The road with Id 1 was successfully received.
07.01.2024 20:48:15 [Information] [RoadsController/Delete/1] The road with Id 1 was successfully read.
07.01.2024 20:48:15 [Information] [RoadsController] Navigating to the page "Delete Road".
07.01.2024 20:48:19 [Information] [RoadsController] Navigating to the page "Create Road".
07.01.2024 20:48:23 [Information] [RoadsController/Update/1] Reading a road with Id 1...
07.01.2024 20:48:23 [Information] [RoadsApiController/Get/1] Getting a road with Id 1...
07.01.2024 20:48:23 [Information] [RoadsApiController/Get/1] The road with Id 1 was successfully received.
07.01.2024 20:48:23 [Information] [RoadsController/Update/1] The road with Id 1 was successfully read.
07.01.2024 20:48:23 [Information] [RoadsController] Navigating to the page "Update Road".
07.01.2024 20:48:27 [Information] [RoadsController/Update/1] Reading a road with Id 1...
07.01.2024 20:48:27 [Information] [RoadsApiController/Get/1] Getting a road with Id 1...
07.01.2024 20:48:27 [Information] [RoadsApiController/Get/1] The road with Id 1 was successfully received.
07.01.2024 20:48:27 [Information] [RoadsController/Update/1] The road with Id 1 was successfully read.
07.01.2024 20:48:27 [Information] [RoadsController] Navigating to the page "Update Road".
07.01.2024 20:48:33 [Information] [RoadsController/Read/1] Reading a road with Id 1...
07.01.2024 20:48:33 [Information] [RoadsApiController/Get/1] Getting a road with Id 1...
07.01.2024 20:48:33 [Information] [RoadsApiController/Get/1] The road with Id 1 was successfully received.
07.01.2024 20:48:33 [Information] [RoadsController/Read/1] The road with Id 1 was successfully read.
07.01.2024 20:48:33 [Information] [RoadsController] Navigating to the page "Read Road By Id".
