08.01.2024 17:23:58 [Information] [RoadsController/Read] Reading all roads...
08.01.2024 17:23:58 [Information] [RoadsApiController/Get] Getting all the roads...
08.01.2024 17:23:58 [Information] [RoadsApiController/Get] All roads have been successfully received.
08.01.2024 17:24:49 [Information] [RoadsController/Read] All roads have been successfully read.
08.01.2024 17:24:49 [Information] [RoadsController] Navigating to the page "Read All Roads".
08.01.2024 17:24:52 [Information] [RoadsController] Navigating to the page "Create Road".
08.01.2024 17:24:55 [Information] [RoadsController/Update/22] Reading a road with Id 22...
08.01.2024 17:24:55 [Information] [RoadsApiController/Get/22] Getting a road with Id 22...
08.01.2024 17:24:55 [Information] [RoadsApiController/Get/22] The road with Id 22 was successfully received.
08.01.2024 17:24:55 [Information] [RoadsController/Update/22] The road with Id 22 was successfully read.
08.01.2024 17:24:55 [Information] [RoadsController] Navigating to the page "Update Road".
08.01.2024 17:24:59 [Information] [RoadsController/Update] Updating the road with Id 22...
08.01.2024 17:24:59 [Information] [RoadsApiController/Put/22] Updating the road with Id 22...
08.01.2024 17:24:59 [Information] [RoadsApiController/Put/22] The road with Id 22 has been successfully updated.
08.01.2024 17:24:59 [Information] [RoadsController/Update] The road with Id 22 has been successfully updated.
08.01.2024 17:24:59 [Information] [RoadsController/Read] Reading all roads...
08.01.2024 17:24:59 [Information] [RoadsApiController/Get] Getting all the roads...
08.01.2024 17:24:59 [Information] [RoadsApiController/Get] All roads have been successfully received.
08.01.2024 17:24:59 [Information] [RoadsController/Read] All roads have been successfully read.
08.01.2024 17:24:59 [Information] [RoadsController] Navigating to the page "Read All Roads".
08.01.2024 17:25:17 [Information] [RoadsController/Read] Reading all roads...
08.01.2024 17:25:17 [Information] [RoadsApiController/Get] Getting all the roads...
08.01.2024 17:25:17 [Information] [RoadsApiController/Get] All roads have been successfully received.
