11.03.2024 16:39:11 [Information] [RoadsController/Read] Reading all roads...
11.03.2024 16:39:11 [Information] [RoadsApiController/Get] Getting all the roads...
11.03.2024 16:39:11 [Information] [RoadsApiController/Get] All roads have been successfully received.
11.03.2024 16:39:11 [Information] [RoadsController/Read] All roads have been successfully read.
11.03.2024 16:39:11 [Information] [RoadsController] Navigating to the page "Read All Roads".
11.03.2024 16:39:19 [Information] [EstimatesController/Read] Reading all estimates...
11.03.2024 16:39:19 [Information] [EstimatesApiController/Get] Getting all the estimates...
11.03.2024 16:39:19 [Information] [EstimatesApiController/Get] All estimates have been successfully received.
11.03.2024 16:39:19 [Information] [EstimatesController/Read] All estimates have been successfully read.
11.03.2024 16:39:19 [Information] [EstimatesController/Read] Reading all roads...
11.03.2024 16:39:19 [Information] [RoadsApiController/Get] Getting all the roads...
11.03.2024 16:39:19 [Information] [RoadsApiController/Get] All roads have been successfully received.
11.03.2024 16:39:19 [Information] [EstimatesController/Read] All roads have been successfully read.
11.03.2024 16:39:19 [Information] [EstimatesController] Navigating to the page "Read All Estimates".
11.03.2024 16:39:27 [Information] [EstimatesController/Read/797] Reading a estimate with Id 797...
11.03.2024 16:39:27 [Information] [EstimatesApiController/Get/797] Getting a estimate with Id 797...
11.03.2024 16:39:27 [Information] [EstimatesApiController/Get/797] The estimate with Id 797 was successfully received.
11.03.2024 16:39:27 [Information] [EstimatesController/Read/797] The estimate with Id 797 was successfully read.
11.03.2024 16:39:27 [Information] [EstimatesController] Navigating to the page "Read Estimate By Id".
11.03.2024 16:39:34 [Information] [RoadsController/Read] Reading all roads...
11.03.2024 16:39:34 [Information] [RoadsApiController/Get] Getting all the roads...
11.03.2024 16:39:34 [Information] [RoadsApiController/Get] All roads have been successfully received.
11.03.2024 16:39:34 [Information] [RoadsController/Read] All roads have been successfully read.
11.03.2024 16:39:34 [Information] [RoadsController] Navigating to the page "Read All Roads".
11.03.2024 16:39:36 [Information] [TechnicalConditionsOfRoadsController/Read] Reading all technical conditions of roads...
11.03.2024 16:39:36 [Information] [TechnicalConditionsOfRoadsApiController/Get] Getting all the technical conditions of roads...
11.03.2024 16:39:37 [Information] [TechnicalConditionsOfRoadsApiController/Get] All technical conditions of roads have been successfully received.
11.03.2024 16:39:38 [Information] [TechnicalConditionsOfRoadsController/Read] All technical conditions of roads have been successfully read.
11.03.2024 16:39:38 [Information] [TechnicalConditionsOfRoadsController/Read] Reading all roads...
11.03.2024 16:39:38 [Information] [RoadsApiController/Get] Getting all the roads...
11.03.2024 16:39:38 [Information] [RoadsApiController/Get] All roads have been successfully received.
11.03.2024 16:39:38 [Information] [TechnicalConditionsOfRoadsController/Read] All roads have been successfully read.
11.03.2024 16:39:38 [Information] [TechnicalConditionsOfRoadsController] Navigating to the page "Read All Technical Conditions Of Roads By Year".
11.03.2024 16:39:48 [Information] [TechnicalConditionsOfRoadsController/Read/1/2008] Reading the technical conditions of road for 2008...
11.03.2024 16:39:48 [Information] [TechnicalConditionsOfRoadsApiController/Get] Getting all the technical conditions of roads...
11.03.2024 16:39:50 [Information] [TechnicalConditionsOfRoadsApiController/Get] All technical conditions of roads have been successfully received.
11.03.2024 16:39:50 [Information] [TechnicalConditionsOfRoadsController/Read/1/2008] The technical conditions of road for 2008 was successfully read.
11.03.2024 16:39:50 [Information] [TechnicalConditionsOfRoadsController] Navigating to the page "Read Technical Conditions Of Road For 2008".
11.03.2024 16:39:55 [Information] [RoadWorksProgramsController/Read] Reading all road works programs...
11.03.2024 16:39:55 [Information] [RoadWorksProgramsApiController/Get] Getting all the road works programs...
11.03.2024 16:39:56 [Information] [RoadWorksProgramsApiController/Get] All road works programs have been successfully received.
11.03.2024 16:39:56 [Information] [RoadWorksProgramsController/Read] All road works programs have been successfully read.
11.03.2024 16:39:56 [Information] [RoadWorksProgramsController/Read] Reading all roads...
11.03.2024 16:39:56 [Information] [RoadsApiController/Get] Getting all the roads...
11.03.2024 16:39:56 [Information] [RoadsApiController/Get] All roads have been successfully received.
11.03.2024 16:39:56 [Information] [RoadWorksProgramsController/Read] All roads have been successfully read.
11.03.2024 16:39:56 [Information] [RoadWorksProgramsController] Navigating to the page "Read All Road Works Programs By Year".
11.03.2024 16:39:58 [Information] [RoadWorksProgramsController/Read/2/2021] Reading the road works program for 2021...
11.03.2024 16:39:58 [Information] [RoadWorksProgramsApiController/Get] Getting all the road works programs...
11.03.2024 16:39:58 [Information] [RoadWorksProgramsApiController/Get] All road works programs have been successfully received.
11.03.2024 16:39:58 [Information] [RoadWorksProgramsController/Read/2/2021] The road works program for 2021 was successfully read.
11.03.2024 16:39:58 [Information] [RoadWorksProgramsController] Navigating to the page "Read Road Works Program For 2021".
11.03.2024 16:40:08 [Information] [RoadWorksProgramsController/Update/4] Reading a road works program with Id 4...
11.03.2024 16:40:08 [Information] [RoadWorksProgramsApiController/Get/4] Getting a road works program with Id 4...
11.03.2024 16:40:08 [Information] [RoadWorksProgramsApiController/Get/4] The road works program with Id 4 was successfully received.
11.03.2024 16:40:08 [Information] [RoadWorksProgramsController/Update/4] The road works program with Id 4 was successfully read.
11.03.2024 16:40:08 [Information] [RoadWorksProgramsController/Update/4] Reading all roads...
11.03.2024 16:40:08 [Information] [RoadsApiController/Get] Getting all the roads...
11.03.2024 16:40:08 [Information] [RoadsApiController/Get] All roads have been successfully received.
11.03.2024 16:40:08 [Information] [RoadWorksProgramsController/Update/4] All roads have been successfully read.
11.03.2024 16:40:08 [Information] [RoadWorksProgramsController/Update/4] Reading all estimates...
11.03.2024 16:40:08 [Information] [EstimatesApiController/Get] Getting all the estimates...
11.03.2024 16:40:09 [Information] [EstimatesApiController/Get] All estimates have been successfully received.
11.03.2024 16:40:09 [Information] [RoadWorksProgramsController/Update/4] All estimates have been successfully read.
11.03.2024 16:40:09 [Information] [RoadWorksProgramsController] Navigating to the page "Update Road Works Program".
11.03.2024 16:40:11 [Information] [RoadWorksProgramsController/Read/2/2021] Reading the road works program for 2021...
11.03.2024 16:40:11 [Information] [RoadWorksProgramsApiController/Get] Getting all the road works programs...
11.03.2024 16:40:11 [Information] [RoadWorksProgramsApiController/Get] All road works programs have been successfully received.
11.03.2024 16:40:11 [Information] [RoadWorksProgramsController/Read/2/2021] The road works program for 2021 was successfully read.
11.03.2024 16:40:11 [Information] [RoadWorksProgramsController] Navigating to the page "Read Road Works Program For 2021".
11.03.2024 16:40:21 [Information] [RoadWorksProgramsController/Read/4/2021] Reading the road works program for 2021...
11.03.2024 16:40:21 [Information] [RoadWorksProgramsApiController/Get] Getting all the road works programs...
11.03.2024 16:40:21 [Information] [RoadWorksProgramsApiController/Get] All road works programs have been successfully received.
11.03.2024 16:40:21 [Information] [RoadWorksProgramsController/Read/4/2021] The road works program for 2021 was successfully read.
11.03.2024 16:40:21 [Information] [RoadWorksProgramsController] Navigating to the page "Read Road Works Program For 2021".
11.03.2024 16:40:37 [Information] [RoadWorksProgramsController/Read] Reading all road works programs...
11.03.2024 16:40:37 [Information] [RoadWorksProgramsApiController/Get] Getting all the road works programs...
11.03.2024 16:40:37 [Information] [RoadWorksProgramsApiController/Get] All road works programs have been successfully received.
11.03.2024 16:40:37 [Information] [RoadWorksProgramsController/Read] All road works programs have been successfully read.
11.03.2024 16:40:37 [Information] [RoadWorksProgramsController/Read] Reading all roads...
11.03.2024 16:40:37 [Information] [RoadsApiController/Get] Getting all the roads...
11.03.2024 16:40:37 [Information] [RoadsApiController/Get] All roads have been successfully received.
11.03.2024 16:40:37 [Information] [RoadWorksProgramsController/Read] All roads have been successfully read.
11.03.2024 16:40:37 [Information] [RoadWorksProgramsController] Navigating to the page "Read All Road Works Programs By Year".
11.03.2024 16:40:40 [Information] [TechnicalConditionsOfRoadsController/Read] Reading all technical conditions of roads...
11.03.2024 16:40:40 [Information] [TechnicalConditionsOfRoadsApiController/Get] Getting all the technical conditions of roads...
11.03.2024 16:40:41 [Information] [TechnicalConditionsOfRoadsApiController/Get] All technical conditions of roads have been successfully received.
11.03.2024 16:40:41 [Information] [TechnicalConditionsOfRoadsController/Read] All technical conditions of roads have been successfully read.
11.03.2024 16:40:41 [Information] [TechnicalConditionsOfRoadsController/Read] Reading all roads...
11.03.2024 16:40:41 [Information] [RoadsApiController/Get] Getting all the roads...
11.03.2024 16:40:41 [Information] [RoadsApiController/Get] All roads have been successfully received.
11.03.2024 16:40:41 [Information] [TechnicalConditionsOfRoadsController/Read] All roads have been successfully read.
11.03.2024 16:40:41 [Information] [TechnicalConditionsOfRoadsController] Navigating to the page "Read All Technical Conditions Of Roads By Year".
11.03.2024 16:40:57 [Information] [RoadWorksProgramsController/Read] Reading all road works programs...
11.03.2024 16:40:57 [Information] [RoadWorksProgramsApiController/Get] Getting all the road works programs...
11.03.2024 16:40:57 [Information] [RoadWorksProgramsApiController/Get] All road works programs have been successfully received.
11.03.2024 16:40:57 [Information] [RoadWorksProgramsController/Read] All road works programs have been successfully read.
11.03.2024 16:40:57 [Information] [RoadWorksProgramsController/Read] Reading all roads...
11.03.2024 16:40:57 [Information] [RoadsApiController/Get] Getting all the roads...
11.03.2024 16:40:57 [Information] [RoadsApiController/Get] All roads have been successfully received.
11.03.2024 16:40:57 [Information] [RoadWorksProgramsController/Read] All roads have been successfully read.
11.03.2024 16:40:57 [Information] [RoadWorksProgramsController] Navigating to the page "Read All Road Works Programs By Year".
11.03.2024 16:40:59 [Information] [RoadWorksProgramsController/Read/4/2021] Reading the road works program for 2021...
11.03.2024 16:40:59 [Information] [RoadWorksProgramsApiController/Get] Getting all the road works programs...
11.03.2024 16:40:59 [Information] [RoadWorksProgramsApiController/Get] All road works programs have been successfully received.
11.03.2024 16:40:59 [Information] [RoadWorksProgramsController/Read/4/2021] The road works program for 2021 was successfully read.
11.03.2024 16:40:59 [Information] [RoadWorksProgramsController] Navigating to the page "Read Road Works Program For 2021".
