01.02.2024 2:50:31 [Information] [TechnicalConditionsOfRoadsController/Read] Reading all technical conditions of roads...
01.02.2024 2:50:31 [Information] [TechnicalConditionsOfRoadsApiController/Get] Getting all the technical conditions of roads...
01.02.2024 2:50:33 [Information] [TechnicalConditionsOfRoadsApiController/Get] All technical conditions of roads have been successfully received.
01.02.2024 2:50:34 [Information] [TechnicalConditionsOfRoadsController/Read] All technical conditions of roads have been successfully read.
01.02.2024 2:50:34 [Information] [TechnicalConditionsOfRoadsController/Read] Reading all roads...
01.02.2024 2:50:34 [Information] [RoadsApiController/Get] Getting all the roads...
01.02.2024 2:50:34 [Information] [RoadsApiController/Get] All roads have been successfully received.
01.02.2024 2:50:34 [Information] [TechnicalConditionsOfRoadsController/Read] All roads have been successfully read.
01.02.2024 2:50:34 [Information] [TechnicalConditionsOfRoadsController] Navigating to the page "Read All Technical Conditions Of Roads By Year".
01.02.2024 2:50:35 [Information] [TechnicalConditionsOfRoadsController/Read/1/2000] Reading the technical conditions of road for 2000...
01.02.2024 2:50:35 [Information] [TechnicalConditionsOfRoadsApiController/Get] Getting all the technical conditions of roads...
01.02.2024 2:50:37 [Information] [TechnicalConditionsOfRoadsApiController/Get] All technical conditions of roads have been successfully received.
01.02.2024 2:50:37 [Information] [TechnicalConditionsOfRoadsController/Read/1/2000] The technical conditions of road for 2000 was successfully read.
01.02.2024 2:50:37 [Information] [TechnicalConditionsOfRoadsController] Navigating to the page "Read Technical Conditions Of Road For 2000".
01.02.2024 2:50:41 [Information] [TechnicalConditionsOfRoadsController/Read/1/2000] Reading the technical conditions of road for 2000...
01.02.2024 2:50:41 [Information] [TechnicalConditionsOfRoadsApiController/Get] Getting all the technical conditions of roads...
01.02.2024 2:50:42 [Information] [TechnicalConditionsOfRoadsApiController/Get] All technical conditions of roads have been successfully received.
01.02.2024 2:50:42 [Information] [TechnicalConditionsOfRoadsController/Read/1/2000] The technical conditions of road for 2000 was successfully read.
01.02.2024 2:50:42 [Information] [TechnicalConditionsOfRoadsController] Navigating to the page "Read Technical Conditions Of Road For 2000".
01.02.2024 2:50:46 [Information] [TechnicalConditionsOfRoadsController/Read] Reading all technical conditions of roads...
01.02.2024 2:50:46 [Information] [TechnicalConditionsOfRoadsApiController/Get] Getting all the technical conditions of roads...
01.02.2024 2:50:47 [Information] [TechnicalConditionsOfRoadsApiController/Get] All technical conditions of roads have been successfully received.
01.02.2024 2:50:47 [Information] [TechnicalConditionsOfRoadsController/Read] All technical conditions of roads have been successfully read.
01.02.2024 2:50:47 [Information] [TechnicalConditionsOfRoadsController/Read] Reading all roads...
01.02.2024 2:50:47 [Information] [RoadsApiController/Get] Getting all the roads...
01.02.2024 2:50:47 [Information] [RoadsApiController/Get] All roads have been successfully received.
01.02.2024 2:50:47 [Information] [TechnicalConditionsOfRoadsController/Read] All roads have been successfully read.
01.02.2024 2:50:47 [Information] [TechnicalConditionsOfRoadsController] Navigating to the page "Read All Technical Conditions Of Roads By Year".
01.02.2024 2:50:48 [Information] [TechnicalConditionsOfRoadsController/Read/1/2000] Reading the technical conditions of road for 2000...
01.02.2024 2:50:48 [Information] [TechnicalConditionsOfRoadsApiController/Get] Getting all the technical conditions of roads...
01.02.2024 2:50:50 [Information] [TechnicalConditionsOfRoadsApiController/Get] All technical conditions of roads have been successfully received.
01.02.2024 2:50:50 [Information] [TechnicalConditionsOfRoadsController/Read/1/2000] The technical conditions of road for 2000 was successfully read.
01.02.2024 2:50:50 [Information] [TechnicalConditionsOfRoadsController] Navigating to the page "Read Technical Conditions Of Road For 2000".
