29.02.2024 16:43:27 [Information] [HomeController/Planning] Planning...
29.02.2024 16:43:27 [Information] [HomeApiController/Get/Plans] Getting plans...
29.02.2024 16:43:27 [Information] [TechnicalConditionsOfRoadsAnalysisModule/GetInitialTechnicalConditionsOfRoads] Reading all technical conditions of roads...
29.02.2024 16:43:27 [Information] [TechnicalConditionsOfRoadsApiController/Get] Getting all the technical conditions of roads...
29.02.2024 16:43:30 [Information] [TechnicalConditionsOfRoadsApiController/Get] All technical conditions of roads have been successfully received.
29.02.2024 16:43:30 [Information] [TechnicalConditionsOfRoadsAnalysisModule/GetInitialTechnicalConditionsOfRoads] All technical conditions of roads have been successfully read.
29.02.2024 16:43:30 [Information] [TechnicalConditionsOfRoadsAnalysisModule/GetInitialTechnicalConditionsOfRoads] Getting all initial technical conditions of roads...
29.02.2024 16:43:30 [Information] [TechnicalConditionsOfRoadsAnalysisModule/GetInitialTechnicalConditionsOfRoads] All initial technical conditions of roads have been successfully received.
29.02.2024 16:43:30 [Information] [FinancialModule/CalculateBudget] Сalculating the budget...
29.02.2024 16:43:30 [Information] [FinancialModule/CalculateBudget] The budget has been calculated successfully.
29.02.2024 16:43:30 [Information] [DataAnalysisModule/PredictTechnicalConditionsOfRoads] Reading all technical conditions of roads...
29.02.2024 16:43:30 [Information] [TechnicalConditionsOfRoadsApiController/Get] Getting all the technical conditions of roads...
29.02.2024 16:43:31 [Information] [TechnicalConditionsOfRoadsApiController/Get] All technical conditions of roads have been successfully received.
29.02.2024 16:43:31 [Information] [DataAnalysisModule/PredictTechnicalConditionsOfRoads] All technical conditions of roads have been successfully read.
29.02.2024 16:43:31 [Information] [DataAnalysisModule/PredictTechnicalConditionsOfRoads] Predicting the technical conditions of roads...
29.02.2024 16:43:31 [Information] [DataAnalysisModule/ExecutePythonScript] Executing a Python script...
29.02.2024 16:43:41 [Information] [DataAnalysisModule/ExecutePythonScript] The Python script has been successfully executed.
29.02.2024 16:43:41 [Information] [DataAnalysisModule/PredictTechnicalConditionsOfRoads] Technical conditions of roads have been successfully predicted.
29.02.2024 16:43:41 [Information] [TechnicalConditionsOfRoadsAnalysisModule/CalculateChangesTechnicalConditionsOfRoads] Calculating technical conditions of roads...
29.02.2024 16:43:41 [Information] [TechnicalConditionsOfRoadsAnalysisModule/CalculateChangesTechnicalConditionsOfRoads] The technical conditions of roads have been successfully calculated.
29.02.2024 16:43:41 [Information] [EstimatesAnalysisModule/GetOptimalEstimates] Reading all estimates...
29.02.2024 16:43:41 [Information] [EstimatesApiController/Get] Getting all the estimates...
29.02.2024 16:43:41 [Information] [EstimatesApiController/Get] All estimates have been successfully received.
29.02.2024 16:43:41 [Information] [EstimatesAnalysisModule/GetOptimalEstimates] All estimates have been successfully read.
29.02.2024 16:43:41 [Information] [EstimatesAnalysisModule/GetOptimalEstimates] Reading all roads...
29.02.2024 16:43:41 [Information] [RoadsApiController/Get] Getting all the roads...
29.02.2024 16:43:41 [Information] [RoadsApiController/Get] All roads have been successfully received.
29.02.2024 16:43:41 [Information] [EstimatesAnalysisModule/GetOptimalEstimates] All roads have been successfully read.
29.02.2024 16:43:41 [Information] [EstimatesAnalysisModule/GetOptimalEstimates] Getting optimal estimates...
29.02.2024 16:44:40 [Information] [EstimatesAnalysisModule/GetOptimalEstimatesForOneRoad] Getting optimal estimates for one road...
29.02.2024 16:44:41 [Information] [EstimatesAnalysisModule/GetCombinationsOfLevelsOfWorks] Getting all the combinations of levels of works...
29.02.2024 16:44:41 [Information] [EstimatesAnalysisModule/GetCombinationsOfLevelsOfWorks] All combinations of levels of works have been successfully received.
29.02.2024 16:44:41 [Information] [EstimatesAnalysisModule/GetOptimalEstimatesForOneRoad] Optimal estimates for one road have been successfully received.
