01.02.2024 0:48:18 [Information] [TechnicalConditionsOfRoadsController/Read] Reading all technical conditions of roads...
01.02.2024 0:48:18 [Information] [TechnicalConditionsOfRoadsApiController/Get] Getting all the technical conditions of roads...
01.02.2024 0:48:21 [Information] [TechnicalConditionsOfRoadsApiController/Get] All technical conditions of roads have been successfully received.
01.02.2024 0:48:21 [Information] [TechnicalConditionsOfRoadsController/Read] All technical conditions of roads have been successfully read.
01.02.2024 0:48:21 [Information] [TechnicalConditionsOfRoadsController/Read] Reading all roads...
01.02.2024 0:48:21 [Information] [RoadsApiController/Get] Getting all the roads...
01.02.2024 0:48:21 [Information] [RoadsApiController/Get] All roads have been successfully received.
01.02.2024 0:48:21 [Information] [TechnicalConditionsOfRoadsController/Read] All roads have been successfully read.
01.02.2024 0:48:21 [Information] [TechnicalConditionsOfRoadsController] Navigating to the page "Read All Technical Conditions Of Roads By Year".
01.02.2024 0:48:23 [Information] [TechnicalConditionsOfRoadsController/Read/1/2011] Reading the technical conditions of road for 2011...
01.02.2024 0:48:23 [Information] [TechnicalConditionsOfRoadsApiController/Get] Getting all the technical conditions of roads...
01.02.2024 0:48:24 [Information] [TechnicalConditionsOfRoadsApiController/Get] All technical conditions of roads have been successfully received.
01.02.2024 0:48:24 [Information] [TechnicalConditionsOfRoadsController/Read/1/2011] The technical conditions of road for 2011 was successfully read.
01.02.2024 0:48:24 [Information] [TechnicalConditionsOfRoadsController] Navigating to the page "Read Technical Conditions Of Road For 2011".
01.02.2024 0:49:24 [Information] [TechnicalConditionsOfRoadsController/Read/1/2011] Reading the technical conditions of road for 2011...
01.02.2024 0:49:24 [Information] [TechnicalConditionsOfRoadsApiController/Get] Getting all the technical conditions of roads...
01.02.2024 0:49:26 [Information] [TechnicalConditionsOfRoadsApiController/Get] All technical conditions of roads have been successfully received.
01.02.2024 0:49:26 [Information] [TechnicalConditionsOfRoadsController/Read/1/2011] The technical conditions of road for 2011 was successfully read.
01.02.2024 0:49:26 [Information] [TechnicalConditionsOfRoadsController] Navigating to the page "Read Technical Conditions Of Road For 2011".
01.02.2024 0:49:28 [Information] [EstimatesController/Read] Reading all estimates...
01.02.2024 0:49:28 [Information] [EstimatesApiController/Get] Getting all the estimates...
01.02.2024 0:49:28 [Information] [EstimatesApiController/Get] All estimates have been successfully received.
01.02.2024 0:49:28 [Information] [EstimatesController/Read] All estimates have been successfully read.
01.02.2024 0:49:28 [Information] [EstimatesController/Read] Reading all roads...
01.02.2024 0:49:28 [Information] [RoadsApiController/Get] Getting all the roads...
01.02.2024 0:49:28 [Information] [RoadsApiController/Get] All roads have been successfully received.
01.02.2024 0:49:28 [Information] [EstimatesController/Read] All roads have been successfully read.
01.02.2024 0:49:28 [Information] [EstimatesController] Navigating to the page "Read All Estimates".
01.02.2024 0:49:29 [Information] [TechnicalConditionsOfRoadsController/Read] Reading all technical conditions of roads...
01.02.2024 0:49:29 [Information] [TechnicalConditionsOfRoadsApiController/Get] Getting all the technical conditions of roads...
01.02.2024 0:49:30 [Information] [EstimatesController/Read/1] Reading a estimate with Id 1...
01.02.2024 0:49:30 [Information] [EstimatesApiController/Get/1] Getting a estimate with Id 1...
01.02.2024 0:49:30 [Information] [EstimatesApiController/Get/1] The estimate with Id 1 was successfully received.
01.02.2024 0:49:30 [Information] [EstimatesController/Read/1] The estimate with Id 1 was successfully read.
01.02.2024 0:49:30 [Information] [EstimatesController] Navigating to the page "Read Estimate By Id".
01.02.2024 0:49:30 [Information] [TechnicalConditionsOfRoadsApiController/Get] All technical conditions of roads have been successfully received.
01.02.2024 0:49:30 [Information] [TechnicalConditionsOfRoadsController/Read] All technical conditions of roads have been successfully read.
01.02.2024 0:49:30 [Information] [TechnicalConditionsOfRoadsController/Read] Reading all roads...
01.02.2024 0:49:30 [Information] [RoadsApiController/Get] Getting all the roads...
01.02.2024 0:49:30 [Information] [RoadsApiController/Get] All roads have been successfully received.
01.02.2024 0:49:30 [Information] [TechnicalConditionsOfRoadsController/Read] All roads have been successfully read.
01.02.2024 0:49:30 [Information] [TechnicalConditionsOfRoadsController] Navigating to the page "Read All Technical Conditions Of Roads By Year".
01.02.2024 0:49:31 [Information] [TechnicalConditionsOfRoadsController/Read] Reading all technical conditions of roads...
01.02.2024 0:49:31 [Information] [TechnicalConditionsOfRoadsApiController/Get] Getting all the technical conditions of roads...
01.02.2024 0:49:33 [Information] [TechnicalConditionsOfRoadsApiController/Get] All technical conditions of roads have been successfully received.
01.02.2024 0:49:33 [Information] [TechnicalConditionsOfRoadsController/Read] All technical conditions of roads have been successfully read.
01.02.2024 0:49:33 [Information] [TechnicalConditionsOfRoadsController/Read] Reading all roads...
01.02.2024 0:49:33 [Information] [RoadsApiController/Get] Getting all the roads...
01.02.2024 0:49:33 [Information] [RoadsApiController/Get] All roads have been successfully received.
01.02.2024 0:49:33 [Information] [TechnicalConditionsOfRoadsController/Read] All roads have been successfully read.
01.02.2024 0:49:33 [Information] [TechnicalConditionsOfRoadsController] Navigating to the page "Read All Technical Conditions Of Roads By Year".
01.02.2024 0:49:34 [Information] [TechnicalConditionsOfRoadsController/Read/2/2009] Reading the technical conditions of road for 2009...
01.02.2024 0:49:34 [Information] [TechnicalConditionsOfRoadsApiController/Get] Getting all the technical conditions of roads...
01.02.2024 0:49:35 [Information] [TechnicalConditionsOfRoadsApiController/Get] All technical conditions of roads have been successfully received.
01.02.2024 0:49:35 [Information] [TechnicalConditionsOfRoadsController/Read/2/2009] The technical conditions of road for 2009 was successfully read.
01.02.2024 0:49:35 [Information] [TechnicalConditionsOfRoadsController] Navigating to the page "Read Technical Conditions Of Road For 2009".
