07.01.2024 21:44:55 [Information] [RoadsController/Read] Reading all roads...
07.01.2024 21:44:55 [Information] [RoadsApiController/Get] Getting all the roads...
07.01.2024 21:44:55 [Information] [RoadsApiController/Get] All roads have been successfully received.
07.01.2024 21:44:55 [Information] [RoadsController/Read] All roads have been successfully read.
07.01.2024 21:44:55 [Information] [RoadsController] Navigating to the page "Read All Roads".
07.01.2024 21:45:00 [Information] [RoadsController] Navigating to the page "Create Road".
07.01.2024 21:45:21 [Information] [RoadsController/Read/1] Reading a road with Id 1...
07.01.2024 21:45:21 [Information] [RoadsApiController/Get/1] Getting a road with Id 1...
07.01.2024 21:45:21 [Information] [RoadsApiController/Get/1] The road with Id 1 was successfully received.
07.01.2024 21:45:21 [Information] [RoadsController/Read/1] The road with Id 1 was successfully read.
07.01.2024 21:45:21 [Information] [RoadsController] Navigating to the page "Read Road By Id".
07.01.2024 21:45:29 [Information] [RoadsController/Read/1] Reading a road with Id 1...
07.01.2024 21:45:29 [Information] [RoadsApiController/Get/1] Getting a road with Id 1...
07.01.2024 21:45:29 [Information] [RoadsApiController/Get/1] The road with Id 1 was successfully received.
07.01.2024 21:45:29 [Information] [RoadsController/Read/1] The road with Id 1 was successfully read.
07.01.2024 21:45:29 [Information] [RoadsController] Navigating to the page "Read Road By Id".
07.01.2024 21:45:33 [Information] [RoadsController/Update/1] Reading a road with Id 1...
07.01.2024 21:45:33 [Information] [RoadsApiController/Get/1] Getting a road with Id 1...
07.01.2024 21:45:33 [Information] [RoadsApiController/Get/1] The road with Id 1 was successfully received.
07.01.2024 21:45:33 [Information] [RoadsController/Update/1] The road with Id 1 was successfully read.
07.01.2024 21:45:33 [Information] [RoadsController] Navigating to the page "Update Road".
07.01.2024 21:45:44 [Information] [RoadsController/Delete/1] Reading a road with Id 1...
07.01.2024 21:45:44 [Information] [RoadsApiController/Get/1] Getting a road with Id 1...
07.01.2024 21:45:44 [Information] [RoadsApiController/Get/1] The road with Id 1 was successfully received.
07.01.2024 21:45:44 [Information] [RoadsController/Delete/1] The road with Id 1 was successfully read.
07.01.2024 21:45:44 [Information] [RoadsController] Navigating to the page "Delete Road".
07.01.2024 21:45:52 [Information] [RoadsController/Update/1] Reading a road with Id 1...
07.01.2024 21:45:52 [Information] [RoadsApiController/Get/1] Getting a road with Id 1...
07.01.2024 21:45:52 [Information] [RoadsApiController/Get/1] The road with Id 1 was successfully received.
07.01.2024 21:45:52 [Information] [RoadsController/Update/1] The road with Id 1 was successfully read.
07.01.2024 21:45:52 [Information] [RoadsController] Navigating to the page "Update Road".
07.01.2024 21:45:58 [Information] [RoadsController/Delete/1] Reading a road with Id 1...
07.01.2024 21:45:58 [Information] [RoadsApiController/Get/1] Getting a road with Id 1...
07.01.2024 21:45:58 [Information] [RoadsApiController/Get/1] The road with Id 1 was successfully received.
07.01.2024 21:45:58 [Information] [RoadsController/Delete/1] The road with Id 1 was successfully read.
07.01.2024 21:45:58 [Information] [RoadsController] Navigating to the page "Delete Road".
07.01.2024 21:46:00 [Information] [RoadsController/Update/1] Reading a road with Id 1...
07.01.2024 21:46:00 [Information] [RoadsApiController/Get/1] Getting a road with Id 1...
07.01.2024 21:46:00 [Information] [RoadsApiController/Get/1] The road with Id 1 was successfully received.
07.01.2024 21:46:00 [Information] [RoadsController/Update/1] The road with Id 1 was successfully read.
07.01.2024 21:46:00 [Information] [RoadsController] Navigating to the page "Update Road".
07.01.2024 21:46:03 [Information] [RoadsController/Read/1] Reading a road with Id 1...
07.01.2024 21:46:03 [Information] [RoadsApiController/Get/1] Getting a road with Id 1...
07.01.2024 21:46:03 [Information] [RoadsApiController/Get/1] The road with Id 1 was successfully received.
07.01.2024 21:46:03 [Information] [RoadsController/Read/1] The road with Id 1 was successfully read.
07.01.2024 21:46:03 [Information] [RoadsController] Navigating to the page "Read Road By Id".
07.01.2024 21:46:23 [Information] [RoadsController/Read/1] Reading a road with Id 1...
07.01.2024 21:46:23 [Information] [RoadsApiController/Get/1] Getting a road with Id 1...
07.01.2024 21:46:23 [Information] [RoadsApiController/Get/1] The road with Id 1 was successfully received.
07.01.2024 21:46:23 [Information] [RoadsController/Read/1] The road with Id 1 was successfully read.
07.01.2024 21:46:23 [Information] [RoadsController] Navigating to the page "Read Road By Id".
07.01.2024 21:46:28 [Information] [RoadsController/Read/1] Reading a road with Id 1...
07.01.2024 21:46:28 [Information] [RoadsApiController/Get/1] Getting a road with Id 1...
07.01.2024 21:46:28 [Information] [RoadsApiController/Get/1] The road with Id 1 was successfully received.
07.01.2024 21:46:28 [Information] [RoadsController/Read/1] The road with Id 1 was successfully read.
07.01.2024 21:46:28 [Information] [RoadsController] Navigating to the page "Read Road By Id".
07.01.2024 21:46:30 [Information] [RoadsController/Update/1] Reading a road with Id 1...
07.01.2024 21:46:30 [Information] [RoadsApiController/Get/1] Getting a road with Id 1...
07.01.2024 21:46:30 [Information] [RoadsApiController/Get/1] The road with Id 1 was successfully received.
07.01.2024 21:46:30 [Information] [RoadsController/Update/1] The road with Id 1 was successfully read.
07.01.2024 21:46:30 [Information] [RoadsController] Navigating to the page "Update Road".
07.01.2024 21:46:43 [Information] [RoadsController/Delete/1] Reading a road with Id 1...
07.01.2024 21:46:43 [Information] [RoadsApiController/Get/1] Getting a road with Id 1...
07.01.2024 21:46:43 [Information] [RoadsApiController/Get/1] The road with Id 1 was successfully received.
07.01.2024 21:46:43 [Information] [RoadsController/Delete/1] The road with Id 1 was successfully read.
07.01.2024 21:46:43 [Information] [RoadsController] Navigating to the page "Delete Road".
07.01.2024 21:46:47 [Information] [RoadsController] Navigating to the page "Create Road".
07.01.2024 21:47:06 [Information] [RoadsController/Update/3] Reading a road with Id 3...
07.01.2024 21:47:06 [Information] [RoadsApiController/Get/3] Getting a road with Id 3...
07.01.2024 21:47:06 [Information] [RoadsApiController/Get/3] The road with Id 3 was successfully received.
07.01.2024 21:47:06 [Information] [RoadsController/Update/3] The road with Id 3 was successfully read.
07.01.2024 21:47:06 [Information] [RoadsController] Navigating to the page "Update Road".
