07.01.2024 22:34:01 [Information] [RoadsController/Read] Reading all roads...
07.01.2024 22:34:01 [Information] [RoadsApiController/Get] Getting all the roads...
07.01.2024 22:34:01 [Information] [RoadsApiController/Get] All roads have been successfully received.
07.01.2024 22:34:01 [Information] [RoadsController/Read] All roads have been successfully read.
07.01.2024 22:34:01 [Information] [RoadsController] Navigating to the page "Read All Roads".
07.01.2024 22:34:04 [Information] [RoadsController/Update/23] Reading a road with Id 23...
07.01.2024 22:34:04 [Information] [RoadsApiController/Get/23] Getting a road with Id 23...
07.01.2024 22:34:04 [Information] [RoadsApiController/Get/23] The road with Id 23 was successfully received.
07.01.2024 22:34:04 [Information] [RoadsController/Update/23] The road with Id 23 was successfully read.
07.01.2024 22:34:04 [Information] [RoadsController] Navigating to the page "Update Road".
07.01.2024 22:34:08 [Information] [RoadsController/Delete/23] Reading a road with Id 23...
07.01.2024 22:34:08 [Information] [RoadsApiController/Get/23] Getting a road with Id 23...
07.01.2024 22:34:08 [Information] [RoadsApiController/Get/23] The road with Id 23 was successfully received.
07.01.2024 22:34:08 [Information] [RoadsController/Delete/23] The road with Id 23 was successfully read.
07.01.2024 22:34:08 [Information] [RoadsController] Navigating to the page "Delete Road".
07.01.2024 22:34:10 [Information] [RoadsController/Update] Updating the road with Id 0...
07.01.2024 22:34:10 [Information] [RoadsApiController/Put/0] Updating the road with Id 0...
07.01.2024 22:34:10 [Warning] [RoadsApiController/Put/0] The road with Id 0 was not found.
07.01.2024 22:34:10 [Warning] [RoadsController/Update] Error on the API side of the controller
07.01.2024 22:34:19 [Information] [RoadsController/Delete/23] Reading a road with Id 23...
07.01.2024 22:34:19 [Information] [RoadsApiController/Get/23] Getting a road with Id 23...
07.01.2024 22:34:19 [Information] [RoadsApiController/Get/23] The road with Id 23 was successfully received.
07.01.2024 22:34:19 [Information] [RoadsController/Delete/23] The road with Id 23 was successfully read.
07.01.2024 22:34:19 [Information] [RoadsController] Navigating to the page "Delete Road".
07.01.2024 22:34:28 [Information] [RoadsController/Delete/23] Reading a road with Id 23...
07.01.2024 22:34:28 [Information] [RoadsApiController/Get/23] Getting a road with Id 23...
07.01.2024 22:34:28 [Information] [RoadsApiController/Get/23] The road with Id 23 was successfully received.
07.01.2024 22:34:28 [Information] [RoadsController/Delete/23] The road with Id 23 was successfully read.
07.01.2024 22:34:28 [Information] [RoadsController] Navigating to the page "Delete Road".
07.01.2024 22:34:32 [Information] [RoadsController/Update] Updating the road with Id 0...
07.01.2024 22:34:32 [Information] [RoadsApiController/Put/0] Updating the road with Id 0...
07.01.2024 22:34:32 [Warning] [RoadsApiController/Put/0] The road with Id 0 was not found.
07.01.2024 22:34:32 [Warning] [RoadsController/Update] Error on the API side of the controller
