11.03.2024 16:21:54 [Information] [RoadWorksProgramsController/Read] Reading all road works programs...
11.03.2024 16:21:54 [Information] [RoadWorksProgramsApiController/Get] Getting all the road works programs...
11.03.2024 16:21:55 [Information] [RoadWorksProgramsApiController/Get] All road works programs have been successfully received.
11.03.2024 16:21:55 [Information] [RoadWorksProgramsController/Read] All road works programs have been successfully read.
11.03.2024 16:21:55 [Information] [RoadWorksProgramsController/Read] Reading all roads...
11.03.2024 16:21:55 [Information] [RoadsApiController/Get] Getting all the roads...
11.03.2024 16:21:55 [Information] [RoadsApiController/Get] All roads have been successfully received.
11.03.2024 16:21:55 [Information] [RoadWorksProgramsController/Read] All roads have been successfully read.
11.03.2024 16:21:55 [Information] [RoadWorksProgramsController] Navigating to the page "Read All Road Works Programs By Year".
11.03.2024 16:21:57 [Information] [RoadWorksProgramsController/Read/4/2022] Reading the road works program for 2022...
11.03.2024 16:21:57 [Information] [RoadWorksProgramsApiController/Get] Getting all the road works programs...
11.03.2024 16:21:57 [Information] [RoadWorksProgramsApiController/Get] All road works programs have been successfully received.
11.03.2024 16:21:57 [Information] [RoadWorksProgramsController/Read/4/2022] The road works program for 2022 was successfully read.
11.03.2024 16:21:57 [Information] [RoadWorksProgramsController] Navigating to the page "Read Road Works Program For 2022".
11.03.2024 16:22:06 [Information] [RoadWorksProgramsController/Read/4/2022] Reading the road works program for 2022...
11.03.2024 16:22:06 [Information] [RoadWorksProgramsApiController/Get] Getting all the road works programs...
11.03.2024 16:22:06 [Information] [RoadWorksProgramsApiController/Get] All road works programs have been successfully received.
11.03.2024 16:22:06 [Information] [RoadWorksProgramsController/Read/4/2022] The road works program for 2022 was successfully read.
11.03.2024 16:22:06 [Information] [RoadWorksProgramsController] Navigating to the page "Read Road Works Program For 2022".
11.03.2024 16:22:09 [Information] [RoadWorksProgramsController/Delete/24] Deleting a road works program with Id 24...
11.03.2024 16:22:09 [Information] [RoadWorksProgramsApiController/Delete/24] Deleting a road works program with Id 24...
11.03.2024 16:22:09 [Information] [RoadWorksProgramsApiController/Delete/24] The road works program with Id 24 has been successfully deleted.
11.03.2024 16:22:09 [Information] [RoadWorksProgramsController/Delete/24] The road works program with Id 24 has been successfully deleted.
11.03.2024 16:22:09 [Information] [RoadWorksProgramsController/Read] Reading all road works programs...
11.03.2024 16:22:09 [Information] [RoadWorksProgramsApiController/Get] Getting all the road works programs...
11.03.2024 16:22:09 [Information] [RoadWorksProgramsApiController/Get] All road works programs have been successfully received.
11.03.2024 16:22:09 [Information] [RoadWorksProgramsController/Read] All road works programs have been successfully read.
11.03.2024 16:22:09 [Information] [RoadWorksProgramsController/Read] Reading all roads...
11.03.2024 16:22:09 [Information] [RoadsApiController/Get] Getting all the roads...
11.03.2024 16:22:09 [Information] [RoadsApiController/Get] All roads have been successfully received.
11.03.2024 16:22:09 [Information] [RoadWorksProgramsController/Read] All roads have been successfully read.
11.03.2024 16:22:09 [Information] [RoadWorksProgramsController] Navigating to the page "Read All Road Works Programs By Year".
11.03.2024 16:22:10 [Information] [RoadWorksProgramsController/Read/4/2022] Reading the road works program for 2022...
11.03.2024 16:22:10 [Information] [RoadWorksProgramsApiController/Get] Getting all the road works programs...
11.03.2024 16:22:11 [Information] [RoadWorksProgramsApiController/Get] All road works programs have been successfully received.
11.03.2024 16:22:11 [Information] [RoadWorksProgramsController/Read/4/2022] The road works program for 2022 was successfully read.
11.03.2024 16:22:11 [Information] [RoadWorksProgramsController] Navigating to the page "Read Road Works Program For 2022".
11.03.2024 16:22:17 [Information] [RoadWorksProgramsController/Delete/23] Deleting a road works program with Id 23...
11.03.2024 16:22:17 [Information] [RoadWorksProgramsApiController/Delete/23] Deleting a road works program with Id 23...
11.03.2024 16:22:17 [Information] [RoadWorksProgramsApiController/Delete/23] The road works program with Id 23 has been successfully deleted.
11.03.2024 16:22:17 [Information] [RoadWorksProgramsController/Delete/23] The road works program with Id 23 has been successfully deleted.
11.03.2024 16:22:17 [Information] [RoadWorksProgramsController/Read] Reading all road works programs...
11.03.2024 16:22:17 [Information] [RoadWorksProgramsApiController/Get] Getting all the road works programs...
11.03.2024 16:22:17 [Information] [RoadWorksProgramsApiController/Get] All road works programs have been successfully received.
11.03.2024 16:22:17 [Information] [RoadWorksProgramsController/Read] All road works programs have been successfully read.
11.03.2024 16:22:17 [Information] [RoadWorksProgramsController/Read] Reading all roads...
11.03.2024 16:22:17 [Information] [RoadsApiController/Get] Getting all the roads...
11.03.2024 16:22:17 [Information] [RoadsApiController/Get] All roads have been successfully received.
11.03.2024 16:22:17 [Information] [RoadWorksProgramsController/Read] All roads have been successfully read.
11.03.2024 16:22:17 [Information] [RoadWorksProgramsController] Navigating to the page "Read All Road Works Programs By Year".
11.03.2024 16:22:25 [Information] [RoadWorksProgramsController/Create] Reading all roads...
11.03.2024 16:22:25 [Information] [RoadsApiController/Get] Getting all the roads...
11.03.2024 16:22:25 [Information] [RoadsApiController/Get] All roads have been successfully received.
11.03.2024 16:22:25 [Information] [RoadWorksProgramsController/Create] All roads have been successfully read.
11.03.2024 16:22:25 [Information] [RoadWorksProgramsController/Create] Reading all estimates...
11.03.2024 16:22:25 [Information] [EstimatesApiController/Get] Getting all the estimates...
11.03.2024 16:22:25 [Information] [EstimatesApiController/Get] All estimates have been successfully received.
11.03.2024 16:22:25 [Information] [RoadWorksProgramsController/Create] All estimates have been successfully read.
11.03.2024 16:22:25 [Information] [RoadWorksProgramsController] Navigating to the page "Create Road Works Program".
11.03.2024 16:22:43 [Information] [RoadWorksProgramsController/Create] Creating a new road works program...
11.03.2024 16:22:43 [Information] [RoadWorksProgramsApiController/Post] Creating a new road works program...
11.03.2024 16:22:43 [Information] [RoadWorksProgramsApiController/Post] A new road works program with Id 25 has been successfully created.
11.03.2024 16:22:43 [Information] [RoadWorksProgramsController/Create] A new road works program with Id 25 has been successfully created.
11.03.2024 16:22:43 [Information] [RoadWorksProgramsController/Read] Reading all road works programs...
11.03.2024 16:22:43 [Information] [RoadWorksProgramsApiController/Get] Getting all the road works programs...
11.03.2024 16:22:43 [Information] [RoadWorksProgramsApiController/Get] All road works programs have been successfully received.
11.03.2024 16:22:43 [Information] [RoadWorksProgramsController/Read] All road works programs have been successfully read.
11.03.2024 16:22:43 [Information] [RoadWorksProgramsController/Read] Reading all roads...
11.03.2024 16:22:43 [Information] [RoadsApiController/Get] Getting all the roads...
11.03.2024 16:22:43 [Information] [RoadsApiController/Get] All roads have been successfully received.
11.03.2024 16:22:43 [Information] [RoadWorksProgramsController/Read] All roads have been successfully read.
11.03.2024 16:22:43 [Information] [RoadWorksProgramsController] Navigating to the page "Read All Road Works Programs By Year".
11.03.2024 16:22:46 [Information] [RoadWorksProgramsController/Read/1/2022] Reading the road works program for 2022...
11.03.2024 16:22:46 [Information] [RoadWorksProgramsApiController/Get] Getting all the road works programs...
11.03.2024 16:22:46 [Information] [RoadWorksProgramsApiController/Get] All road works programs have been successfully received.
11.03.2024 16:22:46 [Information] [RoadWorksProgramsController/Read/1/2022] The road works program for 2022 was successfully read.
11.03.2024 16:22:46 [Information] [RoadWorksProgramsController] Navigating to the page "Read Road Works Program For 2022".
11.03.2024 16:22:50 [Information] [RoadWorksProgramsController/Delete/25] Deleting a road works program with Id 25...
11.03.2024 16:22:50 [Information] [RoadWorksProgramsApiController/Delete/25] Deleting a road works program with Id 25...
11.03.2024 16:22:50 [Information] [RoadWorksProgramsApiController/Delete/25] The road works program with Id 25 has been successfully deleted.
11.03.2024 16:22:50 [Information] [RoadWorksProgramsController/Delete/25] The road works program with Id 25 has been successfully deleted.
11.03.2024 16:22:50 [Information] [RoadWorksProgramsController/Read] Reading all road works programs...
11.03.2024 16:22:50 [Information] [RoadWorksProgramsApiController/Get] Getting all the road works programs...
11.03.2024 16:22:50 [Information] [RoadWorksProgramsApiController/Get] All road works programs have been successfully received.
11.03.2024 16:22:50 [Information] [RoadWorksProgramsController/Read] All road works programs have been successfully read.
11.03.2024 16:22:50 [Information] [RoadWorksProgramsController/Read] Reading all roads...
11.03.2024 16:22:50 [Information] [RoadsApiController/Get] Getting all the roads...
11.03.2024 16:22:50 [Information] [RoadsApiController/Get] All roads have been successfully received.
11.03.2024 16:22:50 [Information] [RoadWorksProgramsController/Read] All roads have been successfully read.
11.03.2024 16:22:50 [Information] [RoadWorksProgramsController] Navigating to the page "Read All Road Works Programs By Year".
11.03.2024 16:22:55 [Information] [RoadWorksProgramsController/Create] Reading all roads...
11.03.2024 16:22:55 [Information] [RoadsApiController/Get] Getting all the roads...
11.03.2024 16:22:55 [Information] [RoadsApiController/Get] All roads have been successfully received.
11.03.2024 16:22:55 [Information] [RoadWorksProgramsController/Create] All roads have been successfully read.
11.03.2024 16:22:55 [Information] [RoadWorksProgramsController/Create] Reading all estimates...
11.03.2024 16:22:55 [Information] [EstimatesApiController/Get] Getting all the estimates...
11.03.2024 16:22:55 [Information] [EstimatesApiController/Get] All estimates have been successfully received.
11.03.2024 16:22:55 [Information] [RoadWorksProgramsController/Create] All estimates have been successfully read.
11.03.2024 16:22:55 [Information] [RoadWorksProgramsController] Navigating to the page "Create Road Works Program".
11.03.2024 16:23:10 [Information] [RoadWorksProgramsController/Create] Creating a new road works program...
11.03.2024 16:23:10 [Information] [RoadWorksProgramsApiController/Post] Creating a new road works program...
11.03.2024 16:23:10 [Information] [RoadWorksProgramsApiController/Post] A new road works program with Id 26 has been successfully created.
11.03.2024 16:23:10 [Information] [RoadWorksProgramsController/Create] A new road works program with Id 26 has been successfully created.
11.03.2024 16:23:10 [Information] [RoadWorksProgramsController/Read] Reading all road works programs...
11.03.2024 16:23:11 [Information] [RoadWorksProgramsApiController/Get] Getting all the road works programs...
11.03.2024 16:23:11 [Information] [RoadWorksProgramsApiController/Get] All road works programs have been successfully received.
11.03.2024 16:23:11 [Information] [RoadWorksProgramsController/Read] All road works programs have been successfully read.
11.03.2024 16:23:11 [Information] [RoadWorksProgramsController/Read] Reading all roads...
11.03.2024 16:23:11 [Information] [RoadsApiController/Get] Getting all the roads...
11.03.2024 16:23:11 [Information] [RoadsApiController/Get] All roads have been successfully received.
11.03.2024 16:23:11 [Information] [RoadWorksProgramsController/Read] All roads have been successfully read.
11.03.2024 16:23:11 [Information] [RoadWorksProgramsController] Navigating to the page "Read All Road Works Programs By Year".
11.03.2024 16:23:13 [Information] [RoadWorksProgramsController/Create] Reading all roads...
11.03.2024 16:23:13 [Information] [RoadsApiController/Get] Getting all the roads...
11.03.2024 16:23:13 [Information] [RoadsApiController/Get] All roads have been successfully received.
11.03.2024 16:23:13 [Information] [RoadWorksProgramsController/Create] All roads have been successfully read.
11.03.2024 16:23:13 [Information] [RoadWorksProgramsController/Create] Reading all estimates...
11.03.2024 16:23:13 [Information] [EstimatesApiController/Get] Getting all the estimates...
11.03.2024 16:23:13 [Information] [EstimatesApiController/Get] All estimates have been successfully received.
11.03.2024 16:23:13 [Information] [RoadWorksProgramsController/Create] All estimates have been successfully read.
11.03.2024 16:23:13 [Information] [RoadWorksProgramsController] Navigating to the page "Create Road Works Program".
11.03.2024 16:23:21 [Information] [RoadWorksProgramsController/Create] Creating a new road works program...
11.03.2024 16:23:21 [Information] [RoadWorksProgramsApiController/Post] Creating a new road works program...
11.03.2024 16:23:21 [Information] [RoadWorksProgramsApiController/Post] A new road works program with Id 27 has been successfully created.
11.03.2024 16:23:21 [Information] [RoadWorksProgramsController/Create] A new road works program with Id 27 has been successfully created.
11.03.2024 16:23:21 [Information] [RoadWorksProgramsController/Read] Reading all road works programs...
11.03.2024 16:23:21 [Information] [RoadWorksProgramsApiController/Get] Getting all the road works programs...
11.03.2024 16:23:21 [Information] [RoadWorksProgramsApiController/Get] All road works programs have been successfully received.
11.03.2024 16:23:21 [Information] [RoadWorksProgramsController/Read] All road works programs have been successfully read.
11.03.2024 16:23:21 [Information] [RoadWorksProgramsController/Read] Reading all roads...
11.03.2024 16:23:21 [Information] [RoadsApiController/Get] Getting all the roads...
11.03.2024 16:23:21 [Information] [RoadsApiController/Get] All roads have been successfully received.
11.03.2024 16:23:21 [Information] [RoadWorksProgramsController/Read] All roads have been successfully read.
11.03.2024 16:23:21 [Information] [RoadWorksProgramsController] Navigating to the page "Read All Road Works Programs By Year".
11.03.2024 16:23:22 [Information] [RoadWorksProgramsController/Read/1/2022] Reading the road works program for 2022...
11.03.2024 16:23:22 [Information] [RoadWorksProgramsApiController/Get] Getting all the road works programs...
11.03.2024 16:23:22 [Information] [RoadWorksProgramsApiController/Get] All road works programs have been successfully received.
11.03.2024 16:23:22 [Information] [RoadWorksProgramsController/Read/1/2022] The road works program for 2022 was successfully read.
11.03.2024 16:23:22 [Information] [RoadWorksProgramsController] Navigating to the page "Read Road Works Program For 2022".
11.03.2024 16:23:26 [Information] [RoadWorksProgramsController/Delete/27] Deleting a road works program with Id 27...
11.03.2024 16:23:26 [Information] [RoadWorksProgramsApiController/Delete/27] Deleting a road works program with Id 27...
11.03.2024 16:23:26 [Information] [RoadWorksProgramsApiController/Delete/27] The road works program with Id 27 has been successfully deleted.
11.03.2024 16:23:26 [Information] [RoadWorksProgramsController/Delete/27] The road works program with Id 27 has been successfully deleted.
11.03.2024 16:23:26 [Information] [RoadWorksProgramsController/Read] Reading all road works programs...
11.03.2024 16:23:26 [Information] [RoadWorksProgramsApiController/Get] Getting all the road works programs...
11.03.2024 16:23:26 [Information] [RoadWorksProgramsApiController/Get] All road works programs have been successfully received.
11.03.2024 16:23:26 [Information] [RoadWorksProgramsController/Read] All road works programs have been successfully read.
11.03.2024 16:23:26 [Information] [RoadWorksProgramsController/Read] Reading all roads...
11.03.2024 16:23:26 [Information] [RoadsApiController/Get] Getting all the roads...
11.03.2024 16:23:26 [Information] [RoadsApiController/Get] All roads have been successfully received.
11.03.2024 16:23:26 [Information] [RoadWorksProgramsController/Read] All roads have been successfully read.
11.03.2024 16:23:26 [Information] [RoadWorksProgramsController] Navigating to the page "Read All Road Works Programs By Year".
11.03.2024 16:23:27 [Information] [RoadWorksProgramsController/Read/1/2022] Reading the road works program for 2022...
11.03.2024 16:23:27 [Information] [RoadWorksProgramsApiController/Get] Getting all the road works programs...
11.03.2024 16:23:27 [Information] [RoadWorksProgramsApiController/Get] All road works programs have been successfully received.
11.03.2024 16:23:27 [Information] [RoadWorksProgramsController/Read/1/2022] The road works program for 2022 was successfully read.
11.03.2024 16:23:27 [Information] [RoadWorksProgramsController] Navigating to the page "Read Road Works Program For 2022".
11.03.2024 16:23:29 [Information] [RoadWorksProgramsController/Delete/26] Deleting a road works program with Id 26...
11.03.2024 16:23:29 [Information] [RoadWorksProgramsApiController/Delete/26] Deleting a road works program with Id 26...
11.03.2024 16:23:29 [Information] [RoadWorksProgramsApiController/Delete/26] The road works program with Id 26 has been successfully deleted.
11.03.2024 16:23:29 [Information] [RoadWorksProgramsController/Delete/26] The road works program with Id 26 has been successfully deleted.
11.03.2024 16:23:29 [Information] [RoadWorksProgramsController/Read] Reading all road works programs...
11.03.2024 16:23:29 [Information] [RoadWorksProgramsApiController/Get] Getting all the road works programs...
11.03.2024 16:23:29 [Information] [RoadWorksProgramsApiController/Get] All road works programs have been successfully received.
11.03.2024 16:23:29 [Information] [RoadWorksProgramsController/Read] All road works programs have been successfully read.
11.03.2024 16:23:29 [Information] [RoadWorksProgramsController/Read] Reading all roads...
11.03.2024 16:23:29 [Information] [RoadsApiController/Get] Getting all the roads...
11.03.2024 16:23:29 [Information] [RoadsApiController/Get] All roads have been successfully received.
11.03.2024 16:23:29 [Information] [RoadWorksProgramsController/Read] All roads have been successfully read.
11.03.2024 16:23:29 [Information] [RoadWorksProgramsController] Navigating to the page "Read All Road Works Programs By Year".
11.03.2024 16:23:30 [Information] [RoadWorksProgramsController/Read/4/2022] Reading the road works program for 2022...
11.03.2024 16:23:30 [Information] [RoadWorksProgramsApiController/Get] Getting all the road works programs...
11.03.2024 16:23:30 [Information] [RoadWorksProgramsApiController/Get] All road works programs have been successfully received.
11.03.2024 16:23:30 [Information] [RoadWorksProgramsController/Read/4/2022] The road works program for 2022 was successfully read.
11.03.2024 16:23:30 [Information] [RoadWorksProgramsController] Navigating to the page "Read Road Works Program For 2022".
11.03.2024 16:23:33 [Information] [RoadWorksProgramsController/Update/22] Reading a road works program with Id 22...
11.03.2024 16:23:33 [Information] [RoadWorksProgramsApiController/Get/22] Getting a road works program with Id 22...
11.03.2024 16:23:33 [Information] [RoadWorksProgramsApiController/Get/22] The road works program with Id 22 was successfully received.
11.03.2024 16:23:33 [Information] [RoadWorksProgramsController/Update/22] The road works program with Id 22 was successfully read.
11.03.2024 16:23:33 [Information] [RoadWorksProgramsController/Update/22] Reading all roads...
11.03.2024 16:23:33 [Information] [RoadsApiController/Get] Getting all the roads...
11.03.2024 16:23:33 [Information] [RoadsApiController/Get] All roads have been successfully received.
11.03.2024 16:23:33 [Information] [RoadWorksProgramsController/Update/22] All roads have been successfully read.
11.03.2024 16:23:33 [Information] [RoadWorksProgramsController/Update/22] Reading all estimates...
11.03.2024 16:23:33 [Information] [EstimatesApiController/Get] Getting all the estimates...
11.03.2024 16:23:33 [Information] [EstimatesApiController/Get] All estimates have been successfully received.
11.03.2024 16:23:33 [Information] [RoadWorksProgramsController/Update/22] All estimates have been successfully read.
11.03.2024 16:23:33 [Information] [RoadWorksProgramsController] Navigating to the page "Update Road Works Program".
11.03.2024 16:23:37 [Information] [RoadWorksProgramsController/Read/4/2022] Reading the road works program for 2022...
11.03.2024 16:23:37 [Information] [RoadWorksProgramsApiController/Get] Getting all the road works programs...
11.03.2024 16:23:37 [Information] [RoadWorksProgramsApiController/Get] All road works programs have been successfully received.
11.03.2024 16:23:37 [Information] [RoadWorksProgramsController/Read/4/2022] The road works program for 2022 was successfully read.
11.03.2024 16:23:37 [Information] [RoadWorksProgramsController] Navigating to the page "Read Road Works Program For 2022".
11.03.2024 16:23:43 [Information] [RoadWorksProgramsController/Read/4/2022] Reading the road works program for 2022...
11.03.2024 16:23:43 [Information] [RoadWorksProgramsApiController/Get] Getting all the road works programs...
11.03.2024 16:23:43 [Information] [RoadWorksProgramsApiController/Get] All road works programs have been successfully received.
11.03.2024 16:23:43 [Information] [RoadWorksProgramsController/Read/4/2022] The road works program for 2022 was successfully read.
11.03.2024 16:23:43 [Information] [RoadWorksProgramsController] Navigating to the page "Read Road Works Program For 2022".
11.03.2024 16:23:44 [Information] [RoadWorksProgramsController/Update/22] Reading a road works program with Id 22...
11.03.2024 16:23:44 [Information] [RoadWorksProgramsApiController/Get/22] Getting a road works program with Id 22...
11.03.2024 16:23:44 [Information] [RoadWorksProgramsApiController/Get/22] The road works program with Id 22 was successfully received.
11.03.2024 16:23:44 [Information] [RoadWorksProgramsController/Update/22] The road works program with Id 22 was successfully read.
11.03.2024 16:23:44 [Information] [RoadWorksProgramsController/Update/22] Reading all roads...
11.03.2024 16:23:44 [Information] [RoadsApiController/Get] Getting all the roads...
11.03.2024 16:23:44 [Information] [RoadsApiController/Get] All roads have been successfully received.
11.03.2024 16:23:44 [Information] [RoadWorksProgramsController/Update/22] All roads have been successfully read.
11.03.2024 16:23:44 [Information] [RoadWorksProgramsController/Update/22] Reading all estimates...
11.03.2024 16:23:44 [Information] [EstimatesApiController/Get] Getting all the estimates...
11.03.2024 16:23:45 [Information] [EstimatesApiController/Get] All estimates have been successfully received.
11.03.2024 16:23:45 [Information] [RoadWorksProgramsController/Update/22] All estimates have been successfully read.
11.03.2024 16:23:45 [Information] [RoadWorksProgramsController] Navigating to the page "Update Road Works Program".
11.03.2024 16:23:49 [Information] [RoadWorksProgramsController/Read/4/2022] Reading the road works program for 2022...
11.03.2024 16:23:49 [Information] [RoadWorksProgramsApiController/Get] Getting all the road works programs...
11.03.2024 16:23:49 [Information] [RoadWorksProgramsApiController/Get] All road works programs have been successfully received.
11.03.2024 16:23:49 [Information] [RoadWorksProgramsController/Read/4/2022] The road works program for 2022 was successfully read.
11.03.2024 16:23:49 [Information] [RoadWorksProgramsController] Navigating to the page "Read Road Works Program For 2022".
11.03.2024 16:23:51 [Information] [RoadWorksProgramsController/Update/22] Reading a road works program with Id 22...
11.03.2024 16:23:51 [Information] [RoadWorksProgramsApiController/Get/22] Getting a road works program with Id 22...
11.03.2024 16:23:51 [Information] [RoadWorksProgramsApiController/Get/22] The road works program with Id 22 was successfully received.
11.03.2024 16:23:51 [Information] [RoadWorksProgramsController/Update/22] The road works program with Id 22 was successfully read.
11.03.2024 16:23:51 [Information] [RoadWorksProgramsController/Update/22] Reading all roads...
11.03.2024 16:23:51 [Information] [RoadsApiController/Get] Getting all the roads...
11.03.2024 16:23:51 [Information] [RoadsApiController/Get] All roads have been successfully received.
11.03.2024 16:23:51 [Information] [RoadWorksProgramsController/Update/22] All roads have been successfully read.
11.03.2024 16:23:51 [Information] [RoadWorksProgramsController/Update/22] Reading all estimates...
11.03.2024 16:23:51 [Information] [EstimatesApiController/Get] Getting all the estimates...
11.03.2024 16:23:51 [Information] [EstimatesApiController/Get] All estimates have been successfully received.
11.03.2024 16:23:51 [Information] [RoadWorksProgramsController/Update/22] All estimates have been successfully read.
11.03.2024 16:23:51 [Information] [RoadWorksProgramsController] Navigating to the page "Update Road Works Program".
11.03.2024 16:23:55 [Information] [RoadWorksProgramsController/Read/4/2022] Reading the road works program for 2022...
11.03.2024 16:23:55 [Information] [RoadWorksProgramsApiController/Get] Getting all the road works programs...
11.03.2024 16:23:55 [Information] [RoadWorksProgramsApiController/Get] All road works programs have been successfully received.
11.03.2024 16:23:55 [Information] [RoadWorksProgramsController/Read/4/2022] The road works program for 2022 was successfully read.
11.03.2024 16:23:55 [Information] [RoadWorksProgramsController] Navigating to the page "Read Road Works Program For 2022".
11.03.2024 16:23:58 [Information] [RoadWorksProgramsController/Update/22] Reading a road works program with Id 22...
11.03.2024 16:23:58 [Information] [RoadWorksProgramsApiController/Get/22] Getting a road works program with Id 22...
11.03.2024 16:23:58 [Information] [RoadWorksProgramsApiController/Get/22] The road works program with Id 22 was successfully received.
11.03.2024 16:23:58 [Information] [RoadWorksProgramsController/Update/22] The road works program with Id 22 was successfully read.
11.03.2024 16:23:58 [Information] [RoadWorksProgramsController/Update/22] Reading all roads...
11.03.2024 16:23:58 [Information] [RoadsApiController/Get] Getting all the roads...
11.03.2024 16:23:58 [Information] [RoadsApiController/Get] All roads have been successfully received.
11.03.2024 16:23:58 [Information] [RoadWorksProgramsController/Update/22] All roads have been successfully read.
11.03.2024 16:23:58 [Information] [RoadWorksProgramsController/Update/22] Reading all estimates...
11.03.2024 16:23:58 [Information] [EstimatesApiController/Get] Getting all the estimates...
11.03.2024 16:23:58 [Information] [EstimatesApiController/Get] All estimates have been successfully received.
11.03.2024 16:23:58 [Information] [RoadWorksProgramsController/Update/22] All estimates have been successfully read.
11.03.2024 16:23:58 [Information] [RoadWorksProgramsController] Navigating to the page "Update Road Works Program".
11.03.2024 16:24:00 [Information] [RoadWorksProgramsController/Read/4/2022] Reading the road works program for 2022...
11.03.2024 16:24:00 [Information] [RoadWorksProgramsApiController/Get] Getting all the road works programs...
11.03.2024 16:24:00 [Information] [RoadWorksProgramsApiController/Get] All road works programs have been successfully received.
11.03.2024 16:24:00 [Information] [RoadWorksProgramsController/Read/4/2022] The road works program for 2022 was successfully read.
11.03.2024 16:24:00 [Information] [RoadWorksProgramsController] Navigating to the page "Read Road Works Program For 2022".
11.03.2024 16:24:13 [Information] [RoadWorksProgramsController/Read/4/2022] Reading the road works program for 2022...
11.03.2024 16:24:13 [Information] [RoadWorksProgramsApiController/Get] Getting all the road works programs...
11.03.2024 16:24:13 [Information] [RoadWorksProgramsApiController/Get] All road works programs have been successfully received.
11.03.2024 16:24:13 [Information] [RoadWorksProgramsController/Read/4/2022] The road works program for 2022 was successfully read.
11.03.2024 16:24:13 [Information] [RoadWorksProgramsController] Navigating to the page "Read Road Works Program For 2022".
11.03.2024 16:24:15 [Information] [RoadWorksProgramsController/Update/22] Reading a road works program with Id 22...
11.03.2024 16:24:15 [Information] [RoadWorksProgramsApiController/Get/22] Getting a road works program with Id 22...
11.03.2024 16:24:15 [Information] [RoadWorksProgramsApiController/Get/22] The road works program with Id 22 was successfully received.
11.03.2024 16:24:15 [Information] [RoadWorksProgramsController/Update/22] The road works program with Id 22 was successfully read.
11.03.2024 16:24:15 [Information] [RoadWorksProgramsController/Update/22] Reading all roads...
11.03.2024 16:24:15 [Information] [RoadsApiController/Get] Getting all the roads...
11.03.2024 16:24:15 [Information] [RoadsApiController/Get] All roads have been successfully received.
11.03.2024 16:24:15 [Information] [RoadWorksProgramsController/Update/22] All roads have been successfully read.
11.03.2024 16:24:15 [Information] [RoadWorksProgramsController/Update/22] Reading all estimates...
11.03.2024 16:24:15 [Information] [EstimatesApiController/Get] Getting all the estimates...
11.03.2024 16:24:15 [Information] [EstimatesApiController/Get] All estimates have been successfully received.
11.03.2024 16:24:15 [Information] [RoadWorksProgramsController/Update/22] All estimates have been successfully read.
11.03.2024 16:24:15 [Information] [RoadWorksProgramsController] Navigating to the page "Update Road Works Program".
11.03.2024 16:24:25 [Information] [RoadWorksProgramsController/Update/22] Updating the road works program with Id 22...
11.03.2024 16:24:25 [Information] [RoadWorksProgramsApiController/Put/22] Updating the road works program with Id 22...
11.03.2024 16:24:25 [Information] [RoadWorksProgramsApiController/Put/22] The road works program with Id 22 has been successfully updated.
11.03.2024 16:24:25 [Information] [RoadWorksProgramsController/Update/22] The road works program with Id 22 has been successfully updated.
11.03.2024 16:24:25 [Information] [RoadWorksProgramsController/Read/4/2022] Reading the road works program for 2022...
11.03.2024 16:24:25 [Information] [RoadWorksProgramsApiController/Get] Getting all the road works programs...
11.03.2024 16:24:25 [Information] [RoadWorksProgramsApiController/Get] All road works programs have been successfully received.
11.03.2024 16:24:25 [Information] [RoadWorksProgramsController/Read/4/2022] The road works program for 2022 was successfully read.
11.03.2024 16:24:25 [Information] [RoadWorksProgramsController] Navigating to the page "Read Road Works Program For 2022".
