07.01.2024 23:31:57 [Information] [RoadsController/Read] Reading all roads...
07.01.2024 23:31:57 [Information] [RoadsApiController/Get] Getting all the roads...
07.01.2024 23:31:58 [Information] [RoadsApiController/Get] All roads have been successfully received.
07.01.2024 23:31:58 [Information] [RoadsController/Read] All roads have been successfully read.
07.01.2024 23:31:58 [Information] [RoadsController] Navigating to the page "Read All Roads".
07.01.2024 23:31:59 [Information] [RoadsController] Navigating to the page "Create Road".
07.01.2024 23:32:04 [Information] [RoadsController/Create] Creating a new road...
07.01.2024 23:32:04 [Information] [RoadsApiController/Post] Creating a new road...
07.01.2024 23:32:04 [Information] [RoadsApiController/Post] A new road with Id 26 has been successfully created.
07.01.2024 23:32:04 [Information] [RoadsController/Create] A new road with Id 26 has been successfully created.
07.01.2024 23:32:04 [Information] [RoadsController/Read] Reading all roads...
07.01.2024 23:32:04 [Information] [RoadsApiController/Get] Getting all the roads...
07.01.2024 23:32:04 [Information] [RoadsApiController/Get] All roads have been successfully received.
07.01.2024 23:32:04 [Information] [RoadsController/Read] All roads have been successfully read.
07.01.2024 23:32:04 [Information] [RoadsController] Navigating to the page "Read All Roads".
07.01.2024 23:32:07 [Information] [RoadsController/Read/26] Reading a road with Id 26...
07.01.2024 23:32:07 [Information] [RoadsApiController/Get/26] Getting a road with Id 26...
07.01.2024 23:32:07 [Information] [RoadsApiController/Get/26] The road with Id 26 was successfully received.
07.01.2024 23:32:07 [Information] [RoadsController/Read/26] The road with Id 26 was successfully read.
07.01.2024 23:32:07 [Information] [RoadsController] Navigating to the page "Read Road By Id".
07.01.2024 23:32:11 [Information] [RoadsController/Update/26] Reading a road with Id 26...
07.01.2024 23:32:11 [Information] [RoadsApiController/Get/26] Getting a road with Id 26...
07.01.2024 23:32:11 [Information] [RoadsApiController/Get/26] The road with Id 26 was successfully received.
07.01.2024 23:32:11 [Information] [RoadsController/Update/26] The road with Id 26 was successfully read.
07.01.2024 23:32:11 [Information] [RoadsController] Navigating to the page "Update Road".
07.01.2024 23:32:14 [Information] [RoadsController/Update/26] Reading a road with Id 26...
07.01.2024 23:32:14 [Information] [RoadsApiController/Get/26] Getting a road with Id 26...
07.01.2024 23:32:14 [Information] [RoadsApiController/Get/26] The road with Id 26 was successfully received.
07.01.2024 23:32:14 [Information] [RoadsController/Update/26] The road with Id 26 was successfully read.
07.01.2024 23:32:14 [Information] [RoadsController] Navigating to the page "Update Road".
07.01.2024 23:32:17 [Information] [RoadsController/Update/26] Reading a road with Id 26...
07.01.2024 23:32:17 [Information] [RoadsApiController/Get/26] Getting a road with Id 26...
07.01.2024 23:32:18 [Information] [RoadsApiController/Get/26] The road with Id 26 was successfully received.
07.01.2024 23:32:18 [Information] [RoadsController/Update/26] The road with Id 26 was successfully read.
07.01.2024 23:32:18 [Information] [RoadsController] Navigating to the page "Update Road".
07.01.2024 23:32:18 [Information] [RoadsController/Update/26] Reading a road with Id 26...
07.01.2024 23:32:18 [Information] [RoadsApiController/Get/26] Getting a road with Id 26...
07.01.2024 23:32:18 [Information] [RoadsApiController/Get/26] The road with Id 26 was successfully received.
07.01.2024 23:32:18 [Information] [RoadsController/Update/26] The road with Id 26 was successfully read.
07.01.2024 23:32:18 [Information] [RoadsController] Navigating to the page "Update Road".
07.01.2024 23:32:19 [Information] [RoadsController/Update/26] Reading a road with Id 26...
07.01.2024 23:32:19 [Information] [RoadsApiController/Get/26] Getting a road with Id 26...
07.01.2024 23:32:19 [Information] [RoadsApiController/Get/26] The road with Id 26 was successfully received.
07.01.2024 23:32:19 [Information] [RoadsController/Update/26] The road with Id 26 was successfully read.
07.01.2024 23:32:19 [Information] [RoadsController] Navigating to the page "Update Road".
07.01.2024 23:32:20 [Information] [RoadsController/Update/26] Reading a road with Id 26...
07.01.2024 23:32:20 [Information] [RoadsApiController/Get/26] Getting a road with Id 26...
07.01.2024 23:32:20 [Information] [RoadsApiController/Get/26] The road with Id 26 was successfully received.
07.01.2024 23:32:20 [Information] [RoadsController/Update/26] The road with Id 26 was successfully read.
07.01.2024 23:32:20 [Information] [RoadsController] Navigating to the page "Update Road".
07.01.2024 23:33:30 [Information] [RoadsController/Update/26] Reading a road with Id 26...
07.01.2024 23:33:30 [Information] [RoadsApiController/Get/26] Getting a road with Id 26...
07.01.2024 23:33:30 [Information] [RoadsApiController/Get/26] The road with Id 26 was successfully received.
07.01.2024 23:33:30 [Information] [RoadsController/Update/26] The road with Id 26 was successfully read.
07.01.2024 23:33:30 [Information] [RoadsController] Navigating to the page "Update Road".
07.01.2024 23:33:31 [Information] [RoadsController/Update/26] Reading a road with Id 26...
07.01.2024 23:33:31 [Information] [RoadsApiController/Get/26] Getting a road with Id 26...
07.01.2024 23:33:31 [Information] [RoadsApiController/Get/26] The road with Id 26 was successfully received.
07.01.2024 23:33:31 [Information] [RoadsController/Update/26] The road with Id 26 was successfully read.
07.01.2024 23:33:31 [Information] [RoadsController] Navigating to the page "Update Road".
07.01.2024 23:33:46 [Information] [RoadsController/Update/26] Reading a road with Id 26...
07.01.2024 23:33:46 [Information] [RoadsApiController/Get/26] Getting a road with Id 26...
07.01.2024 23:33:46 [Information] [RoadsApiController/Get/26] The road with Id 26 was successfully received.
07.01.2024 23:33:46 [Information] [RoadsController/Update/26] The road with Id 26 was successfully read.
07.01.2024 23:33:46 [Information] [RoadsController] Navigating to the page "Update Road".
07.01.2024 23:33:48 [Information] [RoadsController/Read] Reading all roads...
07.01.2024 23:33:48 [Information] [RoadsApiController/Get] Getting all the roads...
07.01.2024 23:33:48 [Information] [RoadsApiController/Get] All roads have been successfully received.
07.01.2024 23:33:48 [Information] [RoadsController/Read] All roads have been successfully read.
07.01.2024 23:33:48 [Information] [RoadsController] Navigating to the page "Read All Roads".
07.01.2024 23:33:51 [Information] [RoadsController/Delete/26] Reading a road with Id 26...
07.01.2024 23:33:51 [Information] [RoadsApiController/Get/26] Getting a road with Id 26...
07.01.2024 23:33:51 [Information] [RoadsApiController/Get/26] The road with Id 26 was successfully received.
07.01.2024 23:33:51 [Information] [RoadsController/Delete/26] The road with Id 26 was successfully read.
07.01.2024 23:33:51 [Information] [RoadsController] Navigating to the page "Delete Road".
07.01.2024 23:33:59 [Information] [RoadsController/Delete/26] Reading a road with Id 26...
07.01.2024 23:33:59 [Information] [RoadsApiController/Get/26] Getting a road with Id 26...
07.01.2024 23:33:59 [Information] [RoadsApiController/Get/26] The road with Id 26 was successfully received.
07.01.2024 23:33:59 [Information] [RoadsController/Delete/26] The road with Id 26 was successfully read.
07.01.2024 23:33:59 [Information] [RoadsController] Navigating to the page "Delete Road".
07.01.2024 23:34:02 [Information] [RoadsController/Delete/26] Reading a road with Id 26...
07.01.2024 23:34:02 [Information] [RoadsApiController/Get/26] Getting a road with Id 26...
07.01.2024 23:34:02 [Information] [RoadsApiController/Get/26] The road with Id 26 was successfully received.
07.01.2024 23:34:02 [Information] [RoadsController/Delete/26] The road with Id 26 was successfully read.
07.01.2024 23:34:02 [Information] [RoadsController] Navigating to the page "Delete Road".
