13.03.2024 18:26:35 [Information] [TechnicalConditionsOfRoadsController/Read] Reading all technical conditions of roads...
13.03.2024 18:26:35 [Information] [TechnicalConditionsOfRoadsApiController/Get] Getting all the technical conditions of roads...
13.03.2024 18:26:38 [Information] [TechnicalConditionsOfRoadsApiController/Get] All technical conditions of roads have been successfully received.
13.03.2024 18:26:38 [Information] [TechnicalConditionsOfRoadsController/Read] All technical conditions of roads have been successfully read.
13.03.2024 18:26:38 [Information] [TechnicalConditionsOfRoadsController/Read] Reading all roads...
13.03.2024 18:26:38 [Information] [RoadsApiController/Get] Getting all the roads...
13.03.2024 18:26:38 [Information] [RoadsApiController/Get] All roads have been successfully received.
13.03.2024 18:26:38 [Information] [TechnicalConditionsOfRoadsController/Read] All roads have been successfully read.
13.03.2024 18:26:38 [Information] [TechnicalConditionsOfRoadsController] Navigating to the page "Read All Technical Conditions Of Roads By Year".
13.03.2024 18:26:40 [Information] [TechnicalConditionsOfRoadsController/Read/1/2025] Reading the technical conditions of road for 2025...
13.03.2024 18:26:40 [Information] [TechnicalConditionsOfRoadsApiController/Get] Getting all the technical conditions of roads...
13.03.2024 18:26:42 [Information] [TechnicalConditionsOfRoadsApiController/Get] All technical conditions of roads have been successfully received.
13.03.2024 18:26:42 [Information] [TechnicalConditionsOfRoadsController/Read/1/2025] The technical conditions of road for 2025 was successfully read.
13.03.2024 18:26:42 [Information] [TechnicalConditionsOfRoadsController] Navigating to the page "Read Technical Conditions Of Road For 2025".
13.03.2024 18:26:45 [Information] [TechnicalConditionsOfRoadsController/Read] Reading all technical conditions of roads...
13.03.2024 18:26:45 [Information] [TechnicalConditionsOfRoadsApiController/Get] Getting all the technical conditions of roads...
13.03.2024 18:26:47 [Information] [TechnicalConditionsOfRoadsApiController/Get] All technical conditions of roads have been successfully received.
13.03.2024 18:26:47 [Information] [TechnicalConditionsOfRoadsController/Read] All technical conditions of roads have been successfully read.
13.03.2024 18:26:47 [Information] [TechnicalConditionsOfRoadsController/Read] Reading all roads...
13.03.2024 18:26:47 [Information] [RoadsApiController/Get] Getting all the roads...
13.03.2024 18:26:47 [Information] [RoadsApiController/Get] All roads have been successfully received.
13.03.2024 18:26:47 [Information] [TechnicalConditionsOfRoadsController/Read] All roads have been successfully read.
13.03.2024 18:26:47 [Information] [TechnicalConditionsOfRoadsController] Navigating to the page "Read All Technical Conditions Of Roads By Year".
13.03.2024 18:26:49 [Information] [TechnicalConditionsOfRoadsController/Read/3/2025] Reading the technical conditions of road for 2025...
13.03.2024 18:26:49 [Information] [TechnicalConditionsOfRoadsApiController/Get] Getting all the technical conditions of roads...
13.03.2024 18:26:50 [Information] [TechnicalConditionsOfRoadsApiController/Get] All technical conditions of roads have been successfully received.
13.03.2024 18:26:50 [Information] [TechnicalConditionsOfRoadsController/Read/3/2025] The technical conditions of road for 2025 was successfully read.
13.03.2024 18:26:50 [Information] [TechnicalConditionsOfRoadsController] Navigating to the page "Read Technical Conditions Of Road For 2025".
13.03.2024 18:26:55 [Information] [TechnicalConditionsOfRoadsController/Read] Reading all technical conditions of roads...
13.03.2024 18:26:55 [Information] [TechnicalConditionsOfRoadsApiController/Get] Getting all the technical conditions of roads...
13.03.2024 18:26:56 [Information] [TechnicalConditionsOfRoadsApiController/Get] All technical conditions of roads have been successfully received.
13.03.2024 18:26:56 [Information] [TechnicalConditionsOfRoadsController/Read] All technical conditions of roads have been successfully read.
13.03.2024 18:26:56 [Information] [TechnicalConditionsOfRoadsController/Read] Reading all roads...
13.03.2024 18:26:56 [Information] [RoadsApiController/Get] Getting all the roads...
13.03.2024 18:26:56 [Information] [RoadsApiController/Get] All roads have been successfully received.
13.03.2024 18:26:56 [Information] [TechnicalConditionsOfRoadsController/Read] All roads have been successfully read.
13.03.2024 18:26:56 [Information] [TechnicalConditionsOfRoadsController] Navigating to the page "Read All Technical Conditions Of Roads By Year".
13.03.2024 18:26:58 [Information] [TechnicalConditionsOfRoadsController/Read/7/2024] Reading the technical conditions of road for 2024...
13.03.2024 18:26:58 [Information] [TechnicalConditionsOfRoadsApiController/Get] Getting all the technical conditions of roads...
13.03.2024 18:27:00 [Information] [TechnicalConditionsOfRoadsApiController/Get] All technical conditions of roads have been successfully received.
13.03.2024 18:27:00 [Information] [TechnicalConditionsOfRoadsController/Read/7/2024] The technical conditions of road for 2024 was successfully read.
13.03.2024 18:27:00 [Information] [TechnicalConditionsOfRoadsController] Navigating to the page "Read Technical Conditions Of Road For 2024".
13.03.2024 18:27:03 [Information] [TechnicalConditionsOfRoadsController/Read] Reading all technical conditions of roads...
13.03.2024 18:27:03 [Information] [TechnicalConditionsOfRoadsApiController/Get] Getting all the technical conditions of roads...
13.03.2024 18:27:05 [Information] [TechnicalConditionsOfRoadsApiController/Get] All technical conditions of roads have been successfully received.
13.03.2024 18:27:05 [Information] [TechnicalConditionsOfRoadsController/Read] All technical conditions of roads have been successfully read.
13.03.2024 18:27:05 [Information] [TechnicalConditionsOfRoadsController/Read] Reading all roads...
13.03.2024 18:27:05 [Information] [RoadsApiController/Get] Getting all the roads...
13.03.2024 18:27:05 [Information] [RoadsApiController/Get] All roads have been successfully received.
13.03.2024 18:27:05 [Information] [TechnicalConditionsOfRoadsController/Read] All roads have been successfully read.
13.03.2024 18:27:05 [Information] [TechnicalConditionsOfRoadsController] Navigating to the page "Read All Technical Conditions Of Roads By Year".
13.03.2024 18:27:06 [Information] [TechnicalConditionsOfRoadsController/Read/6/2025] Reading the technical conditions of road for 2025...
13.03.2024 18:27:06 [Information] [TechnicalConditionsOfRoadsApiController/Get] Getting all the technical conditions of roads...
13.03.2024 18:27:08 [Information] [TechnicalConditionsOfRoadsApiController/Get] All technical conditions of roads have been successfully received.
13.03.2024 18:27:08 [Information] [TechnicalConditionsOfRoadsController/Read/6/2025] The technical conditions of road for 2025 was successfully read.
13.03.2024 18:27:08 [Information] [TechnicalConditionsOfRoadsController] Navigating to the page "Read Technical Conditions Of Road For 2025".
13.03.2024 18:27:10 [Information] [TechnicalConditionsOfRoadsController/Read] Reading all technical conditions of roads...
13.03.2024 18:27:10 [Information] [TechnicalConditionsOfRoadsApiController/Get] Getting all the technical conditions of roads...
13.03.2024 18:27:12 [Information] [TechnicalConditionsOfRoadsApiController/Get] All technical conditions of roads have been successfully received.
13.03.2024 18:27:12 [Information] [TechnicalConditionsOfRoadsController/Read] All technical conditions of roads have been successfully read.
13.03.2024 18:27:12 [Information] [TechnicalConditionsOfRoadsController/Read] Reading all roads...
13.03.2024 18:27:12 [Information] [RoadsApiController/Get] Getting all the roads...
13.03.2024 18:27:12 [Information] [RoadsApiController/Get] All roads have been successfully received.
13.03.2024 18:27:12 [Information] [TechnicalConditionsOfRoadsController/Read] All roads have been successfully read.
13.03.2024 18:27:12 [Information] [TechnicalConditionsOfRoadsController] Navigating to the page "Read All Technical Conditions Of Roads By Year".
13.03.2024 18:27:14 [Information] [TechnicalConditionsOfRoadsController/Read/8/2024] Reading the technical conditions of road for 2024...
13.03.2024 18:27:14 [Information] [TechnicalConditionsOfRoadsApiController/Get] Getting all the technical conditions of roads...
13.03.2024 18:27:15 [Information] [TechnicalConditionsOfRoadsApiController/Get] All technical conditions of roads have been successfully received.
13.03.2024 18:27:15 [Information] [TechnicalConditionsOfRoadsController/Read/8/2024] The technical conditions of road for 2024 was successfully read.
13.03.2024 18:27:15 [Information] [TechnicalConditionsOfRoadsController] Navigating to the page "Read Technical Conditions Of Road For 2024".
13.03.2024 18:27:18 [Information] [TechnicalConditionsOfRoadsController/Read] Reading all technical conditions of roads...
13.03.2024 18:27:18 [Information] [TechnicalConditionsOfRoadsApiController/Get] Getting all the technical conditions of roads...
13.03.2024 18:27:20 [Information] [TechnicalConditionsOfRoadsApiController/Get] All technical conditions of roads have been successfully received.
13.03.2024 18:27:20 [Information] [TechnicalConditionsOfRoadsController/Read] All technical conditions of roads have been successfully read.
13.03.2024 18:27:20 [Information] [TechnicalConditionsOfRoadsController/Read] Reading all roads...
13.03.2024 18:27:20 [Information] [RoadsApiController/Get] Getting all the roads...
13.03.2024 18:27:20 [Information] [RoadsApiController/Get] All roads have been successfully received.
13.03.2024 18:27:20 [Information] [TechnicalConditionsOfRoadsController/Read] All roads have been successfully read.
13.03.2024 18:27:20 [Information] [TechnicalConditionsOfRoadsController] Navigating to the page "Read All Technical Conditions Of Roads By Year".
13.03.2024 18:27:21 [Information] [TechnicalConditionsOfRoadsController/Read/9/2025] Reading the technical conditions of road for 2025...
13.03.2024 18:27:21 [Information] [TechnicalConditionsOfRoadsApiController/Get] Getting all the technical conditions of roads...
13.03.2024 18:27:22 [Information] [TechnicalConditionsOfRoadsApiController/Get] All technical conditions of roads have been successfully received.
13.03.2024 18:27:22 [Information] [TechnicalConditionsOfRoadsController/Read/9/2025] The technical conditions of road for 2025 was successfully read.
13.03.2024 18:27:22 [Information] [TechnicalConditionsOfRoadsController] Navigating to the page "Read Technical Conditions Of Road For 2025".
13.03.2024 18:27:25 [Information] [TechnicalConditionsOfRoadsController/Read] Reading all technical conditions of roads...
13.03.2024 18:27:25 [Information] [TechnicalConditionsOfRoadsApiController/Get] Getting all the technical conditions of roads...
13.03.2024 18:27:27 [Information] [TechnicalConditionsOfRoadsApiController/Get] All technical conditions of roads have been successfully received.
13.03.2024 18:27:27 [Information] [TechnicalConditionsOfRoadsController/Read] All technical conditions of roads have been successfully read.
13.03.2024 18:27:27 [Information] [TechnicalConditionsOfRoadsController/Read] Reading all roads...
13.03.2024 18:27:27 [Information] [RoadsApiController/Get] Getting all the roads...
13.03.2024 18:27:27 [Information] [RoadsApiController/Get] All roads have been successfully received.
13.03.2024 18:27:27 [Information] [TechnicalConditionsOfRoadsController/Read] All roads have been successfully read.
13.03.2024 18:27:27 [Information] [TechnicalConditionsOfRoadsController] Navigating to the page "Read All Technical Conditions Of Roads By Year".
13.03.2024 18:27:29 [Information] [TechnicalConditionsOfRoadsController/Read/9/2023] Reading the technical conditions of road for 2023...
13.03.2024 18:27:29 [Information] [TechnicalConditionsOfRoadsApiController/Get] Getting all the technical conditions of roads...
13.03.2024 18:27:31 [Information] [TechnicalConditionsOfRoadsApiController/Get] All technical conditions of roads have been successfully received.
13.03.2024 18:27:31 [Information] [TechnicalConditionsOfRoadsController/Read/9/2023] The technical conditions of road for 2023 was successfully read.
13.03.2024 18:27:31 [Information] [TechnicalConditionsOfRoadsController] Navigating to the page "Read Technical Conditions Of Road For 2023".
13.03.2024 18:27:33 [Information] [TechnicalConditionsOfRoadsController/Read] Reading all technical conditions of roads...
13.03.2024 18:27:33 [Information] [TechnicalConditionsOfRoadsApiController/Get] Getting all the technical conditions of roads...
13.03.2024 18:27:35 [Information] [TechnicalConditionsOfRoadsApiController/Get] All technical conditions of roads have been successfully received.
13.03.2024 18:27:35 [Information] [TechnicalConditionsOfRoadsController/Read] All technical conditions of roads have been successfully read.
13.03.2024 18:27:35 [Information] [TechnicalConditionsOfRoadsController/Read] Reading all roads...
13.03.2024 18:27:35 [Information] [RoadsApiController/Get] Getting all the roads...
13.03.2024 18:27:35 [Information] [RoadsApiController/Get] All roads have been successfully received.
13.03.2024 18:27:35 [Information] [TechnicalConditionsOfRoadsController/Read] All roads have been successfully read.
13.03.2024 18:27:35 [Information] [TechnicalConditionsOfRoadsController] Navigating to the page "Read All Technical Conditions Of Roads By Year".
13.03.2024 18:27:38 [Information] [TechnicalConditionsOfRoadsController/Read/16/2023] Reading the technical conditions of road for 2023...
13.03.2024 18:27:38 [Information] [TechnicalConditionsOfRoadsApiController/Get] Getting all the technical conditions of roads...
13.03.2024 18:27:40 [Information] [TechnicalConditionsOfRoadsApiController/Get] All technical conditions of roads have been successfully received.
13.03.2024 18:27:40 [Information] [TechnicalConditionsOfRoadsController/Read/16/2023] The technical conditions of road for 2023 was successfully read.
13.03.2024 18:27:40 [Information] [TechnicalConditionsOfRoadsController] Navigating to the page "Read Technical Conditions Of Road For 2023".
13.03.2024 18:27:42 [Information] [TechnicalConditionsOfRoadsController/Read] Reading all technical conditions of roads...
13.03.2024 18:27:42 [Information] [TechnicalConditionsOfRoadsApiController/Get] Getting all the technical conditions of roads...
13.03.2024 18:27:44 [Information] [TechnicalConditionsOfRoadsApiController/Get] All technical conditions of roads have been successfully received.
13.03.2024 18:27:44 [Information] [TechnicalConditionsOfRoadsController/Read] All technical conditions of roads have been successfully read.
13.03.2024 18:27:44 [Information] [TechnicalConditionsOfRoadsController/Read] Reading all roads...
13.03.2024 18:27:44 [Information] [RoadsApiController/Get] Getting all the roads...
13.03.2024 18:27:44 [Information] [RoadsApiController/Get] All roads have been successfully received.
13.03.2024 18:27:44 [Information] [TechnicalConditionsOfRoadsController/Read] All roads have been successfully read.
13.03.2024 18:27:44 [Information] [TechnicalConditionsOfRoadsController] Navigating to the page "Read All Technical Conditions Of Roads By Year".
13.03.2024 18:27:46 [Information] [TechnicalConditionsOfRoadsController/Read/19/2024] Reading the technical conditions of road for 2024...
13.03.2024 18:27:46 [Information] [TechnicalConditionsOfRoadsApiController/Get] Getting all the technical conditions of roads...
13.03.2024 18:27:48 [Information] [TechnicalConditionsOfRoadsApiController/Get] All technical conditions of roads have been successfully received.
13.03.2024 18:27:48 [Information] [TechnicalConditionsOfRoadsController/Read/19/2024] The technical conditions of road for 2024 was successfully read.
13.03.2024 18:27:48 [Information] [TechnicalConditionsOfRoadsController] Navigating to the page "Read Technical Conditions Of Road For 2024".
13.03.2024 18:27:51 [Information] [TechnicalConditionsOfRoadsController/Read] Reading all technical conditions of roads...
13.03.2024 18:27:51 [Information] [TechnicalConditionsOfRoadsApiController/Get] Getting all the technical conditions of roads...
13.03.2024 18:27:52 [Information] [TechnicalConditionsOfRoadsApiController/Get] All technical conditions of roads have been successfully received.
13.03.2024 18:27:52 [Information] [TechnicalConditionsOfRoadsController/Read] All technical conditions of roads have been successfully read.
13.03.2024 18:27:52 [Information] [TechnicalConditionsOfRoadsController/Read] Reading all roads...
13.03.2024 18:27:52 [Information] [RoadsApiController/Get] Getting all the roads...
13.03.2024 18:27:52 [Information] [RoadsApiController/Get] All roads have been successfully received.
13.03.2024 18:27:52 [Information] [TechnicalConditionsOfRoadsController/Read] All roads have been successfully read.
13.03.2024 18:27:52 [Information] [TechnicalConditionsOfRoadsController] Navigating to the page "Read All Technical Conditions Of Roads By Year".
13.03.2024 18:27:54 [Information] [TechnicalConditionsOfRoadsController/Read/20/2025] Reading the technical conditions of road for 2025...
13.03.2024 18:27:54 [Information] [TechnicalConditionsOfRoadsApiController/Get] Getting all the technical conditions of roads...
13.03.2024 18:27:56 [Information] [TechnicalConditionsOfRoadsApiController/Get] All technical conditions of roads have been successfully received.
13.03.2024 18:27:56 [Information] [TechnicalConditionsOfRoadsController/Read/20/2025] The technical conditions of road for 2025 was successfully read.
13.03.2024 18:27:56 [Information] [TechnicalConditionsOfRoadsController] Navigating to the page "Read Technical Conditions Of Road For 2025".
13.03.2024 18:27:58 [Information] [TechnicalConditionsOfRoadsController/Read] Reading all technical conditions of roads...
13.03.2024 18:27:58 [Information] [TechnicalConditionsOfRoadsApiController/Get] Getting all the technical conditions of roads...
13.03.2024 18:27:59 [Information] [TechnicalConditionsOfRoadsApiController/Get] All technical conditions of roads have been successfully received.
13.03.2024 18:27:59 [Information] [TechnicalConditionsOfRoadsController/Read] All technical conditions of roads have been successfully read.
13.03.2024 18:27:59 [Information] [TechnicalConditionsOfRoadsController/Read] Reading all roads...
13.03.2024 18:27:59 [Information] [RoadsApiController/Get] Getting all the roads...
13.03.2024 18:27:59 [Information] [RoadsApiController/Get] All roads have been successfully received.
13.03.2024 18:27:59 [Information] [TechnicalConditionsOfRoadsController/Read] All roads have been successfully read.
13.03.2024 18:27:59 [Information] [TechnicalConditionsOfRoadsController] Navigating to the page "Read All Technical Conditions Of Roads By Year".
13.03.2024 18:28:05 [Information] [TechnicalConditionsOfRoadsController/Read/2/2023] Reading the technical conditions of road for 2023...
13.03.2024 18:28:05 [Information] [TechnicalConditionsOfRoadsApiController/Get] Getting all the technical conditions of roads...
13.03.2024 18:28:07 [Information] [TechnicalConditionsOfRoadsApiController/Get] All technical conditions of roads have been successfully received.
13.03.2024 18:28:07 [Information] [TechnicalConditionsOfRoadsController/Read/2/2023] The technical conditions of road for 2023 was successfully read.
13.03.2024 18:28:07 [Information] [TechnicalConditionsOfRoadsController] Navigating to the page "Read Technical Conditions Of Road For 2023".
13.03.2024 18:28:11 [Information] [TechnicalConditionsOfRoadsController/Read] Reading all technical conditions of roads...
13.03.2024 18:28:11 [Information] [TechnicalConditionsOfRoadsApiController/Get] Getting all the technical conditions of roads...
13.03.2024 18:28:13 [Information] [TechnicalConditionsOfRoadsApiController/Get] All technical conditions of roads have been successfully received.
13.03.2024 18:28:13 [Information] [TechnicalConditionsOfRoadsController/Read] All technical conditions of roads have been successfully read.
13.03.2024 18:28:13 [Information] [TechnicalConditionsOfRoadsController/Read] Reading all roads...
13.03.2024 18:28:13 [Information] [RoadsApiController/Get] Getting all the roads...
13.03.2024 18:28:13 [Information] [RoadsApiController/Get] All roads have been successfully received.
13.03.2024 18:28:13 [Information] [TechnicalConditionsOfRoadsController/Read] All roads have been successfully read.
13.03.2024 18:28:13 [Information] [TechnicalConditionsOfRoadsController] Navigating to the page "Read All Technical Conditions Of Roads By Year".
13.03.2024 18:28:19 [Information] [TechnicalConditionsOfRoadsController/Read/4/2024] Reading the technical conditions of road for 2024...
13.03.2024 18:28:19 [Information] [TechnicalConditionsOfRoadsApiController/Get] Getting all the technical conditions of roads...
13.03.2024 18:28:21 [Information] [TechnicalConditionsOfRoadsApiController/Get] All technical conditions of roads have been successfully received.
13.03.2024 18:28:21 [Information] [TechnicalConditionsOfRoadsController/Read/4/2024] The technical conditions of road for 2024 was successfully read.
13.03.2024 18:28:21 [Information] [TechnicalConditionsOfRoadsController] Navigating to the page "Read Technical Conditions Of Road For 2024".
13.03.2024 18:28:25 [Information] [TechnicalConditionsOfRoadsController/Read] Reading all technical conditions of roads...
13.03.2024 18:28:25 [Information] [TechnicalConditionsOfRoadsApiController/Get] Getting all the technical conditions of roads...
13.03.2024 18:28:26 [Information] [TechnicalConditionsOfRoadsApiController/Get] All technical conditions of roads have been successfully received.
13.03.2024 18:28:26 [Information] [TechnicalConditionsOfRoadsController/Read] All technical conditions of roads have been successfully read.
13.03.2024 18:28:26 [Information] [TechnicalConditionsOfRoadsController/Read] Reading all roads...
13.03.2024 18:28:26 [Information] [RoadsApiController/Get] Getting all the roads...
13.03.2024 18:28:26 [Information] [RoadsApiController/Get] All roads have been successfully received.
13.03.2024 18:28:26 [Information] [TechnicalConditionsOfRoadsController/Read] All roads have been successfully read.
13.03.2024 18:28:26 [Information] [TechnicalConditionsOfRoadsController] Navigating to the page "Read All Technical Conditions Of Roads By Year".
