08.01.2024 18:09:09 [Information] [EstimatesController/Read] Reading all estimates...
08.01.2024 18:09:09 [Information] [EstimatesApiController/Get] Getting all the estimates...
08.01.2024 18:09:10 [Information] [EstimatesApiController/Get] All estimates have been successfully received.
08.01.2024 18:09:15 [Information] [EstimatesController/Read] All estimates have been successfully read.
08.01.2024 18:09:15 [Information] [EstimatesController] Navigating to the page "Read All Estimates".
08.01.2024 18:09:24 [Information] [RoadsController/Read] Reading all roads...
08.01.2024 18:09:24 [Information] [RoadsApiController/Get] Getting all the roads...
08.01.2024 18:09:24 [Information] [RoadsApiController/Get] All roads have been successfully received.
08.01.2024 18:09:24 [Information] [RoadsController/Read] All roads have been successfully read.
08.01.2024 18:09:24 [Information] [RoadsController] Navigating to the page "Read All Roads".
08.01.2024 18:09:28 [Information] [RoadsController/Read/20] Reading a road with Id 20...
08.01.2024 18:09:28 [Information] [RoadsApiController/Get/20] Getting a road with Id 20...
08.01.2024 18:09:28 [Information] [RoadsApiController/Get/20] The road with Id 20 was successfully received.
08.01.2024 18:09:35 [Information] [RoadsController/Read/20] The road with Id 20 was successfully read.
08.01.2024 18:09:35 [Information] [RoadsController] Navigating to the page "Read Road By Id".
08.01.2024 18:09:40 [Information] [RoadsController/Read/20] Reading a road with Id 20...
08.01.2024 18:09:40 [Information] [RoadsApiController/Get/20] Getting a road with Id 20...
08.01.2024 18:09:40 [Information] [RoadsApiController/Get/20] The road with Id 20 was successfully received.
08.01.2024 18:09:40 [Information] [RoadsController/Read/20] The road with Id 20 was successfully read.
08.01.2024 18:09:40 [Information] [RoadsController] Navigating to the page "Read Road By Id".
08.01.2024 18:09:44 [Information] [EstimatesController/Read] Reading all estimates...
08.01.2024 18:09:44 [Information] [EstimatesApiController/Get] Getting all the estimates...
08.01.2024 18:09:44 [Information] [EstimatesApiController/Get] All estimates have been successfully received.
08.01.2024 18:09:49 [Information] [EstimatesController/Read] All estimates have been successfully read.
08.01.2024 18:09:49 [Information] [EstimatesController] Navigating to the page "Read All Estimates".
