22.02.2024 1:58:37 [Information] [HomeController/Planning] Planning...
22.02.2024 1:58:37 [Information] [HomeApiController/Get/Plans] Getting plans...
22.02.2024 1:58:37 [Information] [TechnicalConditionsOfRoadsAnalysisModule/GetInitialTechnicalConditions] Reading all technical conditions of roads...
22.02.2024 1:58:37 [Information] [TechnicalConditionsOfRoadsApiController/Get] Getting all the technical conditions of roads...
22.02.2024 1:58:40 [Information] [TechnicalConditionsOfRoadsApiController/Get] All technical conditions of roads have been successfully received.
22.02.2024 1:58:40 [Information] [TechnicalConditionsOfRoadsAnalysisModule/GetInitialTechnicalConditions] All technical conditions of roads have been successfully read.
22.02.2024 1:58:40 [Information] [TechnicalConditionsOfRoadsAnalysisModule/GetInitialTechnicalConditions] Getting all initial technical conditions...
22.02.2024 1:58:40 [Information] [TechnicalConditionsOfRoadsAnalysisModule/GetInitialTechnicalConditions] All initial technical conditions have been successfully received.
22.02.2024 1:58:40 [Information] [DataAnalysisModule/PredictTechnicalConditionsOfRoads] Reading all technical conditions of roads...
22.02.2024 1:58:40 [Information] [TechnicalConditionsOfRoadsApiController/Get] Getting all the technical conditions of roads...
22.02.2024 1:58:42 [Information] [TechnicalConditionsOfRoadsApiController/Get] All technical conditions of roads have been successfully received.
22.02.2024 1:58:42 [Information] [DataAnalysisModule/PredictTechnicalConditionsOfRoads] All technical conditions of roads have been successfully read.
22.02.2024 1:58:42 [Information] [DataAnalysisModule/PredictTechnicalConditionsOfRoads] Predicting the technical conditions of roads...
22.02.2024 1:58:42 [Information] [DataAnalysisModule/ExecutePythonScript] Executing a Python script...
22.02.2024 1:59:32 [Information] [DataAnalysisModule/ExecutePythonScript] The Python script has been successfully executed.
22.02.2024 1:59:32 [Information] [DataAnalysisModule/PredictTechnicalConditionsOfRoads] Reading all roads...
22.02.2024 1:59:32 [Information] [RoadsApiController/Get] Getting all the roads...
22.02.2024 1:59:32 [Information] [RoadsApiController/Get] All roads have been successfully received.
22.02.2024 1:59:32 [Information] [DataAnalysisModule/PredictTechnicalConditionsOfRoads] All roads have been successfully read.
22.02.2024 1:59:33 [Information] [DataAnalysisModule/PredictTechnicalConditionsOfRoads] Technical conditions of roads have been successfully predicted.
