07.01.2024 23:52:51 [Information] [RoadsController/Read] Reading all roads...
07.01.2024 23:52:51 [Information] [RoadsApiController/Get] Getting all the roads...
07.01.2024 23:52:51 [Information] [RoadsApiController/Get] All roads have been successfully received.
07.01.2024 23:52:51 [Information] [RoadsController/Read] All roads have been successfully read.
07.01.2024 23:52:51 [Information] [RoadsController] Navigating to the page "Read All Roads".
07.01.2024 23:52:53 [Information] [RoadsController] Navigating to the page "Create Road".
07.01.2024 23:52:59 [Information] [RoadsController/Create] Creating a new road...
07.01.2024 23:52:59 [Information] [RoadsApiController/Post] Creating a new road...
07.01.2024 23:52:59 [Information] [RoadsApiController/Post] A new road with Id 27 has been successfully created.
07.01.2024 23:52:59 [Information] [RoadsController/Create] A new road with Id 27 has been successfully created.
07.01.2024 23:52:59 [Information] [RoadsController/Read] Reading all roads...
07.01.2024 23:52:59 [Information] [RoadsApiController/Get] Getting all the roads...
07.01.2024 23:52:59 [Information] [RoadsApiController/Get] All roads have been successfully received.
07.01.2024 23:52:59 [Information] [RoadsController/Read] All roads have been successfully read.
07.01.2024 23:52:59 [Information] [RoadsController] Navigating to the page "Read All Roads".
07.01.2024 23:53:02 [Information] [RoadsController/Read/27] Reading a road with Id 27...
07.01.2024 23:53:02 [Information] [RoadsApiController/Get/27] Getting a road with Id 27...
07.01.2024 23:53:02 [Information] [RoadsApiController/Get/27] The road with Id 27 was successfully received.
07.01.2024 23:53:02 [Information] [RoadsController/Read/27] The road with Id 27 was successfully read.
07.01.2024 23:53:02 [Information] [RoadsController] Navigating to the page "Read Road By Id".
An unhandled exception has occurred while executing the request.
An unhandled exception has occurred while executing the request.
