06.01.2024 17:12:19 [Information] [RoadsApiController] Getting all the roads...
06.01.2024 17:12:20 [Information] [RoadsApiController] All roads have been successfully received.
06.01.2024 17:12:52 [Information] [RoadsApiController] Getting a road with Id 1...
06.01.2024 17:12:52 [Information] [RoadsApiController] The road with Id 1 was successfully received.
06.01.2024 17:12:57 [Information] [RoadsApiController] Getting a road with Id 100...
06.01.2024 17:12:57 [Warning] [RoadsApiController] The road with Id 100 was not found.
06.01.2024 17:13:30 [Information] [RoadsApiController] Creating a new road...
06.01.2024 17:13:30 [Information] [RoadsApiController] A new road with Id 21 has been successfully created.
06.01.2024 17:14:05 [Information] [RoadsApiController] Updating the road with Id 21...
06.01.2024 17:14:05 [Information] [RoadsApiController] The road with Id 21 has been successfully updated.
06.01.2024 17:14:16 [Information] [RoadsApiController] Deleting a road with Id 21...
06.01.2024 17:14:16 [Information] [RoadsApiController] The road with Id 21 has been successfully deleted.
06.01.2024 17:14:38 [Information] [EstimatesApiController] Getting all the estimates...
06.01.2024 17:14:38 [Information] [EstimatesApiController] All estimates have been successfully received.
06.01.2024 17:14:52 [Information] [EstimatesApiController] Getting a estimate with Id 2...
06.01.2024 17:14:52 [Information] [EstimatesApiController] The estimate with Id 2 was successfully received.
06.01.2024 17:15:17 [Information] [EstimatesApiController] Creating a new estimate...
06.01.2024 17:15:17 [Information] [EstimatesApiController] A new estimate with Id 401 has been successfully created.
06.01.2024 17:15:56 [Information] [EstimatesApiController] Updating the estimate with Id 402...
06.01.2024 17:15:56 [Warning] [EstimatesApiController] The estimate with Id 402 was not found.
06.01.2024 17:16:03 [Information] [EstimatesApiController] Updating the estimate with Id 401...
06.01.2024 17:16:03 [Information] [EstimatesApiController] The estimate with Id 401 has been successfully updated.
06.01.2024 17:16:42 [Information] [EstimatesApiController] Deleting a estimate with Id 401...
06.01.2024 17:16:42 [Information] [EstimatesApiController] The estimate with Id 401 has been successfully deleted.
