06.03.2024 17:58:38 [Information] [EstimatesController/Read] Reading all estimates...
06.03.2024 17:58:38 [Information] [EstimatesApiController/Get] Getting all the estimates...
06.03.2024 17:58:39 [Information] [EstimatesApiController/Get] All estimates have been successfully received.
06.03.2024 17:58:39 [Information] [EstimatesController/Read] All estimates have been successfully read.
06.03.2024 17:58:39 [Information] [EstimatesController/Read] Reading all roads...
06.03.2024 17:58:39 [Information] [RoadsApiController/Get] Getting all the roads...
06.03.2024 17:58:39 [Information] [RoadsApiController/Get] All roads have been successfully received.
06.03.2024 17:58:39 [Information] [EstimatesController/Read] All roads have been successfully read.
06.03.2024 17:58:39 [Information] [EstimatesController] Navigating to the page "Read All Estimates".
06.03.2024 17:58:42 [Information] [EstimatesController/Read/1] Reading a estimate with Id 1...
06.03.2024 17:58:42 [Information] [EstimatesApiController/Get/1] Getting a estimate with Id 1...
06.03.2024 17:58:42 [Information] [EstimatesApiController/Get/1] The estimate with Id 1 was successfully received.
06.03.2024 17:58:42 [Information] [EstimatesController/Read/1] The estimate with Id 1 was successfully read.
06.03.2024 17:58:42 [Information] [EstimatesController] Navigating to the page "Read Estimate By Id".
06.03.2024 17:58:49 [Information] [EstimatesController/Read/41] Reading a estimate with Id 41...
06.03.2024 17:58:49 [Information] [EstimatesApiController/Get/41] Getting a estimate with Id 41...
06.03.2024 17:58:49 [Information] [EstimatesApiController/Get/41] The estimate with Id 41 was successfully received.
06.03.2024 17:58:49 [Information] [EstimatesController/Read/41] The estimate with Id 41 was successfully read.
06.03.2024 17:58:49 [Information] [EstimatesController] Navigating to the page "Read Estimate By Id".
06.03.2024 17:59:03 [Information] [RoadsController/Read] Reading all roads...
06.03.2024 17:59:03 [Information] [RoadsApiController/Get] Getting all the roads...
06.03.2024 17:59:03 [Information] [RoadsApiController/Get] All roads have been successfully received.
06.03.2024 17:59:03 [Information] [RoadsController/Read] All roads have been successfully read.
06.03.2024 17:59:03 [Information] [RoadsController] Navigating to the page "Read All Roads".
06.03.2024 17:59:09 [Information] [RoadsController/Read/2] Reading a road with Id 2...
06.03.2024 17:59:09 [Information] [RoadsApiController/Get/2] Getting a road with Id 2...
06.03.2024 17:59:09 [Information] [RoadsApiController/Get/2] The road with Id 2 was successfully received.
06.03.2024 17:59:09 [Information] [RoadsController/Read/2] The road with Id 2 was successfully read.
06.03.2024 17:59:09 [Information] [RoadsController] Navigating to the page "Read Road By Id".
06.03.2024 17:59:11 [Information] [RoadsController/Read] Reading all roads...
06.03.2024 17:59:11 [Information] [RoadsApiController/Get] Getting all the roads...
06.03.2024 17:59:11 [Information] [RoadsApiController/Get] All roads have been successfully received.
06.03.2024 17:59:11 [Information] [RoadsController/Read] All roads have been successfully read.
06.03.2024 17:59:11 [Information] [RoadsController] Navigating to the page "Read All Roads".
06.03.2024 17:59:13 [Information] [RoadsController/Read/3] Reading a road with Id 3...
06.03.2024 17:59:13 [Information] [RoadsApiController/Get/3] Getting a road with Id 3...
06.03.2024 17:59:13 [Information] [RoadsApiController/Get/3] The road with Id 3 was successfully received.
06.03.2024 17:59:13 [Information] [RoadsController/Read/3] The road with Id 3 was successfully read.
06.03.2024 17:59:13 [Information] [RoadsController] Navigating to the page "Read Road By Id".
06.03.2024 17:59:15 [Information] [RoadsController/Read] Reading all roads...
06.03.2024 17:59:15 [Information] [RoadsApiController/Get] Getting all the roads...
06.03.2024 17:59:15 [Information] [RoadsApiController/Get] All roads have been successfully received.
06.03.2024 17:59:15 [Information] [RoadsController/Read] All roads have been successfully read.
06.03.2024 17:59:15 [Information] [RoadsController] Navigating to the page "Read All Roads".
06.03.2024 17:59:33 [Information] [TechnicalConditionsOfRoadsController/Read] Reading all technical conditions of roads...
06.03.2024 17:59:33 [Information] [TechnicalConditionsOfRoadsApiController/Get] Getting all the technical conditions of roads...
06.03.2024 17:59:34 [Information] [EstimatesController/Read] Reading all estimates...
06.03.2024 17:59:34 [Information] [EstimatesApiController/Get] Getting all the estimates...
06.03.2024 17:59:35 [Information] [TechnicalConditionsOfRoadsApiController/Get] All technical conditions of roads have been successfully received.
06.03.2024 17:59:35 [Information] [TechnicalConditionsOfRoadsController/Read] All technical conditions of roads have been successfully read.
06.03.2024 17:59:35 [Information] [TechnicalConditionsOfRoadsController/Read] Reading all roads...
06.03.2024 17:59:35 [Information] [RoadsApiController/Get] Getting all the roads...
06.03.2024 17:59:35 [Information] [RoadsApiController/Get] All roads have been successfully received.
06.03.2024 17:59:35 [Information] [TechnicalConditionsOfRoadsController/Read] All roads have been successfully read.
06.03.2024 17:59:35 [Information] [TechnicalConditionsOfRoadsController] Navigating to the page "Read All Technical Conditions Of Roads By Year".
06.03.2024 17:59:35 [Information] [EstimatesApiController/Get] All estimates have been successfully received.
06.03.2024 17:59:35 [Information] [EstimatesController/Read] All estimates have been successfully read.
06.03.2024 17:59:35 [Information] [EstimatesController/Read] Reading all roads...
06.03.2024 17:59:35 [Information] [RoadsApiController/Get] Getting all the roads...
06.03.2024 17:59:35 [Information] [RoadsApiController/Get] All roads have been successfully received.
06.03.2024 17:59:35 [Information] [EstimatesController/Read] All roads have been successfully read.
06.03.2024 17:59:35 [Information] [EstimatesController] Navigating to the page "Read All Estimates".
06.03.2024 17:59:39 [Information] [EstimatesController/Read/41] Reading a estimate with Id 41...
06.03.2024 17:59:39 [Information] [EstimatesApiController/Get/41] Getting a estimate with Id 41...
06.03.2024 17:59:39 [Information] [EstimatesApiController/Get/41] The estimate with Id 41 was successfully received.
06.03.2024 17:59:39 [Information] [EstimatesController/Read/41] The estimate with Id 41 was successfully read.
06.03.2024 17:59:39 [Information] [EstimatesController] Navigating to the page "Read Estimate By Id".
06.03.2024 18:00:19 [Information] [EstimatesController/Read/42] Reading a estimate with Id 42...
06.03.2024 18:00:19 [Information] [EstimatesApiController/Get/42] Getting a estimate with Id 42...
06.03.2024 18:00:19 [Information] [EstimatesApiController/Get/42] The estimate with Id 42 was successfully received.
06.03.2024 18:00:19 [Information] [EstimatesController/Read/42] The estimate with Id 42 was successfully read.
06.03.2024 18:00:19 [Information] [EstimatesController] Navigating to the page "Read Estimate By Id".
06.03.2024 18:01:15 [Information] [EstimatesController/Read/41] Reading a estimate with Id 41...
06.03.2024 18:01:15 [Information] [EstimatesApiController/Get/41] Getting a estimate with Id 41...
06.03.2024 18:01:15 [Information] [EstimatesApiController/Get/41] The estimate with Id 41 was successfully received.
06.03.2024 18:01:15 [Information] [EstimatesController/Read/41] The estimate with Id 41 was successfully read.
06.03.2024 18:01:15 [Information] [EstimatesController] Navigating to the page "Read Estimate By Id".
06.03.2024 18:01:19 [Information] [EstimatesController/Read/42] Reading a estimate with Id 42...
06.03.2024 18:01:19 [Information] [EstimatesApiController/Get/42] Getting a estimate with Id 42...
06.03.2024 18:01:19 [Information] [EstimatesApiController/Get/42] The estimate with Id 42 was successfully received.
06.03.2024 18:01:19 [Information] [EstimatesController/Read/42] The estimate with Id 42 was successfully read.
06.03.2024 18:01:19 [Information] [EstimatesController] Navigating to the page "Read Estimate By Id".
06.03.2024 18:01:22 [Information] [EstimatesController/Read/43] Reading a estimate with Id 43...
06.03.2024 18:01:22 [Information] [EstimatesApiController/Get/43] Getting a estimate with Id 43...
06.03.2024 18:01:22 [Information] [EstimatesApiController/Get/43] The estimate with Id 43 was successfully received.
06.03.2024 18:01:22 [Information] [EstimatesController/Read/43] The estimate with Id 43 was successfully read.
06.03.2024 18:01:22 [Information] [EstimatesController] Navigating to the page "Read Estimate By Id".
06.03.2024 18:01:25 [Information] [EstimatesController/Read/44] Reading a estimate with Id 44...
06.03.2024 18:01:25 [Information] [EstimatesApiController/Get/44] Getting a estimate with Id 44...
06.03.2024 18:01:25 [Information] [EstimatesApiController/Get/44] The estimate with Id 44 was successfully received.
06.03.2024 18:01:25 [Information] [EstimatesController/Read/44] The estimate with Id 44 was successfully read.
06.03.2024 18:01:25 [Information] [EstimatesController] Navigating to the page "Read Estimate By Id".
06.03.2024 18:02:12 [Information] [EstimatesController/Read/41] Reading a estimate with Id 41...
06.03.2024 18:02:12 [Information] [EstimatesApiController/Get/41] Getting a estimate with Id 41...
06.03.2024 18:02:12 [Information] [EstimatesApiController/Get/41] The estimate with Id 41 was successfully received.
06.03.2024 18:02:12 [Information] [EstimatesController/Read/41] The estimate with Id 41 was successfully read.
06.03.2024 18:02:12 [Information] [EstimatesController] Navigating to the page "Read Estimate By Id".
06.03.2024 18:05:07 [Information] [EstimatesController/Read/81] Reading a estimate with Id 81...
06.03.2024 18:05:07 [Information] [EstimatesApiController/Get/81] Getting a estimate with Id 81...
06.03.2024 18:05:07 [Information] [EstimatesApiController/Get/81] The estimate with Id 81 was successfully received.
06.03.2024 18:05:07 [Information] [EstimatesController/Read/81] The estimate with Id 81 was successfully read.
06.03.2024 18:05:07 [Information] [EstimatesController] Navigating to the page "Read Estimate By Id".
06.03.2024 18:08:00 [Information] [EstimatesController/Read/81] Reading a estimate with Id 81...
06.03.2024 18:08:00 [Information] [EstimatesApiController/Get/81] Getting a estimate with Id 81...
06.03.2024 18:08:00 [Information] [EstimatesApiController/Get/81] The estimate with Id 81 was successfully received.
06.03.2024 18:08:00 [Information] [EstimatesController/Read/81] The estimate with Id 81 was successfully read.
06.03.2024 18:08:00 [Information] [EstimatesController] Navigating to the page "Read Estimate By Id".
06.03.2024 18:08:04 [Information] [EstimatesController/Read/121] Reading a estimate with Id 121...
06.03.2024 18:08:04 [Information] [EstimatesApiController/Get/121] Getting a estimate with Id 121...
06.03.2024 18:08:04 [Information] [EstimatesApiController/Get/121] The estimate with Id 121 was successfully received.
06.03.2024 18:08:04 [Information] [EstimatesController/Read/121] The estimate with Id 121 was successfully read.
06.03.2024 18:08:04 [Information] [EstimatesController] Navigating to the page "Read Estimate By Id".
