07.01.2024 23:55:47 [Information] [RoadsController/Read] Reading all roads...
07.01.2024 23:55:47 [Information] [RoadsApiController/Get] Getting all the roads...
07.01.2024 23:55:47 [Information] [RoadsApiController/Get] All roads have been successfully received.
07.01.2024 23:55:47 [Information] [RoadsController/Read] All roads have been successfully read.
07.01.2024 23:55:47 [Information] [RoadsController] Navigating to the page "Read All Roads".
07.01.2024 23:55:50 [Information] [RoadsController] Navigating to the page "Create Road".
07.01.2024 23:55:55 [Information] [RoadsController/Create] Creating a new road...
07.01.2024 23:55:55 [Information] [RoadsApiController/Post] Creating a new road...
07.01.2024 23:55:55 [Information] [RoadsApiController/Post] A new road with Id 28 has been successfully created.
07.01.2024 23:55:55 [Information] [RoadsController/Create] A new road with Id 28 has been successfully created.
07.01.2024 23:55:55 [Information] [RoadsController/Read] Reading all roads...
07.01.2024 23:55:55 [Information] [RoadsApiController/Get] Getting all the roads...
07.01.2024 23:55:55 [Information] [RoadsApiController/Get] All roads have been successfully received.
07.01.2024 23:55:55 [Information] [RoadsController/Read] All roads have been successfully read.
07.01.2024 23:55:55 [Information] [RoadsController] Navigating to the page "Read All Roads".
07.01.2024 23:55:56 [Information] [RoadsController/Update/28] Reading a road with Id 28...
07.01.2024 23:55:56 [Information] [RoadsApiController/Get/28] Getting a road with Id 28...
07.01.2024 23:55:57 [Information] [RoadsApiController/Get/28] The road with Id 28 was successfully received.
07.01.2024 23:55:57 [Information] [RoadsController/Update/28] The road with Id 28 was successfully read.
07.01.2024 23:55:57 [Information] [RoadsController] Navigating to the page "Update Road".
