08.01.2024 21:40:04 [Information] [RoadsController/Read] Reading all roads...
08.01.2024 21:40:04 [Information] [RoadsApiController/Get] Getting all the roads...
08.01.2024 21:40:05 [Information] [RoadsApiController/Get] All roads have been successfully received.
08.01.2024 21:40:05 [Information] [RoadsController/Read] All roads have been successfully read.
08.01.2024 21:40:05 [Information] [RoadsController] Navigating to the page "Read All Roads".
08.01.2024 21:40:10 [Information] [RoadsController] Navigating to the page "Create Road".
08.01.2024 21:40:13 [Information] [EstimatesController/Read] Reading all estimates...
08.01.2024 21:40:13 [Information] [EstimatesApiController/Get] Getting all the estimates...
08.01.2024 21:40:14 [Information] [EstimatesApiController/Get] All estimates have been successfully received.
08.01.2024 21:40:14 [Information] [EstimatesController/Read] All estimates have been successfully read.
08.01.2024 21:40:14 [Information] [EstimatesController] Navigating to the page "Read All Estimates".
08.01.2024 21:40:15 [Information] [EstimatesController/Read/1] Reading a estimate with Id 1...
08.01.2024 21:40:15 [Information] [EstimatesApiController/Get/1] Getting a estimate with Id 1...
08.01.2024 21:40:15 [Information] [EstimatesApiController/Get/1] The estimate with Id 1 was successfully received.
08.01.2024 21:40:15 [Information] [EstimatesController/Read/1] The estimate with Id 1 was successfully read.
08.01.2024 21:40:15 [Information] [EstimatesController] Navigating to the page "Read Estimate By Id".
08.01.2024 21:40:24 [Information] [RoadsController/Read] Reading all roads...
08.01.2024 21:40:24 [Information] [RoadsApiController/Get] Getting all the roads...
08.01.2024 21:40:24 [Information] [RoadsApiController/Get] All roads have been successfully received.
08.01.2024 21:40:24 [Information] [RoadsController/Read] All roads have been successfully read.
08.01.2024 21:40:24 [Information] [RoadsController] Navigating to the page "Read All Roads".
08.01.2024 21:40:26 [Information] [RoadsController] Navigating to the page "Create Road".
08.01.2024 21:40:29 [Information] [EstimatesController/Read] Reading all estimates...
08.01.2024 21:40:29 [Information] [EstimatesApiController/Get] Getting all the estimates...
08.01.2024 21:40:29 [Information] [EstimatesApiController/Get] All estimates have been successfully received.
08.01.2024 21:40:29 [Information] [EstimatesController/Read] All estimates have been successfully read.
08.01.2024 21:40:29 [Information] [EstimatesController] Navigating to the page "Read All Estimates".
08.01.2024 21:40:30 [Information] [EstimatesController/Update/3] Reading a estimate with Id 3...
08.01.2024 21:40:30 [Information] [EstimatesApiController/Get/3] Getting a estimate with Id 3...
08.01.2024 21:40:30 [Information] [EstimatesApiController/Get/3] The estimate with Id 3 was successfully received.
08.01.2024 21:40:30 [Information] [EstimatesController/Update/3] The estimate with Id 3 was successfully read.
08.01.2024 21:40:30 [Information] [EstimatesController/Update/3] Reading all roads...
08.01.2024 21:40:30 [Information] [RoadsApiController/Get] Getting all the roads...
08.01.2024 21:40:30 [Information] [RoadsApiController/Get] All roads have been successfully received.
08.01.2024 21:40:30 [Information] [EstimatesController/Update/3] All roads have been successfully read.
08.01.2024 21:40:30 [Information] [EstimatesController] Navigating to the page "Update Estimate".
08.01.2024 21:41:04 [Information] [RoadsController/Read] Reading all roads...
08.01.2024 21:41:04 [Information] [RoadsApiController/Get] Getting all the roads...
08.01.2024 21:41:04 [Information] [RoadsApiController/Get] All roads have been successfully received.
08.01.2024 21:41:04 [Information] [RoadsController/Read] All roads have been successfully read.
08.01.2024 21:41:04 [Information] [RoadsController] Navigating to the page "Read All Roads".
08.01.2024 21:41:36 [Information] [RoadsController/Read/1] Reading a road with Id 1...
08.01.2024 21:41:36 [Information] [RoadsApiController/Get/1] Getting a road with Id 1...
08.01.2024 21:41:36 [Information] [RoadsApiController/Get/1] The road with Id 1 was successfully received.
08.01.2024 21:41:36 [Information] [RoadsController/Read/1] The road with Id 1 was successfully read.
08.01.2024 21:41:36 [Information] [RoadsController] Navigating to the page "Read Road By Id".
