08.01.2024 17:26:21 [Information] [RoadsController/Read] Reading all roads...
08.01.2024 17:26:21 [Information] [RoadsApiController/Get] Getting all the roads...
08.01.2024 17:26:22 [Information] [RoadsApiController/Get] All roads have been successfully received.
08.01.2024 17:26:22 [Information] [RoadsController/Read] All roads have been successfully read.
08.01.2024 17:26:22 [Information] [RoadsController] Navigating to the page "Read All Roads".
08.01.2024 17:26:25 [Information] [RoadsController/Update/22] Reading a road with Id 22...
08.01.2024 17:26:25 [Information] [RoadsApiController/Get/22] Getting a road with Id 22...
08.01.2024 17:26:25 [Information] [RoadsApiController/Get/22] The road with Id 22 was successfully received.
08.01.2024 17:26:25 [Information] [RoadsController/Update/22] The road with Id 22 was successfully read.
08.01.2024 17:26:25 [Information] [RoadsController] Navigating to the page "Update Road".
08.01.2024 17:26:30 [Information] [RoadsController/Update] Updating the road with Id 22...
08.01.2024 17:26:30 [Information] [RoadsApiController/Put/22] Updating the road with Id 22...
08.01.2024 17:26:30 [Information] [RoadsApiController/Put/22] The road with Id 22 has been successfully updated.
08.01.2024 17:26:30 [Information] [RoadsController/Update] The road with Id 22 has been successfully updated.
08.01.2024 17:26:30 [Information] [RoadsController/Read] Reading all roads...
08.01.2024 17:26:30 [Information] [RoadsApiController/Get] Getting all the roads...
08.01.2024 17:26:30 [Information] [RoadsApiController/Get] All roads have been successfully received.
08.01.2024 17:26:30 [Information] [RoadsController/Read] All roads have been successfully read.
08.01.2024 17:26:30 [Information] [RoadsController] Navigating to the page "Read All Roads".
08.01.2024 17:26:34 [Information] [RoadsController/Delete/22] Reading a road with Id 22...
08.01.2024 17:26:34 [Information] [RoadsApiController/Get/22] Getting a road with Id 22...
08.01.2024 17:26:34 [Information] [RoadsApiController/Get/22] The road with Id 22 was successfully received.
08.01.2024 17:26:34 [Information] [RoadsController/Delete/22] The road with Id 22 was successfully read.
08.01.2024 17:26:34 [Information] [RoadsController] Navigating to the page "Delete Road".
08.01.2024 17:26:36 [Information] [RoadsController/Delete] Deleting a road with Id 22...
08.01.2024 17:26:36 [Information] [RoadsApiController/Delete/22] Deleting a road with Id 22...
08.01.2024 17:26:36 [Information] [RoadsApiController/Delete/22] The road with Id 22 has been successfully deleted.
08.01.2024 17:26:37 [Information] [RoadsController/Delete] The road with Id 22 has been successfully deleted.
08.01.2024 17:26:37 [Information] [RoadsController/Read] Reading all roads...
08.01.2024 17:26:37 [Information] [RoadsApiController/Get] Getting all the roads...
08.01.2024 17:26:37 [Information] [RoadsApiController/Get] All roads have been successfully received.
08.01.2024 17:26:37 [Information] [RoadsController/Read] All roads have been successfully read.
08.01.2024 17:26:37 [Information] [RoadsController] Navigating to the page "Read All Roads".
