07.01.2024 23:07:28 [Information] [RoadsController/Read] Reading all roads...
07.01.2024 23:07:28 [Information] [RoadsApiController/Get] Getting all the roads...
07.01.2024 23:07:28 [Information] [RoadsApiController/Get] All roads have been successfully received.
07.01.2024 23:07:28 [Information] [RoadsController/Read] All roads have been successfully read.
07.01.2024 23:07:28 [Information] [RoadsController] Navigating to the page "Read All Roads".
07.01.2024 23:07:30 [Information] [RoadsController/Delete/24] Reading a road with Id 24...
07.01.2024 23:07:30 [Information] [RoadsApiController/Get/24] Getting a road with Id 24...
07.01.2024 23:07:31 [Information] [RoadsApiController/Get/24] The road with Id 24 was successfully received.
07.01.2024 23:07:31 [Information] [RoadsController/Delete/24] The road with Id 24 was successfully read.
07.01.2024 23:07:31 [Information] [RoadsController] Navigating to the page "Delete Road".
07.01.2024 23:07:38 [Information] [RoadsController/Update/24] Reading a road with Id 24...
07.01.2024 23:07:38 [Information] [RoadsApiController/Get/24] Getting a road with Id 24...
07.01.2024 23:07:38 [Information] [RoadsApiController/Get/24] The road with Id 24 was successfully received.
07.01.2024 23:07:38 [Information] [RoadsController/Update/24] The road with Id 24 was successfully read.
07.01.2024 23:07:38 [Information] [RoadsController] Navigating to the page "Update Road".
07.01.2024 23:07:42 [Information] [RoadsController/Delete/24] Reading a road with Id 24...
07.01.2024 23:07:42 [Information] [RoadsApiController/Get/24] Getting a road with Id 24...
07.01.2024 23:07:42 [Information] [RoadsApiController/Get/24] The road with Id 24 was successfully received.
07.01.2024 23:07:42 [Information] [RoadsController/Delete/24] The road with Id 24 was successfully read.
07.01.2024 23:07:42 [Information] [RoadsController] Navigating to the page "Delete Road".
