07.01.2024 21:48:13 [Information] [RoadsController/Read] Reading all roads...
07.01.2024 21:48:13 [Information] [RoadsApiController/Get] Getting all the roads...
07.01.2024 21:48:13 [Information] [RoadsApiController/Get] All roads have been successfully received.
07.01.2024 21:48:13 [Information] [RoadsController/Read] All roads have been successfully read.
07.01.2024 21:48:13 [Information] [RoadsController] Navigating to the page "Read All Roads".
07.01.2024 21:48:18 [Information] [RoadsController/Read/1] Reading a road with Id 1...
07.01.2024 21:48:18 [Information] [RoadsApiController/Get/1] Getting a road with Id 1...
07.01.2024 21:48:18 [Information] [RoadsApiController/Get/1] The road with Id 1 was successfully received.
07.01.2024 21:48:18 [Information] [RoadsController/Read/1] The road with Id 1 was successfully read.
07.01.2024 21:48:18 [Information] [RoadsController] Navigating to the page "Read Road By Id".
07.01.2024 21:48:22 [Information] [RoadsController/Delete/1] Reading a road with Id 1...
07.01.2024 21:48:22 [Information] [RoadsApiController/Get/1] Getting a road with Id 1...
07.01.2024 21:48:22 [Information] [RoadsApiController/Get/1] The road with Id 1 was successfully received.
07.01.2024 21:48:22 [Information] [RoadsController/Delete/1] The road with Id 1 was successfully read.
07.01.2024 21:48:22 [Information] [RoadsController] Navigating to the page "Delete Road".
07.01.2024 21:48:24 [Information] [RoadsController/Update/1] Reading a road with Id 1...
07.01.2024 21:48:24 [Information] [RoadsApiController/Get/1] Getting a road with Id 1...
07.01.2024 21:48:24 [Information] [RoadsApiController/Get/1] The road with Id 1 was successfully received.
07.01.2024 21:48:24 [Information] [RoadsController/Update/1] The road with Id 1 was successfully read.
07.01.2024 21:48:24 [Information] [RoadsController] Navigating to the page "Update Road".
07.01.2024 21:48:31 [Information] [RoadsController] Navigating to the page "Create Road".
07.01.2024 21:48:38 [Information] [RoadsController/Update/1] Reading a road with Id 1...
07.01.2024 21:48:38 [Information] [RoadsApiController/Get/1] Getting a road with Id 1...
07.01.2024 21:48:38 [Information] [RoadsApiController/Get/1] The road with Id 1 was successfully received.
07.01.2024 21:48:38 [Information] [RoadsController/Update/1] The road with Id 1 was successfully read.
07.01.2024 21:48:38 [Information] [RoadsController] Navigating to the page "Update Road".
