07.01.2024 23:54:16 [Information] [RoadsController/Read] Reading all roads...
07.01.2024 23:54:16 [Information] [RoadsApiController/Get] Getting all the roads...
07.01.2024 23:54:16 [Information] [RoadsApiController/Get] All roads have been successfully received.
07.01.2024 23:54:16 [Information] [RoadsController/Read] All roads have been successfully read.
07.01.2024 23:54:16 [Information] [RoadsController] Navigating to the page "Read All Roads".
07.01.2024 23:54:19 [Information] [RoadsController/Update/27] Reading a road with Id 27...
07.01.2024 23:54:19 [Information] [RoadsApiController/Get/27] Getting a road with Id 27...
07.01.2024 23:54:19 [Information] [RoadsApiController/Get/27] The road with Id 27 was successfully received.
07.01.2024 23:54:19 [Information] [RoadsController/Update/27] The road with Id 27 was successfully read.
07.01.2024 23:54:19 [Information] [RoadsController] Navigating to the page "Update Road".
07.01.2024 23:54:22 [Information] [RoadsController/Update] Updating the road with Id 0...
07.01.2024 23:54:22 [Information] [RoadsApiController/Put/0] Updating the road with Id 0...
07.01.2024 23:54:22 [Warning] [RoadsApiController/Put/0] The road with Id 0 was not found.
07.01.2024 23:54:22 [Warning] [RoadsController/Update] Error on the API side of the controller
07.01.2024 23:54:29 [Information] [RoadsController/Update/27] Reading a road with Id 27...
07.01.2024 23:54:29 [Information] [RoadsApiController/Get/27] Getting a road with Id 27...
07.01.2024 23:54:29 [Information] [RoadsApiController/Get/27] The road with Id 27 was successfully received.
07.01.2024 23:54:29 [Information] [RoadsController/Update/27] The road with Id 27 was successfully read.
07.01.2024 23:54:29 [Information] [RoadsController] Navigating to the page "Update Road".
07.01.2024 23:54:32 [Information] [RoadsController/Delete/27] Reading a road with Id 27...
07.01.2024 23:54:32 [Information] [RoadsApiController/Get/27] Getting a road with Id 27...
07.01.2024 23:54:32 [Information] [RoadsApiController/Get/27] The road with Id 27 was successfully received.
07.01.2024 23:54:32 [Information] [RoadsController/Delete/27] The road with Id 27 was successfully read.
07.01.2024 23:54:32 [Information] [RoadsController] Navigating to the page "Delete Road".
07.01.2024 23:54:34 [Information] [RoadsController/Delete] Deleting a road with Id 27...
07.01.2024 23:54:34 [Information] [RoadsApiController/Delete/27] Deleting a road with Id 27...
07.01.2024 23:54:34 [Information] [RoadsApiController/Delete/27] The road with Id 27 has been successfully deleted.
07.01.2024 23:54:34 [Information] [RoadsController/Delete] The road with Id 27 has been successfully deleted.
07.01.2024 23:54:34 [Information] [RoadsController/Read] Reading all roads...
07.01.2024 23:54:34 [Information] [RoadsApiController/Get] Getting all the roads...
07.01.2024 23:54:34 [Information] [RoadsApiController/Get] All roads have been successfully received.
07.01.2024 23:54:34 [Information] [RoadsController/Read] All roads have been successfully read.
07.01.2024 23:54:34 [Information] [RoadsController] Navigating to the page "Read All Roads".
