06.03.2024 19:30:34 [Information] [RoadWorksProgramsController/Read] Reading all road works programs...
06.03.2024 19:30:34 [Information] [RoadWorksProgramsApiController/Get] Getting all the road works programs...
06.03.2024 19:30:34 [Information] [RoadWorksProgramsApiController/Get] All road works programs have been successfully received.
06.03.2024 19:30:35 [Information] [RoadWorksProgramsController/Read] All road works programs have been successfully read.
06.03.2024 19:30:35 [Information] [RoadWorksProgramsController/Read] Reading all roads...
06.03.2024 19:30:35 [Information] [RoadsApiController/Get] Getting all the roads...
06.03.2024 19:30:35 [Information] [RoadsApiController/Get] All roads have been successfully received.
06.03.2024 19:30:35 [Information] [RoadWorksProgramsController/Read] All roads have been successfully read.
06.03.2024 19:30:35 [Information] [RoadWorksProgramsController] Navigating to the page "Read All Road Works Programs By Year".
06.03.2024 19:30:36 [Information] [RoadWorksProgramsController/Read/2/2021] Reading the road works programs for 2021...
06.03.2024 19:30:36 [Information] [RoadWorksProgramsApiController/Get] Getting all the road works programs...
06.03.2024 19:30:36 [Information] [RoadWorksProgramsApiController/Get] All road works programs have been successfully received.
06.03.2024 19:30:36 [Information] [RoadWorksProgramsController/Read/2/2021] The road works programs for 2021 was successfully read.
06.03.2024 19:30:44 [Information] [RoadWorksProgramsController] Navigating to the page "Read Road Works Programs For 2021".
06.03.2024 19:31:04 [Information] [EstimatesController/Read/42] Reading a estimate with Id 42...
06.03.2024 19:31:04 [Information] [EstimatesApiController/Get/42] Getting a estimate with Id 42...
06.03.2024 19:31:04 [Information] [EstimatesApiController/Get/42] The estimate with Id 42 was successfully received.
06.03.2024 19:31:04 [Information] [EstimatesController/Read/42] The estimate with Id 42 was successfully read.
06.03.2024 19:31:04 [Information] [EstimatesController] Navigating to the page "Read Estimate By Id".
06.03.2024 19:31:05 [Information] [RoadWorksProgramsController/Read/2/2021] Reading the road works programs for 2021...
06.03.2024 19:31:05 [Information] [RoadWorksProgramsApiController/Get] Getting all the road works programs...
06.03.2024 19:31:05 [Information] [RoadWorksProgramsApiController/Get] All road works programs have been successfully received.
06.03.2024 19:31:05 [Information] [RoadWorksProgramsController/Read/2/2021] The road works programs for 2021 was successfully read.
06.03.2024 19:31:05 [Information] [RoadWorksProgramsController] Navigating to the page "Read Road Works Programs For 2021".
06.03.2024 19:31:15 [Information] [RoadWorksProgramsController/Read/2/2022] Reading the road works programs for 2022...
06.03.2024 19:31:15 [Information] [RoadWorksProgramsApiController/Get] Getting all the road works programs...
06.03.2024 19:31:15 [Information] [RoadWorksProgramsApiController/Get] All road works programs have been successfully received.
06.03.2024 19:31:15 [Information] [RoadWorksProgramsController/Read/2/2022] The road works programs for 2022 was successfully read.
06.03.2024 19:31:15 [Information] [RoadWorksProgramsController] Navigating to the page "Read Road Works Programs For 2022".
