07.01.2024 23:03:41 [Information] [RoadsController/Read] Reading all roads...
07.01.2024 23:03:41 [Information] [RoadsApiController/Get] Getting all the roads...
07.01.2024 23:03:41 [Information] [RoadsApiController/Get] All roads have been successfully received.
07.01.2024 23:03:41 [Information] [RoadsController/Read] All roads have been successfully read.
07.01.2024 23:03:41 [Information] [RoadsController] Navigating to the page "Read All Roads".
07.01.2024 23:03:43 [Information] [RoadsController] Navigating to the page "Create Road".
07.01.2024 23:03:47 [Information] [RoadsController/Create] Creating a new road...
07.01.2024 23:03:47 [Information] [RoadsApiController/Post] Creating a new road...
07.01.2024 23:03:47 [Information] [RoadsApiController/Post] A new road with Id 24 has been successfully created.
07.01.2024 23:03:47 [Information] [RoadsController/Create] A new road with Id 24 has been successfully created.
07.01.2024 23:03:47 [Information] [RoadsController/Read] Reading all roads...
07.01.2024 23:03:47 [Information] [RoadsApiController/Get] Getting all the roads...
07.01.2024 23:03:47 [Information] [RoadsApiController/Get] All roads have been successfully received.
07.01.2024 23:03:47 [Information] [RoadsController/Read] All roads have been successfully read.
07.01.2024 23:03:47 [Information] [RoadsController] Navigating to the page "Read All Roads".
07.01.2024 23:03:50 [Information] [RoadsController/Delete/24] Reading a road with Id 24...
07.01.2024 23:03:50 [Information] [RoadsApiController/Get/24] Getting a road with Id 24...
07.01.2024 23:03:50 [Information] [RoadsApiController/Get/24] The road with Id 24 was successfully received.
07.01.2024 23:03:50 [Information] [RoadsController/Delete/24] The road with Id 24 was successfully read.
07.01.2024 23:03:50 [Information] [RoadsController] Navigating to the page "Delete Road".
07.01.2024 23:03:58 [Information] [RoadsController/Update/24] Reading a road with Id 24...
07.01.2024 23:03:58 [Information] [RoadsApiController/Get/24] Getting a road with Id 24...
07.01.2024 23:03:58 [Information] [RoadsApiController/Get/24] The road with Id 24 was successfully received.
07.01.2024 23:03:58 [Information] [RoadsController/Update/24] The road with Id 24 was successfully read.
07.01.2024 23:03:58 [Information] [RoadsController] Navigating to the page "Update Road".
