11.03.2024 19:39:48 [Information] [RoadWorksProgramsController/Read] Reading all road works programs...
11.03.2024 19:39:48 [Information] [RoadWorksProgramsApiController/Get] Getting all the road works programs...
11.03.2024 19:39:49 [Information] [RoadWorksProgramsApiController/Get] All road works programs have been successfully received.
11.03.2024 19:39:49 [Information] [RoadWorksProgramsController/Read] All road works programs have been successfully read.
11.03.2024 19:39:49 [Information] [RoadWorksProgramsController/Read] Reading all roads...
11.03.2024 19:39:49 [Information] [RoadsApiController/Get] Getting all the roads...
11.03.2024 19:39:49 [Information] [RoadsApiController/Get] All roads have been successfully received.
11.03.2024 19:39:49 [Information] [RoadWorksProgramsController/Read] All roads have been successfully read.
11.03.2024 19:39:49 [Information] [RoadWorksProgramsController] Navigating to the page "Read All Road Works Programs By Year".
11.03.2024 19:39:50 [Information] [RoadWorksProgramsController/Read/1/2023] Reading the road works program for 2023...
11.03.2024 19:39:50 [Information] [RoadWorksProgramsApiController/Get] Getting all the road works programs...
11.03.2024 19:39:51 [Information] [RoadWorksProgramsApiController/Get] All road works programs have been successfully received.
11.03.2024 19:39:51 [Information] [RoadWorksProgramsController/Read/1/2023] The road works program for 2023 was successfully read.
11.03.2024 19:39:51 [Information] [RoadWorksProgramsController] Navigating to the page "Read Road Works Program For 2023".
11.03.2024 19:39:52 [Information] [RoadWorksProgramsController/Update/1] Reading a road works program with Id 1...
11.03.2024 19:39:52 [Information] [RoadWorksProgramsApiController/Get/1] Getting a road works program with Id 1...
11.03.2024 19:39:52 [Information] [RoadWorksProgramsApiController/Get/1] The road works program with Id 1 was successfully received.
11.03.2024 19:39:52 [Information] [RoadWorksProgramsController/Update/1] The road works program with Id 1 was successfully read.
11.03.2024 19:39:52 [Information] [RoadWorksProgramsController/Update/1] Reading all roads...
11.03.2024 19:39:52 [Information] [RoadsApiController/Get] Getting all the roads...
11.03.2024 19:39:52 [Information] [RoadsApiController/Get] All roads have been successfully received.
11.03.2024 19:39:52 [Information] [RoadWorksProgramsController/Update/1] All roads have been successfully read.
11.03.2024 19:39:52 [Information] [RoadWorksProgramsController/Update/1] Reading all estimates...
11.03.2024 19:39:52 [Information] [EstimatesApiController/Get] Getting all the estimates...
11.03.2024 19:39:52 [Information] [EstimatesApiController/Get] All estimates have been successfully received.
11.03.2024 19:39:52 [Information] [RoadWorksProgramsController/Update/1] All estimates have been successfully read.
11.03.2024 19:39:52 [Information] [RoadWorksProgramsController] Navigating to the page "Update Road Works Program".
11.03.2024 19:40:18 [Information] [RoadWorksProgramsController/Read/1/2023] Reading the road works program for 2023...
11.03.2024 19:40:18 [Information] [RoadWorksProgramsApiController/Get] Getting all the road works programs...
11.03.2024 19:40:19 [Information] [RoadWorksProgramsApiController/Get] All road works programs have been successfully received.
11.03.2024 19:40:19 [Information] [RoadWorksProgramsController/Read/1/2023] The road works program for 2023 was successfully read.
11.03.2024 19:40:19 [Information] [RoadWorksProgramsController] Navigating to the page "Read Road Works Program For 2023".
11.03.2024 19:40:26 [Information] [RoadWorksProgramsController/Read/4/2023] Reading the road works program for 2023...
11.03.2024 19:40:26 [Information] [RoadWorksProgramsApiController/Get] Getting all the road works programs...
11.03.2024 19:40:27 [Information] [RoadWorksProgramsApiController/Get] All road works programs have been successfully received.
11.03.2024 19:40:27 [Information] [RoadWorksProgramsController/Read/4/2023] The road works program for 2023 was successfully read.
11.03.2024 19:40:27 [Information] [RoadWorksProgramsController] Navigating to the page "Read Road Works Program For 2023".
11.03.2024 19:40:29 [Information] [RoadWorksProgramsController/Update/4] Reading a road works program with Id 4...
11.03.2024 19:40:29 [Information] [RoadWorksProgramsApiController/Get/4] Getting a road works program with Id 4...
11.03.2024 19:40:29 [Information] [RoadWorksProgramsApiController/Get/4] The road works program with Id 4 was successfully received.
11.03.2024 19:40:29 [Information] [RoadWorksProgramsController/Update/4] The road works program with Id 4 was successfully read.
11.03.2024 19:40:29 [Information] [RoadWorksProgramsController/Update/4] Reading all roads...
11.03.2024 19:40:29 [Information] [RoadsApiController/Get] Getting all the roads...
11.03.2024 19:40:29 [Information] [RoadsApiController/Get] All roads have been successfully received.
11.03.2024 19:40:29 [Information] [RoadWorksProgramsController/Update/4] All roads have been successfully read.
11.03.2024 19:40:29 [Information] [RoadWorksProgramsController/Update/4] Reading all estimates...
11.03.2024 19:40:29 [Information] [EstimatesApiController/Get] Getting all the estimates...
11.03.2024 19:40:29 [Information] [EstimatesApiController/Get] All estimates have been successfully received.
11.03.2024 19:40:29 [Information] [RoadWorksProgramsController/Update/4] All estimates have been successfully read.
11.03.2024 19:40:29 [Information] [RoadWorksProgramsController] Navigating to the page "Update Road Works Program".
11.03.2024 19:40:47 [Information] [RoadWorksProgramsController/Read/4/2023] Reading the road works program for 2023...
11.03.2024 19:40:47 [Information] [RoadWorksProgramsApiController/Get] Getting all the road works programs...
11.03.2024 19:40:47 [Information] [RoadWorksProgramsApiController/Get] All road works programs have been successfully received.
11.03.2024 19:40:47 [Information] [RoadWorksProgramsController/Read/4/2023] The road works program for 2023 was successfully read.
11.03.2024 19:40:47 [Information] [RoadWorksProgramsController] Navigating to the page "Read Road Works Program For 2023".
11.03.2024 19:40:49 [Information] [EstimatesController/Read/121] Reading a estimate with Id 121...
11.03.2024 19:40:49 [Information] [EstimatesApiController/Get/121] Getting a estimate with Id 121...
11.03.2024 19:40:49 [Information] [EstimatesApiController/Get/121] The estimate with Id 121 was successfully received.
11.03.2024 19:40:49 [Information] [EstimatesController/Read/121] The estimate with Id 121 was successfully read.
11.03.2024 19:40:49 [Information] [EstimatesController] Navigating to the page "Read Estimate By Id".
11.03.2024 19:40:52 [Information] [RoadWorksProgramsController/Read/4/2023] Reading the road works program for 2023...
11.03.2024 19:40:52 [Information] [RoadWorksProgramsApiController/Get] Getting all the road works programs...
11.03.2024 19:40:53 [Information] [RoadWorksProgramsApiController/Get] All road works programs have been successfully received.
11.03.2024 19:40:53 [Information] [RoadWorksProgramsController/Read/4/2023] The road works program for 2023 was successfully read.
11.03.2024 19:40:53 [Information] [RoadWorksProgramsController] Navigating to the page "Read Road Works Program For 2023".
11.03.2024 19:40:56 [Information] [EstimatesController/Read/121] Reading a estimate with Id 121...
11.03.2024 19:40:56 [Information] [EstimatesApiController/Get/121] Getting a estimate with Id 121...
11.03.2024 19:40:56 [Information] [EstimatesApiController/Get/121] The estimate with Id 121 was successfully received.
11.03.2024 19:40:56 [Information] [EstimatesController/Read/121] The estimate with Id 121 was successfully read.
11.03.2024 19:40:56 [Information] [EstimatesController] Navigating to the page "Read Estimate By Id".
11.03.2024 19:40:58 [Information] [RoadWorksProgramsController/Read/4/2023] Reading the road works program for 2023...
11.03.2024 19:40:58 [Information] [RoadWorksProgramsApiController/Get] Getting all the road works programs...
11.03.2024 19:40:59 [Information] [RoadWorksProgramsApiController/Get] All road works programs have been successfully received.
11.03.2024 19:40:59 [Information] [RoadWorksProgramsController/Read/4/2023] The road works program for 2023 was successfully read.
11.03.2024 19:40:59 [Information] [RoadWorksProgramsController] Navigating to the page "Read Road Works Program For 2023".
11.03.2024 19:41:00 [Information] [EstimatesController/Read/122] Reading a estimate with Id 122...
11.03.2024 19:41:00 [Information] [EstimatesApiController/Get/122] Getting a estimate with Id 122...
11.03.2024 19:41:00 [Information] [EstimatesApiController/Get/122] The estimate with Id 122 was successfully received.
11.03.2024 19:41:00 [Information] [EstimatesController/Read/122] The estimate with Id 122 was successfully read.
11.03.2024 19:41:00 [Information] [EstimatesController] Navigating to the page "Read Estimate By Id".
11.03.2024 19:41:03 [Information] [RoadWorksProgramsController/Read/4/2023] Reading the road works program for 2023...
11.03.2024 19:41:03 [Information] [RoadWorksProgramsApiController/Get] Getting all the road works programs...
11.03.2024 19:41:03 [Information] [RoadWorksProgramsApiController/Get] All road works programs have been successfully received.
11.03.2024 19:41:03 [Information] [RoadWorksProgramsController/Read/4/2023] The road works program for 2023 was successfully read.
11.03.2024 19:41:03 [Information] [RoadWorksProgramsController] Navigating to the page "Read Road Works Program For 2023".
11.03.2024 19:41:04 [Information] [RoadWorksProgramsController/Update/183] Reading a road works program with Id 183...
11.03.2024 19:41:04 [Information] [RoadWorksProgramsApiController/Get/183] Getting a road works program with Id 183...
11.03.2024 19:41:04 [Information] [RoadWorksProgramsApiController/Get/183] The road works program with Id 183 was successfully received.
11.03.2024 19:41:04 [Information] [RoadWorksProgramsController/Update/183] The road works program with Id 183 was successfully read.
11.03.2024 19:41:05 [Information] [RoadWorksProgramsController/Update/183] Reading all roads...
11.03.2024 19:41:05 [Information] [RoadsApiController/Get] Getting all the roads...
11.03.2024 19:41:05 [Information] [RoadsApiController/Get] All roads have been successfully received.
11.03.2024 19:41:05 [Information] [RoadWorksProgramsController/Update/183] All roads have been successfully read.
11.03.2024 19:41:05 [Information] [RoadWorksProgramsController/Update/183] Reading all estimates...
11.03.2024 19:41:05 [Information] [EstimatesApiController/Get] Getting all the estimates...
11.03.2024 19:41:05 [Information] [EstimatesApiController/Get] All estimates have been successfully received.
11.03.2024 19:41:05 [Information] [RoadWorksProgramsController/Update/183] All estimates have been successfully read.
11.03.2024 19:41:05 [Information] [RoadWorksProgramsController] Navigating to the page "Update Road Works Program".
11.03.2024 19:41:14 [Information] [RoadWorksProgramsController/Read/4/2023] Reading the road works program for 2023...
11.03.2024 19:41:14 [Information] [RoadWorksProgramsApiController/Get] Getting all the road works programs...
11.03.2024 19:41:14 [Information] [RoadWorksProgramsApiController/Get] All road works programs have been successfully received.
11.03.2024 19:41:14 [Information] [RoadWorksProgramsController/Read/4/2023] The road works program for 2023 was successfully read.
11.03.2024 19:41:14 [Information] [RoadWorksProgramsController] Navigating to the page "Read Road Works Program For 2023".
11.03.2024 19:41:18 [Information] [RoadWorksProgramsController/Read/6/2023] Reading the road works program for 2023...
11.03.2024 19:41:18 [Information] [RoadWorksProgramsApiController/Get] Getting all the road works programs...
11.03.2024 19:41:19 [Information] [RoadWorksProgramsApiController/Get] All road works programs have been successfully received.
11.03.2024 19:41:19 [Information] [RoadWorksProgramsController/Read/6/2023] The road works program for 2023 was successfully read.
11.03.2024 19:41:19 [Information] [RoadWorksProgramsController] Navigating to the page "Read Road Works Program For 2023".
11.03.2024 19:41:22 [Information] [RoadWorksProgramsController/Update/105] Reading a road works program with Id 105...
11.03.2024 19:41:22 [Information] [RoadWorksProgramsApiController/Get/105] Getting a road works program with Id 105...
11.03.2024 19:41:22 [Information] [RoadWorksProgramsApiController/Get/105] The road works program with Id 105 was successfully received.
11.03.2024 19:41:22 [Information] [RoadWorksProgramsController/Update/105] The road works program with Id 105 was successfully read.
11.03.2024 19:41:22 [Information] [RoadWorksProgramsController/Update/105] Reading all roads...
11.03.2024 19:41:22 [Information] [RoadsApiController/Get] Getting all the roads...
11.03.2024 19:41:22 [Information] [RoadsApiController/Get] All roads have been successfully received.
11.03.2024 19:41:22 [Information] [RoadWorksProgramsController/Update/105] All roads have been successfully read.
11.03.2024 19:41:22 [Information] [RoadWorksProgramsController/Update/105] Reading all estimates...
11.03.2024 19:41:22 [Information] [EstimatesApiController/Get] Getting all the estimates...
11.03.2024 19:41:23 [Information] [EstimatesApiController/Get] All estimates have been successfully received.
11.03.2024 19:41:23 [Information] [RoadWorksProgramsController/Update/105] All estimates have been successfully read.
11.03.2024 19:41:23 [Information] [RoadWorksProgramsController] Navigating to the page "Update Road Works Program".
11.03.2024 19:41:47 [Information] [RoadWorksProgramsController/Read/6/2023] Reading the road works program for 2023...
11.03.2024 19:41:47 [Information] [RoadWorksProgramsApiController/Get] Getting all the road works programs...
11.03.2024 19:41:47 [Information] [RoadWorksProgramsApiController/Get] All road works programs have been successfully received.
11.03.2024 19:41:47 [Information] [RoadWorksProgramsController/Read/6/2023] The road works program for 2023 was successfully read.
11.03.2024 19:41:47 [Information] [RoadWorksProgramsController] Navigating to the page "Read Road Works Program For 2023".
11.03.2024 19:41:53 [Information] [TechnicalConditionsOfRoadsController/Read] Reading all technical conditions of roads...
11.03.2024 19:41:53 [Information] [TechnicalConditionsOfRoadsApiController/Get] Getting all the technical conditions of roads...
11.03.2024 19:41:55 [Information] [TechnicalConditionsOfRoadsApiController/Get] All technical conditions of roads have been successfully received.
11.03.2024 19:41:55 [Information] [TechnicalConditionsOfRoadsController/Read] All technical conditions of roads have been successfully read.
11.03.2024 19:41:55 [Information] [TechnicalConditionsOfRoadsController/Read] Reading all roads...
11.03.2024 19:41:55 [Information] [RoadsApiController/Get] Getting all the roads...
11.03.2024 19:41:55 [Information] [RoadsApiController/Get] All roads have been successfully received.
11.03.2024 19:41:55 [Information] [TechnicalConditionsOfRoadsController/Read] All roads have been successfully read.
11.03.2024 19:41:55 [Information] [TechnicalConditionsOfRoadsController] Navigating to the page "Read All Technical Conditions Of Roads By Year".
11.03.2024 19:42:01 [Information] [TechnicalConditionsOfRoadsController/Read/3/2023] Reading the technical conditions of road for 2023...
11.03.2024 19:42:01 [Information] [TechnicalConditionsOfRoadsApiController/Get] Getting all the technical conditions of roads...
11.03.2024 19:42:03 [Information] [TechnicalConditionsOfRoadsApiController/Get] All technical conditions of roads have been successfully received.
11.03.2024 19:42:03 [Information] [TechnicalConditionsOfRoadsController/Read/3/2023] The technical conditions of road for 2023 was successfully read.
11.03.2024 19:42:03 [Information] [TechnicalConditionsOfRoadsController] Navigating to the page "Read Technical Conditions Of Road For 2023".
11.03.2024 19:42:04 [Information] [TechnicalConditionsOfRoadsController/Update/3603] Reading a technical condition of road with Id 3603...
11.03.2024 19:42:04 [Information] [TechnicalConditionsOfRoadsApiController/Get/3603] Getting a technical condition of road with Id 3603...
11.03.2024 19:42:04 [Information] [TechnicalConditionsOfRoadsApiController/Get/3603] The technical condition of road with Id 3603 was successfully received.
11.03.2024 19:42:04 [Information] [TechnicalConditionsOfRoadsController/Update/3603] The technical condition of road with Id 3603 was successfully read.
11.03.2024 19:42:04 [Information] [TechnicalConditionsOfRoadsController/Update/3603] Reading all roads...
11.03.2024 19:42:04 [Information] [RoadsApiController/Get] Getting all the roads...
11.03.2024 19:42:04 [Information] [RoadsApiController/Get] All roads have been successfully received.
11.03.2024 19:42:04 [Information] [TechnicalConditionsOfRoadsController/Update/3603] All roads have been successfully read.
11.03.2024 19:42:04 [Information] [TechnicalConditionsOfRoadsController] Navigating to the page "Update Technical Condition Of Road".
11.03.2024 19:42:11 [Information] [TechnicalConditionsOfRoadsController/Read/3/2023] Reading the technical conditions of road for 2023...
11.03.2024 19:42:11 [Information] [TechnicalConditionsOfRoadsApiController/Get] Getting all the technical conditions of roads...
11.03.2024 19:42:13 [Information] [TechnicalConditionsOfRoadsApiController/Get] All technical conditions of roads have been successfully received.
11.03.2024 19:42:13 [Information] [TechnicalConditionsOfRoadsController/Read/3/2023] The technical conditions of road for 2023 was successfully read.
11.03.2024 19:42:13 [Information] [TechnicalConditionsOfRoadsController] Navigating to the page "Read Technical Conditions Of Road For 2023".
