07.01.2024 21:08:32 [Information] [RoadsController/Read] Reading all roads...
07.01.2024 21:08:32 [Information] [RoadsApiController/Get] Getting all the roads...
07.01.2024 21:08:33 [Information] [RoadsApiController/Get] All roads have been successfully received.
07.01.2024 21:08:33 [Information] [RoadsController/Read] All roads have been successfully read.
07.01.2024 21:08:33 [Information] [RoadsController] Navigating to the page "Read All Roads".
07.01.2024 21:08:35 [Information] [RoadsController/Read/1] Reading a road with Id 1...
07.01.2024 21:08:35 [Information] [RoadsApiController/Get/1] Getting a road with Id 1...
07.01.2024 21:08:35 [Information] [RoadsApiController/Get/1] The road with Id 1 was successfully received.
07.01.2024 21:08:35 [Information] [RoadsController/Read/1] The road with Id 1 was successfully read.
07.01.2024 21:08:35 [Information] [RoadsController] Navigating to the page "Read Road By Id".
07.01.2024 21:08:45 [Information] [RoadsController/Read/1] Reading a road with Id 1...
07.01.2024 21:08:45 [Information] [RoadsApiController/Get/1] Getting a road with Id 1...
07.01.2024 21:08:45 [Information] [RoadsApiController/Get/1] The road with Id 1 was successfully received.
07.01.2024 21:08:45 [Information] [RoadsController/Read/1] The road with Id 1 was successfully read.
07.01.2024 21:08:45 [Information] [RoadsController] Navigating to the page "Read Road By Id".
07.01.2024 21:08:49 [Information] [RoadsController/Read/1] Reading a road with Id 1...
07.01.2024 21:08:49 [Information] [RoadsApiController/Get/1] Getting a road with Id 1...
07.01.2024 21:08:49 [Information] [RoadsApiController/Get/1] The road with Id 1 was successfully received.
07.01.2024 21:08:49 [Information] [RoadsController/Read/1] The road with Id 1 was successfully read.
07.01.2024 21:08:49 [Information] [RoadsController] Navigating to the page "Read Road By Id".
07.01.2024 21:08:51 [Information] [RoadsController/Read] Reading all roads...
07.01.2024 21:08:51 [Information] [RoadsApiController/Get] Getting all the roads...
07.01.2024 21:08:51 [Information] [RoadsApiController/Get] All roads have been successfully received.
07.01.2024 21:08:51 [Information] [RoadsController/Read] All roads have been successfully read.
07.01.2024 21:08:51 [Information] [RoadsController] Navigating to the page "Read All Roads".
