11.03.2024 19:42:54 [Information] [TechnicalConditionsOfRoadsController/Read] Reading all technical conditions of roads...
11.03.2024 19:42:54 [Information] [TechnicalConditionsOfRoadsApiController/Get] Getting all the technical conditions of roads...
11.03.2024 19:42:57 [Information] [TechnicalConditionsOfRoadsApiController/Get] All technical conditions of roads have been successfully received.
11.03.2024 19:42:57 [Information] [TechnicalConditionsOfRoadsController/Read] All technical conditions of roads have been successfully read.
11.03.2024 19:42:57 [Information] [TechnicalConditionsOfRoadsController/Read] Reading all roads...
11.03.2024 19:42:57 [Information] [RoadsApiController/Get] Getting all the roads...
11.03.2024 19:42:57 [Information] [RoadsApiController/Get] All roads have been successfully received.
11.03.2024 19:42:57 [Information] [TechnicalConditionsOfRoadsController/Read] All roads have been successfully read.
11.03.2024 19:42:57 [Information] [TechnicalConditionsOfRoadsController] Navigating to the page "Read All Technical Conditions Of Roads By Year".
11.03.2024 19:42:57 [Information] [RoadWorksProgramsController/Read] Reading all road works programs...
11.03.2024 19:42:57 [Information] [RoadWorksProgramsApiController/Get] Getting all the road works programs...
11.03.2024 19:42:57 [Information] [RoadWorksProgramsApiController/Get] All road works programs have been successfully received.
11.03.2024 19:42:58 [Information] [RoadWorksProgramsController/Read] All road works programs have been successfully read.
11.03.2024 19:42:58 [Information] [RoadWorksProgramsController/Read] Reading all roads...
11.03.2024 19:42:58 [Information] [RoadsApiController/Get] Getting all the roads...
11.03.2024 19:42:58 [Information] [RoadsApiController/Get] All roads have been successfully received.
11.03.2024 19:42:58 [Information] [RoadWorksProgramsController/Read] All roads have been successfully read.
11.03.2024 19:42:58 [Information] [RoadWorksProgramsController] Navigating to the page "Read All Road Works Programs By Year".
11.03.2024 19:42:59 [Information] [EstimatesController/Read] Reading all estimates...
11.03.2024 19:42:59 [Information] [EstimatesApiController/Get] Getting all the estimates...
11.03.2024 19:42:59 [Information] [EstimatesApiController/Get] All estimates have been successfully received.
11.03.2024 19:42:59 [Information] [EstimatesController/Read] All estimates have been successfully read.
11.03.2024 19:42:59 [Information] [EstimatesController/Read] Reading all roads...
11.03.2024 19:42:59 [Information] [RoadsApiController/Get] Getting all the roads...
11.03.2024 19:42:59 [Information] [RoadsApiController/Get] All roads have been successfully received.
11.03.2024 19:42:59 [Information] [EstimatesController/Read] All roads have been successfully read.
11.03.2024 19:42:59 [Information] [EstimatesController] Navigating to the page "Read All Estimates".
11.03.2024 19:43:02 [Information] [EstimatesController/Read/1] Reading a estimate with Id 1...
11.03.2024 19:43:02 [Information] [EstimatesApiController/Get/1] Getting a estimate with Id 1...
11.03.2024 19:43:02 [Information] [EstimatesApiController/Get/1] The estimate with Id 1 was successfully received.
11.03.2024 19:43:02 [Information] [EstimatesController/Read/1] The estimate with Id 1 was successfully read.
11.03.2024 19:43:02 [Information] [EstimatesController] Navigating to the page "Read Estimate By Id".
11.03.2024 19:43:05 [Information] [EstimatesController/Update/1] Reading a estimate with Id 1...
11.03.2024 19:43:05 [Information] [EstimatesApiController/Get/1] Getting a estimate with Id 1...
11.03.2024 19:43:05 [Information] [EstimatesApiController/Get/1] The estimate with Id 1 was successfully received.
11.03.2024 19:43:05 [Information] [EstimatesController/Update/1] The estimate with Id 1 was successfully read.
11.03.2024 19:43:05 [Information] [EstimatesController/Update/1] Reading all roads...
11.03.2024 19:43:05 [Information] [RoadsApiController/Get] Getting all the roads...
11.03.2024 19:43:05 [Information] [RoadsApiController/Get] All roads have been successfully received.
11.03.2024 19:43:05 [Information] [EstimatesController/Update/1] All roads have been successfully read.
11.03.2024 19:43:05 [Information] [EstimatesController] Navigating to the page "Update Estimate".
11.03.2024 19:43:19 [Information] [EstimatesController/Read/1] Reading a estimate with Id 1...
11.03.2024 19:43:19 [Information] [EstimatesApiController/Get/1] Getting a estimate with Id 1...
11.03.2024 19:43:19 [Information] [EstimatesApiController/Get/1] The estimate with Id 1 was successfully received.
11.03.2024 19:43:19 [Information] [EstimatesController/Read/1] The estimate with Id 1 was successfully read.
11.03.2024 19:43:19 [Information] [EstimatesController] Navigating to the page "Read Estimate By Id".
11.03.2024 19:43:45 [Information] [EstimatesController/Read/26] Reading a estimate with Id 26...
11.03.2024 19:43:45 [Information] [EstimatesApiController/Get/26] Getting a estimate with Id 26...
11.03.2024 19:43:45 [Information] [EstimatesApiController/Get/26] The estimate with Id 26 was successfully received.
11.03.2024 19:43:45 [Information] [EstimatesController/Read/26] The estimate with Id 26 was successfully read.
11.03.2024 19:43:45 [Information] [EstimatesController] Navigating to the page "Read Estimate By Id".
11.03.2024 19:43:46 [Information] [EstimatesController/Update/26] Reading a estimate with Id 26...
11.03.2024 19:43:46 [Information] [EstimatesApiController/Get/26] Getting a estimate with Id 26...
11.03.2024 19:43:46 [Information] [EstimatesApiController/Get/26] The estimate with Id 26 was successfully received.
11.03.2024 19:43:46 [Information] [EstimatesController/Update/26] The estimate with Id 26 was successfully read.
11.03.2024 19:43:46 [Information] [EstimatesController/Update/26] Reading all roads...
11.03.2024 19:43:46 [Information] [RoadsApiController/Get] Getting all the roads...
11.03.2024 19:43:46 [Information] [RoadsApiController/Get] All roads have been successfully received.
11.03.2024 19:43:46 [Information] [EstimatesController/Update/26] All roads have been successfully read.
11.03.2024 19:43:46 [Information] [EstimatesController] Navigating to the page "Update Estimate".
