09.01.2024 13:58:47 [Information] [RoadsController/Read] Reading all roads...
09.01.2024 13:58:47 [Information] [RoadsApiController/Get] Getting all the roads...
09.01.2024 13:58:48 [Information] [RoadsApiController/Get] All roads have been successfully received.
09.01.2024 13:58:48 [Information] [RoadsController/Read] All roads have been successfully read.
09.01.2024 13:58:48 [Information] [RoadsController] Navigating to the page "Read All Roads".
09.01.2024 13:58:53 [Information] [EstimatesController/Read] Reading all estimates...
09.01.2024 13:58:53 [Information] [EstimatesApiController/Get] Getting all the estimates...
09.01.2024 13:58:54 [Information] [EstimatesApiController/Get] All estimates have been successfully received.
09.01.2024 13:58:54 [Information] [EstimatesController/Read] All estimates have been successfully read.
09.01.2024 13:58:54 [Information] [EstimatesController] Navigating to the page "Read All Estimates".
09.01.2024 13:59:18 [Information] [EstimatesController/Read/130] Reading a estimate with Id 130...
09.01.2024 13:59:18 [Information] [EstimatesApiController/Get/130] Getting a estimate with Id 130...
09.01.2024 13:59:18 [Information] [EstimatesApiController/Get/130] The estimate with Id 130 was successfully received.
09.01.2024 13:59:18 [Information] [EstimatesController/Read/130] The estimate with Id 130 was successfully read.
09.01.2024 13:59:18 [Information] [EstimatesController] Navigating to the page "Read Estimate By Id".
09.01.2024 13:59:29 [Information] [EstimatesController/Update/132] Reading a estimate with Id 132...
09.01.2024 13:59:29 [Information] [EstimatesApiController/Get/132] Getting a estimate with Id 132...
09.01.2024 13:59:29 [Information] [EstimatesApiController/Get/132] The estimate with Id 132 was successfully received.
09.01.2024 13:59:29 [Information] [EstimatesController/Update/132] The estimate with Id 132 was successfully read.
09.01.2024 13:59:29 [Information] [EstimatesController/Update/132] Reading all roads...
09.01.2024 13:59:29 [Information] [RoadsApiController/Get] Getting all the roads...
09.01.2024 13:59:29 [Information] [RoadsApiController/Get] All roads have been successfully received.
09.01.2024 13:59:29 [Information] [EstimatesController/Update/132] All roads have been successfully read.
09.01.2024 13:59:29 [Information] [EstimatesController] Navigating to the page "Update Estimate".
09.01.2024 13:59:45 [Information] [EstimatesController/Read/241] Reading a estimate with Id 241...
09.01.2024 13:59:45 [Information] [EstimatesApiController/Get/241] Getting a estimate with Id 241...
09.01.2024 13:59:45 [Information] [EstimatesApiController/Get/241] The estimate with Id 241 was successfully received.
09.01.2024 13:59:45 [Information] [EstimatesController/Read/241] The estimate with Id 241 was successfully read.
09.01.2024 13:59:45 [Information] [EstimatesController] Navigating to the page "Read Estimate By Id".
09.01.2024 13:59:53 [Information] [EstimatesController/Update/241] Reading a estimate with Id 241...
09.01.2024 13:59:53 [Information] [EstimatesApiController/Get/241] Getting a estimate with Id 241...
09.01.2024 13:59:53 [Information] [EstimatesApiController/Get/241] The estimate with Id 241 was successfully received.
09.01.2024 13:59:53 [Information] [EstimatesController/Update/241] The estimate with Id 241 was successfully read.
09.01.2024 13:59:53 [Information] [EstimatesController/Update/241] Reading all roads...
09.01.2024 13:59:53 [Information] [RoadsApiController/Get] Getting all the roads...
09.01.2024 13:59:53 [Information] [RoadsApiController/Get] All roads have been successfully received.
09.01.2024 13:59:53 [Information] [EstimatesController/Update/241] All roads have been successfully read.
09.01.2024 13:59:53 [Information] [EstimatesController] Navigating to the page "Update Estimate".
