01.02.2024 15:08:44 [Information] [RoadsController/Read] Reading all roads...
01.02.2024 15:08:44 [Information] [RoadsApiController/Get] Getting all the roads...
01.02.2024 15:08:44 [Information] [RoadsApiController/Get] All roads have been successfully received.
01.02.2024 15:08:44 [Information] [RoadsController/Read] All roads have been successfully read.
01.02.2024 15:08:44 [Information] [RoadsController] Navigating to the page "Read All Roads".
01.02.2024 15:08:48 [Information] [RoadsController/Read/1] Reading a road with Id 1...
01.02.2024 15:08:48 [Information] [RoadsApiController/Get/1] Getting a road with Id 1...
01.02.2024 15:08:48 [Information] [RoadsApiController/Get/1] The road with Id 1 was successfully received.
01.02.2024 15:08:48 [Information] [RoadsController/Read/1] The road with Id 1 was successfully read.
01.02.2024 15:08:48 [Information] [RoadsController] Navigating to the page "Read Road By Id".
01.02.2024 15:08:50 [Information] [RoadsController/Read] Reading all roads...
01.02.2024 15:08:50 [Information] [RoadsApiController/Get] Getting all the roads...
01.02.2024 15:08:50 [Information] [RoadsApiController/Get] All roads have been successfully received.
01.02.2024 15:08:50 [Information] [RoadsController/Read] All roads have been successfully read.
01.02.2024 15:08:50 [Information] [RoadsController] Navigating to the page "Read All Roads".
01.02.2024 15:08:52 [Information] [RoadsController] Navigating to the page "Create Road".
01.02.2024 15:08:59 [Information] [RoadsController/Create] Creating a new road...
01.02.2024 15:08:59 [Information] [RoadsApiController/Post] Creating a new road...
01.02.2024 15:08:59 [Information] [RoadsApiController/Post] A new road with Id 21 has been successfully created.
01.02.2024 15:08:59 [Information] [RoadsController/Create] A new road with Id 21 has been successfully created.
01.02.2024 15:08:59 [Information] [RoadsController/Read] Reading all roads...
01.02.2024 15:08:59 [Information] [RoadsApiController/Get] Getting all the roads...
01.02.2024 15:08:59 [Information] [RoadsApiController/Get] All roads have been successfully received.
01.02.2024 15:08:59 [Information] [RoadsController/Read] All roads have been successfully read.
01.02.2024 15:08:59 [Information] [RoadsController] Navigating to the page "Read All Roads".
01.02.2024 15:09:02 [Information] [RoadsController/Update/21] Reading a road with Id 21...
01.02.2024 15:09:02 [Information] [RoadsApiController/Get/21] Getting a road with Id 21...
01.02.2024 15:09:02 [Information] [RoadsApiController/Get/21] The road with Id 21 was successfully received.
01.02.2024 15:09:02 [Information] [RoadsController/Update/21] The road with Id 21 was successfully read.
01.02.2024 15:09:02 [Information] [RoadsController] Navigating to the page "Update Road".
01.02.2024 15:09:06 [Information] [RoadsController/Update/21] Updating the road with Id 21...
01.02.2024 15:09:06 [Information] [RoadsApiController/Put/21] Updating the road with Id 21...
01.02.2024 15:09:06 [Information] [RoadsApiController/Put/21] The road with Id 21 has been successfully updated.
01.02.2024 15:09:06 [Information] [RoadsController/Update/21] The road with Id 21 has been successfully updated.
01.02.2024 15:09:06 [Information] [RoadsController/Read] Reading all roads...
01.02.2024 15:09:06 [Information] [RoadsApiController/Get] Getting all the roads...
01.02.2024 15:09:06 [Information] [RoadsApiController/Get] All roads have been successfully received.
01.02.2024 15:09:06 [Information] [RoadsController/Read] All roads have been successfully read.
01.02.2024 15:09:06 [Information] [RoadsController] Navigating to the page "Read All Roads".
01.02.2024 15:09:10 [Information] [EstimatesController/Read] Reading all estimates...
01.02.2024 15:09:10 [Information] [EstimatesApiController/Get] Getting all the estimates...
01.02.2024 15:09:10 [Information] [EstimatesApiController/Get] All estimates have been successfully received.
01.02.2024 15:09:10 [Information] [EstimatesController/Read] All estimates have been successfully read.
01.02.2024 15:09:10 [Information] [EstimatesController/Read] Reading all roads...
01.02.2024 15:09:10 [Information] [RoadsApiController/Get] Getting all the roads...
01.02.2024 15:09:10 [Information] [RoadsApiController/Get] All roads have been successfully received.
01.02.2024 15:09:10 [Information] [EstimatesController/Read] All roads have been successfully read.
01.02.2024 15:09:10 [Information] [EstimatesController] Navigating to the page "Read All Estimates".
01.02.2024 15:09:15 [Information] [EstimatesController/Read/382] Reading a estimate with Id 382...
01.02.2024 15:09:15 [Information] [EstimatesApiController/Get/382] Getting a estimate with Id 382...
01.02.2024 15:09:15 [Information] [EstimatesApiController/Get/382] The estimate with Id 382 was successfully received.
01.02.2024 15:09:15 [Information] [EstimatesController/Read/382] The estimate with Id 382 was successfully read.
01.02.2024 15:09:15 [Information] [EstimatesController] Navigating to the page "Read Estimate By Id".
01.02.2024 15:09:20 [Information] [EstimatesController/Create] Reading all roads...
01.02.2024 15:09:20 [Information] [RoadsApiController/Get] Getting all the roads...
01.02.2024 15:09:20 [Information] [RoadsApiController/Get] All roads have been successfully received.
01.02.2024 15:09:20 [Information] [EstimatesController/Create] All roads have been successfully read.
01.02.2024 15:09:20 [Information] [EstimatesController] Navigating to the page "Create Estimate".
01.02.2024 15:09:30 [Information] [EstimatesController/Create] Creating a new estimate...
01.02.2024 15:09:30 [Information] [EstimatesApiController/Post] Creating a new estimate...
01.02.2024 15:09:31 [Information] [EstimatesApiController/Post] A new estimate with Id 401 has been successfully created.
01.02.2024 15:09:31 [Information] [EstimatesController/Create] A new estimate with Id 401 has been successfully created.
01.02.2024 15:09:31 [Information] [EstimatesController/Read] Reading all estimates...
01.02.2024 15:09:31 [Information] [EstimatesApiController/Get] Getting all the estimates...
01.02.2024 15:09:31 [Information] [EstimatesApiController/Get] All estimates have been successfully received.
01.02.2024 15:09:31 [Information] [EstimatesController/Read] All estimates have been successfully read.
01.02.2024 15:09:31 [Information] [EstimatesController/Read] Reading all roads...
01.02.2024 15:09:31 [Information] [RoadsApiController/Get] Getting all the roads...
01.02.2024 15:09:31 [Information] [RoadsApiController/Get] All roads have been successfully received.
01.02.2024 15:09:31 [Information] [EstimatesController/Read] All roads have been successfully read.
01.02.2024 15:09:31 [Information] [EstimatesController] Navigating to the page "Read All Estimates".
01.02.2024 15:09:33 [Information] [EstimatesController/Read/401] Reading a estimate with Id 401...
01.02.2024 15:09:33 [Information] [EstimatesApiController/Get/401] Getting a estimate with Id 401...
01.02.2024 15:09:33 [Information] [EstimatesApiController/Get/401] The estimate with Id 401 was successfully received.
01.02.2024 15:09:33 [Information] [EstimatesController/Read/401] The estimate with Id 401 was successfully read.
01.02.2024 15:09:33 [Information] [EstimatesController] Navigating to the page "Read Estimate By Id".
01.02.2024 15:09:34 [Information] [EstimatesController/Update/401] Reading a estimate with Id 401...
01.02.2024 15:09:34 [Information] [EstimatesApiController/Get/401] Getting a estimate with Id 401...
01.02.2024 15:09:34 [Information] [EstimatesApiController/Get/401] The estimate with Id 401 was successfully received.
01.02.2024 15:09:34 [Information] [EstimatesController/Update/401] The estimate with Id 401 was successfully read.
01.02.2024 15:09:34 [Information] [EstimatesController/Update/401] Reading all roads...
01.02.2024 15:09:34 [Information] [RoadsApiController/Get] Getting all the roads...
01.02.2024 15:09:34 [Information] [RoadsApiController/Get] All roads have been successfully received.
01.02.2024 15:09:34 [Information] [EstimatesController/Update/401] All roads have been successfully read.
01.02.2024 15:09:34 [Information] [EstimatesController] Navigating to the page "Update Estimate".
01.02.2024 15:09:45 [Information] [EstimatesController/Update/401] Updating the estimate with Id 401...
01.02.2024 15:09:45 [Information] [EstimatesApiController/Put/401] Updating the estimate with Id 401...
01.02.2024 15:09:45 [Information] [EstimatesApiController/Put/401] The estimate with Id 401 has been successfully updated.
01.02.2024 15:09:45 [Information] [EstimatesController/Update/401] The estimate with Id 401 has been successfully updated.
01.02.2024 15:09:50 [Information] [TechnicalConditionsOfRoadsController/Read] Reading all technical conditions of roads...
01.02.2024 15:09:50 [Information] [TechnicalConditionsOfRoadsApiController/Get] Getting all the technical conditions of roads...
01.02.2024 15:09:52 [Information] [TechnicalConditionsOfRoadsApiController/Get] All technical conditions of roads have been successfully received.
01.02.2024 15:09:52 [Information] [TechnicalConditionsOfRoadsController/Read] All technical conditions of roads have been successfully read.
01.02.2024 15:09:52 [Information] [TechnicalConditionsOfRoadsController/Read] Reading all roads...
01.02.2024 15:09:52 [Information] [RoadsApiController/Get] Getting all the roads...
01.02.2024 15:09:52 [Information] [RoadsApiController/Get] All roads have been successfully received.
01.02.2024 15:09:52 [Information] [TechnicalConditionsOfRoadsController/Read] All roads have been successfully read.
01.02.2024 15:09:52 [Information] [TechnicalConditionsOfRoadsController] Navigating to the page "Read All Technical Conditions Of Roads By Year".
01.02.2024 15:10:04 [Information] [TechnicalConditionsOfRoadsController/Read/20/2009] Reading the technical conditions of road for 2009...
01.02.2024 15:10:04 [Information] [TechnicalConditionsOfRoadsApiController/Get] Getting all the technical conditions of roads...
01.02.2024 15:10:06 [Information] [TechnicalConditionsOfRoadsApiController/Get] All technical conditions of roads have been successfully received.
01.02.2024 15:10:06 [Information] [TechnicalConditionsOfRoadsController/Read/20/2009] The technical conditions of road for 2009 was successfully read.
01.02.2024 15:10:06 [Information] [TechnicalConditionsOfRoadsController] Navigating to the page "Read Technical Conditions Of Road For 2009".
01.02.2024 15:10:36 [Information] [TechnicalConditionsOfRoadsController/Create] Reading all roads...
01.02.2024 15:10:36 [Information] [RoadsApiController/Get] Getting all the roads...
01.02.2024 15:10:36 [Information] [RoadsApiController/Get] All roads have been successfully received.
01.02.2024 15:10:36 [Information] [TechnicalConditionsOfRoadsController/Create] All roads have been successfully read.
01.02.2024 15:10:36 [Information] [TechnicalConditionsOfRoadsController] Navigating to the page "Create Technical Condition Of Road".
01.02.2024 15:10:48 [Information] [TechnicalConditionsOfRoadsController/Create] Creating a new technical condition of road...
01.02.2024 15:10:48 [Information] [TechnicalConditionsOfRoadsApiController/Post] Creating a new technical condition of road...
01.02.2024 15:10:48 [Information] [TechnicalConditionsOfRoadsApiController/Post] A new technical condition of road with Id 3601 has been successfully created.
01.02.2024 15:10:48 [Information] [TechnicalConditionsOfRoadsController/Create] A new technical condition of road with Id 3601 has been successfully created.
01.02.2024 15:10:48 [Information] [TechnicalConditionsOfRoadsController/Read] Reading all technical conditions of roads...
01.02.2024 15:10:48 [Information] [TechnicalConditionsOfRoadsApiController/Get] Getting all the technical conditions of roads...
01.02.2024 15:10:50 [Information] [TechnicalConditionsOfRoadsApiController/Get] All technical conditions of roads have been successfully received.
01.02.2024 15:10:50 [Information] [TechnicalConditionsOfRoadsController/Read] All technical conditions of roads have been successfully read.
01.02.2024 15:10:50 [Information] [TechnicalConditionsOfRoadsController/Read] Reading all roads...
01.02.2024 15:10:50 [Information] [RoadsApiController/Get] Getting all the roads...
01.02.2024 15:10:50 [Information] [RoadsApiController/Get] All roads have been successfully received.
01.02.2024 15:10:50 [Information] [TechnicalConditionsOfRoadsController/Read] All roads have been successfully read.
01.02.2024 15:10:50 [Information] [TechnicalConditionsOfRoadsController] Navigating to the page "Read All Technical Conditions Of Roads By Year".
01.02.2024 15:10:52 [Information] [TechnicalConditionsOfRoadsController/Read/21/7] Reading the technical conditions of road for 7...
01.02.2024 15:10:52 [Information] [TechnicalConditionsOfRoadsApiController/Get] Getting all the technical conditions of roads...
01.02.2024 15:10:54 [Information] [TechnicalConditionsOfRoadsApiController/Get] All technical conditions of roads have been successfully received.
01.02.2024 15:10:54 [Information] [TechnicalConditionsOfRoadsController/Read/21/7] The technical conditions of road for 7 was successfully read.
01.02.2024 15:10:54 [Information] [TechnicalConditionsOfRoadsController] Navigating to the page "Read Technical Conditions Of Road For 7".
01.02.2024 15:10:55 [Information] [TechnicalConditionsOfRoadsController/Update/3601] Reading a technical condition of road with Id 3601...
01.02.2024 15:10:55 [Information] [TechnicalConditionsOfRoadsApiController/Get/3601] Getting a technical condition of road with Id 3601...
01.02.2024 15:10:55 [Information] [TechnicalConditionsOfRoadsApiController/Get/3601] The technical condition of road with Id 3601 was successfully received.
01.02.2024 15:10:55 [Information] [TechnicalConditionsOfRoadsController/Update/3601] The technical condition of road with Id 3601 was successfully read.
01.02.2024 15:10:55 [Information] [TechnicalConditionsOfRoadsController/Update/3601] Reading all roads...
01.02.2024 15:10:55 [Information] [RoadsApiController/Get] Getting all the roads...
01.02.2024 15:10:55 [Information] [RoadsApiController/Get] All roads have been successfully received.
01.02.2024 15:10:55 [Information] [TechnicalConditionsOfRoadsController/Update/3601] All roads have been successfully read.
01.02.2024 15:10:55 [Information] [TechnicalConditionsOfRoadsController] Navigating to the page "Update Technical Condition Of Road".
01.02.2024 15:11:06 [Information] [TechnicalConditionsOfRoadsController/Update/3601] Updating the technical condition of road with Id 3601...
01.02.2024 15:11:06 [Information] [TechnicalConditionsOfRoadsApiController/Put/3601] Updating the technical condition of road with Id 3601...
01.02.2024 15:11:06 [Information] [TechnicalConditionsOfRoadsApiController/Put/3601] The technical condition of road with Id 3601 has been successfully updated.
01.02.2024 15:11:06 [Information] [TechnicalConditionsOfRoadsController/Update/3601] The technical condition of road with Id 3601 has been successfully updated.
01.02.2024 15:11:06 [Information] [TechnicalConditionsOfRoadsController/Read/21/8] Reading the technical conditions of road for 8...
01.02.2024 15:11:06 [Information] [TechnicalConditionsOfRoadsApiController/Get] Getting all the technical conditions of roads...
01.02.2024 15:11:08 [Information] [TechnicalConditionsOfRoadsApiController/Get] All technical conditions of roads have been successfully received.
01.02.2024 15:11:08 [Information] [TechnicalConditionsOfRoadsController/Read/21/8] The technical conditions of road for 8 was successfully read.
01.02.2024 15:11:08 [Information] [TechnicalConditionsOfRoadsController] Navigating to the page "Read Technical Conditions Of Road For 8".
01.02.2024 15:11:30 [Information] [EstimatesController/Read] Reading all estimates...
01.02.2024 15:11:30 [Information] [EstimatesApiController/Get] Getting all the estimates...
01.02.2024 15:11:30 [Information] [EstimatesApiController/Get] All estimates have been successfully received.
01.02.2024 15:11:30 [Information] [EstimatesController/Read] All estimates have been successfully read.
01.02.2024 15:11:30 [Information] [EstimatesController/Read] Reading all roads...
01.02.2024 15:11:30 [Information] [RoadsApiController/Get] Getting all the roads...
01.02.2024 15:11:30 [Information] [RoadsApiController/Get] All roads have been successfully received.
01.02.2024 15:11:30 [Information] [EstimatesController/Read] All roads have been successfully read.
01.02.2024 15:11:30 [Information] [EstimatesController] Navigating to the page "Read All Estimates".
01.02.2024 15:11:33 [Information] [EstimatesController/Read/401] Reading a estimate with Id 401...
01.02.2024 15:11:33 [Information] [EstimatesApiController/Get/401] Getting a estimate with Id 401...
01.02.2024 15:11:33 [Information] [EstimatesApiController/Get/401] The estimate with Id 401 was successfully received.
01.02.2024 15:11:33 [Information] [EstimatesController/Read/401] The estimate with Id 401 was successfully read.
01.02.2024 15:11:33 [Information] [EstimatesController] Navigating to the page "Read Estimate By Id".
01.02.2024 15:11:47 [Information] [EstimatesController/Delete/401] Deleting a estimate with Id 401...
01.02.2024 15:11:47 [Information] [EstimatesApiController/Delete/401] Deleting a estimate with Id 401...
01.02.2024 15:11:47 [Information] [EstimatesApiController/Delete/401] The estimate with Id 401 has been successfully deleted.
01.02.2024 15:11:47 [Information] [EstimatesController/Delete/401] The estimate with Id 401 has been successfully deleted.
01.02.2024 15:11:47 [Information] [EstimatesController/Read] Reading all estimates...
01.02.2024 15:11:47 [Information] [EstimatesApiController/Get] Getting all the estimates...
01.02.2024 15:11:47 [Information] [EstimatesApiController/Get] All estimates have been successfully received.
01.02.2024 15:11:47 [Information] [EstimatesController/Read] All estimates have been successfully read.
01.02.2024 15:11:47 [Information] [EstimatesController/Read] Reading all roads...
01.02.2024 15:11:47 [Information] [RoadsApiController/Get] Getting all the roads...
01.02.2024 15:11:47 [Information] [RoadsApiController/Get] All roads have been successfully received.
01.02.2024 15:11:47 [Information] [EstimatesController/Read] All roads have been successfully read.
01.02.2024 15:11:47 [Information] [EstimatesController] Navigating to the page "Read All Estimates".
01.02.2024 15:11:52 [Information] [TechnicalConditionsOfRoadsController/Read] Reading all technical conditions of roads...
01.02.2024 15:11:52 [Information] [TechnicalConditionsOfRoadsApiController/Get] Getting all the technical conditions of roads...
01.02.2024 15:11:54 [Information] [TechnicalConditionsOfRoadsApiController/Get] All technical conditions of roads have been successfully received.
01.02.2024 15:11:54 [Information] [TechnicalConditionsOfRoadsController/Read] All technical conditions of roads have been successfully read.
01.02.2024 15:11:54 [Information] [TechnicalConditionsOfRoadsController/Read] Reading all roads...
01.02.2024 15:11:54 [Information] [RoadsApiController/Get] Getting all the roads...
01.02.2024 15:11:54 [Information] [RoadsApiController/Get] All roads have been successfully received.
01.02.2024 15:11:54 [Information] [TechnicalConditionsOfRoadsController/Read] All roads have been successfully read.
01.02.2024 15:11:54 [Information] [TechnicalConditionsOfRoadsController] Navigating to the page "Read All Technical Conditions Of Roads By Year".
01.02.2024 15:11:57 [Information] [TechnicalConditionsOfRoadsController/Read/21/8] Reading the technical conditions of road for 8...
01.02.2024 15:11:57 [Information] [TechnicalConditionsOfRoadsApiController/Get] Getting all the technical conditions of roads...
01.02.2024 15:11:59 [Information] [TechnicalConditionsOfRoadsApiController/Get] All technical conditions of roads have been successfully received.
01.02.2024 15:11:59 [Information] [TechnicalConditionsOfRoadsController/Read/21/8] The technical conditions of road for 8 was successfully read.
01.02.2024 15:11:59 [Information] [TechnicalConditionsOfRoadsController] Navigating to the page "Read Technical Conditions Of Road For 8".
01.02.2024 15:12:07 [Information] [TechnicalConditionsOfRoadsController/Delete/3601] Deleting a technical condition of road with Id 3601...
01.02.2024 15:12:07 [Information] [TechnicalConditionsOfRoadsApiController/Delete/3601] Deleting a technical condition of road with Id 3601...
01.02.2024 15:12:07 [Information] [TechnicalConditionsOfRoadsApiController/Delete/3601] The technical condition of road with Id 3601 has been successfully deleted.
01.02.2024 15:12:07 [Information] [TechnicalConditionsOfRoadsController/Delete/3601] The technical condition of road with Id 3601 has been successfully deleted.
01.02.2024 15:12:07 [Information] [TechnicalConditionsOfRoadsController/Read] Reading all technical conditions of roads...
01.02.2024 15:12:07 [Information] [TechnicalConditionsOfRoadsApiController/Get] Getting all the technical conditions of roads...
01.02.2024 15:12:08 [Information] [TechnicalConditionsOfRoadsApiController/Get] All technical conditions of roads have been successfully received.
01.02.2024 15:12:08 [Information] [TechnicalConditionsOfRoadsController/Read] All technical conditions of roads have been successfully read.
01.02.2024 15:12:08 [Information] [TechnicalConditionsOfRoadsController/Read] Reading all roads...
01.02.2024 15:12:08 [Information] [RoadsApiController/Get] Getting all the roads...
01.02.2024 15:12:08 [Information] [RoadsApiController/Get] All roads have been successfully received.
01.02.2024 15:12:08 [Information] [TechnicalConditionsOfRoadsController/Read] All roads have been successfully read.
01.02.2024 15:12:08 [Information] [TechnicalConditionsOfRoadsController] Navigating to the page "Read All Technical Conditions Of Roads By Year".
01.02.2024 15:12:12 [Information] [RoadsController/Read] Reading all roads...
01.02.2024 15:12:12 [Information] [RoadsApiController/Get] Getting all the roads...
01.02.2024 15:12:12 [Information] [RoadsApiController/Get] All roads have been successfully received.
01.02.2024 15:12:12 [Information] [RoadsController/Read] All roads have been successfully read.
01.02.2024 15:12:12 [Information] [RoadsController] Navigating to the page "Read All Roads".
01.02.2024 15:12:17 [Information] [RoadsController/Update/21] Reading a road with Id 21...
01.02.2024 15:12:17 [Information] [RoadsApiController/Get/21] Getting a road with Id 21...
01.02.2024 15:12:17 [Information] [RoadsApiController/Get/21] The road with Id 21 was successfully received.
01.02.2024 15:12:17 [Information] [RoadsController/Update/21] The road with Id 21 was successfully read.
01.02.2024 15:12:17 [Information] [RoadsController] Navigating to the page "Update Road".
01.02.2024 15:12:23 [Information] [RoadsController/Update/21] Updating the road with Id 21...
01.02.2024 15:12:23 [Information] [RoadsApiController/Put/21] Updating the road with Id 21...
01.02.2024 15:12:23 [Information] [RoadsApiController/Put/21] The road with Id 21 has been successfully updated.
01.02.2024 15:12:23 [Information] [RoadsController/Update/21] The road with Id 21 has been successfully updated.
01.02.2024 15:12:23 [Information] [RoadsController/Read] Reading all roads...
01.02.2024 15:12:23 [Information] [RoadsApiController/Get] Getting all the roads...
01.02.2024 15:12:23 [Information] [RoadsApiController/Get] All roads have been successfully received.
01.02.2024 15:12:23 [Information] [RoadsController/Read] All roads have been successfully read.
01.02.2024 15:12:23 [Information] [RoadsController] Navigating to the page "Read All Roads".
01.02.2024 15:12:29 [Information] [RoadsController/Delete/21] Deleting a road with Id 21...
01.02.2024 15:12:29 [Information] [RoadsApiController/Delete/21] Deleting a road with Id 21...
01.02.2024 15:12:29 [Information] [RoadsApiController/Delete/21] The road with Id 21 has been successfully deleted.
01.02.2024 15:12:29 [Information] [RoadsController/Delete/21] The road with Id 21 has been successfully deleted.
01.02.2024 15:12:29 [Information] [RoadsController/Read] Reading all roads...
01.02.2024 15:12:29 [Information] [RoadsApiController/Get] Getting all the roads...
01.02.2024 15:12:29 [Information] [RoadsApiController/Get] All roads have been successfully received.
01.02.2024 15:12:29 [Information] [RoadsController/Read] All roads have been successfully read.
01.02.2024 15:12:29 [Information] [RoadsController] Navigating to the page "Read All Roads".
01.02.2024 15:12:32 [Information] [EstimatesController/Read] Reading all estimates...
01.02.2024 15:12:32 [Information] [EstimatesApiController/Get] Getting all the estimates...
01.02.2024 15:12:32 [Information] [EstimatesApiController/Get] All estimates have been successfully received.
01.02.2024 15:12:32 [Information] [EstimatesController/Read] All estimates have been successfully read.
01.02.2024 15:12:32 [Information] [EstimatesController/Read] Reading all roads...
01.02.2024 15:12:32 [Information] [RoadsApiController/Get] Getting all the roads...
01.02.2024 15:12:32 [Information] [RoadsApiController/Get] All roads have been successfully received.
01.02.2024 15:12:32 [Information] [EstimatesController/Read] All roads have been successfully read.
01.02.2024 15:12:32 [Information] [EstimatesController] Navigating to the page "Read All Estimates".
01.02.2024 15:12:35 [Information] [EstimatesController/Read/362] Reading a estimate with Id 362...
01.02.2024 15:12:36 [Information] [EstimatesApiController/Get/362] Getting a estimate with Id 362...
01.02.2024 15:12:36 [Information] [EstimatesApiController/Get/362] The estimate with Id 362 was successfully received.
01.02.2024 15:12:36 [Information] [EstimatesController/Read/362] The estimate with Id 362 was successfully read.
01.02.2024 15:12:36 [Information] [EstimatesController] Navigating to the page "Read Estimate By Id".
01.02.2024 15:12:42 [Information] [TechnicalConditionsOfRoadsController/Read] Reading all technical conditions of roads...
01.02.2024 15:12:42 [Information] [TechnicalConditionsOfRoadsApiController/Get] Getting all the technical conditions of roads...
01.02.2024 15:12:44 [Information] [TechnicalConditionsOfRoadsApiController/Get] All technical conditions of roads have been successfully received.
01.02.2024 15:12:44 [Information] [TechnicalConditionsOfRoadsController/Read] All technical conditions of roads have been successfully read.
01.02.2024 15:12:44 [Information] [TechnicalConditionsOfRoadsController/Read] Reading all roads...
01.02.2024 15:12:44 [Information] [RoadsApiController/Get] Getting all the roads...
01.02.2024 15:12:44 [Information] [RoadsApiController/Get] All roads have been successfully received.
01.02.2024 15:12:44 [Information] [TechnicalConditionsOfRoadsController/Read] All roads have been successfully read.
01.02.2024 15:12:44 [Information] [TechnicalConditionsOfRoadsController] Navigating to the page "Read All Technical Conditions Of Roads By Year".
01.02.2024 15:13:18 [Information] [TechnicalConditionsOfRoadsController/Read] Reading all technical conditions of roads...
01.02.2024 15:13:18 [Information] [TechnicalConditionsOfRoadsApiController/Get] Getting all the technical conditions of roads...
01.02.2024 15:13:19 [Information] [TechnicalConditionsOfRoadsApiController/Get] All technical conditions of roads have been successfully received.
01.02.2024 15:13:19 [Information] [TechnicalConditionsOfRoadsController/Read] All technical conditions of roads have been successfully read.
01.02.2024 15:13:19 [Information] [TechnicalConditionsOfRoadsController/Read] Reading all roads...
01.02.2024 15:13:19 [Information] [RoadsApiController/Get] Getting all the roads...
01.02.2024 15:13:19 [Information] [RoadsApiController/Get] All roads have been successfully received.
01.02.2024 15:13:19 [Information] [TechnicalConditionsOfRoadsController/Read] All roads have been successfully read.
01.02.2024 15:13:19 [Information] [TechnicalConditionsOfRoadsController] Navigating to the page "Read All Technical Conditions Of Roads By Year".
01.02.2024 15:13:21 [Information] [EstimatesController/Read] Reading all estimates...
01.02.2024 15:13:21 [Information] [EstimatesApiController/Get] Getting all the estimates...
01.02.2024 15:13:21 [Information] [EstimatesApiController/Get] All estimates have been successfully received.
01.02.2024 15:13:21 [Information] [EstimatesController/Read] All estimates have been successfully read.
01.02.2024 15:13:21 [Information] [EstimatesController/Read] Reading all roads...
01.02.2024 15:13:21 [Information] [RoadsApiController/Get] Getting all the roads...
01.02.2024 15:13:21 [Information] [RoadsApiController/Get] All roads have been successfully received.
01.02.2024 15:13:21 [Information] [EstimatesController/Read] All roads have been successfully read.
01.02.2024 15:13:21 [Information] [EstimatesController] Navigating to the page "Read All Estimates".
01.02.2024 15:13:22 [Information] [TechnicalConditionsOfRoadsController/Read] Reading all technical conditions of roads...
01.02.2024 15:13:22 [Information] [TechnicalConditionsOfRoadsApiController/Get] Getting all the technical conditions of roads...
01.02.2024 15:13:24 [Information] [TechnicalConditionsOfRoadsApiController/Get] All technical conditions of roads have been successfully received.
01.02.2024 15:13:24 [Information] [TechnicalConditionsOfRoadsController/Read] All technical conditions of roads have been successfully read.
01.02.2024 15:13:24 [Information] [TechnicalConditionsOfRoadsController/Read] Reading all roads...
01.02.2024 15:13:24 [Information] [RoadsApiController/Get] Getting all the roads...
01.02.2024 15:13:24 [Information] [RoadsApiController/Get] All roads have been successfully received.
01.02.2024 15:13:24 [Information] [TechnicalConditionsOfRoadsController/Read] All roads have been successfully read.
01.02.2024 15:13:24 [Information] [TechnicalConditionsOfRoadsController] Navigating to the page "Read All Technical Conditions Of Roads By Year".
01.02.2024 15:13:25 [Information] [TechnicalConditionsOfRoadsController/Read/1/2008] Reading the technical conditions of road for 2008...
01.02.2024 15:13:25 [Information] [TechnicalConditionsOfRoadsApiController/Get] Getting all the technical conditions of roads...
01.02.2024 15:13:27 [Information] [TechnicalConditionsOfRoadsApiController/Get] All technical conditions of roads have been successfully received.
01.02.2024 15:13:27 [Information] [TechnicalConditionsOfRoadsController/Read/1/2008] The technical conditions of road for 2008 was successfully read.
01.02.2024 15:13:27 [Information] [TechnicalConditionsOfRoadsController] Navigating to the page "Read Technical Conditions Of Road For 2008".
