01.02.2024 3:12:24 [Information] [TechnicalConditionsOfRoadsController/Read] Reading all technical conditions of roads...
01.02.2024 3:12:24 [Information] [TechnicalConditionsOfRoadsApiController/Get] Getting all the technical conditions of roads...
01.02.2024 3:12:27 [Information] [TechnicalConditionsOfRoadsApiController/Get] All technical conditions of roads have been successfully received.
01.02.2024 3:12:27 [Information] [TechnicalConditionsOfRoadsController/Read] All technical conditions of roads have been successfully read.
01.02.2024 3:12:27 [Information] [TechnicalConditionsOfRoadsController/Read] Reading all roads...
01.02.2024 3:12:27 [Information] [RoadsApiController/Get] Getting all the roads...
01.02.2024 3:12:27 [Information] [RoadsApiController/Get] All roads have been successfully received.
01.02.2024 3:12:27 [Information] [TechnicalConditionsOfRoadsController/Read] All roads have been successfully read.
01.02.2024 3:12:27 [Information] [TechnicalConditionsOfRoadsController] Navigating to the page "Read All Technical Conditions Of Roads By Year".
01.02.2024 3:12:28 [Information] [TechnicalConditionsOfRoadsController/Read/1/2000] Reading the technical conditions of road for 2000...
01.02.2024 3:12:28 [Information] [TechnicalConditionsOfRoadsApiController/Get] Getting all the technical conditions of roads...
01.02.2024 3:12:30 [Information] [TechnicalConditionsOfRoadsApiController/Get] All technical conditions of roads have been successfully received.
01.02.2024 3:12:30 [Information] [TechnicalConditionsOfRoadsController/Read/1/2000] The technical conditions of road for 2000 was successfully read.
01.02.2024 3:12:30 [Information] [TechnicalConditionsOfRoadsController] Navigating to the page "Read Technical Conditions Of Road For 2000".
01.02.2024 3:12:31 [Information] [TechnicalConditionsOfRoadsController/Update/3601] Reading a technical condition of road with Id 3601...
01.02.2024 3:12:31 [Information] [TechnicalConditionsOfRoadsApiController/Get/3601] Getting a technical condition of road with Id 3601...
01.02.2024 3:12:31 [Information] [TechnicalConditionsOfRoadsApiController/Get/3601] The technical condition of road with Id 3601 was successfully received.
01.02.2024 3:12:31 [Information] [TechnicalConditionsOfRoadsController/Update/3601] The technical condition of road with Id 3601 was successfully read.
01.02.2024 3:12:31 [Information] [TechnicalConditionsOfRoadsController/Update/3601] Reading all roads...
01.02.2024 3:12:31 [Information] [RoadsApiController/Get] Getting all the roads...
01.02.2024 3:12:31 [Information] [RoadsApiController/Get] All roads have been successfully received.
01.02.2024 3:12:31 [Information] [TechnicalConditionsOfRoadsController/Update/3601] All roads have been successfully read.
01.02.2024 3:12:31 [Information] [TechnicalConditionsOfRoadsController] Navigating to the page "Update Technical Condition Of Road".
01.02.2024 3:12:41 [Information] [TechnicalConditionsOfRoadsController/Update] Updating the technical condition of road with Id 3601...
01.02.2024 3:12:41 [Information] [TechnicalConditionsOfRoadsApiController/Put/3601] Updating the technical condition of road with Id 3601...
01.02.2024 3:12:41 [Information] [TechnicalConditionsOfRoadsApiController/Put/3601] The technical condition of road with Id 3601 has been successfully updated.
01.02.2024 3:12:41 [Information] [TechnicalConditionsOfRoadsController/Update] The technical condition of road with Id 3601 has been successfully updated.
01.02.2024 3:12:41 [Information] [TechnicalConditionsOfRoadsController/Read/1/2000] Reading the technical conditions of road for 2000...
01.02.2024 3:12:41 [Information] [TechnicalConditionsOfRoadsApiController/Get] Getting all the technical conditions of roads...
01.02.2024 3:12:42 [Information] [TechnicalConditionsOfRoadsApiController/Get] All technical conditions of roads have been successfully received.
01.02.2024 3:12:42 [Information] [TechnicalConditionsOfRoadsController/Read/1/2000] The technical conditions of road for 2000 was successfully read.
01.02.2024 3:12:42 [Information] [TechnicalConditionsOfRoadsController] Navigating to the page "Read Technical Conditions Of Road For 2000".
