01.02.2024 0:54:22 [Information] [TechnicalConditionsOfRoadsController/Read] Reading all technical conditions of roads...
01.02.2024 0:54:22 [Information] [TechnicalConditionsOfRoadsApiController/Get] Getting all the technical conditions of roads...
01.02.2024 0:54:24 [Information] [TechnicalConditionsOfRoadsApiController/Get] All technical conditions of roads have been successfully received.
01.02.2024 0:54:25 [Information] [TechnicalConditionsOfRoadsController/Read] All technical conditions of roads have been successfully read.
01.02.2024 0:54:25 [Information] [TechnicalConditionsOfRoadsController/Read] Reading all roads...
01.02.2024 0:54:25 [Information] [RoadsApiController/Get] Getting all the roads...
01.02.2024 0:54:25 [Information] [RoadsApiController/Get] All roads have been successfully received.
01.02.2024 0:54:25 [Information] [TechnicalConditionsOfRoadsController/Read] All roads have been successfully read.
01.02.2024 0:54:25 [Information] [TechnicalConditionsOfRoadsController] Navigating to the page "Read All Technical Conditions Of Roads By Year".
01.02.2024 0:54:26 [Information] [TechnicalConditionsOfRoadsController/Read/4/2012] Reading the technical conditions of road for 2012...
01.02.2024 0:54:26 [Information] [TechnicalConditionsOfRoadsApiController/Get] Getting all the technical conditions of roads...
01.02.2024 0:54:28 [Information] [TechnicalConditionsOfRoadsApiController/Get] All technical conditions of roads have been successfully received.
01.02.2024 0:54:28 [Information] [TechnicalConditionsOfRoadsController/Read/4/2012] The technical conditions of road for 2012 was successfully read.
01.02.2024 0:54:28 [Information] [TechnicalConditionsOfRoadsController] Navigating to the page "Read Technical Conditions Of Road For 2012".
01.02.2024 0:56:14 [Information] [TechnicalConditionsOfRoadsController/Read] Reading all technical conditions of roads...
01.02.2024 0:56:14 [Information] [TechnicalConditionsOfRoadsApiController/Get] Getting all the technical conditions of roads...
01.02.2024 0:56:16 [Information] [TechnicalConditionsOfRoadsApiController/Get] All technical conditions of roads have been successfully received.
01.02.2024 0:56:16 [Information] [TechnicalConditionsOfRoadsController/Read] All technical conditions of roads have been successfully read.
01.02.2024 0:56:16 [Information] [TechnicalConditionsOfRoadsController/Read] Reading all roads...
01.02.2024 0:56:16 [Information] [RoadsApiController/Get] Getting all the roads...
01.02.2024 0:56:16 [Information] [RoadsApiController/Get] All roads have been successfully received.
01.02.2024 0:56:16 [Information] [TechnicalConditionsOfRoadsController/Read] All roads have been successfully read.
01.02.2024 0:56:16 [Information] [TechnicalConditionsOfRoadsController] Navigating to the page "Read All Technical Conditions Of Roads By Year".
01.02.2024 0:56:17 [Information] [RoadsController/Read] Reading all roads...
01.02.2024 0:56:17 [Information] [RoadsApiController/Get] Getting all the roads...
01.02.2024 0:56:17 [Information] [RoadsApiController/Get] All roads have been successfully received.
01.02.2024 0:56:17 [Information] [RoadsController/Read] All roads have been successfully read.
01.02.2024 0:56:17 [Information] [RoadsController] Navigating to the page "Read All Roads".
01.02.2024 0:56:18 [Information] [EstimatesController/Read] Reading all estimates...
01.02.2024 0:56:18 [Information] [EstimatesApiController/Get] Getting all the estimates...
01.02.2024 0:56:18 [Information] [EstimatesApiController/Get] All estimates have been successfully received.
01.02.2024 0:56:18 [Information] [EstimatesController/Read] All estimates have been successfully read.
01.02.2024 0:56:18 [Information] [EstimatesController/Read] Reading all roads...
01.02.2024 0:56:18 [Information] [RoadsApiController/Get] Getting all the roads...
01.02.2024 0:56:18 [Information] [RoadsApiController/Get] All roads have been successfully received.
01.02.2024 0:56:18 [Information] [EstimatesController/Read] All roads have been successfully read.
01.02.2024 0:56:18 [Information] [EstimatesController] Navigating to the page "Read All Estimates".
01.02.2024 0:56:19 [Information] [TechnicalConditionsOfRoadsController/Read] Reading all technical conditions of roads...
01.02.2024 0:56:19 [Information] [TechnicalConditionsOfRoadsApiController/Get] Getting all the technical conditions of roads...
01.02.2024 0:56:21 [Information] [TechnicalConditionsOfRoadsApiController/Get] All technical conditions of roads have been successfully received.
01.02.2024 0:56:21 [Information] [TechnicalConditionsOfRoadsController/Read] All technical conditions of roads have been successfully read.
01.02.2024 0:56:21 [Information] [TechnicalConditionsOfRoadsController/Read] Reading all roads...
01.02.2024 0:56:21 [Information] [RoadsApiController/Get] Getting all the roads...
01.02.2024 0:56:21 [Information] [RoadsApiController/Get] All roads have been successfully received.
01.02.2024 0:56:21 [Information] [TechnicalConditionsOfRoadsController/Read] All roads have been successfully read.
01.02.2024 0:56:21 [Information] [TechnicalConditionsOfRoadsController] Navigating to the page "Read All Technical Conditions Of Roads By Year".
