10.01.2024 1:51:07 [Information] [RoadsController/Read] Reading all roads...
10.01.2024 1:51:07 [Information] [RoadsApiController/Get] Getting all the roads...
10.01.2024 1:51:07 [Information] [RoadsApiController/Get] All roads have been successfully received.
10.01.2024 1:51:07 [Information] [RoadsController/Read] All roads have been successfully read.
10.01.2024 1:51:07 [Information] [RoadsController] Navigating to the page "Read All Roads".
10.01.2024 1:51:29 [Information] [EstimatesController/Read] Reading all estimates...
10.01.2024 1:51:29 [Information] [EstimatesApiController/Get] Getting all the estimates...
10.01.2024 1:51:30 [Information] [EstimatesApiController/Get] All estimates have been successfully received.
10.01.2024 1:51:30 [Information] [EstimatesController/Read] All estimates have been successfully read.
10.01.2024 1:51:30 [Information] [EstimatesController/Read] Reading all roads...
10.01.2024 1:51:30 [Information] [RoadsApiController/Get] Getting all the roads...
10.01.2024 1:51:30 [Information] [RoadsApiController/Get] All roads have been successfully received.
10.01.2024 1:51:30 [Information] [EstimatesController/Read] All roads have been successfully read.
10.01.2024 1:51:30 [Information] [EstimatesController] Navigating to the page "Read All Estimates".
10.01.2024 1:51:34 [Information] [EstimatesController/Read/400] Reading a estimate with Id 400...
10.01.2024 1:51:34 [Information] [EstimatesApiController/Get/400] Getting a estimate with Id 400...
10.01.2024 1:51:34 [Information] [EstimatesApiController/Get/400] The estimate with Id 400 was successfully received.
10.01.2024 1:51:34 [Information] [EstimatesController/Read/400] The estimate with Id 400 was successfully read.
10.01.2024 1:51:34 [Information] [EstimatesController] Navigating to the page "Read Estimate By Id".
10.01.2024 1:51:39 [Information] [EstimatesController/Update/400] Reading a estimate with Id 400...
10.01.2024 1:51:39 [Information] [EstimatesApiController/Get/400] Getting a estimate with Id 400...
10.01.2024 1:51:39 [Information] [EstimatesApiController/Get/400] The estimate with Id 400 was successfully received.
10.01.2024 1:51:39 [Information] [EstimatesController/Update/400] The estimate with Id 400 was successfully read.
10.01.2024 1:51:39 [Information] [EstimatesController/Update/400] Reading all roads...
10.01.2024 1:51:39 [Information] [RoadsApiController/Get] Getting all the roads...
10.01.2024 1:51:39 [Information] [RoadsApiController/Get] All roads have been successfully received.
10.01.2024 1:51:39 [Information] [EstimatesController/Update/400] All roads have been successfully read.
10.01.2024 1:51:39 [Information] [EstimatesController] Navigating to the page "Update Estimate".
10.01.2024 1:51:40 [Information] [EstimatesController/Read/400] Reading a estimate with Id 400...
10.01.2024 1:51:40 [Information] [EstimatesApiController/Get/400] Getting a estimate with Id 400...
10.01.2024 1:51:40 [Information] [EstimatesApiController/Get/400] The estimate with Id 400 was successfully received.
10.01.2024 1:51:40 [Information] [EstimatesController/Read/400] The estimate with Id 400 was successfully read.
10.01.2024 1:51:40 [Information] [EstimatesController] Navigating to the page "Read Estimate By Id".
10.01.2024 1:51:44 [Information] [RoadsController/Read] Reading all roads...
10.01.2024 1:51:44 [Information] [RoadsApiController/Get] Getting all the roads...
10.01.2024 1:51:44 [Information] [RoadsApiController/Get] All roads have been successfully received.
10.01.2024 1:51:44 [Information] [RoadsController/Read] All roads have been successfully read.
10.01.2024 1:51:44 [Information] [RoadsController] Navigating to the page "Read All Roads".
10.01.2024 1:51:47 [Information] [RoadsController/Update/1] Reading a road with Id 1...
10.01.2024 1:51:47 [Information] [RoadsApiController/Get/1] Getting a road with Id 1...
10.01.2024 1:51:47 [Information] [RoadsApiController/Get/1] The road with Id 1 was successfully received.
10.01.2024 1:51:47 [Information] [RoadsController/Update/1] The road with Id 1 was successfully read.
10.01.2024 1:51:47 [Information] [RoadsController] Navigating to the page "Update Road".
10.01.2024 1:51:49 [Information] [RoadsController/Read] Reading all roads...
10.01.2024 1:51:49 [Information] [RoadsApiController/Get] Getting all the roads...
10.01.2024 1:51:49 [Information] [RoadsApiController/Get] All roads have been successfully received.
10.01.2024 1:51:49 [Information] [RoadsController/Read] All roads have been successfully read.
10.01.2024 1:51:49 [Information] [RoadsController] Navigating to the page "Read All Roads".
10.01.2024 1:51:50 [Information] [RoadsController/Read/1] Reading a road with Id 1...
10.01.2024 1:51:50 [Information] [RoadsApiController/Get/1] Getting a road with Id 1...
10.01.2024 1:51:50 [Information] [RoadsApiController/Get/1] The road with Id 1 was successfully received.
10.01.2024 1:51:50 [Information] [RoadsController/Read/1] The road with Id 1 was successfully read.
10.01.2024 1:51:50 [Information] [RoadsController] Navigating to the page "Read Road By Id".
10.01.2024 1:51:52 [Information] [RoadsController/Read] Reading all roads...
10.01.2024 1:51:52 [Information] [RoadsApiController/Get] Getting all the roads...
10.01.2024 1:51:52 [Information] [RoadsApiController/Get] All roads have been successfully received.
10.01.2024 1:51:52 [Information] [RoadsController/Read] All roads have been successfully read.
10.01.2024 1:51:52 [Information] [RoadsController] Navigating to the page "Read All Roads".
10.01.2024 1:52:03 [Information] [EstimatesController/Read] Reading all estimates...
10.01.2024 1:52:03 [Information] [EstimatesApiController/Get] Getting all the estimates...
10.01.2024 1:52:03 [Information] [EstimatesApiController/Get] All estimates have been successfully received.
10.01.2024 1:52:03 [Information] [EstimatesController/Read] All estimates have been successfully read.
10.01.2024 1:52:03 [Information] [EstimatesController/Read] Reading all roads...
10.01.2024 1:52:04 [Information] [RoadsApiController/Get] Getting all the roads...
10.01.2024 1:52:04 [Information] [RoadsApiController/Get] All roads have been successfully received.
10.01.2024 1:52:04 [Information] [EstimatesController/Read] All roads have been successfully read.
10.01.2024 1:52:04 [Information] [EstimatesController] Navigating to the page "Read All Estimates".
10.01.2024 1:52:08 [Information] [EstimatesController/Read/400] Reading a estimate with Id 400...
10.01.2024 1:52:08 [Information] [EstimatesApiController/Get/400] Getting a estimate with Id 400...
10.01.2024 1:52:08 [Information] [EstimatesApiController/Get/400] The estimate with Id 400 was successfully received.
10.01.2024 1:52:08 [Information] [EstimatesController/Read/400] The estimate with Id 400 was successfully read.
10.01.2024 1:52:08 [Information] [EstimatesController] Navigating to the page "Read Estimate By Id".
