07.01.2024 23:29:10 [Information] [RoadsController/Read] Reading all roads...
07.01.2024 23:29:10 [Information] [RoadsApiController/Get] Getting all the roads...
07.01.2024 23:29:11 [Information] [RoadsApiController/Get] All roads have been successfully received.
07.01.2024 23:29:11 [Information] [RoadsController/Read] All roads have been successfully read.
07.01.2024 23:29:11 [Information] [RoadsController] Navigating to the page "Read All Roads".
07.01.2024 23:29:13 [Information] [RoadsController/Delete/25] Reading a road with Id 25...
07.01.2024 23:29:13 [Information] [RoadsApiController/Get/25] Getting a road with Id 25...
07.01.2024 23:29:13 [Information] [RoadsApiController/Get/25] The road with Id 25 was successfully received.
07.01.2024 23:29:13 [Information] [RoadsController/Delete/25] The road with Id 25 was successfully read.
07.01.2024 23:29:13 [Information] [RoadsController] Navigating to the page "Delete Road".
07.01.2024 23:29:15 [Information] [RoadsController/Delete] Deleting a road with Id 25...
07.01.2024 23:29:15 [Information] [RoadsApiController/Delete/25] Deleting a road with Id 25...
07.01.2024 23:29:15 [Information] [RoadsApiController/Delete/25] The road with Id 25 has been successfully deleted.
07.01.2024 23:29:15 [Information] [RoadsController/Delete] The road with Id 25 has been successfully deleted.
07.01.2024 23:29:15 [Information] [RoadsController/Read] Reading all roads...
07.01.2024 23:29:15 [Information] [RoadsApiController/Get] Getting all the roads...
07.01.2024 23:29:15 [Information] [RoadsApiController/Get] All roads have been successfully received.
07.01.2024 23:29:15 [Information] [RoadsController/Read] All roads have been successfully read.
07.01.2024 23:29:15 [Information] [RoadsController] Navigating to the page "Read All Roads".
07.01.2024 23:29:18 [Information] [RoadsController/Delete/24] Reading a road with Id 24...
07.01.2024 23:29:18 [Information] [RoadsApiController/Get/24] Getting a road with Id 24...
07.01.2024 23:29:18 [Information] [RoadsApiController/Get/24] The road with Id 24 was successfully received.
07.01.2024 23:29:18 [Information] [RoadsController/Delete/24] The road with Id 24 was successfully read.
07.01.2024 23:29:18 [Information] [RoadsController] Navigating to the page "Delete Road".
07.01.2024 23:29:21 [Information] [RoadsController/Delete] Deleting a road with Id 24...
07.01.2024 23:29:21 [Information] [RoadsApiController/Delete/24] Deleting a road with Id 24...
07.01.2024 23:29:21 [Information] [RoadsApiController/Delete/24] The road with Id 24 has been successfully deleted.
07.01.2024 23:29:21 [Information] [RoadsController/Delete] The road with Id 24 has been successfully deleted.
07.01.2024 23:29:21 [Information] [RoadsController/Read] Reading all roads...
07.01.2024 23:29:21 [Information] [RoadsApiController/Get] Getting all the roads...
07.01.2024 23:29:21 [Information] [RoadsApiController/Get] All roads have been successfully received.
07.01.2024 23:29:21 [Information] [RoadsController/Read] All roads have been successfully read.
07.01.2024 23:29:21 [Information] [RoadsController] Navigating to the page "Read All Roads".
07.01.2024 23:29:23 [Information] [RoadsController/Delete/23] Reading a road with Id 23...
07.01.2024 23:29:23 [Information] [RoadsApiController/Get/23] Getting a road with Id 23...
07.01.2024 23:29:23 [Information] [RoadsApiController/Get/23] The road with Id 23 was successfully received.
07.01.2024 23:29:23 [Information] [RoadsController/Delete/23] The road with Id 23 was successfully read.
07.01.2024 23:29:23 [Information] [RoadsController] Navigating to the page "Delete Road".
07.01.2024 23:29:26 [Information] [RoadsController/Delete] Deleting a road with Id 23...
07.01.2024 23:29:26 [Information] [RoadsApiController/Delete/23] Deleting a road with Id 23...
07.01.2024 23:29:26 [Information] [RoadsApiController/Delete/23] The road with Id 23 has been successfully deleted.
07.01.2024 23:29:26 [Information] [RoadsController/Delete] The road with Id 23 has been successfully deleted.
07.01.2024 23:29:26 [Information] [RoadsController/Read] Reading all roads...
07.01.2024 23:29:26 [Information] [RoadsApiController/Get] Getting all the roads...
07.01.2024 23:29:26 [Information] [RoadsApiController/Get] All roads have been successfully received.
07.01.2024 23:29:26 [Information] [RoadsController/Read] All roads have been successfully read.
07.01.2024 23:29:26 [Information] [RoadsController] Navigating to the page "Read All Roads".
