07.03.2024 19:09:37 [Information] [RoadWorksProgramsController/Read] Reading all road works programs...
07.03.2024 19:09:37 [Information] [RoadWorksProgramsApiController/Get] Getting all the road works programs...
07.03.2024 19:09:38 [Information] [RoadWorksProgramsApiController/Get] All road works programs have been successfully received.
07.03.2024 19:09:38 [Information] [RoadWorksProgramsController/Read] All road works programs have been successfully read.
07.03.2024 19:09:38 [Information] [RoadWorksProgramsController/Read] Reading all roads...
07.03.2024 19:09:38 [Information] [RoadsApiController/Get] Getting all the roads...
07.03.2024 19:09:38 [Information] [RoadsApiController/Get] All roads have been successfully received.
07.03.2024 19:09:38 [Information] [RoadWorksProgramsController/Read] All roads have been successfully read.
07.03.2024 19:09:38 [Information] [RoadWorksProgramsController] Navigating to the page "Read All Road Works Programs By Year".
07.03.2024 19:09:41 [Information] [RoadWorksProgramsController/Create] Reading all roads...
07.03.2024 19:09:41 [Information] [RoadsApiController/Get] Getting all the roads...
07.03.2024 19:09:41 [Information] [RoadsApiController/Get] All roads have been successfully received.
07.03.2024 19:09:41 [Information] [RoadWorksProgramsController/Create] All roads have been successfully read.
07.03.2024 19:09:41 [Information] [RoadWorksProgramsController/Create] Reading all estimates...
07.03.2024 19:09:41 [Information] [EstimatesApiController/Get] Getting all the estimates...
07.03.2024 19:09:41 [Information] [EstimatesApiController/Get] All estimates have been successfully received.
07.03.2024 19:09:41 [Information] [RoadWorksProgramsController/Create] All estimates have been successfully read.
07.03.2024 19:09:41 [Information] [RoadWorksProgramsController] Navigating to the page "Create Road Works Program".
07.03.2024 19:10:31 [Information] [RoadWorksProgramsController/Create] Reading all roads...
07.03.2024 19:10:31 [Information] [RoadsApiController/Get] Getting all the roads...
07.03.2024 19:10:31 [Information] [RoadsApiController/Get] All roads have been successfully received.
07.03.2024 19:10:31 [Information] [RoadWorksProgramsController/Create] All roads have been successfully read.
07.03.2024 19:10:31 [Information] [RoadWorksProgramsController/Create] Reading all estimates...
07.03.2024 19:10:31 [Information] [EstimatesApiController/Get] Getting all the estimates...
07.03.2024 19:10:32 [Information] [EstimatesApiController/Get] All estimates have been successfully received.
07.03.2024 19:10:32 [Information] [RoadWorksProgramsController/Create] All estimates have been successfully read.
07.03.2024 19:10:32 [Information] [RoadWorksProgramsController] Navigating to the page "Create Road Works Program".
07.03.2024 19:11:39 [Information] [RoadWorksProgramsController/Create] Reading all roads...
07.03.2024 19:11:39 [Information] [RoadsApiController/Get] Getting all the roads...
07.03.2024 19:11:39 [Information] [RoadsApiController/Get] All roads have been successfully received.
07.03.2024 19:11:39 [Information] [RoadWorksProgramsController/Create] All roads have been successfully read.
07.03.2024 19:11:39 [Information] [RoadWorksProgramsController/Create] Reading all estimates...
07.03.2024 19:11:39 [Information] [EstimatesApiController/Get] Getting all the estimates...
07.03.2024 19:11:40 [Information] [EstimatesApiController/Get] All estimates have been successfully received.
07.03.2024 19:11:40 [Information] [RoadWorksProgramsController/Create] All estimates have been successfully read.
07.03.2024 19:11:40 [Information] [RoadWorksProgramsController] Navigating to the page "Create Road Works Program".
07.03.2024 19:14:35 [Information] [RoadWorksProgramsController/Create] Reading all roads...
07.03.2024 19:14:35 [Information] [RoadsApiController/Get] Getting all the roads...
07.03.2024 19:14:35 [Information] [RoadsApiController/Get] All roads have been successfully received.
07.03.2024 19:14:35 [Information] [RoadWorksProgramsController/Create] All roads have been successfully read.
07.03.2024 19:14:35 [Information] [RoadWorksProgramsController/Create] Reading all estimates...
07.03.2024 19:14:35 [Information] [EstimatesApiController/Get] Getting all the estimates...
07.03.2024 19:14:36 [Information] [EstimatesApiController/Get] All estimates have been successfully received.
07.03.2024 19:14:36 [Information] [RoadWorksProgramsController/Create] All estimates have been successfully read.
07.03.2024 19:14:36 [Information] [RoadWorksProgramsController] Navigating to the page "Create Road Works Program".
07.03.2024 19:19:16 [Information] [RoadWorksProgramsController/Create] Reading all roads...
07.03.2024 19:19:16 [Information] [RoadsApiController/Get] Getting all the roads...
07.03.2024 19:19:16 [Information] [RoadsApiController/Get] All roads have been successfully received.
07.03.2024 19:19:16 [Information] [RoadWorksProgramsController/Create] All roads have been successfully read.
07.03.2024 19:19:16 [Information] [RoadWorksProgramsController/Create] Reading all estimates...
07.03.2024 19:19:16 [Information] [EstimatesApiController/Get] Getting all the estimates...
07.03.2024 19:19:16 [Information] [EstimatesApiController/Get] All estimates have been successfully received.
07.03.2024 19:19:16 [Information] [RoadWorksProgramsController/Create] All estimates have been successfully read.
07.03.2024 19:19:16 [Information] [RoadWorksProgramsController] Navigating to the page "Create Road Works Program".
07.03.2024 19:19:35 [Information] [RoadWorksProgramsController/Create] Reading all roads...
07.03.2024 19:19:35 [Information] [RoadsApiController/Get] Getting all the roads...
07.03.2024 19:19:35 [Information] [RoadsApiController/Get] All roads have been successfully received.
07.03.2024 19:19:35 [Information] [RoadWorksProgramsController/Create] All roads have been successfully read.
07.03.2024 19:19:35 [Information] [RoadWorksProgramsController/Create] Reading all estimates...
07.03.2024 19:19:35 [Information] [EstimatesApiController/Get] Getting all the estimates...
07.03.2024 19:19:36 [Information] [EstimatesApiController/Get] All estimates have been successfully received.
07.03.2024 19:19:36 [Information] [RoadWorksProgramsController/Create] All estimates have been successfully read.
07.03.2024 19:19:36 [Information] [RoadWorksProgramsController] Navigating to the page "Create Road Works Program".
07.03.2024 19:28:27 [Information] [RoadWorksProgramsController/Create] Reading all roads...
07.03.2024 19:28:27 [Information] [RoadsApiController/Get] Getting all the roads...
07.03.2024 19:28:27 [Information] [RoadsApiController/Get] All roads have been successfully received.
07.03.2024 19:28:27 [Information] [RoadWorksProgramsController/Create] All roads have been successfully read.
07.03.2024 19:28:27 [Information] [RoadWorksProgramsController/Create] Reading all estimates...
07.03.2024 19:28:27 [Information] [EstimatesApiController/Get] Getting all the estimates...
07.03.2024 19:28:27 [Information] [EstimatesApiController/Get] All estimates have been successfully received.
07.03.2024 19:28:27 [Information] [RoadWorksProgramsController/Create] All estimates have been successfully read.
07.03.2024 19:28:27 [Information] [RoadWorksProgramsController] Navigating to the page "Create Road Works Program".
07.03.2024 19:31:34 [Information] [RoadWorksProgramsController/Create] Reading all roads...
07.03.2024 19:31:34 [Information] [RoadsApiController/Get] Getting all the roads...
07.03.2024 19:31:34 [Information] [RoadsApiController/Get] All roads have been successfully received.
07.03.2024 19:31:34 [Information] [RoadWorksProgramsController/Create] All roads have been successfully read.
07.03.2024 19:31:34 [Information] [RoadWorksProgramsController/Create] Reading all estimates...
07.03.2024 19:31:34 [Information] [EstimatesApiController/Get] Getting all the estimates...
07.03.2024 19:31:35 [Information] [EstimatesApiController/Get] All estimates have been successfully received.
07.03.2024 19:31:35 [Information] [RoadWorksProgramsController/Create] All estimates have been successfully read.
07.03.2024 19:31:35 [Information] [RoadWorksProgramsController] Navigating to the page "Create Road Works Program".
07.03.2024 19:31:42 [Information] [TechnicalConditionsOfRoadsController/Read] Reading all technical conditions of roads...
07.03.2024 19:31:42 [Information] [TechnicalConditionsOfRoadsApiController/Get] Getting all the technical conditions of roads...
07.03.2024 19:31:44 [Information] [TechnicalConditionsOfRoadsApiController/Get] All technical conditions of roads have been successfully received.
07.03.2024 19:31:44 [Information] [TechnicalConditionsOfRoadsController/Read] All technical conditions of roads have been successfully read.
07.03.2024 19:31:44 [Information] [TechnicalConditionsOfRoadsController/Read] Reading all roads...
07.03.2024 19:31:44 [Information] [RoadsApiController/Get] Getting all the roads...
07.03.2024 19:31:44 [Information] [RoadsApiController/Get] All roads have been successfully received.
07.03.2024 19:31:44 [Information] [TechnicalConditionsOfRoadsController/Read] All roads have been successfully read.
07.03.2024 19:31:44 [Information] [TechnicalConditionsOfRoadsController] Navigating to the page "Read All Technical Conditions Of Roads By Year".
07.03.2024 19:31:45 [Information] [RoadWorksProgramsController/Read] Reading all road works programs...
07.03.2024 19:31:45 [Information] [RoadWorksProgramsApiController/Get] Getting all the road works programs...
07.03.2024 19:31:45 [Information] [RoadWorksProgramsApiController/Get] All road works programs have been successfully received.
07.03.2024 19:31:45 [Information] [RoadWorksProgramsController/Read] All road works programs have been successfully read.
07.03.2024 19:31:45 [Information] [RoadWorksProgramsController/Read] Reading all roads...
07.03.2024 19:31:45 [Information] [RoadsApiController/Get] Getting all the roads...
07.03.2024 19:31:45 [Information] [RoadsApiController/Get] All roads have been successfully received.
07.03.2024 19:31:45 [Information] [RoadWorksProgramsController/Read] All roads have been successfully read.
07.03.2024 19:31:45 [Information] [RoadWorksProgramsController] Navigating to the page "Read All Road Works Programs By Year".
07.03.2024 19:31:47 [Information] [RoadWorksProgramsController/Create] Reading all roads...
07.03.2024 19:31:47 [Information] [RoadsApiController/Get] Getting all the roads...
07.03.2024 19:31:47 [Information] [RoadsApiController/Get] All roads have been successfully received.
07.03.2024 19:31:47 [Information] [RoadWorksProgramsController/Create] All roads have been successfully read.
07.03.2024 19:31:47 [Information] [RoadWorksProgramsController/Create] Reading all estimates...
07.03.2024 19:31:47 [Information] [EstimatesApiController/Get] Getting all the estimates...
07.03.2024 19:31:47 [Information] [EstimatesApiController/Get] All estimates have been successfully received.
07.03.2024 19:31:47 [Information] [RoadWorksProgramsController/Create] All estimates have been successfully read.
07.03.2024 19:31:47 [Information] [RoadWorksProgramsController] Navigating to the page "Create Road Works Program".
07.03.2024 19:33:58 [Information] [RoadWorksProgramsController/Create] Reading all roads...
07.03.2024 19:33:58 [Information] [RoadsApiController/Get] Getting all the roads...
07.03.2024 19:33:58 [Information] [RoadsApiController/Get] All roads have been successfully received.
07.03.2024 19:33:58 [Information] [RoadWorksProgramsController/Create] All roads have been successfully read.
07.03.2024 19:33:58 [Information] [RoadWorksProgramsController/Create] Reading all estimates...
07.03.2024 19:33:58 [Information] [EstimatesApiController/Get] Getting all the estimates...
07.03.2024 19:33:58 [Information] [EstimatesApiController/Get] All estimates have been successfully received.
07.03.2024 19:33:58 [Information] [RoadWorksProgramsController/Create] All estimates have been successfully read.
07.03.2024 19:33:58 [Information] [RoadWorksProgramsController] Navigating to the page "Create Road Works Program".
07.03.2024 19:34:06 [Information] [TechnicalConditionsOfRoadsController/Read] Reading all technical conditions of roads...
07.03.2024 19:34:06 [Information] [TechnicalConditionsOfRoadsApiController/Get] Getting all the technical conditions of roads...
07.03.2024 19:34:07 [Information] [TechnicalConditionsOfRoadsApiController/Get] All technical conditions of roads have been successfully received.
07.03.2024 19:34:07 [Information] [TechnicalConditionsOfRoadsController/Read] All technical conditions of roads have been successfully read.
07.03.2024 19:34:07 [Information] [TechnicalConditionsOfRoadsController/Read] Reading all roads...
07.03.2024 19:34:07 [Information] [RoadsApiController/Get] Getting all the roads...
07.03.2024 19:34:07 [Information] [RoadsApiController/Get] All roads have been successfully received.
07.03.2024 19:34:07 [Information] [TechnicalConditionsOfRoadsController/Read] All roads have been successfully read.
07.03.2024 19:34:07 [Information] [TechnicalConditionsOfRoadsController] Navigating to the page "Read All Technical Conditions Of Roads By Year".
07.03.2024 19:34:08 [Information] [RoadWorksProgramsController/Read] Reading all road works programs...
07.03.2024 19:34:08 [Information] [RoadWorksProgramsApiController/Get] Getting all the road works programs...
07.03.2024 19:34:08 [Information] [RoadWorksProgramsApiController/Get] All road works programs have been successfully received.
07.03.2024 19:34:08 [Information] [RoadWorksProgramsController/Read] All road works programs have been successfully read.
07.03.2024 19:34:08 [Information] [RoadWorksProgramsController/Read] Reading all roads...
07.03.2024 19:34:08 [Information] [RoadsApiController/Get] Getting all the roads...
07.03.2024 19:34:08 [Information] [RoadsApiController/Get] All roads have been successfully received.
07.03.2024 19:34:08 [Information] [RoadWorksProgramsController/Read] All roads have been successfully read.
07.03.2024 19:34:08 [Information] [RoadWorksProgramsController] Navigating to the page "Read All Road Works Programs By Year".
07.03.2024 19:34:11 [Information] [RoadWorksProgramsController/Create] Reading all roads...
07.03.2024 19:34:11 [Information] [RoadsApiController/Get] Getting all the roads...
07.03.2024 19:34:11 [Information] [RoadsApiController/Get] All roads have been successfully received.
07.03.2024 19:34:11 [Information] [RoadWorksProgramsController/Create] All roads have been successfully read.
07.03.2024 19:34:11 [Information] [RoadWorksProgramsController/Create] Reading all estimates...
07.03.2024 19:34:11 [Information] [EstimatesApiController/Get] Getting all the estimates...
07.03.2024 19:34:11 [Information] [EstimatesApiController/Get] All estimates have been successfully received.
07.03.2024 19:34:11 [Information] [RoadWorksProgramsController/Create] All estimates have been successfully read.
07.03.2024 19:34:11 [Information] [RoadWorksProgramsController] Navigating to the page "Create Road Works Program".
07.03.2024 19:35:45 [Information] [RoadWorksProgramsController/Create] Reading all roads...
07.03.2024 19:35:45 [Information] [RoadsApiController/Get] Getting all the roads...
07.03.2024 19:35:45 [Information] [RoadsApiController/Get] All roads have been successfully received.
07.03.2024 19:35:45 [Information] [RoadWorksProgramsController/Create] All roads have been successfully read.
07.03.2024 19:35:45 [Information] [RoadWorksProgramsController/Create] Reading all estimates...
07.03.2024 19:35:45 [Information] [EstimatesApiController/Get] Getting all the estimates...
07.03.2024 19:35:45 [Information] [EstimatesApiController/Get] All estimates have been successfully received.
07.03.2024 19:35:45 [Information] [RoadWorksProgramsController/Create] All estimates have been successfully read.
07.03.2024 19:35:45 [Information] [RoadWorksProgramsController] Navigating to the page "Create Road Works Program".
07.03.2024 19:35:49 [Information] [TechnicalConditionsOfRoadsController/Read] Reading all technical conditions of roads...
07.03.2024 19:35:49 [Information] [TechnicalConditionsOfRoadsApiController/Get] Getting all the technical conditions of roads...
07.03.2024 19:35:51 [Information] [TechnicalConditionsOfRoadsApiController/Get] All technical conditions of roads have been successfully received.
07.03.2024 19:35:51 [Information] [TechnicalConditionsOfRoadsController/Read] All technical conditions of roads have been successfully read.
07.03.2024 19:35:51 [Information] [TechnicalConditionsOfRoadsController/Read] Reading all roads...
07.03.2024 19:35:51 [Information] [RoadsApiController/Get] Getting all the roads...
07.03.2024 19:35:51 [Information] [RoadsApiController/Get] All roads have been successfully received.
07.03.2024 19:35:51 [Information] [TechnicalConditionsOfRoadsController/Read] All roads have been successfully read.
07.03.2024 19:35:51 [Information] [TechnicalConditionsOfRoadsController] Navigating to the page "Read All Technical Conditions Of Roads By Year".
07.03.2024 19:35:51 [Information] [RoadWorksProgramsController/Read] Reading all road works programs...
07.03.2024 19:35:51 [Information] [RoadWorksProgramsApiController/Get] Getting all the road works programs...
07.03.2024 19:35:52 [Information] [RoadWorksProgramsApiController/Get] All road works programs have been successfully received.
07.03.2024 19:35:52 [Information] [RoadWorksProgramsController/Read] All road works programs have been successfully read.
07.03.2024 19:35:52 [Information] [RoadWorksProgramsController/Read] Reading all roads...
07.03.2024 19:35:52 [Information] [RoadsApiController/Get] Getting all the roads...
07.03.2024 19:35:52 [Information] [RoadsApiController/Get] All roads have been successfully received.
07.03.2024 19:35:52 [Information] [RoadWorksProgramsController/Read] All roads have been successfully read.
07.03.2024 19:35:52 [Information] [RoadWorksProgramsController] Navigating to the page "Read All Road Works Programs By Year".
07.03.2024 19:35:53 [Information] [RoadWorksProgramsController/Create] Reading all roads...
07.03.2024 19:35:53 [Information] [RoadsApiController/Get] Getting all the roads...
07.03.2024 19:35:53 [Information] [RoadsApiController/Get] All roads have been successfully received.
07.03.2024 19:35:53 [Information] [RoadWorksProgramsController/Create] All roads have been successfully read.
07.03.2024 19:35:53 [Information] [RoadWorksProgramsController/Create] Reading all estimates...
07.03.2024 19:35:53 [Information] [EstimatesApiController/Get] Getting all the estimates...
07.03.2024 19:35:54 [Information] [EstimatesApiController/Get] All estimates have been successfully received.
07.03.2024 19:35:54 [Information] [RoadWorksProgramsController/Create] All estimates have been successfully read.
07.03.2024 19:35:54 [Information] [RoadWorksProgramsController] Navigating to the page "Create Road Works Program".
