10.01.2024 1:34:23 [Information] [EstimatesController/Read] Reading all estimates...
10.01.2024 1:34:23 [Information] [EstimatesApiController/Get] Getting all the estimates...
10.01.2024 1:34:24 [Information] [EstimatesApiController/Get] All estimates have been successfully received.
10.01.2024 1:34:24 [Information] [EstimatesController/Read] All estimates have been successfully read.
10.01.2024 1:34:24 [Information] [EstimatesController/Read] Reading all roads...
10.01.2024 1:34:24 [Information] [RoadsApiController/Get] Getting all the roads...
10.01.2024 1:34:24 [Information] [RoadsApiController/Get] All roads have been successfully received.
10.01.2024 1:34:24 [Information] [EstimatesController/Read] All roads have been successfully read.
10.01.2024 1:34:24 [Information] [EstimatesController] Navigating to the page "Read All Estimates".
10.01.2024 1:34:27 [Information] [EstimatesController/Create] Reading all roads...
10.01.2024 1:34:27 [Information] [RoadsApiController/Get] Getting all the roads...
10.01.2024 1:34:27 [Information] [RoadsApiController/Get] All roads have been successfully received.
10.01.2024 1:34:27 [Information] [EstimatesController/Create] All roads have been successfully read.
10.01.2024 1:34:27 [Information] [EstimatesController] Navigating to the page "Create Estimate".
10.01.2024 1:34:30 [Information] [EstimatesController/Create] Creating a new estimate...
10.01.2024 1:34:30 [Information] [EstimatesApiController/Post] Creating a new estimate...
10.01.2024 1:34:30 [Information] [EstimatesApiController/Post] A new estimate with Id 408 has been successfully created.
10.01.2024 1:34:30 [Information] [EstimatesController/Create] A new estimate with Id 408 has been successfully created.
10.01.2024 1:34:30 [Information] [EstimatesController/Read] Reading all estimates...
10.01.2024 1:34:30 [Information] [EstimatesApiController/Get] Getting all the estimates...
10.01.2024 1:34:30 [Information] [EstimatesApiController/Get] All estimates have been successfully received.
10.01.2024 1:34:30 [Information] [EstimatesController/Read] All estimates have been successfully read.
10.01.2024 1:34:30 [Information] [EstimatesController/Read] Reading all roads...
10.01.2024 1:34:30 [Information] [RoadsApiController/Get] Getting all the roads...
10.01.2024 1:34:30 [Information] [RoadsApiController/Get] All roads have been successfully received.
10.01.2024 1:34:30 [Information] [EstimatesController/Read] All roads have been successfully read.
10.01.2024 1:34:30 [Information] [EstimatesController] Navigating to the page "Read All Estimates".
10.01.2024 1:34:31 [Information] [EstimatesController/Read/408] Reading a estimate with Id 408...
10.01.2024 1:34:31 [Information] [EstimatesApiController/Get/408] Getting a estimate with Id 408...
10.01.2024 1:34:31 [Information] [EstimatesApiController/Get/408] The estimate with Id 408 was successfully received.
10.01.2024 1:34:31 [Information] [EstimatesController/Read/408] The estimate with Id 408 was successfully read.
10.01.2024 1:34:31 [Information] [EstimatesController] Navigating to the page "Read Estimate By Id".
10.01.2024 1:34:32 [Information] [EstimatesController/Update/408] Reading a estimate with Id 408...
10.01.2024 1:34:32 [Information] [EstimatesApiController/Get/408] Getting a estimate with Id 408...
10.01.2024 1:34:32 [Information] [EstimatesApiController/Get/408] The estimate with Id 408 was successfully received.
10.01.2024 1:34:32 [Information] [EstimatesController/Update/408] The estimate with Id 408 was successfully read.
10.01.2024 1:34:32 [Information] [EstimatesController/Update/408] Reading all roads...
10.01.2024 1:34:32 [Information] [RoadsApiController/Get] Getting all the roads...
10.01.2024 1:34:32 [Information] [RoadsApiController/Get] All roads have been successfully received.
10.01.2024 1:34:32 [Information] [EstimatesController/Update/408] All roads have been successfully read.
10.01.2024 1:34:32 [Information] [EstimatesController] Navigating to the page "Update Estimate".
