07.01.2024 20:42:50 [Information] [RoadsController/Read] Reading all roads...
07.01.2024 20:42:50 [Information] [RoadsApiController/Get] Getting all the roads...
07.01.2024 20:42:51 [Information] [RoadsApiController/Get] All roads have been successfully received.
07.01.2024 20:42:51 [Information] [RoadsController/Read] All roads have been successfully read.
07.01.2024 20:42:51 [Information] [RoadsController] Navigating to the page "Read All Roads".
07.01.2024 20:42:54 [Information] [RoadsController/Read/1] Reading a road with Id 1...
07.01.2024 20:42:54 [Information] [RoadsApiController/Get/1] Getting a road with Id 1...
07.01.2024 20:42:54 [Information] [RoadsApiController/Get/1] The road with Id 1 was successfully received.
07.01.2024 20:42:54 [Information] [RoadsController/Read/1] The road with Id 1 was successfully read.
07.01.2024 20:42:54 [Information] [RoadsController] Navigating to the page "Read Road By Id".
07.01.2024 20:42:57 [Information] [RoadsController/Update/1] Reading a road with Id 1...
07.01.2024 20:42:57 [Information] [RoadsApiController/Get/1] Getting a road with Id 1...
07.01.2024 20:42:57 [Information] [RoadsApiController/Get/1] The road with Id 1 was successfully received.
07.01.2024 20:42:57 [Information] [RoadsController/Update/1] The road with Id 1 was successfully read.
07.01.2024 20:42:57 [Information] [RoadsController] Navigating to the page "Update Road".
07.01.2024 20:43:00 [Information] [RoadsController/Update/1] Reading a road with Id 1...
07.01.2024 20:43:00 [Information] [RoadsApiController/Get/1] Getting a road with Id 1...
07.01.2024 20:43:00 [Information] [RoadsApiController/Get/1] The road with Id 1 was successfully received.
07.01.2024 20:43:00 [Information] [RoadsController/Update/1] The road with Id 1 was successfully read.
07.01.2024 20:43:00 [Information] [RoadsController] Navigating to the page "Update Road".
07.01.2024 20:43:12 [Information] [RoadsController/Read] Reading all roads...
07.01.2024 20:43:12 [Information] [RoadsApiController/Get] Getting all the roads...
07.01.2024 20:43:12 [Information] [RoadsApiController/Get] All roads have been successfully received.
07.01.2024 20:43:12 [Information] [RoadsController/Read] All roads have been successfully read.
07.01.2024 20:43:12 [Information] [RoadsController] Navigating to the page "Read All Roads".
07.01.2024 20:43:18 [Information] [RoadsController/Delete/1] Reading a road with Id 1...
07.01.2024 20:43:18 [Information] [RoadsApiController/Get/1] Getting a road with Id 1...
07.01.2024 20:43:18 [Information] [RoadsApiController/Get/1] The road with Id 1 was successfully received.
07.01.2024 20:43:18 [Information] [RoadsController/Delete/1] The road with Id 1 was successfully read.
07.01.2024 20:43:18 [Information] [RoadsController] Navigating to the page "Delete Road".
07.01.2024 20:43:44 [Information] [RoadsController/Read/1] Reading a road with Id 1...
07.01.2024 20:43:44 [Information] [RoadsApiController/Get/1] Getting a road with Id 1...
07.01.2024 20:43:44 [Information] [RoadsApiController/Get/1] The road with Id 1 was successfully received.
07.01.2024 20:43:45 [Information] [RoadsController/Read/1] The road with Id 1 was successfully read.
07.01.2024 20:43:45 [Information] [RoadsController] Navigating to the page "Read Road By Id".
07.01.2024 20:43:48 [Information] [RoadsController/Update/1] Reading a road with Id 1...
07.01.2024 20:43:48 [Information] [RoadsApiController/Get/1] Getting a road with Id 1...
07.01.2024 20:43:48 [Information] [RoadsApiController/Get/1] The road with Id 1 was successfully received.
07.01.2024 20:43:48 [Information] [RoadsController/Update/1] The road with Id 1 was successfully read.
07.01.2024 20:43:48 [Information] [RoadsController] Navigating to the page "Update Road".
07.01.2024 20:43:51 [Information] [RoadsController/Delete/1] Reading a road with Id 1...
07.01.2024 20:43:51 [Information] [RoadsApiController/Get/1] Getting a road with Id 1...
07.01.2024 20:43:51 [Information] [RoadsApiController/Get/1] The road with Id 1 was successfully received.
07.01.2024 20:43:51 [Information] [RoadsController/Delete/1] The road with Id 1 was successfully read.
07.01.2024 20:43:51 [Information] [RoadsController] Navigating to the page "Delete Road".
