01.02.2024 0:44:08 [Information] [TechnicalConditionsOfRoadsController/Read] Reading all technical conditions of roads...
01.02.2024 0:44:08 [Information] [TechnicalConditionsOfRoadsApiController/Get] Getting all the technical conditions of roads...
01.02.2024 0:44:11 [Information] [TechnicalConditionsOfRoadsApiController/Get] All technical conditions of roads have been successfully received.
01.02.2024 0:44:11 [Information] [TechnicalConditionsOfRoadsController/Read] All technical conditions of roads have been successfully read.
01.02.2024 0:44:11 [Information] [TechnicalConditionsOfRoadsController/Read] Reading all roads...
01.02.2024 0:44:11 [Information] [RoadsApiController/Get] Getting all the roads...
01.02.2024 0:44:11 [Information] [RoadsApiController/Get] All roads have been successfully received.
01.02.2024 0:44:11 [Information] [TechnicalConditionsOfRoadsController/Read] All roads have been successfully read.
01.02.2024 0:44:11 [Information] [TechnicalConditionsOfRoadsController] Navigating to the page "Read All Technical Conditions Of Roads By Year".
01.02.2024 0:44:15 [Information] [TechnicalConditionsOfRoadsController/Read/2/2011] Reading the technical conditions of road for 2011...
01.02.2024 0:44:15 [Information] [TechnicalConditionsOfRoadsApiController/Get] Getting all the technical conditions of roads...
01.02.2024 0:44:16 [Information] [TechnicalConditionsOfRoadsApiController/Get] All technical conditions of roads have been successfully received.
01.02.2024 0:44:16 [Information] [TechnicalConditionsOfRoadsController/Read/2/2011] The technical conditions of road for 2011 was successfully read.
01.02.2024 0:44:16 [Information] [TechnicalConditionsOfRoadsController] Navigating to the page "Read Technical Conditions Of Road For 2011".
01.02.2024 0:44:47 [Information] [EstimatesController/Read] Reading all estimates...
01.02.2024 0:44:47 [Information] [EstimatesApiController/Get] Getting all the estimates...
01.02.2024 0:44:47 [Information] [EstimatesApiController/Get] All estimates have been successfully received.
01.02.2024 0:44:47 [Information] [EstimatesController/Read] All estimates have been successfully read.
01.02.2024 0:44:47 [Information] [EstimatesController/Read] Reading all roads...
01.02.2024 0:44:47 [Information] [RoadsApiController/Get] Getting all the roads...
01.02.2024 0:44:47 [Information] [RoadsApiController/Get] All roads have been successfully received.
01.02.2024 0:44:47 [Information] [EstimatesController/Read] All roads have been successfully read.
01.02.2024 0:44:47 [Information] [EstimatesController] Navigating to the page "Read All Estimates".
01.02.2024 0:44:50 [Information] [EstimatesController/Read/1] Reading a estimate with Id 1...
01.02.2024 0:44:50 [Information] [EstimatesApiController/Get/1] Getting a estimate with Id 1...
01.02.2024 0:44:50 [Information] [EstimatesApiController/Get/1] The estimate with Id 1 was successfully received.
01.02.2024 0:44:50 [Information] [EstimatesController/Read/1] The estimate with Id 1 was successfully read.
01.02.2024 0:44:50 [Information] [EstimatesController] Navigating to the page "Read Estimate By Id".
01.02.2024 0:44:57 [Information] [TechnicalConditionsOfRoadsController/Read] Reading all technical conditions of roads...
01.02.2024 0:44:57 [Information] [TechnicalConditionsOfRoadsApiController/Get] Getting all the technical conditions of roads...
01.02.2024 0:44:59 [Information] [TechnicalConditionsOfRoadsApiController/Get] All technical conditions of roads have been successfully received.
01.02.2024 0:44:59 [Information] [TechnicalConditionsOfRoadsController/Read] All technical conditions of roads have been successfully read.
01.02.2024 0:44:59 [Information] [TechnicalConditionsOfRoadsController/Read] Reading all roads...
01.02.2024 0:44:59 [Information] [RoadsApiController/Get] Getting all the roads...
01.02.2024 0:44:59 [Information] [RoadsApiController/Get] All roads have been successfully received.
01.02.2024 0:44:59 [Information] [TechnicalConditionsOfRoadsController/Read] All roads have been successfully read.
01.02.2024 0:44:59 [Information] [TechnicalConditionsOfRoadsController] Navigating to the page "Read All Technical Conditions Of Roads By Year".
01.02.2024 0:45:00 [Information] [TechnicalConditionsOfRoadsController/Read/5/2009] Reading the technical conditions of road for 2009...
01.02.2024 0:45:00 [Information] [TechnicalConditionsOfRoadsApiController/Get] Getting all the technical conditions of roads...
01.02.2024 0:45:01 [Information] [TechnicalConditionsOfRoadsApiController/Get] All technical conditions of roads have been successfully received.
01.02.2024 0:45:02 [Information] [TechnicalConditionsOfRoadsController/Read/5/2009] The technical conditions of road for 2009 was successfully read.
01.02.2024 0:45:02 [Information] [TechnicalConditionsOfRoadsController] Navigating to the page "Read Technical Conditions Of Road For 2009".
